#
# There is insufficient memory for the Java Runtime Environment to continue.
# Native memory allocation (malloc) failed to allocate 1588944 bytes for Chunk::new
# Possible reasons:
#   The system is out of physical RAM or swap space
#   The process is running with CompressedOops enabled, and the Java Heap may be blocking the growth of the native heap
# Possible solutions:
#   Reduce memory load on the system
#   Increase physical memory or swap space
#   Check if swap backing store is full
#   Decrease Java heap size (-Xmx/-Xms)
#   Decrease number of Java threads
#   Decrease Java thread stack sizes (-Xss)
#   Set larger code cache with -XX:ReservedCodeCacheSize=
#   JVM is running with Zero Based Compressed Oops mode in which the Java heap is
#     placed in the first 32GB address space. The Java Heap base address is the
#     maximum limit for the native heap growth. Please use -XX:HeapBaseMinAddress
#     to set the Java Heap base and to place the Java Heap above 32GB virtual address.
# This output file may be truncated or incomplete.
#
#  Out of Memory Error (arena.cpp:168), pid=16344, tid=9284
#
# JRE version: OpenJDK Runtime Environment (21.0.2+13) (build 21.0.2+13-58)
# Java VM: OpenJDK 64-Bit Server VM (21.0.2+13-58, mixed mode, sharing, tiered, compressed oops, compressed class ptrs, g1 gc, windows-amd64)
# No core dump will be written. Minidumps are not enabled by default on client versions of Windows
#

---------------  S U M M A R Y ------------

Command Line: -javaagent:C:\Program Files\JetBrains\IntelliJ IDEA Community Edition 2023.3.2\lib\idea_rt.jar=51018:C:\Program Files\JetBrains\IntelliJ IDEA Community Edition 2023.3.2\bin -Dfile.encoding=UTF-8 -Dsun.stdout.encoding=UTF-8 -Dsun.stderr.encoding=UTF-8 com.nova.colis.ColisApplication

Host: 13th Gen Intel(R) Core(TM) i7-1355U, 12 cores, 15G,  Windows 11 , 64 bit Build 26100 (10.0.26100.2454)
Time: Wed Jan 29 19:45:29 2025 Eastern Standard Time elapsed time: 1.384811 seconds (0d 0h 0m 1s)

---------------  T H R E A D  ---------------

Current thread (0x00000230e99d6d00):  JavaThread "C2 CompilerThread0" daemon [_thread_in_native, id=9284, stack(0x0000008e5eb00000,0x0000008e5ec00000) (1024K)]


Current CompileTask:
C2:   1384 2029       4       java.lang.invoke.MethodType::makeImpl (109 bytes)

Stack: [0x0000008e5eb00000,0x0000008e5ec00000]
Native frames: (J=compiled Java code, j=interpreted, Vv=VM code, C=native code)
V  [jvm.dll+0x6cade9]
V  [jvm.dll+0x8569c1]
V  [jvm.dll+0x858d2e]
V  [jvm.dll+0x859413]
V  [jvm.dll+0x280e56]
V  [jvm.dll+0xc3f3d]
V  [jvm.dll+0xc4473]
V  [jvm.dll+0x3b5c2c]
V  [jvm.dll+0x382855]
V  [jvm.dll+0x381cca]
V  [jvm.dll+0x249bd0]
V  [jvm.dll+0x2491b1]
V  [jvm.dll+0x1c9634]
V  [jvm.dll+0x258859]
V  [jvm.dll+0x256e3a]
V  [jvm.dll+0x3ef6c6]
V  [jvm.dll+0x7ff568]
V  [jvm.dll+0x6c953d]
C  [ucrtbase.dll+0x14ea0]
C  [KERNEL32.DLL+0x2e8d7]
C  [ntdll.dll+0xdfbcc]


---------------  P R O C E S S  ---------------

Threads class SMR info:
_java_thread_list=0x00000230eec8a530, length=14, elements={
0x00000230c817f300, 0x00000230e99b7370, 0x00000230e99b8b40, 0x00000230e99c05d0,
0x00000230e99c2040, 0x00000230e99cb980, 0x00000230e99cdf60, 0x00000230e99d6d00,
0x00000230e99decc0, 0x00000230e99801c0, 0x00000230e9ea44d0, 0x00000230e9ea4b40,
0x00000230ee24c180, 0x00000230eec7cbc0
}

Java Threads: ( => current thread )
  0x00000230c817f300 JavaThread "main"                              [_thread_in_Java, id=6024, stack(0x0000008e5dd00000,0x0000008e5de00000) (1024K)]
  0x00000230e99b7370 JavaThread "Reference Handler"          daemon [_thread_blocked, id=23716, stack(0x0000008e5e500000,0x0000008e5e600000) (1024K)]
  0x00000230e99b8b40 JavaThread "Finalizer"                  daemon [_thread_blocked, id=24144, stack(0x0000008e5e600000,0x0000008e5e700000) (1024K)]
  0x00000230e99c05d0 JavaThread "Signal Dispatcher"          daemon [_thread_blocked, id=24344, stack(0x0000008e5e700000,0x0000008e5e800000) (1024K)]
  0x00000230e99c2040 JavaThread "Attach Listener"            daemon [_thread_blocked, id=16184, stack(0x0000008e5e800000,0x0000008e5e900000) (1024K)]
  0x00000230e99cb980 JavaThread "Service Thread"             daemon [_thread_blocked, id=23060, stack(0x0000008e5e900000,0x0000008e5ea00000) (1024K)]
  0x00000230e99cdf60 JavaThread "Monitor Deflation Thread"   daemon [_thread_blocked, id=16240, stack(0x0000008e5ea00000,0x0000008e5eb00000) (1024K)]
=>0x00000230e99d6d00 JavaThread "C2 CompilerThread0"         daemon [_thread_in_native, id=9284, stack(0x0000008e5eb00000,0x0000008e5ec00000) (1024K)]
  0x00000230e99decc0 JavaThread "C1 CompilerThread0"         daemon [_thread_blocked, id=6476, stack(0x0000008e5ec00000,0x0000008e5ed00000) (1024K)]
  0x00000230e99801c0 JavaThread "Common-Cleaner"             daemon [_thread_blocked, id=2080, stack(0x0000008e5ed00000,0x0000008e5ee00000) (1024K)]
  0x00000230e9ea44d0 JavaThread "Monitor Ctrl-Break"         daemon [_thread_in_native, id=1800, stack(0x0000008e5ee00000,0x0000008e5ef00000) (1024K)]
  0x00000230e9ea4b40 JavaThread "Notification Thread"        daemon [_thread_blocked, id=19804, stack(0x0000008e5ef00000,0x0000008e5f000000) (1024K)]
  0x00000230ee24c180 JavaThread "C2 CompilerThread1"         daemon [_thread_in_native, id=19196, stack(0x0000008e5f000000,0x0000008e5f100000) (1024K)]
  0x00000230eec7cbc0 JavaThread "background-preinit"                [_thread_in_native, id=13148, stack(0x0000008e5f600000,0x0000008e5f700000) (1024K)]
Total: 14

Other Threads:
  0x00000230e9996e90 VMThread "VM Thread"                           [id=12788, stack(0x0000008e5e400000,0x0000008e5e500000) (1024K)]
  0x00000230e997f340 WatcherThread "VM Periodic Task Thread"        [id=13212, stack(0x0000008e5e300000,0x0000008e5e400000) (1024K)]
  0x00000230ca56aa60 WorkerThread "GC Thread#0"                     [id=3180, stack(0x0000008e5de00000,0x0000008e5df00000) (1024K)]
  0x00000230ee44e4c0 WorkerThread "GC Thread#1"                     [id=14060, stack(0x0000008e5f100000,0x0000008e5f200000) (1024K)]
  0x00000230ee44e860 WorkerThread "GC Thread#2"                     [id=23804, stack(0x0000008e5f200000,0x0000008e5f300000) (1024K)]
  0x00000230ee476580 WorkerThread "GC Thread#3"                     [id=8280, stack(0x0000008e5f300000,0x0000008e5f400000) (1024K)]
  0x00000230ee7e4f00 WorkerThread "GC Thread#4"                     [id=24504, stack(0x0000008e5f400000,0x0000008e5f500000) (1024K)]
  0x00000230ee7e56b0 WorkerThread "GC Thread#5"                     [id=20696, stack(0x0000008e5f500000,0x0000008e5f600000) (1024K)]
  0x00000230eebf9bf0 WorkerThread "GC Thread#6"                     [id=24488, stack(0x0000008e5f700000,0x0000008e5f800000) (1024K)]
  0x00000230eebf9f90 WorkerThread "GC Thread#7"                     [id=11840, stack(0x0000008e5f800000,0x0000008e5f900000) (1024K)]
  0x00000230eebfa330 WorkerThread "GC Thread#8"                     [id=13892, stack(0x0000008e5f900000,0x0000008e5fa00000) (1024K)]
  0x00000230ca57b600 ConcurrentGCThread "G1 Main Marker"            [id=24564, stack(0x0000008e5df00000,0x0000008e5e000000) (1024K)]
  0x00000230ca57cf80 WorkerThread "G1 Conc#0"                       [id=10200, stack(0x0000008e5e000000,0x0000008e5e100000) (1024K)]
  0x00000230e9852200 ConcurrentGCThread "G1 Refine#0"               [id=20196, stack(0x0000008e5e100000,0x0000008e5e200000) (1024K)]
  0x00000230e9853a30 ConcurrentGCThread "G1 Service"                [id=17180, stack(0x0000008e5e200000,0x0000008e5e300000) (1024K)]
Total: 15

Threads with active compile tasks:
C2 CompilerThread0     1396 2029       4       java.lang.invoke.MethodType::makeImpl (109 bytes)
C2 CompilerThread1     1396 2144       4       java.lang.invoke.MethodType::methodType (69 bytes)
Total: 2

VM state: not at safepoint (normal execution)

VM Mutex/Monitor currently owned by a thread: None

Heap address: 0x0000000704400000, size: 4028 MB, Compressed Oops mode: Zero based, Oop shift amount: 3

CDS archive(s) mapped at: [0x0000023080000000-0x0000023080c90000-0x0000023080c90000), size 13172736, SharedBaseAddress: 0x0000023080000000, ArchiveRelocationMode: 1.
Compressed class space mapped at: 0x0000023081000000-0x00000230c1000000, reserved size: 1073741824
Narrow klass base: 0x0000023080000000, Narrow klass shift: 0, Narrow klass range: 0x100000000

GC Precious Log:
 CardTable entry size: 512
 Card Set container configuration: InlinePtr #cards 4 size 8 Array Of Cards #cards 16 size 48 Howl #buckets 8 coarsen threshold 3686 Howl Bitmap #cards 512 size 80 coarsen threshold 460 Card regions per heap region 1 cards per card region 4096
 CPUs: 12 total, 12 available
 Memory: 16108M
 Large Page Support: Disabled
 NUMA Support: Disabled
 Compressed Oops: Enabled (Zero based)
 Heap Region Size: 2M
 Heap Min Capacity: 8M
 Heap Initial Capacity: 252M
 Heap Max Capacity: 4028M
 Pre-touch: Disabled
 Parallel Workers: 10
 Concurrent Workers: 3
 Concurrent Refinement Workers: 10
 Periodic GC: Disabled

Heap:
 garbage-first heap   total 258048K, used 24156K [0x0000000704400000, 0x0000000800000000)
  region size 2048K, 10 young (20480K), 1 survivors (2048K)
 Metaspace       used 15765K, committed 16128K, reserved 1114112K
  class space    used 2050K, committed 2240K, reserved 1048576K

Heap Regions: E=young(eden), S=young(survivor), O=old, HS=humongous(starts), HC=humongous(continues), CS=collection set, F=free, TAMS=top-at-mark-start, PB=parsable bottom
|   0|0x0000000704400000, 0x0000000704600000, 0x0000000704600000|100%| O|  |TAMS 0x0000000704400000| PB 0x0000000704400000| Untracked 
|   1|0x0000000704600000, 0x0000000704800000, 0x0000000704800000|100%| O|  |TAMS 0x0000000704600000| PB 0x0000000704600000| Untracked 
|   2|0x0000000704800000, 0x0000000704a00000, 0x0000000704a00000|100%| O|  |TAMS 0x0000000704800000| PB 0x0000000704800000| Untracked 
|   3|0x0000000704a00000, 0x0000000704b9bbf0, 0x0000000704c00000| 80%| O|  |TAMS 0x0000000704a00000| PB 0x0000000704a00000| Untracked 
|   4|0x0000000704c00000, 0x0000000704c00000, 0x0000000704e00000|  0%| F|  |TAMS 0x0000000704c00000| PB 0x0000000704c00000| Untracked 
|   5|0x0000000704e00000, 0x0000000704e00000, 0x0000000705000000|  0%| F|  |TAMS 0x0000000704e00000| PB 0x0000000704e00000| Untracked 
|   6|0x0000000705000000, 0x0000000705000000, 0x0000000705200000|  0%| F|  |TAMS 0x0000000705000000| PB 0x0000000705000000| Untracked 
|   7|0x0000000705200000, 0x0000000705200000, 0x0000000705400000|  0%| F|  |TAMS 0x0000000705200000| PB 0x0000000705200000| Untracked 
|   8|0x0000000705400000, 0x0000000705400000, 0x0000000705600000|  0%| F|  |TAMS 0x0000000705400000| PB 0x0000000705400000| Untracked 
|   9|0x0000000705600000, 0x0000000705600000, 0x0000000705800000|  0%| F|  |TAMS 0x0000000705600000| PB 0x0000000705600000| Untracked 
|  10|0x0000000705800000, 0x0000000705800000, 0x0000000705a00000|  0%| F|  |TAMS 0x0000000705800000| PB 0x0000000705800000| Untracked 
|  11|0x0000000705a00000, 0x0000000705a00000, 0x0000000705c00000|  0%| F|  |TAMS 0x0000000705a00000| PB 0x0000000705a00000| Untracked 
|  12|0x0000000705c00000, 0x0000000705c00000, 0x0000000705e00000|  0%| F|  |TAMS 0x0000000705c00000| PB 0x0000000705c00000| Untracked 
|  13|0x0000000705e00000, 0x0000000705e00000, 0x0000000706000000|  0%| F|  |TAMS 0x0000000705e00000| PB 0x0000000705e00000| Untracked 
|  14|0x0000000706000000, 0x0000000706000000, 0x0000000706200000|  0%| F|  |TAMS 0x0000000706000000| PB 0x0000000706000000| Untracked 
|  15|0x0000000706200000, 0x0000000706200000, 0x0000000706400000|  0%| F|  |TAMS 0x0000000706200000| PB 0x0000000706200000| Untracked 
|  16|0x0000000706400000, 0x0000000706400000, 0x0000000706600000|  0%| F|  |TAMS 0x0000000706400000| PB 0x0000000706400000| Untracked 
|  17|0x0000000706600000, 0x0000000706600000, 0x0000000706800000|  0%| F|  |TAMS 0x0000000706600000| PB 0x0000000706600000| Untracked 
|  18|0x0000000706800000, 0x0000000706800000, 0x0000000706a00000|  0%| F|  |TAMS 0x0000000706800000| PB 0x0000000706800000| Untracked 
|  19|0x0000000706a00000, 0x0000000706a00000, 0x0000000706c00000|  0%| F|  |TAMS 0x0000000706a00000| PB 0x0000000706a00000| Untracked 
|  20|0x0000000706c00000, 0x0000000706c00000, 0x0000000706e00000|  0%| F|  |TAMS 0x0000000706c00000| PB 0x0000000706c00000| Untracked 
|  21|0x0000000706e00000, 0x0000000706e00000, 0x0000000707000000|  0%| F|  |TAMS 0x0000000706e00000| PB 0x0000000706e00000| Untracked 
|  22|0x0000000707000000, 0x0000000707000000, 0x0000000707200000|  0%| F|  |TAMS 0x0000000707000000| PB 0x0000000707000000| Untracked 
|  23|0x0000000707200000, 0x0000000707200000, 0x0000000707400000|  0%| F|  |TAMS 0x0000000707200000| PB 0x0000000707200000| Untracked 
|  24|0x0000000707400000, 0x0000000707400000, 0x0000000707600000|  0%| F|  |TAMS 0x0000000707400000| PB 0x0000000707400000| Untracked 
|  25|0x0000000707600000, 0x0000000707600000, 0x0000000707800000|  0%| F|  |TAMS 0x0000000707600000| PB 0x0000000707600000| Untracked 
|  26|0x0000000707800000, 0x0000000707800000, 0x0000000707a00000|  0%| F|  |TAMS 0x0000000707800000| PB 0x0000000707800000| Untracked 
|  27|0x0000000707a00000, 0x0000000707a00000, 0x0000000707c00000|  0%| F|  |TAMS 0x0000000707a00000| PB 0x0000000707a00000| Untracked 
|  28|0x0000000707c00000, 0x0000000707c00000, 0x0000000707e00000|  0%| F|  |TAMS 0x0000000707c00000| PB 0x0000000707c00000| Untracked 
|  29|0x0000000707e00000, 0x0000000707e00000, 0x0000000708000000|  0%| F|  |TAMS 0x0000000707e00000| PB 0x0000000707e00000| Untracked 
|  30|0x0000000708000000, 0x0000000708000000, 0x0000000708200000|  0%| F|  |TAMS 0x0000000708000000| PB 0x0000000708000000| Untracked 
|  31|0x0000000708200000, 0x0000000708200000, 0x0000000708400000|  0%| F|  |TAMS 0x0000000708200000| PB 0x0000000708200000| Untracked 
|  32|0x0000000708400000, 0x0000000708400000, 0x0000000708600000|  0%| F|  |TAMS 0x0000000708400000| PB 0x0000000708400000| Untracked 
|  33|0x0000000708600000, 0x0000000708600000, 0x0000000708800000|  0%| F|  |TAMS 0x0000000708600000| PB 0x0000000708600000| Untracked 
|  34|0x0000000708800000, 0x0000000708800000, 0x0000000708a00000|  0%| F|  |TAMS 0x0000000708800000| PB 0x0000000708800000| Untracked 
|  35|0x0000000708a00000, 0x0000000708a00000, 0x0000000708c00000|  0%| F|  |TAMS 0x0000000708a00000| PB 0x0000000708a00000| Untracked 
|  36|0x0000000708c00000, 0x0000000708c00000, 0x0000000708e00000|  0%| F|  |TAMS 0x0000000708c00000| PB 0x0000000708c00000| Untracked 
|  37|0x0000000708e00000, 0x0000000708e00000, 0x0000000709000000|  0%| F|  |TAMS 0x0000000708e00000| PB 0x0000000708e00000| Untracked 
|  38|0x0000000709000000, 0x0000000709000000, 0x0000000709200000|  0%| F|  |TAMS 0x0000000709000000| PB 0x0000000709000000| Untracked 
|  39|0x0000000709200000, 0x0000000709200000, 0x0000000709400000|  0%| F|  |TAMS 0x0000000709200000| PB 0x0000000709200000| Untracked 
|  40|0x0000000709400000, 0x0000000709400000, 0x0000000709600000|  0%| F|  |TAMS 0x0000000709400000| PB 0x0000000709400000| Untracked 
|  41|0x0000000709600000, 0x0000000709600000, 0x0000000709800000|  0%| F|  |TAMS 0x0000000709600000| PB 0x0000000709600000| Untracked 
|  42|0x0000000709800000, 0x0000000709800000, 0x0000000709a00000|  0%| F|  |TAMS 0x0000000709800000| PB 0x0000000709800000| Untracked 
|  43|0x0000000709a00000, 0x0000000709a00000, 0x0000000709c00000|  0%| F|  |TAMS 0x0000000709a00000| PB 0x0000000709a00000| Untracked 
|  44|0x0000000709c00000, 0x0000000709c00000, 0x0000000709e00000|  0%| F|  |TAMS 0x0000000709c00000| PB 0x0000000709c00000| Untracked 
|  45|0x0000000709e00000, 0x0000000709e00000, 0x000000070a000000|  0%| F|  |TAMS 0x0000000709e00000| PB 0x0000000709e00000| Untracked 
|  46|0x000000070a000000, 0x000000070a000000, 0x000000070a200000|  0%| F|  |TAMS 0x000000070a000000| PB 0x000000070a000000| Untracked 
|  47|0x000000070a200000, 0x000000070a200000, 0x000000070a400000|  0%| F|  |TAMS 0x000000070a200000| PB 0x000000070a200000| Untracked 
|  48|0x000000070a400000, 0x000000070a400000, 0x000000070a600000|  0%| F|  |TAMS 0x000000070a400000| PB 0x000000070a400000| Untracked 
|  49|0x000000070a600000, 0x000000070a600000, 0x000000070a800000|  0%| F|  |TAMS 0x000000070a600000| PB 0x000000070a600000| Untracked 
|  50|0x000000070a800000, 0x000000070a800000, 0x000000070aa00000|  0%| F|  |TAMS 0x000000070a800000| PB 0x000000070a800000| Untracked 
|  51|0x000000070aa00000, 0x000000070aa00000, 0x000000070ac00000|  0%| F|  |TAMS 0x000000070aa00000| PB 0x000000070aa00000| Untracked 
|  52|0x000000070ac00000, 0x000000070ac00000, 0x000000070ae00000|  0%| F|  |TAMS 0x000000070ac00000| PB 0x000000070ac00000| Untracked 
|  53|0x000000070ae00000, 0x000000070ae00000, 0x000000070b000000|  0%| F|  |TAMS 0x000000070ae00000| PB 0x000000070ae00000| Untracked 
|  54|0x000000070b000000, 0x000000070b000000, 0x000000070b200000|  0%| F|  |TAMS 0x000000070b000000| PB 0x000000070b000000| Untracked 
|  55|0x000000070b200000, 0x000000070b200000, 0x000000070b400000|  0%| F|  |TAMS 0x000000070b200000| PB 0x000000070b200000| Untracked 
|  56|0x000000070b400000, 0x000000070b400000, 0x000000070b600000|  0%| F|  |TAMS 0x000000070b400000| PB 0x000000070b400000| Untracked 
|  57|0x000000070b600000, 0x000000070b600000, 0x000000070b800000|  0%| F|  |TAMS 0x000000070b600000| PB 0x000000070b600000| Untracked 
|  58|0x000000070b800000, 0x000000070b800000, 0x000000070ba00000|  0%| F|  |TAMS 0x000000070b800000| PB 0x000000070b800000| Untracked 
|  59|0x000000070ba00000, 0x000000070ba00000, 0x000000070bc00000|  0%| F|  |TAMS 0x000000070ba00000| PB 0x000000070ba00000| Untracked 
|  60|0x000000070bc00000, 0x000000070bc00000, 0x000000070be00000|  0%| F|  |TAMS 0x000000070bc00000| PB 0x000000070bc00000| Untracked 
|  61|0x000000070be00000, 0x000000070be00000, 0x000000070c000000|  0%| F|  |TAMS 0x000000070be00000| PB 0x000000070be00000| Untracked 
|  62|0x000000070c000000, 0x000000070c000000, 0x000000070c200000|  0%| F|  |TAMS 0x000000070c000000| PB 0x000000070c000000| Untracked 
|  63|0x000000070c200000, 0x000000070c200000, 0x000000070c400000|  0%| F|  |TAMS 0x000000070c200000| PB 0x000000070c200000| Untracked 
|  64|0x000000070c400000, 0x000000070c400000, 0x000000070c600000|  0%| F|  |TAMS 0x000000070c400000| PB 0x000000070c400000| Untracked 
|  65|0x000000070c600000, 0x000000070c600000, 0x000000070c800000|  0%| F|  |TAMS 0x000000070c600000| PB 0x000000070c600000| Untracked 
|  66|0x000000070c800000, 0x000000070c800000, 0x000000070ca00000|  0%| F|  |TAMS 0x000000070c800000| PB 0x000000070c800000| Untracked 
|  67|0x000000070ca00000, 0x000000070ca00000, 0x000000070cc00000|  0%| F|  |TAMS 0x000000070ca00000| PB 0x000000070ca00000| Untracked 
|  68|0x000000070cc00000, 0x000000070cc00000, 0x000000070ce00000|  0%| F|  |TAMS 0x000000070cc00000| PB 0x000000070cc00000| Untracked 
|  69|0x000000070ce00000, 0x000000070ce00000, 0x000000070d000000|  0%| F|  |TAMS 0x000000070ce00000| PB 0x000000070ce00000| Untracked 
|  70|0x000000070d000000, 0x000000070d000000, 0x000000070d200000|  0%| F|  |TAMS 0x000000070d000000| PB 0x000000070d000000| Untracked 
|  71|0x000000070d200000, 0x000000070d200000, 0x000000070d400000|  0%| F|  |TAMS 0x000000070d200000| PB 0x000000070d200000| Untracked 
|  72|0x000000070d400000, 0x000000070d400000, 0x000000070d600000|  0%| F|  |TAMS 0x000000070d400000| PB 0x000000070d400000| Untracked 
|  73|0x000000070d600000, 0x000000070d600000, 0x000000070d800000|  0%| F|  |TAMS 0x000000070d600000| PB 0x000000070d600000| Untracked 
|  74|0x000000070d800000, 0x000000070d800000, 0x000000070da00000|  0%| F|  |TAMS 0x000000070d800000| PB 0x000000070d800000| Untracked 
|  75|0x000000070da00000, 0x000000070da00000, 0x000000070dc00000|  0%| F|  |TAMS 0x000000070da00000| PB 0x000000070da00000| Untracked 
|  76|0x000000070dc00000, 0x000000070dc00000, 0x000000070de00000|  0%| F|  |TAMS 0x000000070dc00000| PB 0x000000070dc00000| Untracked 
|  77|0x000000070de00000, 0x000000070de00000, 0x000000070e000000|  0%| F|  |TAMS 0x000000070de00000| PB 0x000000070de00000| Untracked 
|  78|0x000000070e000000, 0x000000070e000000, 0x000000070e200000|  0%| F|  |TAMS 0x000000070e000000| PB 0x000000070e000000| Untracked 
|  79|0x000000070e200000, 0x000000070e200000, 0x000000070e400000|  0%| F|  |TAMS 0x000000070e200000| PB 0x000000070e200000| Untracked 
|  80|0x000000070e400000, 0x000000070e400000, 0x000000070e600000|  0%| F|  |TAMS 0x000000070e400000| PB 0x000000070e400000| Untracked 
|  81|0x000000070e600000, 0x000000070e600000, 0x000000070e800000|  0%| F|  |TAMS 0x000000070e600000| PB 0x000000070e600000| Untracked 
|  82|0x000000070e800000, 0x000000070e800000, 0x000000070ea00000|  0%| F|  |TAMS 0x000000070e800000| PB 0x000000070e800000| Untracked 
|  83|0x000000070ea00000, 0x000000070ea00000, 0x000000070ec00000|  0%| F|  |TAMS 0x000000070ea00000| PB 0x000000070ea00000| Untracked 
|  84|0x000000070ec00000, 0x000000070ec00000, 0x000000070ee00000|  0%| F|  |TAMS 0x000000070ec00000| PB 0x000000070ec00000| Untracked 
|  85|0x000000070ee00000, 0x000000070ee00000, 0x000000070f000000|  0%| F|  |TAMS 0x000000070ee00000| PB 0x000000070ee00000| Untracked 
|  86|0x000000070f000000, 0x000000070f000000, 0x000000070f200000|  0%| F|  |TAMS 0x000000070f000000| PB 0x000000070f000000| Untracked 
|  87|0x000000070f200000, 0x000000070f200000, 0x000000070f400000|  0%| F|  |TAMS 0x000000070f200000| PB 0x000000070f200000| Untracked 
|  88|0x000000070f400000, 0x000000070f400000, 0x000000070f600000|  0%| F|  |TAMS 0x000000070f400000| PB 0x000000070f400000| Untracked 
|  89|0x000000070f600000, 0x000000070f600000, 0x000000070f800000|  0%| F|  |TAMS 0x000000070f600000| PB 0x000000070f600000| Untracked 
|  90|0x000000070f800000, 0x000000070f800000, 0x000000070fa00000|  0%| F|  |TAMS 0x000000070f800000| PB 0x000000070f800000| Untracked 
|  91|0x000000070fa00000, 0x000000070fa00000, 0x000000070fc00000|  0%| F|  |TAMS 0x000000070fa00000| PB 0x000000070fa00000| Untracked 
|  92|0x000000070fc00000, 0x000000070fc00000, 0x000000070fe00000|  0%| F|  |TAMS 0x000000070fc00000| PB 0x000000070fc00000| Untracked 
|  93|0x000000070fe00000, 0x000000070fe00000, 0x0000000710000000|  0%| F|  |TAMS 0x000000070fe00000| PB 0x000000070fe00000| Untracked 
|  94|0x0000000710000000, 0x0000000710000000, 0x0000000710200000|  0%| F|  |TAMS 0x0000000710000000| PB 0x0000000710000000| Untracked 
|  95|0x0000000710200000, 0x0000000710200000, 0x0000000710400000|  0%| F|  |TAMS 0x0000000710200000| PB 0x0000000710200000| Untracked 
|  96|0x0000000710400000, 0x0000000710400000, 0x0000000710600000|  0%| F|  |TAMS 0x0000000710400000| PB 0x0000000710400000| Untracked 
|  97|0x0000000710600000, 0x0000000710600000, 0x0000000710800000|  0%| F|  |TAMS 0x0000000710600000| PB 0x0000000710600000| Untracked 
|  98|0x0000000710800000, 0x0000000710800000, 0x0000000710a00000|  0%| F|  |TAMS 0x0000000710800000| PB 0x0000000710800000| Untracked 
|  99|0x0000000710a00000, 0x0000000710a00000, 0x0000000710c00000|  0%| F|  |TAMS 0x0000000710a00000| PB 0x0000000710a00000| Untracked 
| 100|0x0000000710c00000, 0x0000000710c00000, 0x0000000710e00000|  0%| F|  |TAMS 0x0000000710c00000| PB 0x0000000710c00000| Untracked 
| 101|0x0000000710e00000, 0x0000000710e00000, 0x0000000711000000|  0%| F|  |TAMS 0x0000000710e00000| PB 0x0000000710e00000| Untracked 
| 102|0x0000000711000000, 0x0000000711000000, 0x0000000711200000|  0%| F|  |TAMS 0x0000000711000000| PB 0x0000000711000000| Untracked 
| 103|0x0000000711200000, 0x0000000711200000, 0x0000000711400000|  0%| F|  |TAMS 0x0000000711200000| PB 0x0000000711200000| Untracked 
| 104|0x0000000711400000, 0x0000000711400000, 0x0000000711600000|  0%| F|  |TAMS 0x0000000711400000| PB 0x0000000711400000| Untracked 
| 105|0x0000000711600000, 0x0000000711600000, 0x0000000711800000|  0%| F|  |TAMS 0x0000000711600000| PB 0x0000000711600000| Untracked 
| 106|0x0000000711800000, 0x0000000711800000, 0x0000000711a00000|  0%| F|  |TAMS 0x0000000711800000| PB 0x0000000711800000| Untracked 
| 107|0x0000000711a00000, 0x0000000711a00000, 0x0000000711c00000|  0%| F|  |TAMS 0x0000000711a00000| PB 0x0000000711a00000| Untracked 
| 108|0x0000000711c00000, 0x0000000711c00000, 0x0000000711e00000|  0%| F|  |TAMS 0x0000000711c00000| PB 0x0000000711c00000| Untracked 
| 109|0x0000000711e00000, 0x0000000711e00000, 0x0000000712000000|  0%| F|  |TAMS 0x0000000711e00000| PB 0x0000000711e00000| Untracked 
| 110|0x0000000712000000, 0x0000000712000000, 0x0000000712200000|  0%| F|  |TAMS 0x0000000712000000| PB 0x0000000712000000| Untracked 
| 111|0x0000000712200000, 0x00000007123fb450, 0x0000000712400000| 99%| S|CS|TAMS 0x0000000712200000| PB 0x0000000712200000| Complete 
| 112|0x0000000712400000, 0x0000000712400000, 0x0000000712600000|  0%| F|  |TAMS 0x0000000712400000| PB 0x0000000712400000| Untracked 
| 113|0x0000000712600000, 0x0000000712600000, 0x0000000712800000|  0%| F|  |TAMS 0x0000000712600000| PB 0x0000000712600000| Untracked 
| 114|0x0000000712800000, 0x0000000712800000, 0x0000000712a00000|  0%| F|  |TAMS 0x0000000712800000| PB 0x0000000712800000| Untracked 
| 115|0x0000000712a00000, 0x0000000712a00000, 0x0000000712c00000|  0%| F|  |TAMS 0x0000000712a00000| PB 0x0000000712a00000| Untracked 
| 116|0x0000000712c00000, 0x0000000712c00000, 0x0000000712e00000|  0%| F|  |TAMS 0x0000000712c00000| PB 0x0000000712c00000| Untracked 
| 117|0x0000000712e00000, 0x0000000712e6e9e8, 0x0000000713000000| 21%| E|  |TAMS 0x0000000712e00000| PB 0x0000000712e00000| Complete 
| 118|0x0000000713000000, 0x0000000713200000, 0x0000000713200000|100%| E|CS|TAMS 0x0000000713000000| PB 0x0000000713000000| Complete 
| 119|0x0000000713200000, 0x0000000713400000, 0x0000000713400000|100%| E|CS|TAMS 0x0000000713200000| PB 0x0000000713200000| Complete 
| 120|0x0000000713400000, 0x0000000713600000, 0x0000000713600000|100%| E|CS|TAMS 0x0000000713400000| PB 0x0000000713400000| Complete 
| 121|0x0000000713600000, 0x0000000713800000, 0x0000000713800000|100%| E|CS|TAMS 0x0000000713600000| PB 0x0000000713600000| Complete 
| 122|0x0000000713800000, 0x0000000713a00000, 0x0000000713a00000|100%| E|  |TAMS 0x0000000713800000| PB 0x0000000713800000| Complete 
| 123|0x0000000713a00000, 0x0000000713c00000, 0x0000000713c00000|100%| E|CS|TAMS 0x0000000713a00000| PB 0x0000000713a00000| Complete 
| 124|0x0000000713c00000, 0x0000000713e00000, 0x0000000713e00000|100%| E|CS|TAMS 0x0000000713c00000| PB 0x0000000713c00000| Complete 
| 125|0x0000000713e00000, 0x0000000714000000, 0x0000000714000000|100%| E|CS|TAMS 0x0000000713e00000| PB 0x0000000713e00000| Complete 

Card table byte_map: [0x00000230e2680000,0x00000230e2e60000] _byte_map_base: 0x00000230dee5e000

Marking Bits: (CMBitMap*) 0x00000230ca56b160
 Bits: [0x00000230e2e60000, 0x00000230e6d50000)

Polling page: 0x00000230c8420000

Metaspace:

Usage:
  Non-class:     13.40 MB used.
      Class:      2.00 MB used.
       Both:     15.40 MB used.

Virtual space:
  Non-class space:       64.00 MB reserved,      13.56 MB ( 21%) committed,  1 nodes.
      Class space:        1.00 GB reserved,       2.19 MB ( <1%) committed,  1 nodes.
             Both:        1.06 GB reserved,      15.75 MB (  1%) committed. 

Chunk freelists:
   Non-Class:  1.75 MB
       Class:  13.86 MB
        Both:  15.61 MB

MaxMetaspaceSize: unlimited
CompressedClassSpaceSize: 1.00 GB
Initial GC threshold: 21.00 MB
Current GC threshold: 21.00 MB
CDS: on
 - commit_granule_bytes: 65536.
 - commit_granule_words: 8192.
 - virtual_space_node_default_size: 8388608.
 - enlarge_chunks_in_place: 1.
 - use_allocation_guard: 0.


Internal statistics:

num_allocs_failed_limit: 0.
num_arena_births: 334.
num_arena_deaths: 0.
num_vsnodes_births: 2.
num_vsnodes_deaths: 0.
num_space_committed: 252.
num_space_uncommitted: 0.
num_chunks_returned_to_freelist: 0.
num_chunks_taken_from_freelist: 886.
num_chunk_merges: 0.
num_chunk_splits: 558.
num_chunks_enlarged: 365.
num_inconsistent_stats: 0.

CodeHeap 'non-profiled nmethods': size=120000Kb used=798Kb max_used=798Kb free=119201Kb
 bounds [0x00000230da420000, 0x00000230da690000, 0x00000230e1950000]
CodeHeap 'profiled nmethods': size=120000Kb used=4009Kb max_used=4009Kb free=115990Kb
 bounds [0x00000230d2950000, 0x00000230d2d40000, 0x00000230d9e80000]
CodeHeap 'non-nmethods': size=5760Kb used=1413Kb max_used=1435Kb free=4347Kb
 bounds [0x00000230d9e80000, 0x00000230da0f0000, 0x00000230da420000]
 total_blobs=2693 nmethods=2187 adapters=410
 compilation: enabled
              stopped_count=0, restarted_count=0
 full_count=0

Compilation events (20 events):
Event: 1.265 Thread 0x00000230e99decc0 2183       3       java.nio.HeapByteBuffer::<init> (23 bytes)
Event: 1.265 Thread 0x00000230e99decc0 nmethod 2183 0x00000230d2d34a90 code [0x00000230d2d34c40, 0x00000230d2d34dc0]
Event: 1.265 Thread 0x00000230e99decc0 2184       3       java.util.ArrayList::addAll (76 bytes)
Event: 1.266 Thread 0x00000230e99decc0 nmethod 2184 0x00000230d2d34e90 code [0x00000230d2d35080, 0x00000230d2d35520]
Event: 1.266 Thread 0x00000230e99decc0 2185       3       java.nio.ByteBuffer::limit (8 bytes)
Event: 1.266 Thread 0x00000230e99decc0 nmethod 2185 0x00000230d2d35690 code [0x00000230d2d35840, 0x00000230d2d35990]
Event: 1.266 Thread 0x00000230e99decc0 2186       3       org.springframework.core.annotation.AnnotationTypeMappings::get (14 bytes)
Event: 1.266 Thread 0x00000230e99decc0 nmethod 2186 0x00000230d2d35a10 code [0x00000230d2d35bc0, 0x00000230d2d35e90]
Event: 1.270 Thread 0x00000230e99decc0 2187       3       java.lang.reflect.Method::getDefaultValue (110 bytes)
Event: 1.271 Thread 0x00000230e99decc0 nmethod 2187 0x00000230d2d35f90 code [0x00000230d2d362c0, 0x00000230d2d371d8]
Event: 1.271 Thread 0x00000230e99decc0 2189       3       org.springframework.util.ConcurrentReferenceHashMap::put (32 bytes)
Event: 1.271 Thread 0x00000230e99decc0 nmethod 2189 0x00000230d2d37790 code [0x00000230d2d37980, 0x00000230d2d38080]
Event: 1.271 Thread 0x00000230e99decc0 2190   !   3       java.lang.reflect.Executable::declaredAnnotations (85 bytes)
Event: 1.272 Thread 0x00000230e99decc0 nmethod 2190 0x00000230d2d38290 code [0x00000230d2d384e0, 0x00000230d2d38e08]
Event: 1.272 Thread 0x00000230e99decc0 2191       1       java.nio.Buffer::capacity (5 bytes)
Event: 1.272 Thread 0x00000230e99decc0 nmethod 2191 0x00000230da4e7290 code [0x00000230da4e7420, 0x00000230da4e74e8]
Event: 1.272 Thread 0x00000230e99decc0 2188       1       java.lang.reflect.Method::getAnnotationBytes (5 bytes)
Event: 1.272 Thread 0x00000230e99decc0 nmethod 2188 0x00000230da4e7590 code [0x00000230da4e7720, 0x00000230da4e77f0]
Event: 1.272 Thread 0x00000230e99decc0 2192       1       sun.nio.fs.NativeBuffer::owner (5 bytes)
Event: 1.272 Thread 0x00000230e99decc0 nmethod 2192 0x00000230da4e7890 code [0x00000230da4e7a20, 0x00000230da4e7af0]

GC Heap History (4 events):
Event: 0.615 GC heap before
{Heap before GC invocations=0 (full 0):
 garbage-first heap   total 258048K, used 22528K [0x0000000704400000, 0x0000000800000000)
  region size 2048K, 11 young (22528K), 0 survivors (0K)
 Metaspace       used 5594K, committed 5824K, reserved 1114112K
  class space    used 629K, committed 768K, reserved 1048576K
}
Event: 0.619 GC heap after
{Heap after GC invocations=1 (full 0):
 garbage-first heap   total 258048K, used 8511K [0x0000000704400000, 0x0000000800000000)
  region size 2048K, 2 young (4096K), 2 survivors (4096K)
 Metaspace       used 5594K, committed 5824K, reserved 1114112K
  class space    used 629K, committed 768K, reserved 1048576K
}
Event: 1.024 GC heap before
{Heap before GC invocations=1 (full 0):
 garbage-first heap   total 258048K, used 33087K [0x0000000704400000, 0x0000000800000000)
  region size 2048K, 14 young (28672K), 2 survivors (4096K)
 Metaspace       used 11976K, committed 12288K, reserved 1114112K
  class space    used 1529K, committed 1664K, reserved 1048576K
}
Event: 1.028 GC heap after
{Heap after GC invocations=2 (full 0):
 garbage-first heap   total 258048K, used 9820K [0x0000000704400000, 0x0000000800000000)
  region size 2048K, 1 young (2048K), 1 survivors (2048K)
 Metaspace       used 11976K, committed 12288K, reserved 1114112K
  class space    used 1529K, committed 1664K, reserved 1048576K
}

Dll operation events (10 events):
Event: 0.008 Loaded shared library C:\Users\tradi\.jdks\openjdk-21.0.2\bin\java.dll
Event: 0.035 Loaded shared library C:\Users\tradi\.jdks\openjdk-21.0.2\bin\jsvml.dll
Event: 0.089 Loaded shared library C:\Users\tradi\.jdks\openjdk-21.0.2\bin\zip.dll
Event: 0.093 Loaded shared library C:\Users\tradi\.jdks\openjdk-21.0.2\bin\instrument.dll
Event: 0.099 Loaded shared library C:\Users\tradi\.jdks\openjdk-21.0.2\bin\net.dll
Event: 0.101 Loaded shared library C:\Users\tradi\.jdks\openjdk-21.0.2\bin\nio.dll
Event: 0.105 Loaded shared library C:\Users\tradi\.jdks\openjdk-21.0.2\bin\zip.dll
Event: 0.238 Loaded shared library C:\Program Files\JetBrains\IntelliJ IDEA Community Edition 2023.3.2\bin\breakgen64.dll
Event: 0.245 Loaded shared library C:\Users\tradi\.jdks\openjdk-21.0.2\bin\extnet.dll
Event: 0.280 Loaded shared library C:\Users\tradi\.jdks\openjdk-21.0.2\bin\jimage.dll

Deoptimization events (20 events):
Event: 1.142 Thread 0x00000230c817f300 Uncommon trap: trap_request=0xffffff45 fr.pc=0x00000230da43c8ec relative=0x000000000000004c
Event: 1.142 Thread 0x00000230c817f300 Uncommon trap: reason=unstable_if action=reinterpret pc=0x00000230da43c8ec method=sun.nio.fs.WindowsPathParser.isSlash(C)Z @ 9 c2
Event: 1.142 Thread 0x00000230c817f300 DEOPT PACKING pc=0x00000230da43c8ec sp=0x0000008e5ddfe290
Event: 1.142 Thread 0x00000230c817f300 DEOPT UNPACKING pc=0x00000230d9ed46a2 sp=0x0000008e5ddfe218 mode 2
Event: 1.150 Thread 0x00000230eec7cbc0 Uncommon trap: trap_request=0xffffff45 fr.pc=0x00000230da480bd0 relative=0x0000000000000290
Event: 1.150 Thread 0x00000230eec7cbc0 Uncommon trap: reason=unstable_if action=reinterpret pc=0x00000230da480bd0 method=java.util.concurrent.ConcurrentHashMap.get(Ljava/lang/Object;)Ljava/lang/Object; @ 76 c2
Event: 1.150 Thread 0x00000230eec7cbc0 DEOPT PACKING pc=0x00000230da480bd0 sp=0x0000008e5f6fdf10
Event: 1.150 Thread 0x00000230eec7cbc0 DEOPT UNPACKING pc=0x00000230d9ed46a2 sp=0x0000008e5f6fde88 mode 2
Event: 1.157 Thread 0x00000230eec7cbc0 Uncommon trap: trap_request=0xffffffc6 fr.pc=0x00000230da4d9230 relative=0x0000000000000870
Event: 1.157 Thread 0x00000230eec7cbc0 Uncommon trap: reason=bimorphic_or_optimized_type_check action=maybe_recompile pc=0x00000230da4d9230 method=java.util.HashMap.putVal(ILjava/lang/Object;Ljava/lang/Object;ZZ)Ljava/lang/Object; @ 91 c2
Event: 1.157 Thread 0x00000230eec7cbc0 DEOPT PACKING pc=0x00000230da4d9230 sp=0x0000008e5f6fed90
Event: 1.157 Thread 0x00000230eec7cbc0 DEOPT UNPACKING pc=0x00000230d9ed46a2 sp=0x0000008e5f6fed10 mode 2
Event: 1.157 Thread 0x00000230eec7cbc0 Uncommon trap: trap_request=0xffffffc6 fr.pc=0x00000230da4d9230 relative=0x0000000000000870
Event: 1.157 Thread 0x00000230eec7cbc0 Uncommon trap: reason=bimorphic_or_optimized_type_check action=maybe_recompile pc=0x00000230da4d9230 method=java.util.HashMap.putVal(ILjava/lang/Object;Ljava/lang/Object;ZZ)Ljava/lang/Object; @ 91 c2
Event: 1.157 Thread 0x00000230eec7cbc0 DEOPT PACKING pc=0x00000230da4d9230 sp=0x0000008e5f6fed90
Event: 1.157 Thread 0x00000230eec7cbc0 DEOPT UNPACKING pc=0x00000230d9ed46a2 sp=0x0000008e5f6fed10 mode 2
Event: 1.222 Thread 0x00000230c817f300 Uncommon trap: trap_request=0xffffff45 fr.pc=0x00000230da4a803c relative=0x000000000000011c
Event: 1.222 Thread 0x00000230c817f300 Uncommon trap: reason=unstable_if action=reinterpret pc=0x00000230da4a803c method=java.util.Arrays.equals([Ljava/lang/Object;[Ljava/lang/Object;)Z @ 44 c2
Event: 1.222 Thread 0x00000230c817f300 DEOPT PACKING pc=0x00000230da4a803c sp=0x0000008e5ddfd8b0
Event: 1.222 Thread 0x00000230c817f300 DEOPT UNPACKING pc=0x00000230d9ed46a2 sp=0x0000008e5ddfd850 mode 2

Classes loaded (20 events):
Event: 1.216 Loading class jdk/xml/internal/JdkProperty$State
Event: 1.216 Loading class jdk/xml/internal/JdkProperty$State done
Event: 1.216 Loading class com/sun/org/apache/xalan/internal/utils/XMLSecurityPropertyManager
Event: 1.216 Loading class com/sun/org/apache/xalan/internal/utils/FeaturePropertyBase
Event: 1.216 Loading class com/sun/org/apache/xalan/internal/utils/FeaturePropertyBase done
Event: 1.216 Loading class com/sun/org/apache/xalan/internal/utils/XMLSecurityPropertyManager done
Event: 1.216 Loading class com/sun/org/apache/xalan/internal/utils/FeaturePropertyBase$State
Event: 1.216 Loading class com/sun/org/apache/xalan/internal/utils/FeaturePropertyBase$State done
Event: 1.217 Loading class com/sun/org/apache/xalan/internal/utils/XMLSecurityPropertyManager$Property
Event: 1.217 Loading class com/sun/org/apache/xalan/internal/utils/XMLSecurityPropertyManager$Property done
Event: 1.217 Loading class jdk/xml/internal/XMLSecurityManager
Event: 1.217 Loading class jdk/xml/internal/XMLSecurityManager done
Event: 1.217 Loading class jdk/xml/internal/XMLSecurityManager$Limit
Event: 1.217 Loading class jdk/xml/internal/XMLSecurityManager$Limit done
Event: 1.217 Loading class jdk/xml/internal/XMLSecurityManager$Processor
Event: 1.217 Loading class jdk/xml/internal/XMLSecurityManager$Processor done
Event: 1.217 Loading class jdk/xml/internal/XMLSecurityManager$NameMap
Event: 1.218 Loading class jdk/xml/internal/XMLSecurityManager$NameMap done
Event: 1.218 Loading class jdk/xml/internal/JdkProperty
Event: 1.218 Loading class jdk/xml/internal/JdkProperty done

Classes unloaded (0 events):
No events

Classes redefined (0 events):
No events

Internal exceptions (20 events):
Event: 0.770 Thread 0x00000230c817f300 Exception <a 'java/lang/NoSuchMethodError'{0x0000000713925498}: 'java.lang.Object java.lang.invoke.Invokers$Holder.linkToTargetMethod(java.lang.Object, java.lang.Object, int, java.lang.Object, java.lang.Object)'> (0x0000000713925498) 
thrown [s\open\src\hotspot\share\interpreter\linkResolver.cpp, line 773]
Event: 0.771 Thread 0x00000230c817f300 Exception <a 'java/lang/NoSuchMethodError'{0x0000000713932b48}: 'java.lang.Object java.lang.invoke.DirectMethodHandle$Holder.newInvokeSpecial(java.lang.Object, int, java.lang.Object)'> (0x0000000713932b48) 
thrown [s\open\src\hotspot\share\interpreter\linkResolver.cpp, line 773]
Event: 0.771 Thread 0x00000230c817f300 Exception <a 'java/lang/NoSuchMethodError'{0x00000007139374f8}: 'int java.lang.invoke.DirectMethodHandle$Holder.invokeSpecialIFC(java.lang.Object, java.lang.Object, java.lang.Object, java.lang.Object)'> (0x00000007139374f8) 
thrown [s\open\src\hotspot\share\interpreter\linkResolver.cpp, line 773]
Event: 0.784 Thread 0x00000230c817f300 Exception <a 'java/lang/NoSuchMethodError'{0x0000000713612588}: 'void java.lang.invoke.DirectMethodHandle$Holder.invokeInterface(java.lang.Object, java.lang.Object, java.lang.Object)'> (0x0000000713612588) 
thrown [s\open\src\hotspot\share\interpreter\linkResolver.cpp, line 773]
Event: 0.796 Thread 0x00000230c817f300 Exception <a 'java/lang/NoSuchMethodError'{0x000000071368ca68}: 'void java.lang.invoke.DirectMethodHandle$Holder.invokeStaticInit(java.lang.Object, java.lang.Object, java.lang.Object)'> (0x000000071368ca68) 
thrown [s\open\src\hotspot\share\interpreter\linkResolver.cpp, line 773]
Event: 0.809 Thread 0x00000230c817f300 Exception <a 'java/lang/NoSuchMethodError'{0x0000000713723ff0}: 'void java.lang.invoke.DirectMethodHandle$Holder.invokeVirtual(java.lang.Object, java.lang.Object, java.lang.Object, java.lang.Object)'> (0x0000000713723ff0) 
thrown [s\open\src\hotspot\share\interpreter\linkResolver.cpp, line 773]
Event: 0.861 Thread 0x00000230c817f300 Exception <a 'java/lang/NoSuchMethodError'{0x000000071352a980}: 'void java.lang.invoke.DirectMethodHandle$Holder.invokeSpecial(java.lang.Object, java.lang.Object, java.lang.Object)'> (0x000000071352a980) 
thrown [s\open\src\hotspot\share\interpreter\linkResolver.cpp, line 773]
Event: 0.877 Thread 0x00000230c817f300 Exception <a 'java/lang/NoSuchMethodError'{0x00000007135e5068}: 'java.lang.Object java.lang.invoke.DirectMethodHandle$Holder.invokeVirtual(java.lang.Object, java.lang.Object, java.lang.Object)'> (0x00000007135e5068) 
thrown [s\open\src\hotspot\share\interpreter\linkResolver.cpp, line 773]
Event: 0.888 Thread 0x00000230c817f300 Exception <a 'java/lang/NoSuchMethodError'{0x00000007132960a0}: 'java.lang.reflect.Field[] java.lang.Class.getDeclaredFields(java.lang.Class)'> (0x00000007132960a0) 
thrown [s\open\src\hotspot\share\interpreter\linkResolver.cpp, line 773]
Event: 0.889 Thread 0x00000230c817f300 Exception <a 'java/lang/NoSuchMethodError'{0x000000071329a9a0}: 'java.lang.Object java.lang.invoke.DirectMethodHandle$Holder.invokeStatic(java.lang.Object, java.lang.Object, int)'> (0x000000071329a9a0) 
thrown [s\open\src\hotspot\share\interpreter\linkResolver.cpp, line 773]
Event: 0.891 Thread 0x00000230c817f300 Exception <a 'java/lang/NoSuchMethodError'{0x00000007132a5870}: 'void java.lang.invoke.DelegatingMethodHandle$Holder.delegate(java.lang.Object, java.lang.Object, int, java.lang.Object)'> (0x00000007132a5870) 
thrown [s\open\src\hotspot\share\interpreter\linkResolver.cpp, line 773]
Event: 0.901 Thread 0x00000230c817f300 Exception <a 'java/lang/IncompatibleClassChangeError'{0x00000007133952e0}: Found class java.lang.Object, but interface was expected> (0x00000007133952e0) 
thrown [s\open\src\hotspot\share\interpreter\linkResolver.cpp, line 840]
Event: 0.906 Thread 0x00000230c817f300 Exception <a 'java/lang/NoSuchMethodError'{0x0000000713056cc0}: 'java.lang.Object java.lang.invoke.DirectMethodHandle$Holder.invokeStaticInit(java.lang.Object, int)'> (0x0000000713056cc0) 
thrown [s\open\src\hotspot\share\interpreter\linkResolver.cpp, line 773]
Event: 0.908 Thread 0x00000230c817f300 Exception <a 'java/lang/NoSuchMethodError'{0x0000000713060d40}: 'java.lang.Object java.lang.invoke.DirectMethodHandle$Holder.invokeStatic(java.lang.Object, int, java.lang.Object)'> (0x0000000713060d40) 
thrown [s\open\src\hotspot\share\interpreter\linkResolver.cpp, line 773]
Event: 0.908 Thread 0x00000230c817f300 Exception <a 'java/lang/NoSuchMethodError'{0x0000000713064390}: 'java.lang.Object java.lang.invoke.DirectMethodHandle$Holder.invokeStaticInit(java.lang.Object, int, java.lang.Object)'> (0x0000000713064390) 
thrown [s\open\src\hotspot\share\interpreter\linkResolver.cpp, line 773]
Event: 0.923 Thread 0x00000230eec7cbc0 Exception <a 'java/lang/NoSuchMethodError'{0x0000000713177298}: 'int java.lang.invoke.DirectMethodHandle$Holder.invokeSpecial(java.lang.Object, java.lang.Object, java.lang.Object, int)'> (0x0000000713177298) 
thrown [s\open\src\hotspot\share\interpreter\linkResolver.cpp, line 773]
Event: 0.925 Thread 0x00000230eec7cbc0 Exception <a 'java/lang/NoSuchMethodError'{0x00000007131894a8}: 'java.lang.Object java.lang.invoke.DirectMethodHandle$Holder.invokeStatic(java.lang.Object, java.lang.Object, java.lang.Object, java.lang.Object, int)'> (0x00000007131894a8) 
thrown [s\open\src\hotspot\share\interpreter\linkResolver.cpp, line 773]
Event: 0.925 Thread 0x00000230eec7cbc0 Exception <a 'java/lang/NoSuchMethodError'{0x0000000713194b58}: 'void java.lang.invoke.DelegatingMethodHandle$Holder.reinvoke_L(java.lang.Object, java.lang.Object, java.lang.Object, java.lang.Object, int, java.lang.Object, java.lang.Object, java.lang.Object)'> (0x0000000713194b58) 
thrown [s\open\src\hotspot\share\interpreter\linkResolver.cpp, line 773]
Event: 1.144 Thread 0x00000230c817f300 Exception <a 'java/lang/NoSuchMethodError'{0x0000000713679d40}: 'int java.lang.invoke.DirectMethodHandle$Holder.invokeSpecial(java.lang.Object, java.lang.Object, java.lang.Object, java.lang.Object, java.lang.Object)'> (0x0000000713679d40) 
thrown [s\open\src\hotspot\share\interpreter\linkResolver.cpp, line 773]
Event: 1.149 Thread 0x00000230c817f300 Exception <a 'java/lang/NoSuchMethodError'{0x0000000713681f80}: 'void java.lang.invoke.DirectMethodHandle$Holder.invokeVirtual(java.lang.Object, java.lang.Object)'> (0x0000000713681f80) 
thrown [s\open\src\hotspot\share\interpreter\linkResolver.cpp, line 773]

ZGC Phase Switch (0 events):
No events

VM Operations (20 events):
Event: 0.615 Executing VM operation: G1CollectForAllocation (G1 Evacuation Pause)
Event: 0.619 Executing VM operation: G1CollectForAllocation (G1 Evacuation Pause) done
Event: 0.752 Executing VM operation: HandshakeAllThreads (Deoptimize)
Event: 0.752 Executing VM operation: HandshakeAllThreads (Deoptimize) done
Event: 0.856 Executing VM operation: HandshakeAllThreads (Deoptimize)
Event: 0.856 Executing VM operation: HandshakeAllThreads (Deoptimize) done
Event: 0.859 Executing VM operation: HandshakeAllThreads (Deoptimize)
Event: 0.859 Executing VM operation: HandshakeAllThreads (Deoptimize) done
Event: 0.860 Executing VM operation: HandshakeAllThreads (Deoptimize)
Event: 0.860 Executing VM operation: HandshakeAllThreads (Deoptimize) done
Event: 0.870 Executing VM operation: ICBufferFull
Event: 0.871 Executing VM operation: ICBufferFull done
Event: 0.889 Executing VM operation: HandshakeAllThreads (Deoptimize)
Event: 0.889 Executing VM operation: HandshakeAllThreads (Deoptimize) done
Event: 1.024 Executing VM operation: G1CollectForAllocation (G1 Evacuation Pause)
Event: 1.028 Executing VM operation: G1CollectForAllocation (G1 Evacuation Pause) done
Event: 1.074 Executing VM operation: HandshakeAllThreads (Deoptimize)
Event: 1.074 Executing VM operation: HandshakeAllThreads (Deoptimize) done
Event: 1.120 Executing VM operation: HandshakeAllThreads (Deoptimize)
Event: 1.120 Executing VM operation: HandshakeAllThreads (Deoptimize) done

Events (14 events):
Event: 0.019 Thread 0x00000230c817f300 Thread added: 0x00000230c817f300
Event: 0.033 Thread 0x00000230e99b7370 Thread added: 0x00000230e99b7370
Event: 0.033 Thread 0x00000230e99b8b40 Thread added: 0x00000230e99b8b40
Event: 0.034 Thread 0x00000230e99c05d0 Thread added: 0x00000230e99c05d0
Event: 0.034 Thread 0x00000230e99c2040 Thread added: 0x00000230e99c2040
Event: 0.034 Thread 0x00000230e99cb980 Thread added: 0x00000230e99cb980
Event: 0.034 Thread 0x00000230e99cdf60 Thread added: 0x00000230e99cdf60
Event: 0.034 Thread 0x00000230e99d6d00 Thread added: 0x00000230e99d6d00
Event: 0.034 Thread 0x00000230e99decc0 Thread added: 0x00000230e99decc0
Event: 0.074 Thread 0x00000230e99801c0 Thread added: 0x00000230e99801c0
Event: 0.239 Thread 0x00000230e9ea44d0 Thread added: 0x00000230e9ea44d0
Event: 0.239 Thread 0x00000230e9ea4b40 Thread added: 0x00000230e9ea4b40
Event: 0.318 Thread 0x00000230ee24c180 Thread added: 0x00000230ee24c180
Event: 0.885 Thread 0x00000230eec7cbc0 Thread added: 0x00000230eec7cbc0


Dynamic libraries:
0x00007ff7fe6e0000 - 0x00007ff7fe6ee000 	C:\Users\tradi\.jdks\openjdk-21.0.2\bin\java.exe
0x00007fff25720000 - 0x00007fff25983000 	C:\WINDOWS\SYSTEM32\ntdll.dll
0x00007fff24ca0000 - 0x00007fff24d68000 	C:\WINDOWS\System32\KERNEL32.DLL
0x00007fff22fb0000 - 0x00007fff23362000 	C:\WINDOWS\System32\KERNELBASE.dll
0x00007fff23370000 - 0x00007fff234bb000 	C:\WINDOWS\System32\ucrtbase.dll
0x00007fff0b6f0000 - 0x00007fff0b70b000 	C:\Users\tradi\.jdks\openjdk-21.0.2\bin\VCRUNTIME140.dll
0x00007ffef35b0000 - 0x00007ffef35c8000 	C:\Users\tradi\.jdks\openjdk-21.0.2\bin\jli.dll
0x00007fff252c0000 - 0x00007fff25488000 	C:\WINDOWS\System32\USER32.dll
0x00007fff22f80000 - 0x00007fff22fa7000 	C:\WINDOWS\System32\win32u.dll
0x00007fff0cf80000 - 0x00007fff0d210000 	C:\WINDOWS\WinSxS\amd64_microsoft.windows.common-controls_6595b64144ccf1df_6.0.26100.2454_none_3e0b68a2e331ad60\COMCTL32.dll
0x00007fff24e30000 - 0x00007fff24e5a000 	C:\WINDOWS\System32\GDI32.dll
0x00007fff25510000 - 0x00007fff255b9000 	C:\WINDOWS\System32\msvcrt.dll
0x00007fff22af0000 - 0x00007fff22c1b000 	C:\WINDOWS\System32\gdi32full.dll
0x00007fff22d50000 - 0x00007fff22df3000 	C:\WINDOWS\System32\msvcp_win.dll
0x00007fff23580000 - 0x00007fff235af000 	C:\WINDOWS\System32\IMM32.DLL
0x00007fff0bb90000 - 0x00007fff0bb9c000 	C:\Users\tradi\.jdks\openjdk-21.0.2\bin\vcruntime140_1.dll
0x00007ffee0410000 - 0x00007ffee049e000 	C:\Users\tradi\.jdks\openjdk-21.0.2\bin\msvcp140.dll
0x00007ffe8a680000 - 0x00007ffe8b397000 	C:\Users\tradi\.jdks\openjdk-21.0.2\bin\server\jvm.dll
0x00007fff24d70000 - 0x00007fff24e24000 	C:\WINDOWS\System32\ADVAPI32.dll
0x00007fff24e70000 - 0x00007fff24f16000 	C:\WINDOWS\System32\sechost.dll
0x00007fff249f0000 - 0x00007fff24b06000 	C:\WINDOWS\System32\RPCRT4.dll
0x00007fff255e0000 - 0x00007fff25654000 	C:\WINDOWS\System32\WS2_32.dll
0x00007fff22980000 - 0x00007fff229ce000 	C:\WINDOWS\SYSTEM32\POWRPROF.dll
0x00007fff18870000 - 0x00007fff188a6000 	C:\WINDOWS\SYSTEM32\WINMM.dll
0x00007fff0b960000 - 0x00007fff0b96b000 	C:\WINDOWS\SYSTEM32\VERSION.dll
0x00007fff22960000 - 0x00007fff22974000 	C:\WINDOWS\SYSTEM32\UMPDC.dll
0x00007fff21900000 - 0x00007fff2191a000 	C:\WINDOWS\SYSTEM32\kernel.appcore.dll
0x00007ffeffa10000 - 0x00007ffeffa1a000 	C:\Users\tradi\.jdks\openjdk-21.0.2\bin\jimage.dll
0x00007fff202e0000 - 0x00007fff20521000 	C:\WINDOWS\SYSTEM32\DBGHELP.DLL
0x00007fff24f20000 - 0x00007fff2529e000 	C:\WINDOWS\System32\combase.dll
0x00007fff24b10000 - 0x00007fff24be6000 	C:\WINDOWS\System32\OLEAUT32.dll
0x00007fff00590000 - 0x00007fff005c9000 	C:\WINDOWS\SYSTEM32\dbgcore.DLL
0x00007fff22c20000 - 0x00007fff22cb9000 	C:\WINDOWS\System32\bcryptPrimitives.dll
0x00007ffef2640000 - 0x00007ffef264f000 	C:\Users\tradi\.jdks\openjdk-21.0.2\bin\instrument.dll
0x00007ffef2f50000 - 0x00007ffef2f6f000 	C:\Users\tradi\.jdks\openjdk-21.0.2\bin\java.dll
0x00007fff23e00000 - 0x00007fff24501000 	C:\WINDOWS\System32\SHELL32.dll
0x00007fff207c0000 - 0x00007fff20ff1000 	C:\WINDOWS\SYSTEM32\windows.storage.dll
0x00007fff24910000 - 0x00007fff249ea000 	C:\WINDOWS\System32\SHCORE.dll
0x00007fff23d90000 - 0x00007fff23ded000 	C:\WINDOWS\System32\shlwapi.dll
0x00007fff22a00000 - 0x00007fff22a2e000 	C:\WINDOWS\SYSTEM32\profapi.dll
0x00007ffedffb0000 - 0x00007ffee0087000 	C:\Users\tradi\.jdks\openjdk-21.0.2\bin\jsvml.dll
0x00007ffef28f0000 - 0x00007ffef2908000 	C:\Users\tradi\.jdks\openjdk-21.0.2\bin\zip.dll
0x00007ffefdb80000 - 0x00007ffefdb90000 	C:\Users\tradi\.jdks\openjdk-21.0.2\bin\net.dll
0x00007fff1c320000 - 0x00007fff1c446000 	C:\WINDOWS\SYSTEM32\WINHTTP.dll
0x00007fff21de0000 - 0x00007fff21e48000 	C:\WINDOWS\system32\mswsock.dll
0x00007ffef2cd0000 - 0x00007ffef2ce6000 	C:\Users\tradi\.jdks\openjdk-21.0.2\bin\nio.dll
0x00007ffef0d80000 - 0x00007ffef0d9a000 	C:\Program Files\JetBrains\IntelliJ IDEA Community Edition 2023.3.2\bin\breakgen64.dll
0x00007ffef4ee0000 - 0x00007ffef4ee9000 	C:\Users\tradi\.jdks\openjdk-21.0.2\bin\extnet.dll

dbghelp: loaded successfully - version: 4.0.5 - missing functions: none
symbol engine: initialized successfully - sym options: 0x614 - pdb path: .;C:\Users\tradi\.jdks\openjdk-21.0.2\bin;C:\WINDOWS\SYSTEM32;C:\WINDOWS\WinSxS\amd64_microsoft.windows.common-controls_6595b64144ccf1df_6.0.26100.2454_none_3e0b68a2e331ad60;C:\Users\tradi\.jdks\openjdk-21.0.2\bin\server;C:\Program Files\JetBrains\IntelliJ IDEA Community Edition 2023.3.2\bin

VM Arguments:
jvm_args: -javaagent:C:\Program Files\JetBrains\IntelliJ IDEA Community Edition 2023.3.2\lib\idea_rt.jar=51018:C:\Program Files\JetBrains\IntelliJ IDEA Community Edition 2023.3.2\bin -Dfile.encoding=UTF-8 -Dsun.stdout.encoding=UTF-8 -Dsun.stderr.encoding=UTF-8 
java_command: com.nova.colis.ColisApplication
java_class_path (initial): C:\Users\tradi\Downloads\colis\colis\target\classes;C:\Users\tradi\.m2\repository\org\springframework\boot\spring-boot-starter-web\3.4.2\spring-boot-starter-web-3.4.2.jar;C:\Users\tradi\.m2\repository\org\springframework\boot\spring-boot-starter\3.4.2\spring-boot-starter-3.4.2.jar;C:\Users\tradi\.m2\repository\org\springframework\boot\spring-boot\3.4.2\spring-boot-3.4.2.jar;C:\Users\tradi\.m2\repository\org\springframework\boot\spring-boot-autoconfigure\3.4.2\spring-boot-autoconfigure-3.4.2.jar;C:\Users\tradi\.m2\repository\org\springframework\boot\spring-boot-starter-logging\3.4.2\spring-boot-starter-logging-3.4.2.jar;C:\Users\tradi\.m2\repository\ch\qos\logback\logback-classic\1.5.16\logback-classic-1.5.16.jar;C:\Users\tradi\.m2\repository\ch\qos\logback\logback-core\1.5.16\logback-core-1.5.16.jar;C:\Users\tradi\.m2\repository\org\apache\logging\log4j\log4j-to-slf4j\2.24.3\log4j-to-slf4j-2.24.3.jar;C:\Users\tradi\.m2\repository\org\apache\logging\log4j\log4j-api\2.24.3\log4j-api-2.24.3.jar;C:\Users\tradi\.m2\repository\org\slf4j\jul-to-slf4j\2.0.16\jul-to-slf4j-2.0.16.jar;C:\Users\tradi\.m2\repository\jakarta\annotation\jakarta.annotation-api\2.1.1\jakarta.annotation-api-2.1.1.jar;C:\Users\tradi\.m2\repository\org\springframework\boot\spring-boot-starter-json\3.4.2\spring-boot-starter-json-3.4.2.jar;C:\Users\tradi\.m2\repository\com\fasterxml\jackson\core\jackson-databind\2.18.2\jackson-databind-2.18.2.jar;C:\Users\tradi\.m2\repository\com\fasterxml\jackson\core\jackson-annotations\2.18.2\jackson-annotations-2.18.2.jar;C:\Users\tradi\.m2\repository\com\fasterxml\jackson\core\jackson-core\2.18.2\jackson-core-2.18.2.jar;C:\Users\tradi\.m2\repository\com\fasterxml\jackson\datatype\jackson-datatype-jdk8\2.18.2\jackson-datatype-jdk8-2.18.2.jar;C:\Users\tradi\.m2\repository\com\fasterxml\jackson\datatype\jackson-datatype-jsr310\2.18.2\jackson-datatype-jsr310-2.18.2.jar;C:\Users\tradi\.m2\repository\com\fasterxml\jackson\module\jackson-module-parameter-names\2.18.2\jackson-module-parameter-names-2.18.2.jar;C:\Users\tradi\.m2\repository\org\springframework\boot\spring-boot-starter-tomcat\3.4.2\spring-boot-starter-tomcat-3.4.2.jar;C:\Users\tradi\.m2\repository\org\apache\tomcat\embed\tomcat-embed-core\10.1.34\tomcat-embed-core-10.1.34.jar;C:\Users\tradi\.m2\repository\org\apache\tomcat\embed\tomcat-embed-websocket\10.1.34\tomcat-embed-websocket-10.1.34.jar;C:\Users\tradi\.m2\repository\org\springframework\spring-web\6.2.2\spring-web-6.2.2.jar;C:\Users\tradi\.m2\repository\org\springframework\spring-beans\6.2.2\spring-beans-6.2.2.jar;C:\Users\tradi\.m2\repository\io\micrometer\micrometer-observation\1.14.3\micrometer-observation-1.14.3.jar;C:\Users\tradi\.m2\repository\io\micrometer\micrometer-commons\1.14.3\micrometer-commons-1.14.3.jar;C:\Users\tradi\.m2\repository\org\springframework\spring-webmvc\6.2.2\spring-webmvc-6.2.2.jar;C:\Users\tradi\.m2\repository\org\springframework\spring-context\6.2.2\spring-context-6.2.2.jar;C:\Users\tradi\.m2\repository\org\springframework\spring-expression\6.2.2\spring-expression-6.2.2.jar;C:\Users\tradi\.m2\repository\org\springframework\boot\spring-boot-starter-data-jpa\3.4.2\spring-boot-starter-data-jpa-3.4.2.jar;C:\Users\tradi\.m2\repository\org\springframework\boot\spring-boot-starter-jdbc\3.4.2\spring-boot-starter-jdbc-3.4.2.jar;C:\Users\tradi\.m2\repository\com\zaxxer\HikariCP\5.1.0\HikariCP-5.1.0.jar;C:\Users\tradi\.m2\repository\org\springframework\spring-jdbc\6.2.2\spring-jdbc-6.2.2.jar;C:\Users\tradi\.m2\repository\org\hibernate\orm\hibernate-core\6.6.5.Final\hibernate-core-6.6.5.Final.jar;C:\Users\tradi\.m2\repository\jakarta\persistence\jakarta.persistence-api\3.1.0\jakarta.persistence-api-3.1.0.jar;C:\Users\tradi\.m2\repository\jakarta\transaction\jakarta.transaction-api\2.0.1\jakarta.transaction-api-2.0.1.jar;C:\Users\tradi\.m2\repository\org\jboss\logging\jboss-logging\3.6.1.Final\jboss-logging-3.6.1.Final.jar;C:\Users\tradi\.m2\repository\org\hibernate\common\hibernate-commons-annotations\7.0.3.Final\hibernate-commons-annotations-7.0.3.Final.jar;C:\Users\tradi\.m2\repository\io\smallrye\jandex\3.2.0\jandex-3.2.0.jar;C:\Users\tradi\.m2\repository\com\fasterxml\classmate\1.7.0\classmate-1.7.0.jar;C:\Users\tradi\.m2\repository\net\bytebuddy\byte-buddy\1.15.11\byte-buddy-1.15.11.jar;C:\Users\tradi\.m2\repository\org\glassfish\jaxb\jaxb-runtime\4.0.5\jaxb-runtime-4.0.5.jar;C:\Users\tradi\.m2\repository\org\glassfish\jaxb\jaxb-core\4.0.5\jaxb-core-4.0.5.jar;C:\Users\tradi\.m2\repository\org\eclipse\angus\angus-activation\2.0.2\angus-activation-2.0.2.jar;C:\Users\tradi\.m2\repository\org\glassfish\jaxb\txw2\4.0.5\txw2-4.0.5.jar;C:\Users\tradi\.m2\repository\com\sun\istack\istack-commons-runtime\4.1.2\istack-commons-runtime-4.1.2.jar;C:\Users\tradi\.m2\repository\jakarta\inject\jakarta.inject-api\2.0.1\jakarta.inject-api-2.0.1.jar;C:\Users\tradi\.m2\repository\org\antlr\antlr4-runtime\4.13.0\antlr4-runtime-4.13.0.jar;C:\Users\tradi\.m2\repository\org\springframework\data\spring-data-jpa\3.4.2\spring-data-jpa-3.4.2.jar;C:\Users\tradi\.m2\repository\org\springframework\data\spring-data-commons\3.4.2\spring-data-commons-3.4.2.jar;C:\Users\tradi\.m2\repository\org\springframework\spring-orm\6.2.2\spring-orm-6.2.2.jar;C:\Users\tradi\.m2\repository\org\springframework\spring-tx\6.2.2\spring-tx-6.2.2.jar;C:\Users\tradi\.m2\repository\org\slf4j\slf4j-api\2.0.16\slf4j-api-2.0.16.jar;C:\Users\tradi\.m2\repository\org\springframework\spring-aspects\6.2.2\spring-aspects-6.2.2.jar;C:\Users\tradi\.m2\repository\org\aspectj\aspectjweaver\1.9.22.1\aspectjweaver-1.9.22.1.jar;C:\Users\tradi\.m2\repository\org\springframework\boot\spring-boot-starter-validation\3.4.2\spring-boot-starter-validation-3.4.2.jar;C:\Users\tradi\.m2\repository\org\apache\tomcat\embed\tomcat-embed-el\10.1.34\tomcat-embed-el-10.1.34.jar;C:\Users\tradi\.m2\repository\org\hibernate\validator\hibernate-validator\8.0.2.Final\hibernate-validator-8.0.2.Final.jar;C:\Users\tradi\.m2\repository\jakarta\validation\jakarta.validation-api\3.0.2\jakarta.validation-api-3.0.2.jar;C:\Users\tradi\.m2\repository\org\springframework\boot\spring-boot-starter-security\3.4.2\spring-boot-starter-security-3.4.2.jar;C:\Users\tradi\.m2\repository\org\springframework\spring-aop\6.2.2\spring-aop-6.2.2.jar;C:\Users\tradi\.m2\repository\org\springframework\security\spring-security-config\6.4.2\spring-security-config-6.4.2.jar;C:\Users\tradi\.m2\repository\org\springframework\security\spring-security-web\6.4.2\spring-security-web-6.4.2.jar;C:\Users\tradi\.m2\repository\org\liquibase\liquibase-core\4.29.2\liquibase-core-4.29.2.jar;C:\Users\tradi\.m2\repository\com\opencsv\opencsv\5.9\opencsv-5.9.jar;C:\Users\tradi\.m2\repository\org\yaml\snakeyaml\2.3\snakeyaml-2.3.jar;C:\Users\tradi\.m2\repository\javax\xml\bind\jaxb-api\2.3.1\jaxb-api-2.3.1.jar;C:\Users\tradi\.m2\repository\commons-io\commons-io\2.16.1\commons-io-2.16.1.jar;C:\Users\tradi\.m2\repository\org\apache\commons\commons-collections4\4.4\commons-collections4-4.4.jar;C:\Users\tradi\.m2\repository\org\apache\commons\commons-text\1.12.0\commons-text-1.12.0.jar;C:\Users\tradi\.m2\repository\org\apache\commons\commons-lang3\3.17.0\commons-lang3-3.17.0.jar;C:\Users\tradi\.m2\repository\com\mysql\mysql-connector-j\9.1.0\mysql-connector-j-9.1.0.jar;C:\Users\tradi\.m2\repository\jakarta\xml\bind\jakarta.xml.bind-api\4.0.2\jakarta.xml.bind-api-4.0.2.jar;C:\Users\tradi\.m2\repository\jakarta\activation\jakarta.activation-api\2.1.3\jakarta.activation-api-2.1.3.jar;C:\Users\tradi\.m2\repository\org\springframework\spring-core\6.2.2\spring-core-6.2.2.jar;C:\Users\tradi\.m2\repository\org\springframework\spring-jcl\6.2.2\spring-jcl-6.2.2.jar;C:\Users\tradi\.m2\repository\org\springframework\security\spring-security-core\6.4.2\spring-security-core-6.4.2.jar;C:\Users\tradi\.m2\repository\org\springframework\security\spring-security-crypto\6.4.2\spring-security-crypto-6.4.2.jar
Launcher Type: SUN_STANDARD

[Global flags]
     intx CICompilerCount                          = 4                                         {product} {ergonomic}
     uint ConcGCThreads                            = 3                                         {product} {ergonomic}
     uint G1ConcRefinementThreads                  = 10                                        {product} {ergonomic}
   size_t G1HeapRegionSize                         = 2097152                                   {product} {ergonomic}
    uintx GCDrainStackTargetSize                   = 64                                        {product} {ergonomic}
   size_t InitialHeapSize                          = 264241152                                 {product} {ergonomic}
   size_t MarkStackSize                            = 4194304                                   {product} {ergonomic}
   size_t MaxHeapSize                              = 4223664128                                {product} {ergonomic}
   size_t MaxNewSize                               = 2533359616                                {product} {ergonomic}
   size_t MinHeapDeltaBytes                        = 2097152                                   {product} {ergonomic}
   size_t MinHeapSize                              = 8388608                                   {product} {ergonomic}
    uintx NonNMethodCodeHeapSize                   = 5839372                                {pd product} {ergonomic}
    uintx NonProfiledCodeHeapSize                  = 122909434                              {pd product} {ergonomic}
    uintx ProfiledCodeHeapSize                     = 122909434                              {pd product} {ergonomic}
    uintx ReservedCodeCacheSize                    = 251658240                              {pd product} {ergonomic}
     bool SegmentedCodeCache                       = true                                      {product} {ergonomic}
   size_t SoftMaxHeapSize                          = 4223664128                             {manageable} {ergonomic}
     bool UseCompressedOops                        = true                           {product lp64_product} {ergonomic}
     bool UseG1GC                                  = true                                      {product} {ergonomic}
     bool UseLargePagesIndividualAllocation        = false                                  {pd product} {ergonomic}

Logging:
Log output configuration:
 #0: stdout all=warning uptime,level,tags foldmultilines=false
 #1: stderr all=off uptime,level,tags foldmultilines=false

Environment Variables:
JAVA_HOME=C:\Program Files\Java\jdk-21
PATH=C:\Python312\Scripts\;C:\Python312\;C:\Program Files\Common Files\Oracle\Java\javapath;C:\Program Files (x86)\Common Files\Oracle\Java\javapath;C:\WINDOWS\system32;C:\WINDOWS;C:\WINDOWS\System32\Wbem;C:\WINDOWS\System32\WindowsPowerShell\v1.0\;C:\WINDOWS\System32\OpenSSH\;C:\Program Files\Microsoft SQL Server\150\Tools\Binn\;C:\Program Files\Microsoft SQL Server\Client SDK\ODBC\170\Tools\Binn\;C:\Program Files\dotnet\;C:\maven\apache-maven-3.9.6-bin\apache-maven-3.9.6\bin;C:\ProgramData\chocolatey\bin;C:\Program Files\MongoDB\mongosh-2.1.1-win32-x64\bin;C:\Program Files\Git\cmd;C:\Program Files\Docker\Docker\resources\bin;C:\Program Files\Java\jdk-21\bin;C:\Users\tradi\AppData\Roaming\nvm;C:\Program Files\nodejs;C:\Program Files\Amazon\AWSCLIV2\;C:\Users\tradi\AppData\Local\Microsoft\WindowsApps;C:\Program Files\JetBrains\IntelliJ IDEA Community Edition 2023.3.2\bin;;C:\Program Files\JetBrains\IntelliJ IDEA 2023.3\bin;;C:\Users\tradi\.dotnet\tools;C:\Users\tradi\AppData\Local\Programs\Microsoft VS Code\bin;C:\Users\tradi\AppData\Roaming\npm;C:\Users\tradi\Downloads\flutter\src\flutter\bin;C:\Users\tradi\AppData\Roaming\nvm;C:\Program Files\nodejs;C:\Program Files\heroku\bin;C:\flutter_windows_3.24.3-stable\flutter\bin;
USERNAME=tradi
OS=Windows_NT
PROCESSOR_IDENTIFIER=Intel64 Family 6 Model 186 Stepping 3, GenuineIntel
TMP=C:\Users\tradi\AppData\Local\Temp
TEMP=C:\Users\tradi\AppData\Local\Temp




Periodic native trim disabled

---------------  S Y S T E M  ---------------

OS:
 Windows 11 , 64 bit Build 26100 (10.0.26100.2454)
OS uptime: 0 days 7:07 hours
Hyper-V role detected

CPU: total 12 (initial active 12) (6 cores per cpu, 2 threads per core) family 6 model 186 stepping 3 microcode 0x4112, cx8, cmov, fxsr, ht, mmx, 3dnowpref, sse, sse2, sse3, ssse3, sse4.1, sse4.2, popcnt, lzcnt, tsc, tscinvbit, avx, avx2, aes, erms, clmul, bmi1, bmi2, adx, sha, fma, vzeroupper, clflush, clflushopt, clwb, hv, serialize, rdtscp, rdpid, fsrm, f16c, cet_ibt, cet_ss
Processor Information for processor 0
  Max Mhz: 1700, Current Mhz: 1700, Mhz Limit: 1700
Processor Information for processor 1
  Max Mhz: 1700, Current Mhz: 1700, Mhz Limit: 1700
Processor Information for processor 2
  Max Mhz: 1700, Current Mhz: 1700, Mhz Limit: 1700
Processor Information for processor 3
  Max Mhz: 1700, Current Mhz: 1700, Mhz Limit: 1700
Processor Information for processor 4
  Max Mhz: 1700, Current Mhz: 1200, Mhz Limit: 1190
Processor Information for processor 5
  Max Mhz: 1700, Current Mhz: 1200, Mhz Limit: 1190
Processor Information for processor 6
  Max Mhz: 1700, Current Mhz: 1200, Mhz Limit: 1190
Processor Information for processor 7
  Max Mhz: 1700, Current Mhz: 1200, Mhz Limit: 1190
Processor Information for processor 8
  Max Mhz: 1700, Current Mhz: 1200, Mhz Limit: 1190
Processor Information for processor 9
  Max Mhz: 1700, Current Mhz: 1200, Mhz Limit: 1190
Processor Information for processor 10
  Max Mhz: 1700, Current Mhz: 1200, Mhz Limit: 1190
Processor Information for processor 11
  Max Mhz: 1700, Current Mhz: 1200, Mhz Limit: 1190

Memory: 4k page, system-wide physical 16108M (5467M free)
TotalPageFile size 65260M (AvailPageFile size 8M)
current process WorkingSet (physical memory assigned to process): 123M, peak: 123M
current process commit charge ("private bytes"): 388M, peak: 388M

vm_info: OpenJDK 64-Bit Server VM (21.0.2+13-58) for windows-amd64 JRE (21.0.2+13-58), built on 2024-01-05T18:32:24Z by "mach5one" with MS VC++ 17.1 (VS2022)

END.
