#
# There is insufficient memory for the Java Runtime Environment to continue.
# Native memory allocation (malloc) failed to allocate 128144 bytes for Chunk::new
# Possible reasons:
#   The system is out of physical RAM or swap space
#   The process is running with CompressedOops enabled, and the Java Heap may be blocking the growth of the native heap
# Possible solutions:
#   Reduce memory load on the system
#   Increase physical memory or swap space
#   Check if swap backing store is full
#   Decrease Java heap size (-Xmx/-Xms)
#   Decrease number of Java threads
#   Decrease Java thread stack sizes (-Xss)
#   Set larger code cache with -XX:ReservedCodeCacheSize=
#   JVM is running with Zero Based Compressed Oops mode in which the Java heap is
#     placed in the first 32GB address space. The Java Heap base address is the
#     maximum limit for the native heap growth. Please use -XX:HeapBaseMinAddress
#     to set the Java Heap base and to place the Java Heap above 32GB virtual address.
# This output file may be truncated or incomplete.
#
#  Out of Memory Error (arena.cpp:168), pid=17932, tid=18716
#
# JRE version: OpenJDK Runtime Environment (21.0.2+13) (build 21.0.2+13-58)
# Java VM: OpenJDK 64-Bit Server VM (21.0.2+13-58, mixed mode, sharing, tiered, compressed oops, compressed class ptrs, g1 gc, windows-amd64)
# No core dump will be written. Minidumps are not enabled by default on client versions of Windows
#

---------------  S U M M A R Y ------------

Command Line: -javaagent:C:\Users\tradi\AppData\Local\JetBrains\IdeaIC2023.3\testAgent\intellij-coverage-agent-1.0.738.jar=C:\Users\tradi\AppData\Local\Temp\coverage3args -javaagent:C:\Program Files\JetBrains\IntelliJ IDEA Community Edition 2023.3.2\lib\idea_rt.jar=51041:C:\Program Files\JetBrains\IntelliJ IDEA Community Edition 2023.3.2\bin -Dfile.encoding=UTF-8 -Dsun.stdout.encoding=UTF-8 -Dsun.stderr.encoding=UTF-8 com.nova.colis.ColisApplication

Host: 13th Gen Intel(R) Core(TM) i7-1355U, 12 cores, 15G,  Windows 11 , 64 bit Build 26100 (10.0.26100.2454)
Time: Wed Jan 29 19:46:05 2025 Eastern Standard Time elapsed time: 10.262748 seconds (0d 0h 0m 10s)

---------------  T H R E A D  ---------------

Current thread (0x000002bffa42e5c0):  JavaThread "C2 CompilerThread0" daemon [_thread_in_native, id=18716, stack(0x000000c2d2400000,0x000000c2d2500000) (1024K)]


Current CompileTask:
C2:  10262 1783       4       org.springframework.boot.context.properties.source.ConfigurationPropertyName$Elements::get (49 bytes)

Stack: [0x000000c2d2400000,0x000000c2d2500000]
Native frames: (J=compiled Java code, j=interpreted, Vv=VM code, C=native code)
V  [jvm.dll+0x6cade9]
V  [jvm.dll+0x8569c1]
V  [jvm.dll+0x858d2e]
V  [jvm.dll+0x859413]
V  [jvm.dll+0x280e56]
V  [jvm.dll+0xc3f3d]
V  [jvm.dll+0xc4473]
V  [jvm.dll+0x3b5c2c]
V  [jvm.dll+0x382855]
V  [jvm.dll+0x381cca]
V  [jvm.dll+0x249bd0]
V  [jvm.dll+0x2491b1]
V  [jvm.dll+0x1c9634]
V  [jvm.dll+0x258859]
V  [jvm.dll+0x256e3a]
V  [jvm.dll+0x3ef6c6]
V  [jvm.dll+0x7ff568]
V  [jvm.dll+0x6c953d]
C  [ucrtbase.dll+0x14ea0]
C  [KERNEL32.DLL+0x2e8d7]
C  [ntdll.dll+0xdfbcc]


---------------  P R O C E S S  ---------------

Threads class SMR info:
_java_thread_list=0x000002bfffa9c0f0, length=12, elements={
0x000002bfdb8d3250, 0x000002bffa4161f0, 0x000002bffa416e50, 0x000002bffa4248e0,
0x000002bffa427480, 0x000002bffa42a1e0, 0x000002bfff008bb0, 0x000002bffa42e5c0,
0x000002bfff02b290, 0x000002bfff0ed180, 0x000002bfff5563e0, 0x000002bfff556a50
}

Java Threads: ( => current thread )
  0x000002bfdb8d3250 JavaThread "main"                              [_thread_in_Java, id=5348, stack(0x000000c2d1600000,0x000000c2d1700000) (1024K)]
  0x000002bffa4161f0 JavaThread "Reference Handler"          daemon [_thread_blocked, id=12356, stack(0x000000c2d1e00000,0x000000c2d1f00000) (1024K)]
  0x000002bffa416e50 JavaThread "Finalizer"                  daemon [_thread_blocked, id=3272, stack(0x000000c2d1f00000,0x000000c2d2000000) (1024K)]
  0x000002bffa4248e0 JavaThread "Signal Dispatcher"          daemon [_thread_blocked, id=5952, stack(0x000000c2d2000000,0x000000c2d2100000) (1024K)]
  0x000002bffa427480 JavaThread "Attach Listener"            daemon [_thread_blocked, id=21228, stack(0x000000c2d2100000,0x000000c2d2200000) (1024K)]
  0x000002bffa42a1e0 JavaThread "Service Thread"             daemon [_thread_blocked, id=18032, stack(0x000000c2d2200000,0x000000c2d2300000) (1024K)]
  0x000002bfff008bb0 JavaThread "Monitor Deflation Thread"   daemon [_thread_blocked, id=15588, stack(0x000000c2d2300000,0x000000c2d2400000) (1024K)]
=>0x000002bffa42e5c0 JavaThread "C2 CompilerThread0"         daemon [_thread_in_native, id=18716, stack(0x000000c2d2400000,0x000000c2d2500000) (1024K)]
  0x000002bfff02b290 JavaThread "C1 CompilerThread0"         daemon [_thread_blocked, id=20100, stack(0x000000c2d2500000,0x000000c2d2600000) (1024K)]
  0x000002bfff0ed180 JavaThread "Common-Cleaner"             daemon [_thread_blocked, id=20836, stack(0x000000c2d2600000,0x000000c2d2700000) (1024K)]
  0x000002bfff5563e0 JavaThread "Monitor Ctrl-Break"         daemon [_thread_in_native, id=18568, stack(0x000000c2d2800000,0x000000c2d2900000) (1024K)]
  0x000002bfff556a50 JavaThread "Notification Thread"        daemon [_thread_blocked, id=944, stack(0x000000c2d2900000,0x000000c2d2a00000) (1024K)]
Total: 12

Other Threads:
  0x000002bffa3f45c0 VMThread "VM Thread"                           [id=19760, stack(0x000000c2d1d00000,0x000000c2d1e00000) (1024K)]
  0x000002bffa3dc370 WatcherThread "VM Periodic Task Thread"        [id=20780, stack(0x000000c2d1c00000,0x000000c2d1d00000) (1024K)]
  0x000002bfdb93dcd0 WorkerThread "GC Thread#0"                     [id=5644, stack(0x000000c2d1700000,0x000000c2d1800000) (1024K)]
  0x000002bfffa7b130 WorkerThread "GC Thread#1"                     [id=4824, stack(0x000000c2d2a00000,0x000000c2d2b00000) (1024K)]
  0x000002bfffa6fec0 WorkerThread "GC Thread#2"                     [id=18928, stack(0x000000c2d2b00000,0x000000c2d2c00000) (1024K)]
  0x000002bfffa70260 WorkerThread "GC Thread#3"                     [id=15912, stack(0x000000c2d2c00000,0x000000c2d2d00000) (1024K)]
  0x000002bfff89fa20 WorkerThread "GC Thread#4"                     [id=19248, stack(0x000000c2d2d00000,0x000000c2d2e00000) (1024K)]
  0x000002bfff8a01d0 WorkerThread "GC Thread#5"                     [id=13508, stack(0x000000c2d2e00000,0x000000c2d2f00000) (1024K)]
  0x000002bfc1146040 WorkerThread "GC Thread#6"                     [id=17388, stack(0x000000c2d2f00000,0x000000c2d3000000) (1024K)]
  0x000002bfdb94e870 ConcurrentGCThread "G1 Main Marker"            [id=22272, stack(0x000000c2d1800000,0x000000c2d1900000) (1024K)]
  0x000002bfdb9501f0 WorkerThread "G1 Conc#0"                       [id=16552, stack(0x000000c2d1900000,0x000000c2d1a00000) (1024K)]
  0x000002bfdb98e580 ConcurrentGCThread "G1 Refine#0"               [id=14224, stack(0x000000c2d1a00000,0x000000c2d1b00000) (1024K)]
  0x000002bffa2b0430 ConcurrentGCThread "G1 Service"                [id=12884, stack(0x000000c2d1b00000,0x000000c2d1c00000) (1024K)]
Total: 13

Threads with active compile tasks:
C2 CompilerThread0    10279 1783       4       org.springframework.boot.context.properties.source.ConfigurationPropertyName$Elements::get (49 bytes)
Total: 1

VM state: not at safepoint (normal execution)

VM Mutex/Monitor currently owned by a thread:  ([mutex/lock_event])
[0x00007ffe8b2bd468] SystemDictionary_lock - owner thread: 0x0000000000000000

Heap address: 0x0000000704400000, size: 4028 MB, Compressed Oops mode: Zero based, Oop shift amount: 3

CDS archive(s) mapped at: [0x000002bf80000000-0x000002bf80c90000-0x000002bf80c90000), size 13172736, SharedBaseAddress: 0x000002bf80000000, ArchiveRelocationMode: 1.
Compressed class space mapped at: 0x000002bf81000000-0x000002bfc1000000, reserved size: 1073741824
Narrow klass base: 0x000002bf80000000, Narrow klass shift: 0, Narrow klass range: 0x100000000

GC Precious Log:
 CardTable entry size: 512
 Card Set container configuration: InlinePtr #cards 4 size 8 Array Of Cards #cards 16 size 48 Howl #buckets 8 coarsen threshold 3686 Howl Bitmap #cards 512 size 80 coarsen threshold 460 Card regions per heap region 1 cards per card region 4096
 CPUs: 12 total, 12 available
 Memory: 16108M
 Large Page Support: Disabled
 NUMA Support: Disabled
 Compressed Oops: Enabled (Zero based)
 Heap Region Size: 2M
 Heap Min Capacity: 8M
 Heap Initial Capacity: 252M
 Heap Max Capacity: 4028M
 Pre-touch: Disabled
 Parallel Workers: 10
 Concurrent Workers: 3
 Concurrent Refinement Workers: 10
 Periodic GC: Disabled

Heap:
 garbage-first heap   total 258048K, used 28871K [0x0000000704400000, 0x0000000800000000)
  region size 2048K, 13 young (26624K), 2 survivors (4096K)
 Metaspace       used 9767K, committed 10112K, reserved 1114112K
  class space    used 1183K, committed 1344K, reserved 1048576K

Heap Regions: E=young(eden), S=young(survivor), O=old, HS=humongous(starts), HC=humongous(continues), CS=collection set, F=free, TAMS=top-at-mark-start, PB=parsable bottom
|   0|0x0000000704400000, 0x0000000704600000, 0x0000000704600000|100%| O|  |TAMS 0x0000000704400000| PB 0x0000000704400000| Untracked 
|   1|0x0000000704600000, 0x0000000704800000, 0x0000000704800000|100%| O|  |TAMS 0x0000000704600000| PB 0x0000000704600000| Untracked 
|   2|0x0000000704800000, 0x0000000704831fb0, 0x0000000704a00000|  9%| O|  |TAMS 0x0000000704800000| PB 0x0000000704800000| Untracked 
|   3|0x0000000704a00000, 0x0000000704a00000, 0x0000000704c00000|  0%| F|  |TAMS 0x0000000704a00000| PB 0x0000000704a00000| Untracked 
|   4|0x0000000704c00000, 0x0000000704c00000, 0x0000000704e00000|  0%| F|  |TAMS 0x0000000704c00000| PB 0x0000000704c00000| Untracked 
|   5|0x0000000704e00000, 0x0000000704e00000, 0x0000000705000000|  0%| F|  |TAMS 0x0000000704e00000| PB 0x0000000704e00000| Untracked 
|   6|0x0000000705000000, 0x0000000705000000, 0x0000000705200000|  0%| F|  |TAMS 0x0000000705000000| PB 0x0000000705000000| Untracked 
|   7|0x0000000705200000, 0x0000000705200000, 0x0000000705400000|  0%| F|  |TAMS 0x0000000705200000| PB 0x0000000705200000| Untracked 
|   8|0x0000000705400000, 0x0000000705400000, 0x0000000705600000|  0%| F|  |TAMS 0x0000000705400000| PB 0x0000000705400000| Untracked 
|   9|0x0000000705600000, 0x0000000705600000, 0x0000000705800000|  0%| F|  |TAMS 0x0000000705600000| PB 0x0000000705600000| Untracked 
|  10|0x0000000705800000, 0x0000000705800000, 0x0000000705a00000|  0%| F|  |TAMS 0x0000000705800000| PB 0x0000000705800000| Untracked 
|  11|0x0000000705a00000, 0x0000000705a00000, 0x0000000705c00000|  0%| F|  |TAMS 0x0000000705a00000| PB 0x0000000705a00000| Untracked 
|  12|0x0000000705c00000, 0x0000000705c00000, 0x0000000705e00000|  0%| F|  |TAMS 0x0000000705c00000| PB 0x0000000705c00000| Untracked 
|  13|0x0000000705e00000, 0x0000000705e00000, 0x0000000706000000|  0%| F|  |TAMS 0x0000000705e00000| PB 0x0000000705e00000| Untracked 
|  14|0x0000000706000000, 0x0000000706000000, 0x0000000706200000|  0%| F|  |TAMS 0x0000000706000000| PB 0x0000000706000000| Untracked 
|  15|0x0000000706200000, 0x0000000706200000, 0x0000000706400000|  0%| F|  |TAMS 0x0000000706200000| PB 0x0000000706200000| Untracked 
|  16|0x0000000706400000, 0x0000000706400000, 0x0000000706600000|  0%| F|  |TAMS 0x0000000706400000| PB 0x0000000706400000| Untracked 
|  17|0x0000000706600000, 0x0000000706600000, 0x0000000706800000|  0%| F|  |TAMS 0x0000000706600000| PB 0x0000000706600000| Untracked 
|  18|0x0000000706800000, 0x0000000706800000, 0x0000000706a00000|  0%| F|  |TAMS 0x0000000706800000| PB 0x0000000706800000| Untracked 
|  19|0x0000000706a00000, 0x0000000706a00000, 0x0000000706c00000|  0%| F|  |TAMS 0x0000000706a00000| PB 0x0000000706a00000| Untracked 
|  20|0x0000000706c00000, 0x0000000706c00000, 0x0000000706e00000|  0%| F|  |TAMS 0x0000000706c00000| PB 0x0000000706c00000| Untracked 
|  21|0x0000000706e00000, 0x0000000706e00000, 0x0000000707000000|  0%| F|  |TAMS 0x0000000706e00000| PB 0x0000000706e00000| Untracked 
|  22|0x0000000707000000, 0x0000000707000000, 0x0000000707200000|  0%| F|  |TAMS 0x0000000707000000| PB 0x0000000707000000| Untracked 
|  23|0x0000000707200000, 0x0000000707200000, 0x0000000707400000|  0%| F|  |TAMS 0x0000000707200000| PB 0x0000000707200000| Untracked 
|  24|0x0000000707400000, 0x0000000707400000, 0x0000000707600000|  0%| F|  |TAMS 0x0000000707400000| PB 0x0000000707400000| Untracked 
|  25|0x0000000707600000, 0x0000000707600000, 0x0000000707800000|  0%| F|  |TAMS 0x0000000707600000| PB 0x0000000707600000| Untracked 
|  26|0x0000000707800000, 0x0000000707800000, 0x0000000707a00000|  0%| F|  |TAMS 0x0000000707800000| PB 0x0000000707800000| Untracked 
|  27|0x0000000707a00000, 0x0000000707a00000, 0x0000000707c00000|  0%| F|  |TAMS 0x0000000707a00000| PB 0x0000000707a00000| Untracked 
|  28|0x0000000707c00000, 0x0000000707c00000, 0x0000000707e00000|  0%| F|  |TAMS 0x0000000707c00000| PB 0x0000000707c00000| Untracked 
|  29|0x0000000707e00000, 0x0000000707e00000, 0x0000000708000000|  0%| F|  |TAMS 0x0000000707e00000| PB 0x0000000707e00000| Untracked 
|  30|0x0000000708000000, 0x0000000708000000, 0x0000000708200000|  0%| F|  |TAMS 0x0000000708000000| PB 0x0000000708000000| Untracked 
|  31|0x0000000708200000, 0x0000000708200000, 0x0000000708400000|  0%| F|  |TAMS 0x0000000708200000| PB 0x0000000708200000| Untracked 
|  32|0x0000000708400000, 0x0000000708400000, 0x0000000708600000|  0%| F|  |TAMS 0x0000000708400000| PB 0x0000000708400000| Untracked 
|  33|0x0000000708600000, 0x0000000708600000, 0x0000000708800000|  0%| F|  |TAMS 0x0000000708600000| PB 0x0000000708600000| Untracked 
|  34|0x0000000708800000, 0x0000000708800000, 0x0000000708a00000|  0%| F|  |TAMS 0x0000000708800000| PB 0x0000000708800000| Untracked 
|  35|0x0000000708a00000, 0x0000000708a00000, 0x0000000708c00000|  0%| F|  |TAMS 0x0000000708a00000| PB 0x0000000708a00000| Untracked 
|  36|0x0000000708c00000, 0x0000000708c00000, 0x0000000708e00000|  0%| F|  |TAMS 0x0000000708c00000| PB 0x0000000708c00000| Untracked 
|  37|0x0000000708e00000, 0x0000000708e00000, 0x0000000709000000|  0%| F|  |TAMS 0x0000000708e00000| PB 0x0000000708e00000| Untracked 
|  38|0x0000000709000000, 0x0000000709000000, 0x0000000709200000|  0%| F|  |TAMS 0x0000000709000000| PB 0x0000000709000000| Untracked 
|  39|0x0000000709200000, 0x0000000709200000, 0x0000000709400000|  0%| F|  |TAMS 0x0000000709200000| PB 0x0000000709200000| Untracked 
|  40|0x0000000709400000, 0x0000000709400000, 0x0000000709600000|  0%| F|  |TAMS 0x0000000709400000| PB 0x0000000709400000| Untracked 
|  41|0x0000000709600000, 0x0000000709600000, 0x0000000709800000|  0%| F|  |TAMS 0x0000000709600000| PB 0x0000000709600000| Untracked 
|  42|0x0000000709800000, 0x0000000709800000, 0x0000000709a00000|  0%| F|  |TAMS 0x0000000709800000| PB 0x0000000709800000| Untracked 
|  43|0x0000000709a00000, 0x0000000709a00000, 0x0000000709c00000|  0%| F|  |TAMS 0x0000000709a00000| PB 0x0000000709a00000| Untracked 
|  44|0x0000000709c00000, 0x0000000709c00000, 0x0000000709e00000|  0%| F|  |TAMS 0x0000000709c00000| PB 0x0000000709c00000| Untracked 
|  45|0x0000000709e00000, 0x0000000709e00000, 0x000000070a000000|  0%| F|  |TAMS 0x0000000709e00000| PB 0x0000000709e00000| Untracked 
|  46|0x000000070a000000, 0x000000070a000000, 0x000000070a200000|  0%| F|  |TAMS 0x000000070a000000| PB 0x000000070a000000| Untracked 
|  47|0x000000070a200000, 0x000000070a200000, 0x000000070a400000|  0%| F|  |TAMS 0x000000070a200000| PB 0x000000070a200000| Untracked 
|  48|0x000000070a400000, 0x000000070a400000, 0x000000070a600000|  0%| F|  |TAMS 0x000000070a400000| PB 0x000000070a400000| Untracked 
|  49|0x000000070a600000, 0x000000070a600000, 0x000000070a800000|  0%| F|  |TAMS 0x000000070a600000| PB 0x000000070a600000| Untracked 
|  50|0x000000070a800000, 0x000000070a800000, 0x000000070aa00000|  0%| F|  |TAMS 0x000000070a800000| PB 0x000000070a800000| Untracked 
|  51|0x000000070aa00000, 0x000000070aa00000, 0x000000070ac00000|  0%| F|  |TAMS 0x000000070aa00000| PB 0x000000070aa00000| Untracked 
|  52|0x000000070ac00000, 0x000000070ac00000, 0x000000070ae00000|  0%| F|  |TAMS 0x000000070ac00000| PB 0x000000070ac00000| Untracked 
|  53|0x000000070ae00000, 0x000000070ae00000, 0x000000070b000000|  0%| F|  |TAMS 0x000000070ae00000| PB 0x000000070ae00000| Untracked 
|  54|0x000000070b000000, 0x000000070b000000, 0x000000070b200000|  0%| F|  |TAMS 0x000000070b000000| PB 0x000000070b000000| Untracked 
|  55|0x000000070b200000, 0x000000070b200000, 0x000000070b400000|  0%| F|  |TAMS 0x000000070b200000| PB 0x000000070b200000| Untracked 
|  56|0x000000070b400000, 0x000000070b400000, 0x000000070b600000|  0%| F|  |TAMS 0x000000070b400000| PB 0x000000070b400000| Untracked 
|  57|0x000000070b600000, 0x000000070b600000, 0x000000070b800000|  0%| F|  |TAMS 0x000000070b600000| PB 0x000000070b600000| Untracked 
|  58|0x000000070b800000, 0x000000070b800000, 0x000000070ba00000|  0%| F|  |TAMS 0x000000070b800000| PB 0x000000070b800000| Untracked 
|  59|0x000000070ba00000, 0x000000070ba00000, 0x000000070bc00000|  0%| F|  |TAMS 0x000000070ba00000| PB 0x000000070ba00000| Untracked 
|  60|0x000000070bc00000, 0x000000070bc00000, 0x000000070be00000|  0%| F|  |TAMS 0x000000070bc00000| PB 0x000000070bc00000| Untracked 
|  61|0x000000070be00000, 0x000000070be00000, 0x000000070c000000|  0%| F|  |TAMS 0x000000070be00000| PB 0x000000070be00000| Untracked 
|  62|0x000000070c000000, 0x000000070c000000, 0x000000070c200000|  0%| F|  |TAMS 0x000000070c000000| PB 0x000000070c000000| Untracked 
|  63|0x000000070c200000, 0x000000070c200000, 0x000000070c400000|  0%| F|  |TAMS 0x000000070c200000| PB 0x000000070c200000| Untracked 
|  64|0x000000070c400000, 0x000000070c400000, 0x000000070c600000|  0%| F|  |TAMS 0x000000070c400000| PB 0x000000070c400000| Untracked 
|  65|0x000000070c600000, 0x000000070c600000, 0x000000070c800000|  0%| F|  |TAMS 0x000000070c600000| PB 0x000000070c600000| Untracked 
|  66|0x000000070c800000, 0x000000070c800000, 0x000000070ca00000|  0%| F|  |TAMS 0x000000070c800000| PB 0x000000070c800000| Untracked 
|  67|0x000000070ca00000, 0x000000070ca00000, 0x000000070cc00000|  0%| F|  |TAMS 0x000000070ca00000| PB 0x000000070ca00000| Untracked 
|  68|0x000000070cc00000, 0x000000070cc00000, 0x000000070ce00000|  0%| F|  |TAMS 0x000000070cc00000| PB 0x000000070cc00000| Untracked 
|  69|0x000000070ce00000, 0x000000070ce00000, 0x000000070d000000|  0%| F|  |TAMS 0x000000070ce00000| PB 0x000000070ce00000| Untracked 
|  70|0x000000070d000000, 0x000000070d000000, 0x000000070d200000|  0%| F|  |TAMS 0x000000070d000000| PB 0x000000070d000000| Untracked 
|  71|0x000000070d200000, 0x000000070d200000, 0x000000070d400000|  0%| F|  |TAMS 0x000000070d200000| PB 0x000000070d200000| Untracked 
|  72|0x000000070d400000, 0x000000070d400000, 0x000000070d600000|  0%| F|  |TAMS 0x000000070d400000| PB 0x000000070d400000| Untracked 
|  73|0x000000070d600000, 0x000000070d600000, 0x000000070d800000|  0%| F|  |TAMS 0x000000070d600000| PB 0x000000070d600000| Untracked 
|  74|0x000000070d800000, 0x000000070d800000, 0x000000070da00000|  0%| F|  |TAMS 0x000000070d800000| PB 0x000000070d800000| Untracked 
|  75|0x000000070da00000, 0x000000070da00000, 0x000000070dc00000|  0%| F|  |TAMS 0x000000070da00000| PB 0x000000070da00000| Untracked 
|  76|0x000000070dc00000, 0x000000070dc00000, 0x000000070de00000|  0%| F|  |TAMS 0x000000070dc00000| PB 0x000000070dc00000| Untracked 
|  77|0x000000070de00000, 0x000000070de00000, 0x000000070e000000|  0%| F|  |TAMS 0x000000070de00000| PB 0x000000070de00000| Untracked 
|  78|0x000000070e000000, 0x000000070e000000, 0x000000070e200000|  0%| F|  |TAMS 0x000000070e000000| PB 0x000000070e000000| Untracked 
|  79|0x000000070e200000, 0x000000070e200000, 0x000000070e400000|  0%| F|  |TAMS 0x000000070e200000| PB 0x000000070e200000| Untracked 
|  80|0x000000070e400000, 0x000000070e400000, 0x000000070e600000|  0%| F|  |TAMS 0x000000070e400000| PB 0x000000070e400000| Untracked 
|  81|0x000000070e600000, 0x000000070e600000, 0x000000070e800000|  0%| F|  |TAMS 0x000000070e600000| PB 0x000000070e600000| Untracked 
|  82|0x000000070e800000, 0x000000070e800000, 0x000000070ea00000|  0%| F|  |TAMS 0x000000070e800000| PB 0x000000070e800000| Untracked 
|  83|0x000000070ea00000, 0x000000070ea00000, 0x000000070ec00000|  0%| F|  |TAMS 0x000000070ea00000| PB 0x000000070ea00000| Untracked 
|  84|0x000000070ec00000, 0x000000070ec00000, 0x000000070ee00000|  0%| F|  |TAMS 0x000000070ec00000| PB 0x000000070ec00000| Untracked 
|  85|0x000000070ee00000, 0x000000070ee00000, 0x000000070f000000|  0%| F|  |TAMS 0x000000070ee00000| PB 0x000000070ee00000| Untracked 
|  86|0x000000070f000000, 0x000000070f000000, 0x000000070f200000|  0%| F|  |TAMS 0x000000070f000000| PB 0x000000070f000000| Untracked 
|  87|0x000000070f200000, 0x000000070f200000, 0x000000070f400000|  0%| F|  |TAMS 0x000000070f200000| PB 0x000000070f200000| Untracked 
|  88|0x000000070f400000, 0x000000070f400000, 0x000000070f600000|  0%| F|  |TAMS 0x000000070f400000| PB 0x000000070f400000| Untracked 
|  89|0x000000070f600000, 0x000000070f600000, 0x000000070f800000|  0%| F|  |TAMS 0x000000070f600000| PB 0x000000070f600000| Untracked 
|  90|0x000000070f800000, 0x000000070f800000, 0x000000070fa00000|  0%| F|  |TAMS 0x000000070f800000| PB 0x000000070f800000| Untracked 
|  91|0x000000070fa00000, 0x000000070fa00000, 0x000000070fc00000|  0%| F|  |TAMS 0x000000070fa00000| PB 0x000000070fa00000| Untracked 
|  92|0x000000070fc00000, 0x000000070fc00000, 0x000000070fe00000|  0%| F|  |TAMS 0x000000070fc00000| PB 0x000000070fc00000| Untracked 
|  93|0x000000070fe00000, 0x000000070fe00000, 0x0000000710000000|  0%| F|  |TAMS 0x000000070fe00000| PB 0x000000070fe00000| Untracked 
|  94|0x0000000710000000, 0x0000000710000000, 0x0000000710200000|  0%| F|  |TAMS 0x0000000710000000| PB 0x0000000710000000| Untracked 
|  95|0x0000000710200000, 0x0000000710200000, 0x0000000710400000|  0%| F|  |TAMS 0x0000000710200000| PB 0x0000000710200000| Untracked 
|  96|0x0000000710400000, 0x0000000710400000, 0x0000000710600000|  0%| F|  |TAMS 0x0000000710400000| PB 0x0000000710400000| Untracked 
|  97|0x0000000710600000, 0x0000000710600000, 0x0000000710800000|  0%| F|  |TAMS 0x0000000710600000| PB 0x0000000710600000| Untracked 
|  98|0x0000000710800000, 0x0000000710800000, 0x0000000710a00000|  0%| F|  |TAMS 0x0000000710800000| PB 0x0000000710800000| Untracked 
|  99|0x0000000710a00000, 0x0000000710a00000, 0x0000000710c00000|  0%| F|  |TAMS 0x0000000710a00000| PB 0x0000000710a00000| Untracked 
| 100|0x0000000710c00000, 0x0000000710c00000, 0x0000000710e00000|  0%| F|  |TAMS 0x0000000710c00000| PB 0x0000000710c00000| Untracked 
| 101|0x0000000710e00000, 0x0000000710e00000, 0x0000000711000000|  0%| F|  |TAMS 0x0000000710e00000| PB 0x0000000710e00000| Untracked 
| 102|0x0000000711000000, 0x0000000711000000, 0x0000000711200000|  0%| F|  |TAMS 0x0000000711000000| PB 0x0000000711000000| Untracked 
| 103|0x0000000711200000, 0x0000000711200000, 0x0000000711400000|  0%| F|  |TAMS 0x0000000711200000| PB 0x0000000711200000| Untracked 
| 104|0x0000000711400000, 0x0000000711400000, 0x0000000711600000|  0%| F|  |TAMS 0x0000000711400000| PB 0x0000000711400000| Untracked 
| 105|0x0000000711600000, 0x0000000711600000, 0x0000000711800000|  0%| F|  |TAMS 0x0000000711600000| PB 0x0000000711600000| Untracked 
| 106|0x0000000711800000, 0x0000000711800000, 0x0000000711a00000|  0%| F|  |TAMS 0x0000000711800000| PB 0x0000000711800000| Untracked 
| 107|0x0000000711a00000, 0x0000000711a00000, 0x0000000711c00000|  0%| F|  |TAMS 0x0000000711a00000| PB 0x0000000711a00000| Untracked 
| 108|0x0000000711c00000, 0x0000000711c00000, 0x0000000711e00000|  0%| F|  |TAMS 0x0000000711c00000| PB 0x0000000711c00000| Untracked 
| 109|0x0000000711e00000, 0x0000000711e00000, 0x0000000712000000|  0%| F|  |TAMS 0x0000000711e00000| PB 0x0000000711e00000| Untracked 
| 110|0x0000000712000000, 0x0000000712000000, 0x0000000712200000|  0%| F|  |TAMS 0x0000000712000000| PB 0x0000000712000000| Untracked 
| 111|0x0000000712200000, 0x0000000712200000, 0x0000000712400000|  0%| F|  |TAMS 0x0000000712200000| PB 0x0000000712200000| Untracked 
| 112|0x0000000712400000, 0x0000000712400000, 0x0000000712600000|  0%| F|  |TAMS 0x0000000712400000| PB 0x0000000712400000| Untracked 
| 113|0x0000000712600000, 0x0000000712800000, 0x0000000712800000|100%| S|CS|TAMS 0x0000000712600000| PB 0x0000000712600000| Complete 
| 114|0x0000000712800000, 0x0000000712a00000, 0x0000000712a00000|100%| S|CS|TAMS 0x0000000712800000| PB 0x0000000712800000| Complete 
| 115|0x0000000712a00000, 0x0000000712b16248, 0x0000000712c00000| 54%| E|  |TAMS 0x0000000712a00000| PB 0x0000000712a00000| Complete 
| 116|0x0000000712c00000, 0x0000000712e00000, 0x0000000712e00000|100%| E|CS|TAMS 0x0000000712c00000| PB 0x0000000712c00000| Complete 
| 117|0x0000000712e00000, 0x0000000713000000, 0x0000000713000000|100%| E|CS|TAMS 0x0000000712e00000| PB 0x0000000712e00000| Complete 
| 118|0x0000000713000000, 0x0000000713200000, 0x0000000713200000|100%| E|CS|TAMS 0x0000000713000000| PB 0x0000000713000000| Complete 
| 119|0x0000000713200000, 0x0000000713400000, 0x0000000713400000|100%| E|CS|TAMS 0x0000000713200000| PB 0x0000000713200000| Complete 
| 120|0x0000000713400000, 0x0000000713600000, 0x0000000713600000|100%| E|CS|TAMS 0x0000000713400000| PB 0x0000000713400000| Complete 
| 121|0x0000000713600000, 0x0000000713800000, 0x0000000713800000|100%| E|CS|TAMS 0x0000000713600000| PB 0x0000000713600000| Complete 
| 122|0x0000000713800000, 0x0000000713a00000, 0x0000000713a00000|100%| E|CS|TAMS 0x0000000713800000| PB 0x0000000713800000| Complete 
| 123|0x0000000713a00000, 0x0000000713c00000, 0x0000000713c00000|100%| E|CS|TAMS 0x0000000713a00000| PB 0x0000000713a00000| Complete 
| 124|0x0000000713c00000, 0x0000000713e00000, 0x0000000713e00000|100%| E|CS|TAMS 0x0000000713c00000| PB 0x0000000713c00000| Complete 
| 125|0x0000000713e00000, 0x0000000714000000, 0x0000000714000000|100%| E|CS|TAMS 0x0000000713e00000| PB 0x0000000713e00000| Complete 

Card table byte_map: [0x000002bff3940000,0x000002bff4120000] _byte_map_base: 0x000002bff011e000

Marking Bits: (CMBitMap*) 0x000002bfdb93e3d0
 Bits: [0x000002bff4120000, 0x000002bff8010000)

Polling page: 0x000002bfd9790000

Metaspace:

Usage:
  Non-class:      8.40 MB used.
      Class:      1.16 MB used.
       Both:      9.56 MB used.

Virtual space:
  Non-class space:       64.00 MB reserved,       8.56 MB ( 13%) committed,  1 nodes.
      Class space:        1.00 GB reserved,       1.31 MB ( <1%) committed,  1 nodes.
             Both:        1.06 GB reserved,       9.88 MB ( <1%) committed. 

Chunk freelists:
   Non-Class:  7.31 MB
       Class:  14.64 MB
        Both:  21.95 MB

MaxMetaspaceSize: unlimited
CompressedClassSpaceSize: 1.00 GB
Initial GC threshold: 21.00 MB
Current GC threshold: 21.00 MB
CDS: on
 - commit_granule_bytes: 65536.
 - commit_granule_words: 8192.
 - virtual_space_node_default_size: 8388608.
 - enlarge_chunks_in_place: 1.
 - use_allocation_guard: 0.


Internal statistics:

num_allocs_failed_limit: 0.
num_arena_births: 284.
num_arena_deaths: 0.
num_vsnodes_births: 2.
num_vsnodes_deaths: 0.
num_space_committed: 158.
num_space_uncommitted: 0.
num_chunks_returned_to_freelist: 0.
num_chunks_taken_from_freelist: 589.
num_chunk_merges: 0.
num_chunk_splits: 344.
num_chunks_enlarged: 193.
num_inconsistent_stats: 0.

CodeHeap 'non-profiled nmethods': size=120000Kb used=650Kb max_used=650Kb free=119349Kb
 bounds [0x000002bfeb7f0000, 0x000002bfeba60000, 0x000002bff2d20000]
CodeHeap 'profiled nmethods': size=120000Kb used=3303Kb max_used=3303Kb free=116696Kb
 bounds [0x000002bfe3d20000, 0x000002bfe4060000, 0x000002bfeb250000]
CodeHeap 'non-nmethods': size=5760Kb used=1416Kb max_used=1439Kb free=4343Kb
 bounds [0x000002bfeb250000, 0x000002bfeb4c0000, 0x000002bfeb7f0000]
 total_blobs=2304 nmethods=1798 adapters=410
 compilation: enabled
              stopped_count=0, restarted_count=0
 full_count=0

Compilation events (20 events):
Event: 8.232 Thread 0x000002bffa42e5c0 1783       4       org.springframework.boot.context.properties.source.ConfigurationPropertyName$Elements::get (49 bytes)
Event: 8.232 Thread 0x000002bfff02b290 nmethod 1781 0x000002bfe4050a90 code [0x000002bfe4050c40, 0x000002bfe4050ea0]
Event: 8.232 Thread 0x000002bfff02b290 1784       3       org.springframework.boot.context.properties.source.SpringConfigurationPropertySources$SourcesIterator::hasNext (13 bytes)
Event: 8.232 Thread 0x000002bfff02b290 nmethod 1784 0x000002bfe4051010 code [0x000002bfe40511c0, 0x000002bfe4051350]
Event: 8.232 Thread 0x000002bfff02b290 1786       3       org.springframework.boot.context.properties.source.ConfigurationPropertyName::elementsEqual (40 bytes)
Event: 8.232 Thread 0x000002bfff02b290 nmethod 1786 0x000002bfe4051410 code [0x000002bfe40515e0, 0x000002bfe40518a0]
Event: 8.232 Thread 0x000002bfff02b290 1787       3       java.util.stream.AbstractPipeline::sourceSpliterator (265 bytes)
Event: 8.233 Thread 0x000002bfff02b290 nmethod 1787 0x000002bfe4051a10 code [0x000002bfe4051ca0, 0x000002bfe4052a68]
Event: 8.233 Thread 0x000002bfff02b290 1782   !   3       org.springframework.boot.context.properties.source.SpringIterableConfigurationPropertySource$Mappings::updateMappings (46 bytes)
Event: 8.233 Thread 0x000002bfff02b290 nmethod 1782 0x000002bfe4052f10 code [0x000002bfe4053100, 0x000002bfe40535a8]
Event: 8.233 Thread 0x000002bfff02b290 1790       3       java.util.LinkedHashMap::getOrDefault (29 bytes)
Event: 8.233 Thread 0x000002bfff02b290 nmethod 1790 0x000002bfe4053790 code [0x000002bfe4053960, 0x000002bfe4053c20]
Event: 8.233 Thread 0x000002bfff02b290 1791       3       org.springframework.boot.context.properties.source.SoftReferenceConfigurationPropertyCache::hasExpired (60 bytes)
Event: 8.233 Thread 0x000002bfff02b290 nmethod 1791 0x000002bfe4053d10 code [0x000002bfe4053f40, 0x000002bfe40545f0]
Event: 8.233 Thread 0x000002bfff02b290 1788       3       java.lang.invoke.TypeConvertingMethodAdapter::<init> (8 bytes)
Event: 8.233 Thread 0x000002bfff02b290 nmethod 1788 0x000002bfe4054810 code [0x000002bfe40549c0, 0x000002bfe4054b08]
Event: 8.233 Thread 0x000002bfff02b290 1789       3       jdk.internal.org.objectweb.asm.MethodVisitor::visitMethodInsn (80 bytes)
Event: 8.233 Thread 0x000002bfff02b290 nmethod 1789 0x000002bfe4054b90 code [0x000002bfe4054d80, 0x000002bfe4055268]
Event: 8.234 Thread 0x000002bfff02b290 1792       3       org.springframework.core.convert.converter.GenericConverter$ConvertiblePair::hashCode (19 bytes)
Event: 8.234 Thread 0x000002bfff02b290 nmethod 1792 0x000002bfe4055410 code [0x000002bfe40555c0, 0x000002bfe4055870]

GC Heap History (2 events):
Event: 0.624 GC heap before
{Heap before GC invocations=0 (full 0):
 garbage-first heap   total 258048K, used 20480K [0x0000000704400000, 0x0000000800000000)
  region size 2048K, 11 young (22528K), 0 survivors (0K)
 Metaspace       used 5021K, committed 5248K, reserved 1114112K
  class space    used 512K, committed 640K, reserved 1048576K
}
Event: 0.628 GC heap after
{Heap after GC invocations=1 (full 0):
 garbage-first heap   total 258048K, used 8391K [0x0000000704400000, 0x0000000800000000)
  region size 2048K, 2 young (4096K), 2 survivors (4096K)
 Metaspace       used 5021K, committed 5248K, reserved 1114112K
  class space    used 512K, committed 640K, reserved 1048576K
}

Dll operation events (10 events):
Event: 0.011 Loaded shared library C:\Users\tradi\.jdks\openjdk-21.0.2\bin\java.dll
Event: 0.012 Loaded shared library C:\Users\tradi\.jdks\openjdk-21.0.2\bin\zip.dll
Event: 0.035 Loaded shared library C:\Users\tradi\.jdks\openjdk-21.0.2\bin\jsvml.dll
Event: 0.124 Loaded shared library C:\Users\tradi\.jdks\openjdk-21.0.2\bin\instrument.dll
Event: 0.177 Loaded shared library C:\Users\tradi\.jdks\openjdk-21.0.2\bin\zip.dll
Event: 0.191 Loaded shared library C:\Users\tradi\.jdks\openjdk-21.0.2\bin\jimage.dll
Event: 0.269 Loaded shared library C:\Users\tradi\.jdks\openjdk-21.0.2\bin\net.dll
Event: 0.272 Loaded shared library C:\Users\tradi\.jdks\openjdk-21.0.2\bin\nio.dll
Event: 0.361 Loaded shared library C:\Program Files\JetBrains\IntelliJ IDEA Community Edition 2023.3.2\bin\breakgen64.dll
Event: 0.373 Loaded shared library C:\Users\tradi\.jdks\openjdk-21.0.2\bin\extnet.dll

Deoptimization events (20 events):
Event: 0.830 Thread 0x000002bfdb8d3250 Uncommon trap: trap_request=0xffffff45 fr.pc=0x000002bfeb861700 relative=0x00000000000008c0
Event: 0.830 Thread 0x000002bfdb8d3250 Uncommon trap: reason=unstable_if action=reinterpret pc=0x000002bfeb861700 method=java.util.HashMap.putVal(ILjava/lang/Object;Ljava/lang/Object;ZZ)Ljava/lang/Object; @ 181 c2
Event: 0.830 Thread 0x000002bfdb8d3250 DEOPT PACKING pc=0x000002bfeb861700 sp=0x000000c2d16feea0
Event: 0.830 Thread 0x000002bfdb8d3250 DEOPT UNPACKING pc=0x000002bfeb2a46a2 sp=0x000000c2d16fee40 mode 2
Event: 0.988 Thread 0x000002bfdb8d3250 Uncommon trap: trap_request=0xffffff45 fr.pc=0x000002bfeb83f62c relative=0x000000000000084c
Event: 0.988 Thread 0x000002bfdb8d3250 Uncommon trap: reason=unstable_if action=reinterpret pc=0x000002bfeb83f62c method=java.io.BufferedInputStream.implRead([BII)I @ 55 c2
Event: 0.988 Thread 0x000002bfdb8d3250 DEOPT PACKING pc=0x000002bfeb83f62c sp=0x000000c2d16fe110
Event: 0.988 Thread 0x000002bfdb8d3250 DEOPT UNPACKING pc=0x000002bfeb2a46a2 sp=0x000000c2d16fe0f8 mode 2
Event: 2.036 Thread 0x000002bffa427480 Uncommon trap: trap_request=0xffffff45 fr.pc=0x000002bfeb858b3c relative=0x0000000000000e3c
Event: 2.036 Thread 0x000002bffa427480 Uncommon trap: reason=unstable_if action=reinterpret pc=0x000002bfeb858b3c method=java.util.concurrent.ConcurrentHashMap.putVal(Ljava/lang/Object;Ljava/lang/Object;Z)Ljava/lang/Object; @ 148 c2
Event: 2.036 Thread 0x000002bffa427480 DEOPT PACKING pc=0x000002bfeb858b3c sp=0x000000c2d21fe610
Event: 2.036 Thread 0x000002bffa427480 DEOPT UNPACKING pc=0x000002bfeb2a46a2 sp=0x000000c2d21fe590 mode 2
Event: 2.037 Thread 0x000002bffa427480 Uncommon trap: trap_request=0xffffff45 fr.pc=0x000002bfeb80f6d4 relative=0x0000000000000654
Event: 2.037 Thread 0x000002bffa427480 Uncommon trap: reason=unstable_if action=reinterpret pc=0x000002bfeb80f6d4 method=java.util.regex.Pattern$BmpCharPropertyGreedy.match(Ljava/util/regex/Matcher;ILjava/lang/CharSequence;)Z @ 12 c2
Event: 2.037 Thread 0x000002bffa427480 DEOPT PACKING pc=0x000002bfeb80f6d4 sp=0x000000c2d21fea00
Event: 2.037 Thread 0x000002bffa427480 DEOPT UNPACKING pc=0x000002bfeb2a46a2 sp=0x000000c2d21fe8c8 mode 2
Event: 2.040 Thread 0x000002bffa427480 Uncommon trap: trap_request=0xffffff45 fr.pc=0x000002bfeb865230 relative=0x0000000000000630
Event: 2.040 Thread 0x000002bffa427480 Uncommon trap: reason=unstable_if action=reinterpret pc=0x000002bfeb865230 method=java.lang.Integer.getChars(II[B)I @ 25 c2
Event: 2.040 Thread 0x000002bffa427480 DEOPT PACKING pc=0x000002bfeb865230 sp=0x000000c2d21ff300
Event: 2.040 Thread 0x000002bffa427480 DEOPT UNPACKING pc=0x000002bfeb2a46a2 sp=0x000000c2d21ff248 mode 2

Classes loaded (20 events):
Event: 7.219 Loading class ch/qos/logback/classic/pattern/TargetLengthBasedClassNameAbbreviator
Event: 7.219 Loading class ch/qos/logback/classic/pattern/TargetLengthBasedClassNameAbbreviator done
Event: 8.232 Loading class org/springframework/boot/logging/LoggerGroups
Event: 8.232 Loading class org/springframework/boot/logging/LoggerGroups done
Event: 8.233 Loading class org/springframework/boot/context/logging/LoggingApplicationListener
Event: 8.233 Loading class org/springframework/boot/context/logging/LoggingApplicationListener done
Event: 8.233 Loading class org/springframework/boot/logging/LoggingSystem
Event: 8.233 Loading class org/springframework/boot/logging/LoggingSystem done
Event: 8.233 Loading class org/springframework/boot/logging/LogLevel
Event: 8.233 Loading class org/springframework/boot/logging/LogLevel done
Event: 8.233 Loading class org/springframework/core/convert/support/GenericConversionService$ConverterCacheKey
Event: 8.233 Loading class org/springframework/core/convert/support/GenericConversionService$ConverterCacheKey done
Event: 8.234 Loading class java/util/concurrent/ConcurrentLinkedDeque$Itr
Event: 8.234 Loading class java/util/concurrent/ConcurrentLinkedDeque$AbstractItr
Event: 8.234 Loading class java/util/concurrent/ConcurrentLinkedDeque$AbstractItr done
Event: 8.234 Loading class java/util/concurrent/ConcurrentLinkedDeque$Itr done
Event: 8.234 Loading class org/springframework/beans/propertyeditors/CharsetEditor
Event: 8.234 Loading class org/springframework/beans/propertyeditors/CharsetEditor done
Event: 8.236 Loading class org/springframework/beans/propertyeditors/ClassEditor
Event: 8.236 Loading class org/springframework/beans/propertyeditors/ClassEditor done

Classes unloaded (0 events):
No events

Classes redefined (0 events):
No events

Internal exceptions (20 events):
Event: 0.827 Thread 0x000002bfdb8d3250 Exception <a 'java/lang/NoSuchMethodError'{0x00000007136ae6c8}: 'java.lang.Object java.lang.invoke.DirectMethodHandle$Holder.newInvokeSpecial(java.lang.Object, long)'> (0x00000007136ae6c8) 
thrown [s\open\src\hotspot\share\interpreter\linkResolver.cpp, line 773]
Event: 0.908 Thread 0x000002bfdb8d3250 Exception <a 'java/lang/NoSuchMethodError'{0x00000007135682a8}: 'java.lang.Object java.lang.invoke.DirectMethodHandle$Holder.newInvokeSpecial(java.lang.Object, java.lang.Object, java.lang.Object, java.lang.Object, java.lang.Object, java.lang.Object, java.lang.Object)'> (0x00000007135682a8) 
thrown [s\open\src\hotspot\share\interpreter\linkResolver.cpp, line 773]
Event: 0.911 Thread 0x000002bfdb8d3250 Exception <a 'java/lang/NoSuchMethodError'{0x00000007135848b8}: 'void java.lang.invoke.DirectMethodHandle$Holder.invokeStaticInit(java.lang.Object, java.lang.Object)'> (0x00000007135848b8) 
thrown [s\open\src\hotspot\share\interpreter\linkResolver.cpp, line 773]
Event: 0.919 Thread 0x000002bfdb8d3250 Exception <a 'java/lang/NoSuchMethodError'{0x00000007135da248}: 'int java.lang.invoke.DirectMethodHandle$Holder.invokeStatic(java.lang.Object, java.lang.Object, java.lang.Object, java.lang.Object)'> (0x00000007135da248) 
thrown [s\open\src\hotspot\share\interpreter\linkResolver.cpp, line 773]
Event: 0.920 Thread 0x000002bfdb8d3250 Exception <a 'java/lang/NoSuchMethodError'{0x00000007135dd8c8}: 'java.lang.Object java.lang.invoke.Invokers$Holder.invokeExact_MT(java.lang.Object, java.lang.Object, java.lang.Object, java.lang.Object, java.lang.Object, java.lang.Object)'> (0x00000007135dd8c8) 
thrown [s\open\src\hotspot\share\interpreter\linkResolver.cpp, line 773]
Event: 0.938 Thread 0x000002bfdb8d3250 Exception <a 'java/lang/NoSuchMethodError'{0x0000000713256420}: 'java.lang.Object java.lang.invoke.DirectMethodHandle$Holder.invokeSpecial(java.lang.Object, java.lang.Object, java.lang.Object, java.lang.Object, java.lang.Object, java.lang.Object, int)'> (0x0000000713256420) 
thrown [s\open\src\hotspot\share\interpreter\linkResolver.cpp, line 773]
Event: 0.939 Thread 0x000002bfdb8d3250 Exception <a 'java/lang/NoSuchMethodError'{0x000000071325fbf0}: 'java.lang.Object java.lang.invoke.DirectMethodHandle$Holder.newInvokeSpecial(java.lang.Object, java.lang.Object, java.lang.Object, java.lang.Object, java.lang.Object, java.lang.Object, int)'> (0x000000071325fbf0) 
thrown [s\open\src\hotspot\share\interpreter\linkResolver.cpp, line 773]
Event: 0.939 Thread 0x000002bfdb8d3250 Exception <a 'java/lang/NoSuchMethodError'{0x00000007132641a0}: 'java.lang.Object java.lang.invoke.DirectMethodHandle$Holder.invokeSpecial(java.lang.Object, java.lang.Object, java.lang.Object, java.lang.Object, java.lang.Object, java.lang.Object, java.lang.Object, int)'> (0x00000007132641a0) 
thrown [s\open\src\hotspot\share\interpreter\linkResolver.cpp, line 773]
Event: 0.975 Thread 0x000002bfdb8d3250 Exception <a 'java/lang/NoSuchMethodError'{0x00000007133a3670}: 'int java.lang.invoke.DirectMethodHandle$Holder.invokeInterface(java.lang.Object, java.lang.Object)'> (0x00000007133a3670) 
thrown [s\open\src\hotspot\share\interpreter\linkResolver.cpp, line 773]
Event: 0.979 Thread 0x000002bfdb8d3250 Exception <a 'java/lang/NoSuchMethodError'{0x00000007133c57d8}: 'void java.lang.invoke.DirectMethodHandle$Holder.invokeSpecial(java.lang.Object, java.lang.Object, java.lang.Object, java.lang.Object, java.lang.Object)'> (0x00000007133c57d8) 
thrown [s\open\src\hotspot\share\interpreter\linkResolver.cpp, line 773]
Event: 0.986 Thread 0x000002bfdb8d3250 Exception <a 'java/lang/NoSuchMethodError'{0x0000000713013d08}: 'int java.lang.invoke.DirectMethodHandle$Holder.invokeVirtual(java.lang.Object, java.lang.Object)'> (0x0000000713013d08) 
thrown [s\open\src\hotspot\share\interpreter\linkResolver.cpp, line 773]
Event: 1.007 Thread 0x000002bfdb8d3250 Exception <a 'java/lang/NoSuchMethodError'{0x00000007130c9528}: 'java.lang.Object java.lang.invoke.DirectMethodHandle$Holder.invokeSpecial(java.lang.Object, java.lang.Object, java.lang.Object, int, java.lang.Object)'> (0x00000007130c9528) 
thrown [s\open\src\hotspot\share\interpreter\linkResolver.cpp, line 773]
Event: 2.031 Thread 0x000002bfdb8d3250 Exception <a 'java/lang/NoSuchMethodError'{0x00000007130d0b30}: 'java.lang.Object java.lang.invoke.DirectMethodHandle$Holder.newInvokeSpecial(java.lang.Object, java.lang.Object, java.lang.Object, int, java.lang.Object)'> (0x00000007130d0b30) 
thrown [s\open\src\hotspot\share\interpreter\linkResolver.cpp, line 773]
Event: 2.033 Thread 0x000002bfdb8d3250 Exception <a 'java/lang/NoSuchMethodError'{0x00000007130d7fe8}: 'java.lang.Object java.lang.invoke.Invokers$Holder.linkToTargetMethod(java.lang.Object, java.lang.Object, int, java.lang.Object, java.lang.Object)'> (0x00000007130d7fe8) 
thrown [s\open\src\hotspot\share\interpreter\linkResolver.cpp, line 773]
Event: 2.035 Thread 0x000002bfdb8d3250 Exception <a 'java/lang/NoSuchMethodError'{0x00000007130e6428}: 'java.lang.Object java.lang.invoke.DirectMethodHandle$Holder.newInvokeSpecial(java.lang.Object, int, java.lang.Object)'> (0x00000007130e6428) 
thrown [s\open\src\hotspot\share\interpreter\linkResolver.cpp, line 773]
Event: 2.037 Thread 0x000002bfdb8d3250 Exception <a 'java/lang/NoSuchMethodError'{0x00000007130eadd8}: 'int java.lang.invoke.DirectMethodHandle$Holder.invokeSpecialIFC(java.lang.Object, java.lang.Object, java.lang.Object, java.lang.Object)'> (0x00000007130eadd8) 
thrown [s\open\src\hotspot\share\interpreter\linkResolver.cpp, line 773]
Event: 2.060 Thread 0x000002bfdb8d3250 Exception <a 'java/lang/NoSuchMethodError'{0x0000000712e8b8e0}: 'void java.lang.invoke.DirectMethodHandle$Holder.invokeInterface(java.lang.Object, java.lang.Object, java.lang.Object)'> (0x0000000712e8b8e0) 
thrown [s\open\src\hotspot\share\interpreter\linkResolver.cpp, line 773]
Event: 4.099 Thread 0x000002bfdb8d3250 Exception <a 'java/lang/NoSuchMethodError'{0x0000000712f0adc8}: 'void java.lang.invoke.DirectMethodHandle$Holder.invokeStaticInit(java.lang.Object, java.lang.Object, java.lang.Object)'> (0x0000000712f0adc8) 
thrown [s\open\src\hotspot\share\interpreter\linkResolver.cpp, line 773]
Event: 5.127 Thread 0x000002bfdb8d3250 Exception <a 'java/lang/NoSuchMethodError'{0x0000000712fb2878}: 'void java.lang.invoke.DirectMethodHandle$Holder.invokeVirtual(java.lang.Object, java.lang.Object, java.lang.Object, java.lang.Object)'> (0x0000000712fb2878) 
thrown [s\open\src\hotspot\share\interpreter\linkResolver.cpp, line 773]
Event: 8.232 Thread 0x000002bfdb8d3250 Exception <a 'java/lang/NoSuchMethodError'{0x0000000712a0b160}: 'void java.lang.invoke.DirectMethodHandle$Holder.invokeSpecial(java.lang.Object, java.lang.Object, java.lang.Object)'> (0x0000000712a0b160) 
thrown [s\open\src\hotspot\share\interpreter\linkResolver.cpp, line 773]

ZGC Phase Switch (0 events):
No events

VM Operations (20 events):
Event: 1.998 Executing VM operation: Cleanup
Event: 2.031 Executing VM operation: Cleanup done
Event: 3.041 Executing VM operation: Cleanup
Event: 3.041 Executing VM operation: Cleanup done
Event: 5.054 Executing VM operation: Cleanup
Event: 5.117 Executing VM operation: Cleanup done
Event: 6.122 Executing VM operation: Cleanup
Event: 6.122 Executing VM operation: Cleanup done
Event: 7.124 Executing VM operation: Cleanup
Event: 7.201 Executing VM operation: Cleanup done
Event: 7.213 Executing VM operation: HandshakeAllThreads (Deoptimize)
Event: 7.214 Executing VM operation: HandshakeAllThreads (Deoptimize) done
Event: 7.217 Executing VM operation: HandshakeAllThreads (Deoptimize)
Event: 7.217 Executing VM operation: HandshakeAllThreads (Deoptimize) done
Event: 7.218 Executing VM operation: HandshakeAllThreads (Deoptimize)
Event: 7.218 Executing VM operation: HandshakeAllThreads (Deoptimize) done
Event: 8.231 Executing VM operation: Cleanup
Event: 8.231 Executing VM operation: Cleanup done
Event: 10.246 Executing VM operation: Cleanup
Event: 10.246 Executing VM operation: Cleanup done

Events (16 events):
Event: 0.021 Thread 0x000002bfdb8d3250 Thread added: 0x000002bfdb8d3250
Event: 0.032 Thread 0x000002bffa4161f0 Thread added: 0x000002bffa4161f0
Event: 0.033 Thread 0x000002bffa416e50 Thread added: 0x000002bffa416e50
Event: 0.033 Thread 0x000002bffa4248e0 Thread added: 0x000002bffa4248e0
Event: 0.033 Thread 0x000002bffa427480 Thread added: 0x000002bffa427480
Event: 0.033 Thread 0x000002bffa42a1e0 Thread added: 0x000002bffa42a1e0
Event: 0.033 Thread 0x000002bfff008bb0 Thread added: 0x000002bfff008bb0
Event: 0.033 Thread 0x000002bffa42e5c0 Thread added: 0x000002bffa42e5c0
Event: 0.033 Thread 0x000002bfff02b290 Thread added: 0x000002bfff02b290
Event: 0.085 Thread 0x000002bfff0ed180 Thread added: 0x000002bfff0ed180
Event: 0.219 Thread 0x000002bfff2845b0 Thread added: 0x000002bfff2845b0
Event: 0.362 Thread 0x000002bfff5563e0 Thread added: 0x000002bfff5563e0
Event: 0.362 Thread 0x000002bfff556a50 Thread added: 0x000002bfff556a50
Event: 2.032 Thread 0x000002bfff2845b0 Thread exited: 0x000002bfff2845b0
Event: 2.045 Thread 0x000002bfc12bc700 Thread added: 0x000002bfc12bc700
Event: 4.092 Thread 0x000002bfc12bc700 Thread exited: 0x000002bfc12bc700


Dynamic libraries:
0x00007ff7fe6e0000 - 0x00007ff7fe6ee000 	C:\Users\tradi\.jdks\openjdk-21.0.2\bin\java.exe
0x00007fff25720000 - 0x00007fff25983000 	C:\WINDOWS\SYSTEM32\ntdll.dll
0x00007fff24ca0000 - 0x00007fff24d68000 	C:\WINDOWS\System32\KERNEL32.DLL
0x00007fff22fb0000 - 0x00007fff23362000 	C:\WINDOWS\System32\KERNELBASE.dll
0x00007fff23370000 - 0x00007fff234bb000 	C:\WINDOWS\System32\ucrtbase.dll
0x00007fff0b6f0000 - 0x00007fff0b70b000 	C:\Users\tradi\.jdks\openjdk-21.0.2\bin\VCRUNTIME140.dll
0x00007ffef35b0000 - 0x00007ffef35c8000 	C:\Users\tradi\.jdks\openjdk-21.0.2\bin\jli.dll
0x00007fff252c0000 - 0x00007fff25488000 	C:\WINDOWS\System32\USER32.dll
0x00007fff0cf80000 - 0x00007fff0d210000 	C:\WINDOWS\WinSxS\amd64_microsoft.windows.common-controls_6595b64144ccf1df_6.0.26100.2454_none_3e0b68a2e331ad60\COMCTL32.dll
0x00007fff22f80000 - 0x00007fff22fa7000 	C:\WINDOWS\System32\win32u.dll
0x00007fff25510000 - 0x00007fff255b9000 	C:\WINDOWS\System32\msvcrt.dll
0x00007fff24e30000 - 0x00007fff24e5a000 	C:\WINDOWS\System32\GDI32.dll
0x00007fff22af0000 - 0x00007fff22c1b000 	C:\WINDOWS\System32\gdi32full.dll
0x00007fff22d50000 - 0x00007fff22df3000 	C:\WINDOWS\System32\msvcp_win.dll
0x00007fff23580000 - 0x00007fff235af000 	C:\WINDOWS\System32\IMM32.DLL
0x00007fff0bb90000 - 0x00007fff0bb9c000 	C:\Users\tradi\.jdks\openjdk-21.0.2\bin\vcruntime140_1.dll
0x00007ffee0410000 - 0x00007ffee049e000 	C:\Users\tradi\.jdks\openjdk-21.0.2\bin\msvcp140.dll
0x00007ffe8a680000 - 0x00007ffe8b397000 	C:\Users\tradi\.jdks\openjdk-21.0.2\bin\server\jvm.dll
0x00007fff24d70000 - 0x00007fff24e24000 	C:\WINDOWS\System32\ADVAPI32.dll
0x00007fff24e70000 - 0x00007fff24f16000 	C:\WINDOWS\System32\sechost.dll
0x00007fff249f0000 - 0x00007fff24b06000 	C:\WINDOWS\System32\RPCRT4.dll
0x00007fff255e0000 - 0x00007fff25654000 	C:\WINDOWS\System32\WS2_32.dll
0x00007fff22980000 - 0x00007fff229ce000 	C:\WINDOWS\SYSTEM32\POWRPROF.dll
0x00007fff18870000 - 0x00007fff188a6000 	C:\WINDOWS\SYSTEM32\WINMM.dll
0x00007fff0b960000 - 0x00007fff0b96b000 	C:\WINDOWS\SYSTEM32\VERSION.dll
0x00007fff22960000 - 0x00007fff22974000 	C:\WINDOWS\SYSTEM32\UMPDC.dll
0x00007fff21900000 - 0x00007fff2191a000 	C:\WINDOWS\SYSTEM32\kernel.appcore.dll
0x00007ffeffa10000 - 0x00007ffeffa1a000 	C:\Users\tradi\.jdks\openjdk-21.0.2\bin\jimage.dll
0x00007fff202e0000 - 0x00007fff20521000 	C:\WINDOWS\SYSTEM32\DBGHELP.DLL
0x00007fff24f20000 - 0x00007fff2529e000 	C:\WINDOWS\System32\combase.dll
0x00007fff24b10000 - 0x00007fff24be6000 	C:\WINDOWS\System32\OLEAUT32.dll
0x00007fff00590000 - 0x00007fff005c9000 	C:\WINDOWS\SYSTEM32\dbgcore.DLL
0x00007fff22c20000 - 0x00007fff22cb9000 	C:\WINDOWS\System32\bcryptPrimitives.dll
0x00007ffef2640000 - 0x00007ffef264f000 	C:\Users\tradi\.jdks\openjdk-21.0.2\bin\instrument.dll
0x00007ffef2f50000 - 0x00007ffef2f6f000 	C:\Users\tradi\.jdks\openjdk-21.0.2\bin\java.dll
0x00007ffef28f0000 - 0x00007ffef2908000 	C:\Users\tradi\.jdks\openjdk-21.0.2\bin\zip.dll
0x00007fff23e00000 - 0x00007fff24501000 	C:\WINDOWS\System32\SHELL32.dll
0x00007fff207c0000 - 0x00007fff20ff1000 	C:\WINDOWS\SYSTEM32\windows.storage.dll
0x00007fff24910000 - 0x00007fff249ea000 	C:\WINDOWS\System32\SHCORE.dll
0x00007fff23d90000 - 0x00007fff23ded000 	C:\WINDOWS\System32\shlwapi.dll
0x00007fff22a00000 - 0x00007fff22a2e000 	C:\WINDOWS\SYSTEM32\profapi.dll
0x00007ffedffb0000 - 0x00007ffee0087000 	C:\Users\tradi\.jdks\openjdk-21.0.2\bin\jsvml.dll
0x00007ffefdb80000 - 0x00007ffefdb90000 	C:\Users\tradi\.jdks\openjdk-21.0.2\bin\net.dll
0x00007fff1c320000 - 0x00007fff1c446000 	C:\WINDOWS\SYSTEM32\WINHTTP.dll
0x00007fff21de0000 - 0x00007fff21e48000 	C:\WINDOWS\system32\mswsock.dll
0x00007ffef2cd0000 - 0x00007ffef2ce6000 	C:\Users\tradi\.jdks\openjdk-21.0.2\bin\nio.dll
0x00007ffef1cc0000 - 0x00007ffef1cda000 	C:\Program Files\JetBrains\IntelliJ IDEA Community Edition 2023.3.2\bin\breakgen64.dll
0x00007ffef4ee0000 - 0x00007ffef4ee9000 	C:\Users\tradi\.jdks\openjdk-21.0.2\bin\extnet.dll

dbghelp: loaded successfully - version: 4.0.5 - missing functions: none
symbol engine: initialized successfully - sym options: 0x614 - pdb path: .;C:\Users\tradi\.jdks\openjdk-21.0.2\bin;C:\WINDOWS\SYSTEM32;C:\WINDOWS\WinSxS\amd64_microsoft.windows.common-controls_6595b64144ccf1df_6.0.26100.2454_none_3e0b68a2e331ad60;C:\Users\tradi\.jdks\openjdk-21.0.2\bin\server;C:\Program Files\JetBrains\IntelliJ IDEA Community Edition 2023.3.2\bin

VM Arguments:
jvm_args: -javaagent:C:\Users\tradi\AppData\Local\JetBrains\IdeaIC2023.3\testAgent\intellij-coverage-agent-1.0.738.jar=C:\Users\tradi\AppData\Local\Temp\coverage3args -javaagent:C:\Program Files\JetBrains\IntelliJ IDEA Community Edition 2023.3.2\lib\idea_rt.jar=51041:C:\Program Files\JetBrains\IntelliJ IDEA Community Edition 2023.3.2\bin -Dfile.encoding=UTF-8 -Dsun.stdout.encoding=UTF-8 -Dsun.stderr.encoding=UTF-8 
java_command: com.nova.colis.ColisApplication
java_class_path (initial): C:\Users\tradi\Downloads\colis\colis\target\classes;C:\Users\tradi\.m2\repository\org\springframework\boot\spring-boot-starter-web\3.4.2\spring-boot-starter-web-3.4.2.jar;C:\Users\tradi\.m2\repository\org\springframework\boot\spring-boot-starter\3.4.2\spring-boot-starter-3.4.2.jar;C:\Users\tradi\.m2\repository\org\springframework\boot\spring-boot\3.4.2\spring-boot-3.4.2.jar;C:\Users\tradi\.m2\repository\org\springframework\boot\spring-boot-autoconfigure\3.4.2\spring-boot-autoconfigure-3.4.2.jar;C:\Users\tradi\.m2\repository\org\springframework\boot\spring-boot-starter-logging\3.4.2\spring-boot-starter-logging-3.4.2.jar;C:\Users\tradi\.m2\repository\ch\qos\logback\logback-classic\1.5.16\logback-classic-1.5.16.jar;C:\Users\tradi\.m2\repository\ch\qos\logback\logback-core\1.5.16\logback-core-1.5.16.jar;C:\Users\tradi\.m2\repository\org\apache\logging\log4j\log4j-to-slf4j\2.24.3\log4j-to-slf4j-2.24.3.jar;C:\Users\tradi\.m2\repository\org\apache\logging\log4j\log4j-api\2.24.3\log4j-api-2.24.3.jar;C:\Users\tradi\.m2\repository\org\slf4j\jul-to-slf4j\2.0.16\jul-to-slf4j-2.0.16.jar;C:\Users\tradi\.m2\repository\jakarta\annotation\jakarta.annotation-api\2.1.1\jakarta.annotation-api-2.1.1.jar;C:\Users\tradi\.m2\repository\org\springframework\boot\spring-boot-starter-json\3.4.2\spring-boot-starter-json-3.4.2.jar;C:\Users\tradi\.m2\repository\com\fasterxml\jackson\core\jackson-databind\2.18.2\jackson-databind-2.18.2.jar;C:\Users\tradi\.m2\repository\com\fasterxml\jackson\core\jackson-annotations\2.18.2\jackson-annotations-2.18.2.jar;C:\Users\tradi\.m2\repository\com\fasterxml\jackson\core\jackson-core\2.18.2\jackson-core-2.18.2.jar;C:\Users\tradi\.m2\repository\com\fasterxml\jackson\datatype\jackson-datatype-jdk8\2.18.2\jackson-datatype-jdk8-2.18.2.jar;C:\Users\tradi\.m2\repository\com\fasterxml\jackson\datatype\jackson-datatype-jsr310\2.18.2\jackson-datatype-jsr310-2.18.2.jar;C:\Users\tradi\.m2\repository\com\fasterxml\jackson\module\jackson-module-parameter-names\2.18.2\jackson-module-parameter-names-2.18.2.jar;C:\Users\tradi\.m2\repository\org\springframework\boot\spring-boot-starter-tomcat\3.4.2\spring-boot-starter-tomcat-3.4.2.jar;C:\Users\tradi\.m2\repository\org\apache\tomcat\embed\tomcat-embed-core\10.1.34\tomcat-embed-core-10.1.34.jar;C:\Users\tradi\.m2\repository\org\apache\tomcat\embed\tomcat-embed-websocket\10.1.34\tomcat-embed-websocket-10.1.34.jar;C:\Users\tradi\.m2\repository\org\springframework\spring-web\6.2.2\spring-web-6.2.2.jar;C:\Users\tradi\.m2\repository\org\springframework\spring-beans\6.2.2\spring-beans-6.2.2.jar;C:\Users\tradi\.m2\repository\io\micrometer\micrometer-observation\1.14.3\micrometer-observation-1.14.3.jar;C:\Users\tradi\.m2\repository\io\micrometer\micrometer-commons\1.14.3\micrometer-commons-1.14.3.jar;C:\Users\tradi\.m2\repository\org\springframework\spring-webmvc\6.2.2\spring-webmvc-6.2.2.jar;C:\Users\tradi\.m2\repository\org\springframework\spring-context\6.2.2\spring-context-6.2.2.jar;C:\Users\tradi\.m2\repository\org\springframework\spring-expression\6.2.2\spring-expression-6.2.2.jar;C:\Users\tradi\.m2\repository\org\springframework\boot\spring-boot-starter-data-jpa\3.4.2\spring-boot-starter-data-jpa-3.4.2.jar;C:\Users\tradi\.m2\repository\org\springframework\boot\spring-boot-starter-jdbc\3.4.2\spring-boot-starter-jdbc-3.4.2.jar;C:\Users\tradi\.m2\repository\com\zaxxer\HikariCP\5.1.0\HikariCP-5.1.0.jar;C:\Users\tradi\.m2\repository\org\springframework\spring-jdbc\6.2.2\spring-jdbc-6.2.2.jar;C:\Users\tradi\.m2\repository\org\hibernate\orm\hibernate-core\6.6.5.Final\hibernate-core-6.6.5.Final.jar;C:\Users\tradi\.m2\repository\jakarta\persistence\jakarta.persistence-api\3.1.0\jakarta.persistence-api-3.1.0.jar;C:\Users\tradi\.m2\repository\jakarta\transaction\jakarta.transaction-api\2.0.1\jakarta.transaction-api-2.0.1.jar;C:\Users\tradi\.m2\repository\org\jboss\logging\jboss-logging\3.6.1.Final\jboss-logging-3.6.1.Final.jar;C:\Users\tradi\.m2\repository\org\hibernate\common\hibernate-commons-annotations\7.0.3.Final\hibernate-commons-annotations-7.0.3.Final.jar;C:\Users\tradi\.m2\repository\io\smallrye\jandex\3.2.0\jandex-3.2.0.jar;C:\Users\tradi\.m2\repository\com\fasterxml\classmate\1.7.0\classmate-1.7.0.jar;C:\Users\tradi\.m2\repository\net\bytebuddy\byte-buddy\1.15.11\byte-buddy-1.15.11.jar;C:\Users\tradi\.m2\repository\org\glassfish\jaxb\jaxb-runtime\4.0.5\jaxb-runtime-4.0.5.jar;C:\Users\tradi\.m2\repository\org\glassfish\jaxb\jaxb-core\4.0.5\jaxb-core-4.0.5.jar;C:\Users\tradi\.m2\repository\org\eclipse\angus\angus-activation\2.0.2\angus-activation-2.0.2.jar;C:\Users\tradi\.m2\repository\org\glassfish\jaxb\txw2\4.0.5\txw2-4.0.5.jar;C:\Users\tradi\.m2\repository\com\sun\istack\istack-commons-runtime\4.1.2\istack-commons-runtime-4.1.2.jar;C:\Users\tradi\.m2\repository\jakarta\inject\jakarta.inject-api\2.0.1\jakarta.inject-api-2.0.1.jar;C:\Users\tradi\.m2\repository\org\antlr\antlr4-runtime\4.13.0\antlr4-runtime-4.13.0.jar;C:\Users\tradi\.m2\repository\org\springframework\data\spring-data-jpa\3.4.2\spring-data-jpa-3.4.2.jar;C:\Users\tradi\.m2\repository\org\springframework\data\spring-data-commons\3.4.2\spring-data-commons-3.4.2.jar;C:\Users\tradi\.m2\repository\org\springframework\spring-orm\6.2.2\spring-orm-6.2.2.jar;C:\Users\tradi\.m2\repository\org\springframework\spring-tx\6.2.2\spring-tx-6.2.2.jar;C:\Users\tradi\.m2\repository\org\slf4j\slf4j-api\2.0.16\slf4j-api-2.0.16.jar;C:\Users\tradi\.m2\repository\org\springframework\spring-aspects\6.2.2\spring-aspects-6.2.2.jar;C:\Users\tradi\.m2\repository\org\aspectj\aspectjweaver\1.9.22.1\aspectjweaver-1.9.22.1.jar;C:\Users\tradi\.m2\repository\org\springframework\boot\spring-boot-starter-validation\3.4.2\spring-boot-starter-validation-3.4.2.jar;C:\Users\tradi\.m2\repository\org\apache\tomcat\embed\tomcat-embed-el\10.1.34\tomcat-embed-el-10.1.34.jar;C:\Users\tradi\.m2\repository\org\hibernate\validator\hibernate-validator\8.0.2.Final\hibernate-validator-8.0.2.Final.jar;C:\Users\tradi\.m2\repository\jakarta\validation\jakarta.validation-api\3.0.2\jakarta.validation-api-3.0.2.jar;C:\Users\tradi\.m2\repository\org\springframework\boot\spring-boot-starter-security\3.4.2\spring-boot-starter-security-3.4.2.jar;C:\Users\tradi\.m2\repository\org\springframework\spring-aop\6.2.2\spring-aop-6.2.2.jar;C:\Users\tradi\.m2\repository\org\springframework\security\spring-security-config\6.4.2\spring-security-config-6.4.2.jar;C:\Users\tradi\.m2\repository\org\springframework\security\spring-security-web\6.4.2\spring-security-web-6.4.2.jar;C:\Users\tradi\.m2\repository\org\liquibase\liquibase-core\4.29.2\liquibase-core-4.29.2.jar;C:\Users\tradi\.m2\repository\com\opencsv\opencsv\5.9\opencsv-5.9.jar;C:\Users\tradi\.m2\repository\org\yaml\snakeyaml\2.3\snakeyaml-2.3.jar;C:\Users\tradi\.m2\repository\javax\xml\bind\jaxb-api\2.3.1\jaxb-api-2.3.1.jar;C:\Users\tradi\.m2\repository\commons-io\commons-io\2.16.1\commons-io-2.16.1.jar;C:\Users\tradi\.m2\repository\org\apache\commons\commons-collections4\4.4\commons-collections4-4.4.jar;C:\Users\tradi\.m2\repository\org\apache\commons\commons-text\1.12.0\commons-text-1.12.0.jar;C:\Users\tradi\.m2\repository\org\apache\commons\commons-lang3\3.17.0\commons-lang3-3.17.0.jar;C:\Users\tradi\.m2\repository\com\mysql\mysql-connector-j\9.1.0\mysql-connector-j-9.1.0.jar;C:\Users\tradi\.m2\repository\jakarta\xml\bind\jakarta.xml.bind-api\4.0.2\jakarta.xml.bind-api-4.0.2.jar;C:\Users\tradi\.m2\repository\jakarta\activation\jakarta.activation-api\2.1.3\jakarta.activation-api-2.1.3.jar;C:\Users\tradi\.m2\repository\org\springframework\spring-core\6.2.2\spring-core-6.2.2.jar;C:\Users\tradi\.m2\repository\org\springframework\spring-jcl\6.2.2\spring-jcl-6.2.2.jar;C:\Users\tradi\.m2\repository\org\springframework\security\spring-security-core\6.4.2\spring-security-core-6.4.2.jar;C:\Users\tradi\.m2\repository\org\springframework\security\spring-security-crypto\6.4.2\spring-security-crypto-6.4.2.jar
Launcher Type: SUN_STANDARD

[Global flags]
     intx CICompilerCount                          = 4                                         {product} {ergonomic}
     uint ConcGCThreads                            = 3                                         {product} {ergonomic}
     uint G1ConcRefinementThreads                  = 10                                        {product} {ergonomic}
   size_t G1HeapRegionSize                         = 2097152                                   {product} {ergonomic}
    uintx GCDrainStackTargetSize                   = 64                                        {product} {ergonomic}
   size_t InitialHeapSize                          = 264241152                                 {product} {ergonomic}
   size_t MarkStackSize                            = 4194304                                   {product} {ergonomic}
   size_t MaxHeapSize                              = 4223664128                                {product} {ergonomic}
   size_t MaxNewSize                               = 2533359616                                {product} {ergonomic}
   size_t MinHeapDeltaBytes                        = 2097152                                   {product} {ergonomic}
   size_t MinHeapSize                              = 8388608                                   {product} {ergonomic}
    uintx NonNMethodCodeHeapSize                   = 5839372                                {pd product} {ergonomic}
    uintx NonProfiledCodeHeapSize                  = 122909434                              {pd product} {ergonomic}
    uintx ProfiledCodeHeapSize                     = 122909434                              {pd product} {ergonomic}
    uintx ReservedCodeCacheSize                    = 251658240                              {pd product} {ergonomic}
     bool SegmentedCodeCache                       = true                                      {product} {ergonomic}
   size_t SoftMaxHeapSize                          = 4223664128                             {manageable} {ergonomic}
     bool UseCompressedOops                        = true                           {product lp64_product} {ergonomic}
     bool UseG1GC                                  = true                                      {product} {ergonomic}
     bool UseLargePagesIndividualAllocation        = false                                  {pd product} {ergonomic}

Logging:
Log output configuration:
 #0: stdout all=warning uptime,level,tags foldmultilines=false
 #1: stderr all=off uptime,level,tags foldmultilines=false

Environment Variables:
JAVA_HOME=C:\Program Files\Java\jdk-21
PATH=C:\Python312\Scripts\;C:\Python312\;C:\Program Files\Common Files\Oracle\Java\javapath;C:\Program Files (x86)\Common Files\Oracle\Java\javapath;C:\WINDOWS\system32;C:\WINDOWS;C:\WINDOWS\System32\Wbem;C:\WINDOWS\System32\WindowsPowerShell\v1.0\;C:\WINDOWS\System32\OpenSSH\;C:\Program Files\Microsoft SQL Server\150\Tools\Binn\;C:\Program Files\Microsoft SQL Server\Client SDK\ODBC\170\Tools\Binn\;C:\Program Files\dotnet\;C:\maven\apache-maven-3.9.6-bin\apache-maven-3.9.6\bin;C:\ProgramData\chocolatey\bin;C:\Program Files\MongoDB\mongosh-2.1.1-win32-x64\bin;C:\Program Files\Git\cmd;C:\Program Files\Docker\Docker\resources\bin;C:\Program Files\Java\jdk-21\bin;C:\Users\tradi\AppData\Roaming\nvm;C:\Program Files\nodejs;C:\Program Files\Amazon\AWSCLIV2\;C:\Users\tradi\AppData\Local\Microsoft\WindowsApps;C:\Program Files\JetBrains\IntelliJ IDEA Community Edition 2023.3.2\bin;;C:\Program Files\JetBrains\IntelliJ IDEA 2023.3\bin;;C:\Users\tradi\.dotnet\tools;C:\Users\tradi\AppData\Local\Programs\Microsoft VS Code\bin;C:\Users\tradi\AppData\Roaming\npm;C:\Users\tradi\Downloads\flutter\src\flutter\bin;C:\Users\tradi\AppData\Roaming\nvm;C:\Program Files\nodejs;C:\Program Files\heroku\bin;C:\flutter_windows_3.24.3-stable\flutter\bin;
USERNAME=tradi
OS=Windows_NT
PROCESSOR_IDENTIFIER=Intel64 Family 6 Model 186 Stepping 3, GenuineIntel
TMP=C:\Users\tradi\AppData\Local\Temp
TEMP=C:\Users\tradi\AppData\Local\Temp




Periodic native trim disabled

---------------  S Y S T E M  ---------------

OS:
 Windows 11 , 64 bit Build 26100 (10.0.26100.2454)
OS uptime: 0 days 7:08 hours
Hyper-V role detected

CPU: total 12 (initial active 12) (6 cores per cpu, 2 threads per core) family 6 model 186 stepping 3 microcode 0x4112, cx8, cmov, fxsr, ht, mmx, 3dnowpref, sse, sse2, sse3, ssse3, sse4.1, sse4.2, popcnt, lzcnt, tsc, tscinvbit, avx, avx2, aes, erms, clmul, bmi1, bmi2, adx, sha, fma, vzeroupper, clflush, clflushopt, clwb, hv, serialize, rdtscp, rdpid, fsrm, f16c, cet_ibt, cet_ss
Processor Information for processor 0
  Max Mhz: 1700, Current Mhz: 1700, Mhz Limit: 1700
Processor Information for processor 1
  Max Mhz: 1700, Current Mhz: 1700, Mhz Limit: 1700
Processor Information for processor 2
  Max Mhz: 1700, Current Mhz: 1700, Mhz Limit: 1700
Processor Information for processor 3
  Max Mhz: 1700, Current Mhz: 1457, Mhz Limit: 1700
Processor Information for processor 4
  Max Mhz: 1700, Current Mhz: 1200, Mhz Limit: 1190
Processor Information for processor 5
  Max Mhz: 1700, Current Mhz: 1200, Mhz Limit: 1190
Processor Information for processor 6
  Max Mhz: 1700, Current Mhz: 1200, Mhz Limit: 1190
Processor Information for processor 7
  Max Mhz: 1700, Current Mhz: 1200, Mhz Limit: 1190
Processor Information for processor 8
  Max Mhz: 1700, Current Mhz: 1200, Mhz Limit: 1190
Processor Information for processor 9
  Max Mhz: 1700, Current Mhz: 1200, Mhz Limit: 1190
Processor Information for processor 10
  Max Mhz: 1700, Current Mhz: 1200, Mhz Limit: 1190
Processor Information for processor 11
  Max Mhz: 1700, Current Mhz: 1200, Mhz Limit: 1190

Memory: 4k page, system-wide physical 16108M (5436M free)
TotalPageFile size 65260M (AvailPageFile size 2M)
current process WorkingSet (physical memory assigned to process): 94M, peak: 94M
current process commit charge ("private bytes"): 363M, peak: 365M

vm_info: OpenJDK 64-Bit Server VM (21.0.2+13-58) for windows-amd64 JRE (21.0.2+13-58), built on 2024-01-05T18:32:24Z by "mach5one" with MS VC++ 17.1 (VS2022)

END.
