#
# There is insufficient memory for the Java Runtime Environment to continue.
# Native memory allocation (malloc) failed to allocate 32744 bytes for Chunk::new
# Possible reasons:
#   The system is out of physical RAM or swap space
#   The process is running with CompressedOops enabled, and the Java Heap may be blocking the growth of the native heap
# Possible solutions:
#   Reduce memory load on the system
#   Increase physical memory or swap space
#   Check if swap backing store is full
#   Decrease Java heap size (-Xmx/-Xms)
#   Decrease number of Java threads
#   Decrease Java thread stack sizes (-Xss)
#   Set larger code cache with -XX:ReservedCodeCacheSize=
#   JVM is running with Zero Based Compressed Oops mode in which the Java heap is
#     placed in the first 32GB address space. The Java Heap base address is the
#     maximum limit for the native heap growth. Please use -XX:HeapBaseMinAddress
#     to set the Java Heap base and to place the Java Heap above 32GB virtual address.
# This output file may be truncated or incomplete.
#
#  Out of Memory Error (arena.cpp:168), pid=11032, tid=18344
#
# JRE version: OpenJDK Runtime Environment (21.0.2+13) (build 21.0.2+13-58)
# Java VM: OpenJDK 64-Bit Server VM (21.0.2+13-58, mixed mode, sharing, tiered, compressed oops, compressed class ptrs, g1 gc, windows-amd64)
# No core dump will be written. Minidumps are not enabled by default on client versions of Windows
#

---------------  S U M M A R Y ------------

Command Line: -javaagent:C:\Program Files\JetBrains\IntelliJ IDEA Community Edition 2023.3.2\lib\idea_rt.jar=58541:C:\Program Files\JetBrains\IntelliJ IDEA Community Edition 2023.3.2\bin -Dfile.encoding=UTF-8 -Dsun.stdout.encoding=UTF-8 -Dsun.stderr.encoding=UTF-8 com.nova.colis.ColisApplication

Host: 13th Gen Intel(R) Core(TM) i7-1355U, 12 cores, 15G,  Windows 11 , 64 bit Build 26100 (10.0.26100.3037)
Time: Sun Feb  2 23:34:12 2025 Eastern Standard Time elapsed time: 5696.464746 seconds (0d 1h 34m 56s)

---------------  T H R E A D  ---------------

Current thread (0x000001fb9d457ab0):  JavaThread "C2 CompilerThread0" daemon [_thread_in_native, id=18344, stack(0x000000ef91e00000,0x000000ef91f00000) (1024K)]


Current CompileTask:
C2:5696465 9465       4       com.fasterxml.jackson.core.json.UTF8JsonGenerator::writeString (115 bytes)

Stack: [0x000000ef91e00000,0x000000ef91f00000]
Native frames: (J=compiled Java code, j=interpreted, Vv=VM code, C=native code)
V  [jvm.dll+0x6cade9]
V  [jvm.dll+0x8569c1]
V  [jvm.dll+0x858d2e]
V  [jvm.dll+0x859413]
V  [jvm.dll+0x280e56]
V  [jvm.dll+0xc3f3d]
V  [jvm.dll+0xc4473]
V  [jvm.dll+0x6f6a6e]
V  [jvm.dll+0x1e22d6]
V  [jvm.dll+0x249d22]
V  [jvm.dll+0x2491b1]
V  [jvm.dll+0x1c9634]
V  [jvm.dll+0x258859]
V  [jvm.dll+0x256e3a]
V  [jvm.dll+0x3ef6c6]
V  [jvm.dll+0x7ff568]
V  [jvm.dll+0x6c953d]
C  [ucrtbase.dll+0x37b0]
C  [KERNEL32.DLL+0x2e8d7]
C  [ntdll.dll+0xbbf2c]


---------------  P R O C E S S  ---------------

Threads class SMR info:
_java_thread_list=0x000001fbe643ecb0, length=28, elements={
0x000001fb9d44bea0, 0x000001fb9d44e720, 0x000001fb9d450da0, 0x000001fb9d451410,
0x000001fb9d451a80, 0x000001fb9d457110, 0x000001fb9d457ab0, 0x000001fb9d45a780,
0x000001fb9d655fc0, 0x000001fb9d82c300, 0x000001fbe5c95990, 0x000001fbe5c96000,
0x000001fbe5cecfb0, 0x000001fbe5ced620, 0x000001fbe6080cf0, 0x000001fbe6081a10,
0x000001fbe6082dc0, 0x000001fbe6080660, 0x000001fbe6082730, 0x000001fbe60820a0,
0x000001fbe6083450, 0x000001fbe6083ae0, 0x000001fbe9029bb0, 0x000001fbe9026dc0,
0x000001fbe9029520, 0x000001fbe9026730, 0x000001fbe902a240, 0x000001fbe9028800
}

Java Threads: ( => current thread )
  0x000001fb9d44bea0 JavaThread "Reference Handler"          daemon [_thread_blocked, id=2924, stack(0x000000ef91800000,0x000000ef91900000) (1024K)]
  0x000001fb9d44e720 JavaThread "Finalizer"                  daemon [_thread_blocked, id=20212, stack(0x000000ef91900000,0x000000ef91a00000) (1024K)]
  0x000001fb9d450da0 JavaThread "Signal Dispatcher"          daemon [_thread_blocked, id=23576, stack(0x000000ef91a00000,0x000000ef91b00000) (1024K)]
  0x000001fb9d451410 JavaThread "Attach Listener"            daemon [_thread_blocked, id=17120, stack(0x000000ef91b00000,0x000000ef91c00000) (1024K)]
  0x000001fb9d451a80 JavaThread "Service Thread"             daemon [_thread_blocked, id=12980, stack(0x000000ef91c00000,0x000000ef91d00000) (1024K)]
  0x000001fb9d457110 JavaThread "Monitor Deflation Thread"   daemon [_thread_blocked, id=20232, stack(0x000000ef91d00000,0x000000ef91e00000) (1024K)]
=>0x000001fb9d457ab0 JavaThread "C2 CompilerThread0"         daemon [_thread_in_native, id=18344, stack(0x000000ef91e00000,0x000000ef91f00000) (1024K)]
  0x000001fb9d45a780 JavaThread "C1 CompilerThread0"         daemon [_thread_blocked, id=13168, stack(0x000000ef91f00000,0x000000ef92000000) (1024K)]
  0x000001fb9d655fc0 JavaThread "Common-Cleaner"             daemon [_thread_blocked, id=20048, stack(0x000000ef92000000,0x000000ef92100000) (1024K)]
  0x000001fb9d82c300 JavaThread "Notification Thread"        daemon [_thread_blocked, id=23580, stack(0x000000ef92200000,0x000000ef92300000) (1024K)]
  0x000001fbe5c95990 JavaThread "Catalina-utility-1"                [_thread_blocked, id=21148, stack(0x000000ef92900000,0x000000ef92a00000) (1024K)]
  0x000001fbe5c96000 JavaThread "Catalina-utility-2"                [_thread_blocked, id=23944, stack(0x000000ef93100000,0x000000ef93200000) (1024K)]
  0x000001fbe5cecfb0 JavaThread "container-0"                       [_thread_blocked, id=3260, stack(0x000000ef93200000,0x000000ef93300000) (1024K)]
  0x000001fbe5ced620 JavaThread "mysql-cj-abandoned-connection-cleanup" daemon [_thread_blocked, id=24044, stack(0x000000ef93300000,0x000000ef93400000) (1024K)]
  0x000001fbe6080cf0 JavaThread "HikariPool-1 housekeeper"   daemon [_thread_blocked, id=23640, stack(0x000000ef93500000,0x000000ef93600000) (1024K)]
  0x000001fbe6081a10 JavaThread "http-nio-8080-exec-1"       daemon [_thread_blocked, id=22008, stack(0x000000ef93700000,0x000000ef93800000) (1024K)]
  0x000001fbe6082dc0 JavaThread "http-nio-8080-exec-2"       daemon [_thread_blocked, id=23320, stack(0x000000ef93800000,0x000000ef93900000) (1024K)]
  0x000001fbe6080660 JavaThread "http-nio-8080-exec-3"       daemon [_thread_blocked, id=24180, stack(0x000000ef93900000,0x000000ef93a00000) (1024K)]
  0x000001fbe6082730 JavaThread "http-nio-8080-exec-4"       daemon [_thread_blocked, id=24140, stack(0x000000ef93a00000,0x000000ef93b00000) (1024K)]
  0x000001fbe60820a0 JavaThread "http-nio-8080-exec-5"       daemon [_thread_blocked, id=24144, stack(0x000000ef93b00000,0x000000ef93c00000) (1024K)]
  0x000001fbe6083450 JavaThread "http-nio-8080-exec-6"       daemon [_thread_blocked, id=24148, stack(0x000000ef93c00000,0x000000ef93d00000) (1024K)]
  0x000001fbe6083ae0 JavaThread "http-nio-8080-exec-7"       daemon [_thread_blocked, id=24152, stack(0x000000ef93d00000,0x000000ef93e00000) (1024K)]
  0x000001fbe9029bb0 JavaThread "http-nio-8080-exec-8"       daemon [_thread_blocked, id=24156, stack(0x000000ef93e00000,0x000000ef93f00000) (1024K)]
  0x000001fbe9026dc0 JavaThread "http-nio-8080-exec-9"       daemon [_thread_blocked, id=24160, stack(0x000000ef93f00000,0x000000ef94000000) (1024K)]
  0x000001fbe9029520 JavaThread "http-nio-8080-exec-10"      daemon [_thread_blocked, id=24164, stack(0x000000ef94000000,0x000000ef94100000) (1024K)]
  0x000001fbe9026730 JavaThread "http-nio-8080-Poller"       daemon [_thread_in_native, id=24168, stack(0x000000ef94100000,0x000000ef94200000) (1024K)]
  0x000001fbe902a240 JavaThread "http-nio-8080-Acceptor"     daemon [_thread_in_native, id=24172, stack(0x000000ef94200000,0x000000ef94300000) (1024K)]
  0x000001fbe9028800 JavaThread "DestroyJavaVM"                     [_thread_blocked, id=9896, stack(0x000000ef90f00000,0x000000ef91000000) (1024K)]
Total: 28

Other Threads:
  0x000001fb9d42bdf0 VMThread "VM Thread"                           [id=23236, stack(0x000000ef91700000,0x000000ef91800000) (1024K)]
  0x000001fb9d4137e0 WatcherThread "VM Periodic Task Thread"        [id=18216, stack(0x000000ef91600000,0x000000ef91700000) (1024K)]
  0x000001fbfd7bc070 WorkerThread "GC Thread#0"                     [id=19960, stack(0x000000ef91100000,0x000000ef91200000) (1024K)]
  0x000001fb9d42a490 WorkerThread "GC Thread#1"                     [id=23176, stack(0x000000ef92400000,0x000000ef92500000) (1024K)]
  0x000001fb9d42b310 WorkerThread "GC Thread#2"                     [id=2432, stack(0x000000ef92500000,0x000000ef92600000) (1024K)]
  0x000001fb9d42a830 WorkerThread "GC Thread#3"                     [id=7664, stack(0x000000ef92600000,0x000000ef92700000) (1024K)]
  0x000001fb9d42b6b0 WorkerThread "GC Thread#4"                     [id=21708, stack(0x000000ef92700000,0x000000ef92800000) (1024K)]
  0x000001fb9d42af70 WorkerThread "GC Thread#5"                     [id=8808, stack(0x000000ef92800000,0x000000ef92900000) (1024K)]
  0x000001fbe3c3fdd0 WorkerThread "GC Thread#6"                     [id=18720, stack(0x000000ef92a00000,0x000000ef92b00000) (1024K)]
  0x000001fbe3c40170 WorkerThread "GC Thread#7"                     [id=8264, stack(0x000000ef92b00000,0x000000ef92c00000) (1024K)]
  0x000001fbe3c40510 WorkerThread "GC Thread#8"                     [id=5732, stack(0x000000ef92c00000,0x000000ef92d00000) (1024K)]
  0x000001fbe3c40c50 WorkerThread "GC Thread#9"                     [id=7420, stack(0x000000ef92e00000,0x000000ef92f00000) (1024K)]
  0x000001fbfd7ccc10 ConcurrentGCThread "G1 Main Marker"            [id=6900, stack(0x000000ef91200000,0x000000ef91300000) (1024K)]
  0x000001fbfd7cd870 WorkerThread "G1 Conc#0"                       [id=14544, stack(0x000000ef91300000,0x000000ef91400000) (1024K)]
  0x000001fbe3c41730 WorkerThread "G1 Conc#1"                       [id=20820, stack(0x000000ef92f00000,0x000000ef93000000) (1024K)]
  0x000001fbe514b6e0 WorkerThread "G1 Conc#2"                       [id=19328, stack(0x000000ef93000000,0x000000ef93100000) (1024K)]
  0x000001fbfd80eb60 ConcurrentGCThread "G1 Refine#0"               [id=23408, stack(0x000000ef91400000,0x000000ef91500000) (1024K)]
  0x000001fb9d2e13c0 ConcurrentGCThread "G1 Service"                [id=23220, stack(0x000000ef91500000,0x000000ef91600000) (1024K)]
Total: 18

Threads with active compile tasks:
C2 CompilerThread0  5697531 9465       4       com.fasterxml.jackson.core.json.UTF8JsonGenerator::writeString (115 bytes)
Total: 1

VM state: not at safepoint (normal execution)

VM Mutex/Monitor currently owned by a thread: None

Heap address: 0x0000000704400000, size: 4028 MB, Compressed Oops mode: Zero based, Oop shift amount: 3

CDS archive(s) mapped at: [0x000001fb9e000000-0x000001fb9ec90000-0x000001fb9ec90000), size 13172736, SharedBaseAddress: 0x000001fb9e000000, ArchiveRelocationMode: 1.
Compressed class space mapped at: 0x000001fb9f000000-0x000001fbdf000000, reserved size: 1073741824
Narrow klass base: 0x000001fb9e000000, Narrow klass shift: 0, Narrow klass range: 0x100000000

GC Precious Log:
 CardTable entry size: 512
 Card Set container configuration: InlinePtr #cards 4 size 8 Array Of Cards #cards 16 size 48 Howl #buckets 8 coarsen threshold 3686 Howl Bitmap #cards 512 size 80 coarsen threshold 460 Card regions per heap region 1 cards per card region 4096
 CPUs: 12 total, 12 available
 Memory: 16108M
 Large Page Support: Disabled
 NUMA Support: Disabled
 Compressed Oops: Enabled (Zero based)
 Heap Region Size: 2M
 Heap Min Capacity: 8M
 Heap Initial Capacity: 252M
 Heap Max Capacity: 4028M
 Pre-touch: Disabled
 Parallel Workers: 10
 Concurrent Workers: 3
 Concurrent Refinement Workers: 10
 Periodic GC: Disabled

Heap:
 garbage-first heap   total 98304K, used 64817K [0x0000000704400000, 0x0000000800000000)
  region size 2048K, 20 young (40960K), 4 survivors (8192K)
 Metaspace       used 80398K, committed 81216K, reserved 1179648K
  class space    used 10732K, committed 11136K, reserved 1048576K

Heap Regions: E=young(eden), S=young(survivor), O=old, HS=humongous(starts), HC=humongous(continues), CS=collection set, F=free, TAMS=top-at-mark-start, PB=parsable bottom
|   0|0x0000000704400000, 0x0000000704600000, 0x0000000704600000|100%| O|  |TAMS 0x0000000704400000| PB 0x0000000704400000| Untracked 
|   1|0x0000000704600000, 0x0000000704800000, 0x0000000704800000|100%| O|  |TAMS 0x0000000704600000| PB 0x0000000704600000| Untracked 
|   2|0x0000000704800000, 0x0000000704a00000, 0x0000000704a00000|100%| O|  |TAMS 0x0000000704800000| PB 0x0000000704800000| Untracked 
|   3|0x0000000704a00000, 0x0000000704c00000, 0x0000000704c00000|100%| O|  |TAMS 0x0000000704a00000| PB 0x0000000704a00000| Untracked 
|   4|0x0000000704c00000, 0x0000000704e00000, 0x0000000704e00000|100%| O|  |TAMS 0x0000000704c00000| PB 0x0000000704c00000| Untracked 
|   5|0x0000000704e00000, 0x0000000705000000, 0x0000000705000000|100%| O|  |TAMS 0x0000000704e00000| PB 0x0000000704e00000| Untracked 
|   6|0x0000000705000000, 0x0000000705200000, 0x0000000705200000|100%| O|  |TAMS 0x0000000705000000| PB 0x0000000705000000| Untracked 
|   7|0x0000000705200000, 0x0000000705400000, 0x0000000705400000|100%| O|  |TAMS 0x0000000705200000| PB 0x0000000705200000| Untracked 
|   8|0x0000000705400000, 0x0000000705600000, 0x0000000705600000|100%| O|  |TAMS 0x0000000705400000| PB 0x0000000705400000| Untracked 
|   9|0x0000000705600000, 0x00000007057a19c0, 0x0000000705800000| 81%| O|  |TAMS 0x0000000705600000| PB 0x0000000705600000| Untracked 
|  10|0x0000000705800000, 0x0000000705a00000, 0x0000000705a00000|100%| O|  |TAMS 0x0000000705800000| PB 0x0000000705800000| Untracked 
|  11|0x0000000705a00000, 0x0000000705c00000, 0x0000000705c00000|100%| O|  |TAMS 0x0000000705a00000| PB 0x0000000705a00000| Untracked 
|  12|0x0000000705c00000, 0x0000000705e00000, 0x0000000705e00000|100%| O|  |TAMS 0x0000000705c00000| PB 0x0000000705c00000| Untracked 
|  13|0x0000000705e00000, 0x0000000705e00000, 0x0000000706000000|  0%| F|  |TAMS 0x0000000705e00000| PB 0x0000000705e00000| Untracked 
|  14|0x0000000706000000, 0x0000000706000000, 0x0000000706200000|  0%| F|  |TAMS 0x0000000706000000| PB 0x0000000706000000| Untracked 
|  15|0x0000000706200000, 0x0000000706200000, 0x0000000706400000|  0%| F|  |TAMS 0x0000000706200000| PB 0x0000000706200000| Untracked 
|  16|0x0000000706400000, 0x0000000706400000, 0x0000000706600000|  0%| F|  |TAMS 0x0000000706400000| PB 0x0000000706400000| Untracked 
|  17|0x0000000706600000, 0x0000000706600000, 0x0000000706800000|  0%| F|  |TAMS 0x0000000706600000| PB 0x0000000706600000| Untracked 
|  18|0x0000000706800000, 0x0000000706800000, 0x0000000706a00000|  0%| F|  |TAMS 0x0000000706800000| PB 0x0000000706800000| Untracked 
|  19|0x0000000706a00000, 0x0000000706baab30, 0x0000000706c00000| 83%| S|CS|TAMS 0x0000000706a00000| PB 0x0000000706a00000| Complete 
|  20|0x0000000706c00000, 0x0000000706e00000, 0x0000000706e00000|100%| S|CS|TAMS 0x0000000706c00000| PB 0x0000000706c00000| Complete 
|  21|0x0000000706e00000, 0x0000000707000000, 0x0000000707000000|100%| S|CS|TAMS 0x0000000706e00000| PB 0x0000000706e00000| Complete 
|  22|0x0000000707000000, 0x0000000707200000, 0x0000000707200000|100%| S|CS|TAMS 0x0000000707000000| PB 0x0000000707000000| Complete 
|  23|0x0000000707200000, 0x0000000707200000, 0x0000000707400000|  0%| F|  |TAMS 0x0000000707200000| PB 0x0000000707200000| Untracked 
|  24|0x0000000707400000, 0x0000000707400000, 0x0000000707600000|  0%| F|  |TAMS 0x0000000707400000| PB 0x0000000707400000| Untracked 
|  25|0x0000000707600000, 0x0000000707600000, 0x0000000707800000|  0%| F|  |TAMS 0x0000000707600000| PB 0x0000000707600000| Untracked 
|  26|0x0000000707800000, 0x0000000707800000, 0x0000000707a00000|  0%| F|  |TAMS 0x0000000707800000| PB 0x0000000707800000| Untracked 
|  27|0x0000000707a00000, 0x0000000707a00000, 0x0000000707c00000|  0%| F|  |TAMS 0x0000000707a00000| PB 0x0000000707a00000| Untracked 
|  28|0x0000000707c00000, 0x0000000707c00000, 0x0000000707e00000|  0%| F|  |TAMS 0x0000000707c00000| PB 0x0000000707c00000| Untracked 
|  29|0x0000000707e00000, 0x0000000707e00000, 0x0000000708000000|  0%| F|  |TAMS 0x0000000707e00000| PB 0x0000000707e00000| Untracked 
|  30|0x0000000708000000, 0x0000000708000000, 0x0000000708200000|  0%| F|  |TAMS 0x0000000708000000| PB 0x0000000708000000| Untracked 
|  31|0x0000000708200000, 0x0000000708200000, 0x0000000708400000|  0%| F|  |TAMS 0x0000000708200000| PB 0x0000000708200000| Untracked 
|  32|0x0000000708400000, 0x0000000708552010, 0x0000000708600000| 66%| E|  |TAMS 0x0000000708400000| PB 0x0000000708400000| Complete 
|  33|0x0000000708600000, 0x0000000708800000, 0x0000000708800000|100%| E|CS|TAMS 0x0000000708600000| PB 0x0000000708600000| Complete 
|  34|0x0000000708800000, 0x0000000708a00000, 0x0000000708a00000|100%| E|CS|TAMS 0x0000000708800000| PB 0x0000000708800000| Complete 
|  35|0x0000000708a00000, 0x0000000708c00000, 0x0000000708c00000|100%| E|CS|TAMS 0x0000000708a00000| PB 0x0000000708a00000| Complete 
|  36|0x0000000708c00000, 0x0000000708e00000, 0x0000000708e00000|100%| E|CS|TAMS 0x0000000708c00000| PB 0x0000000708c00000| Complete 
|  37|0x0000000708e00000, 0x0000000709000000, 0x0000000709000000|100%| E|CS|TAMS 0x0000000708e00000| PB 0x0000000708e00000| Complete 
|  38|0x0000000709000000, 0x0000000709200000, 0x0000000709200000|100%| E|CS|TAMS 0x0000000709000000| PB 0x0000000709000000| Complete 
|  39|0x0000000709200000, 0x0000000709400000, 0x0000000709400000|100%| E|CS|TAMS 0x0000000709200000| PB 0x0000000709200000| Complete 
|  40|0x0000000709400000, 0x0000000709600000, 0x0000000709600000|100%| E|CS|TAMS 0x0000000709400000| PB 0x0000000709400000| Complete 
|  41|0x0000000709600000, 0x0000000709800000, 0x0000000709800000|100%| E|CS|TAMS 0x0000000709600000| PB 0x0000000709600000| Complete 
| 100|0x0000000710c00000, 0x0000000710e00000, 0x0000000710e00000|100%| E|CS|TAMS 0x0000000710c00000| PB 0x0000000710c00000| Complete 
| 101|0x0000000710e00000, 0x0000000711000000, 0x0000000711000000|100%| E|CS|TAMS 0x0000000710e00000| PB 0x0000000710e00000| Complete 
| 102|0x0000000711000000, 0x0000000711200000, 0x0000000711200000|100%| E|CS|TAMS 0x0000000711000000| PB 0x0000000711000000| Complete 
| 103|0x0000000711200000, 0x0000000711400000, 0x0000000711400000|100%| E|CS|TAMS 0x0000000711200000| PB 0x0000000711200000| Complete 
| 124|0x0000000713c00000, 0x0000000713e00000, 0x0000000713e00000|100%| E|CS|TAMS 0x0000000713c00000| PB 0x0000000713c00000| Complete 
| 125|0x0000000713e00000, 0x0000000714000000, 0x0000000714000000|100%| E|CS|TAMS 0x0000000713e00000| PB 0x0000000713e00000| Complete 

Card table byte_map: [0x000001fbfecf0000,0x000001fbff4d0000] _byte_map_base: 0x000001fbfb4ce000

Marking Bits: (CMBitMap*) 0x000001fbfd7bc770
 Bits: [0x000001fb97390000, 0x000001fb9b280000)

Polling page: 0x000001fbfbf30000

Metaspace:

Usage:
  Non-class:     68.03 MB used.
      Class:     10.48 MB used.
       Both:     78.51 MB used.

Virtual space:
  Non-class space:      128.00 MB reserved,      68.44 MB ( 53%) committed,  2 nodes.
      Class space:        1.00 GB reserved,      10.88 MB (  1%) committed,  1 nodes.
             Both:        1.12 GB reserved,      79.31 MB (  7%) committed. 

Chunk freelists:
   Non-Class:  11.27 MB
       Class:  5.10 MB
        Both:  16.36 MB

MaxMetaspaceSize: unlimited
CompressedClassSpaceSize: 1.00 GB
Initial GC threshold: 21.00 MB
Current GC threshold: 99.00 MB
CDS: on
 - commit_granule_bytes: 65536.
 - commit_granule_words: 8192.
 - virtual_space_node_default_size: 8388608.
 - enlarge_chunks_in_place: 1.
 - use_allocation_guard: 0.


Internal statistics:

num_allocs_failed_limit: 12.
num_arena_births: 1198.
num_arena_deaths: 0.
num_vsnodes_births: 3.
num_vsnodes_deaths: 0.
num_space_committed: 1268.
num_space_uncommitted: 0.
num_chunks_returned_to_freelist: 12.
num_chunks_taken_from_freelist: 4114.
num_chunk_merges: 9.
num_chunk_splits: 3015.
num_chunks_enlarged: 2366.
num_inconsistent_stats: 0.

CodeHeap 'non-profiled nmethods': size=120000Kb used=5957Kb max_used=5957Kb free=114042Kb
 bounds [0x000001fb8fe60000, 0x000001fb90440000, 0x000001fb97390000]
CodeHeap 'profiled nmethods': size=120000Kb used=16937Kb max_used=16937Kb free=103062Kb
 bounds [0x000001fb88390000, 0x000001fb89420000, 0x000001fb8f8c0000]
CodeHeap 'non-nmethods': size=5760Kb used=1699Kb max_used=1730Kb free=4060Kb
 bounds [0x000001fb8f8c0000, 0x000001fb8fb30000, 0x000001fb8fe60000]
 total_blobs=9474 nmethods=8743 adapters=632
 compilation: enabled
              stopped_count=0, restarted_count=0
 full_count=0

Compilation events (20 events):
Event: 5694.384 Thread 0x000001fb9d45a780 nmethod 9457 0x000001fb89413290 code [0x000001fb89413460, 0x000001fb89413868]
Event: 5694.384 Thread 0x000001fb9d45a780 9455       3       org.springframework.web.util.ServletRequestPathUtils$ServletRequestPath::parse (75 bytes)
Event: 5694.388 Thread 0x000001fb9d45a780 nmethod 9455 0x000001fb89413a10 code [0x000001fb89413d00, 0x000001fb89414c38]
Event: 5694.388 Thread 0x000001fb9d45a780 9456       3       org.springframework.web.util.ServletRequestPathUtils$ServletRequestPath::getServletPathPrefix (104 bytes)
Event: 5694.389 Thread 0x000001fb9d457ab0 9458       4       org.springframework.core.annotation.MissingMergedAnnotation::withNonMergedAttributes (2 bytes)
Event: 5694.389 Thread 0x000001fb9d457ab0 nmethod 9458 0x000001fb90430d90 code [0x000001fb90430f20, 0x000001fb90430fa8]
Event: 5694.393 Thread 0x000001fb9d45a780 nmethod 9456 0x000001fb89415090 code [0x000001fb89415360, 0x000001fb89416120]
Event: 5694.397 Thread 0x000001fb9d457ab0 9459       4       org.hibernate.type.descriptor.jdbc.VarcharJdbcType$2::doExtract (18 bytes)
Event: 5694.397 Thread 0x000001fb9d45a780 9460       3       java.lang.Long::hashCode (8 bytes)
Event: 5694.398 Thread 0x000001fb9d45a780 nmethod 9460 0x000001fb89416590 code [0x000001fb89416720, 0x000001fb89416818]
Event: 5694.400 Thread 0x000001fb9d45a780 9461       3       com.mysql.cj.NativeSession::getQueryComment (89 bytes)
Event: 5694.411 Thread 0x000001fb9d45a780 nmethod 9461 0x000001fb89416890 code [0x000001fb89416b60, 0x000001fb89417df8]
Event: 5694.411 Thread 0x000001fb9d45a780 9463       3       com.mysql.cj.NativeQueryAttributesBindings$$Lambda/0x000001fb9f4aea90::<init> (10 bytes)
Event: 5694.411 Thread 0x000001fb9d45a780 nmethod 9463 0x000001fb89418310 code [0x000001fb894184c0, 0x000001fb89418680]
Event: 5694.411 Thread 0x000001fb9d45a780 9464       3       com.mysql.cj.protocol.a.NativePacketPayload::setTag (34 bytes)
Event: 5694.412 Thread 0x000001fb9d45a780 nmethod 9464 0x000001fb89418710 code [0x000001fb89418900, 0x000001fb89418ef0]
Event: 5694.412 Thread 0x000001fb9d45a780 9462       3       com.mysql.cj.NativeQueryAttributesBindings::removeAttribute (48 bytes)
Event: 5694.415 Thread 0x000001fb9d457ab0 nmethod 9459 0x000001fb90431090 code [0x000001fb90431260, 0x000001fb90431488]
Event: 5694.415 Thread 0x000001fb9d457ab0 9465       4       com.fasterxml.jackson.core.json.UTF8JsonGenerator::writeString (115 bytes)
Event: 5694.417 Thread 0x000001fb9d45a780 nmethod 9462 0x000001fb89419110 code [0x000001fb894193c0, 0x000001fb8941a160]

GC Heap History (20 events):
Event: 1.617 GC heap before
{Heap before GC invocations=1 (full 0):
 garbage-first heap   total 258048K, used 32056K [0x0000000704400000, 0x0000000800000000)
  region size 2048K, 14 young (28672K), 2 survivors (4096K)
 Metaspace       used 11918K, committed 12160K, reserved 1114112K
  class space    used 1554K, committed 1664K, reserved 1048576K
}
Event: 1.621 GC heap after
{Heap after GC invocations=2 (full 0):
 garbage-first heap   total 258048K, used 9592K [0x0000000704400000, 0x0000000800000000)
  region size 2048K, 1 young (2048K), 1 survivors (2048K)
 Metaspace       used 11918K, committed 12160K, reserved 1114112K
  class space    used 1554K, committed 1664K, reserved 1048576K
}
Event: 2.254 GC heap before
{Heap before GC invocations=2 (full 0):
 garbage-first heap   total 258048K, used 48504K [0x0000000704400000, 0x0000000800000000)
  region size 2048K, 22 young (45056K), 1 survivors (2048K)
 Metaspace       used 21158K, committed 21504K, reserved 1114112K
  class space    used 2673K, committed 2880K, reserved 1048576K
}
Event: 2.259 GC heap after
{Heap after GC invocations=3 (full 0):
 garbage-first heap   total 258048K, used 13857K [0x0000000704400000, 0x0000000800000000)
  region size 2048K, 4 young (8192K), 4 survivors (8192K)
 Metaspace       used 21158K, committed 21504K, reserved 1114112K
  class space    used 2673K, committed 2880K, reserved 1048576K
}
Event: 3.523 GC heap before
{Heap before GC invocations=4 (full 0):
 garbage-first heap   total 69632K, used 67105K [0x0000000704400000, 0x0000000800000000)
  region size 2048K, 30 young (61440K), 4 survivors (8192K)
 Metaspace       used 29348K, committed 29824K, reserved 1114112K
  class space    used 3831K, committed 4096K, reserved 1048576K
}
Event: 3.532 GC heap after
{Heap after GC invocations=5 (full 0):
 garbage-first heap   total 81920K, used 18545K [0x0000000704400000, 0x0000000800000000)
  region size 2048K, 6 young (12288K), 6 survivors (12288K)
 Metaspace       used 29348K, committed 29824K, reserved 1114112K
  class space    used 3831K, committed 4096K, reserved 1048576K
}
Event: 4.198 GC heap before
{Heap before GC invocations=5 (full 0):
 garbage-first heap   total 81920K, used 45169K [0x0000000704400000, 0x0000000800000000)
  region size 2048K, 20 young (40960K), 6 survivors (12288K)
 Metaspace       used 35439K, committed 35968K, reserved 1114112K
  class space    used 4516K, committed 4800K, reserved 1048576K
}
Event: 4.205 GC heap after
{Heap after GC invocations=6 (full 0):
 garbage-first heap   total 81920K, used 20917K [0x0000000704400000, 0x0000000800000000)
  region size 2048K, 2 young (4096K), 2 survivors (4096K)
 Metaspace       used 35439K, committed 35968K, reserved 1114112K
  class space    used 4516K, committed 4800K, reserved 1048576K
}
Event: 4.237 GC heap before
{Heap before GC invocations=6 (full 0):
 garbage-first heap   total 81920K, used 20917K [0x0000000704400000, 0x0000000800000000)
  region size 2048K, 3 young (6144K), 2 survivors (4096K)
 Metaspace       used 35772K, committed 36288K, reserved 1114112K
  class space    used 4562K, committed 4800K, reserved 1048576K
}
Event: 4.239 GC heap after
{Heap after GC invocations=7 (full 0):
 garbage-first heap   total 81920K, used 20678K [0x0000000704400000, 0x0000000800000000)
  region size 2048K, 2 young (4096K), 2 survivors (4096K)
 Metaspace       used 35772K, committed 36288K, reserved 1114112K
  class space    used 4562K, committed 4800K, reserved 1048576K
}
Event: 5.248 GC heap before
{Heap before GC invocations=8 (full 0):
 garbage-first heap   total 81920K, used 59590K [0x0000000704400000, 0x0000000800000000)
  region size 2048K, 21 young (43008K), 2 survivors (4096K)
 Metaspace       used 44027K, committed 44608K, reserved 1114112K
  class space    used 5599K, committed 5888K, reserved 1048576K
}
Event: 5.252 GC heap after
{Heap after GC invocations=9 (full 0):
 garbage-first heap   total 81920K, used 24564K [0x0000000704400000, 0x0000000800000000)
  region size 2048K, 3 young (6144K), 3 survivors (6144K)
 Metaspace       used 44027K, committed 44608K, reserved 1114112K
  class space    used 5599K, committed 5888K, reserved 1048576K
}
Event: 6.035 GC heap before
{Heap before GC invocations=9 (full 0):
 garbage-first heap   total 81920K, used 61428K [0x0000000704400000, 0x0000000800000000)
  region size 2048K, 22 young (45056K), 3 survivors (6144K)
 Metaspace       used 53928K, committed 54528K, reserved 1114112K
  class space    used 7054K, committed 7296K, reserved 1048576K
}
Event: 6.043 GC heap after
{Heap after GC invocations=10 (full 0):
 garbage-first heap   total 81920K, used 26522K [0x0000000704400000, 0x0000000800000000)
  region size 2048K, 2 young (4096K), 2 survivors (4096K)
 Metaspace       used 53928K, committed 54528K, reserved 1114112K
  class space    used 7054K, committed 7296K, reserved 1048576K
}
Event: 6.427 GC heap before
{Heap before GC invocations=10 (full 0):
 garbage-first heap   total 81920K, used 47002K [0x0000000704400000, 0x0000000800000000)
  region size 2048K, 13 young (26624K), 2 survivors (4096K)
 Metaspace       used 60181K, committed 60736K, reserved 1114112K
  class space    used 8092K, committed 8320K, reserved 1048576K
}
Event: 6.430 GC heap after
{Heap after GC invocations=11 (full 0):
 garbage-first heap   total 81920K, used 27384K [0x0000000704400000, 0x0000000800000000)
  region size 2048K, 2 young (4096K), 2 survivors (4096K)
 Metaspace       used 60181K, committed 60736K, reserved 1114112K
  class space    used 8092K, committed 8320K, reserved 1048576K
}
Event: 7.307 GC heap before
{Heap before GC invocations=12 (full 0):
 garbage-first heap   total 81920K, used 66296K [0x0000000704400000, 0x0000000800000000)
  region size 2048K, 21 young (43008K), 2 survivors (4096K)
 Metaspace       used 66746K, committed 67456K, reserved 1114112K
  class space    used 9025K, committed 9344K, reserved 1048576K
}
Event: 7.311 GC heap after
{Heap after GC invocations=13 (full 0):
 garbage-first heap   total 98304K, used 30437K [0x0000000704400000, 0x0000000800000000)
  region size 2048K, 3 young (6144K), 3 survivors (6144K)
 Metaspace       used 66746K, committed 67456K, reserved 1114112K
  class space    used 9025K, committed 9344K, reserved 1048576K
}
Event: 93.899 GC heap before
{Heap before GC invocations=13 (full 0):
 garbage-first heap   total 98304K, used 79589K [0x0000000704400000, 0x0000000800000000)
  region size 2048K, 28 young (57344K), 3 survivors (6144K)
 Metaspace       used 76695K, committed 77376K, reserved 1179648K
  class space    used 10414K, committed 10688K, reserved 1048576K
}
Event: 93.912 GC heap after
{Heap after GC invocations=14 (full 0):
 garbage-first heap   total 98304K, used 34097K [0x0000000704400000, 0x0000000800000000)
  region size 2048K, 4 young (8192K), 4 survivors (8192K)
 Metaspace       used 76695K, committed 77376K, reserved 1179648K
  class space    used 10414K, committed 10688K, reserved 1048576K
}

Dll operation events (14 events):
Event: 0.032 Loaded shared library C:\Users\tradi\.jdks\openjdk-21.0.2\bin\java.dll
Event: 0.085 Loaded shared library C:\Users\tradi\.jdks\openjdk-21.0.2\bin\jsvml.dll
Event: 0.166 Loaded shared library C:\Users\tradi\.jdks\openjdk-21.0.2\bin\zip.dll
Event: 0.168 Loaded shared library C:\Users\tradi\.jdks\openjdk-21.0.2\bin\instrument.dll
Event: 0.174 Loaded shared library C:\Users\tradi\.jdks\openjdk-21.0.2\bin\net.dll
Event: 0.175 Loaded shared library C:\Users\tradi\.jdks\openjdk-21.0.2\bin\nio.dll
Event: 0.178 Loaded shared library C:\Users\tradi\.jdks\openjdk-21.0.2\bin\zip.dll
Event: 0.344 Loaded shared library C:\Program Files\JetBrains\IntelliJ IDEA Community Edition 2023.3.2\bin\breakgen64.dll
Event: 0.356 Loaded shared library C:\Users\tradi\.jdks\openjdk-21.0.2\bin\extnet.dll
Event: 0.391 Loaded shared library C:\Users\tradi\.jdks\openjdk-21.0.2\bin\verify.dll
Event: 0.402 Loaded shared library C:\Users\tradi\.jdks\openjdk-21.0.2\bin\jimage.dll
Event: 2.293 Loaded shared library C:\Users\tradi\.jdks\openjdk-21.0.2\bin\sunmscapi.dll
Event: 3.741 Loaded shared library C:\Users\tradi\.jdks\openjdk-21.0.2\bin\management.dll
Event: 3.742 Loaded shared library C:\Users\tradi\.jdks\openjdk-21.0.2\bin\management_ext.dll

Deoptimization events (20 events):
Event: 4238.131 Thread 0x000001fbe5c95990 Uncommon trap: trap_request=0xffffffd6 fr.pc=0x000001fb90411c7c relative=0x0000000000001c7c
Event: 4238.131 Thread 0x000001fbe5c95990 Uncommon trap: reason=array_check action=maybe_recompile pc=0x000001fb90411c7c method=java.util.concurrent.ScheduledThreadPoolExecutor$DelayedWorkQueue.siftDown(ILjava/util/concurrent/RunnableScheduledFuture;)V @ 112 c2
Event: 4238.131 Thread 0x000001fbe5c95990 DEOPT PACKING pc=0x000001fb90411c7c sp=0x000000ef929fede0
Event: 4238.131 Thread 0x000001fbe5c95990 DEOPT UNPACKING pc=0x000001fb8f9146a2 sp=0x000000ef929fec98 mode 2
Event: 4239.133 Thread 0x000001fbe5c95990 Uncommon trap: trap_request=0xffffffd6 fr.pc=0x000001fb90416f5c relative=0x000000000000053c
Event: 4239.133 Thread 0x000001fbe5c95990 Uncommon trap: reason=array_check action=maybe_recompile pc=0x000001fb90416f5c method=java.util.concurrent.ScheduledThreadPoolExecutor$DelayedWorkQueue.siftDown(ILjava/util/concurrent/RunnableScheduledFuture;)V @ 112 c2
Event: 4239.133 Thread 0x000001fbe5c95990 DEOPT PACKING pc=0x000001fb90416f5c sp=0x000000ef929fece0
Event: 4239.133 Thread 0x000001fbe5c95990 DEOPT UNPACKING pc=0x000001fb8f9146a2 sp=0x000000ef929feca0 mode 2
Event: 4732.138 Thread 0x000001fbe5c95990 Uncommon trap: trap_request=0xffffff45 fr.pc=0x000001fb9041af74 relative=0x0000000000002b74
Event: 4732.140 Thread 0x000001fbe5c95990 Uncommon trap: reason=unstable_if action=reinterpret pc=0x000001fb9041af74 method=java.util.concurrent.ScheduledThreadPoolExecutor$ScheduledFutureTask.compareTo(Ljava/util/concurrent/Delayed;)I @ 40 c2
Event: 4732.142 Thread 0x000001fbe5c95990 DEOPT PACKING pc=0x000001fb9041af74 sp=0x000000ef929feea0
Event: 4732.145 Thread 0x000001fbe5c95990 DEOPT UNPACKING pc=0x000001fb8f9146a2 sp=0x000000ef929feba0 mode 2
Event: 4785.132 Thread 0x000001fbe5c96000 Uncommon trap: trap_request=0xffffff45 fr.pc=0x000001fb9030f16c relative=0x00000000000000cc
Event: 4785.132 Thread 0x000001fbe5c96000 Uncommon trap: reason=unstable_if action=reinterpret pc=0x000001fb9030f16c method=java.util.concurrent.ScheduledThreadPoolExecutor$ScheduledFutureTask.compareTo(Ljava/util/concurrent/Delayed;)I @ 40 c2
Event: 4785.145 Thread 0x000001fbe5c96000 DEOPT PACKING pc=0x000001fb9030f16c sp=0x000000ef931feb40
Event: 4785.150 Thread 0x000001fbe5c96000 DEOPT UNPACKING pc=0x000001fb8f9146a2 sp=0x000000ef931feac8 mode 2
Event: 5384.138 Thread 0x000001fbe5c95990 Uncommon trap: trap_request=0xffffffbe fr.pc=0x000001fb904254a4 relative=0x0000000000000364
Event: 5384.139 Thread 0x000001fbe5c95990 Uncommon trap: reason=profile_predicate action=maybe_recompile pc=0x000001fb904254a4 method=java.util.concurrent.ConcurrentHashMap$Traverser.advance()Ljava/util/concurrent/ConcurrentHashMap$Node; @ 15 c2
Event: 5384.140 Thread 0x000001fbe5c95990 DEOPT PACKING pc=0x000001fb904254a4 sp=0x000000ef929fede0
Event: 5384.141 Thread 0x000001fbe5c95990 DEOPT UNPACKING pc=0x000001fb8f9146a2 sp=0x000000ef929feb98 mode 2

Classes loaded (20 events):
Event: 94.148 Loading class java/util/stream/ReferencePipeline$4$1
Event: 94.148 Loading class java/util/stream/ReferencePipeline$4$1 done
Event: 2029.059 Loading class java/security/InvalidKeyException
Event: 2029.083 Loading class java/security/KeyException
Event: 2029.092 Loading class java/security/KeyException done
Event: 2029.092 Loading class java/security/InvalidKeyException done
Event: 2029.101 Loading class java/security/SignatureException
Event: 2029.108 Loading class java/security/SignatureException done
Event: 2029.111 Loading class java/security/spec/InvalidKeySpecException
Event: 2029.119 Loading class java/security/spec/InvalidKeySpecException done
Event: 2029.122 Loading class javax/crypto/NoSuchPaddingException
Event: 2029.128 Loading class javax/crypto/NoSuchPaddingException done
Event: 2029.130 Loading class javax/crypto/IllegalBlockSizeException
Event: 2029.138 Loading class javax/crypto/IllegalBlockSizeException done
Event: 2029.142 Loading class javax/crypto/BadPaddingException
Event: 2029.144 Loading class javax/crypto/BadPaddingException done
Event: 2029.151 Loading class javax/net/ssl/SSLSocket
Event: 2029.294 Loading class javax/net/ssl/SSLSocket done
Event: 5502.489 Loading class sun/net/ConnectionResetException
Event: 5502.506 Loading class sun/net/ConnectionResetException done

Classes unloaded (0 events):
No events

Classes redefined (0 events):
No events

Internal exceptions (20 events):
Event: 7.950 Thread 0x000001fbfbcfe710 Exception <a 'java/lang/NoSuchMethodError'{0x0000000708d9de60}: 'int java.lang.invoke.DirectMethodHandle$Holder.invokeStaticInit(java.lang.Object, java.lang.Object, java.lang.Object, java.lang.Object)'> (0x0000000708d9de60) 
thrown [s\open\src\hotspot\share\interpreter\linkResolver.cpp, line 773]
Event: 7.987 Thread 0x000001fbfbcfe710 Exception <a 'java/lang/NoSuchMethodError'{0x0000000708adc1a0}: 'java.lang.Object java.lang.invoke.Invokers$Holder.invoke_MT(java.lang.Object, java.lang.Object, java.lang.Object, java.lang.Object, java.lang.Object, java.lang.Object, java.lang.Object, java.lang.Object, java.lang.Object)'> (0x0000000708adc1a0) 
thrown [s\open\src\hotspot\share\interpreter\linkResolver.cpp, line 773]
Event: 8.010 Thread 0x000001fbfbcfe710 Exception <a 'java/lang/IncompatibleClassChangeError'{0x0000000708b968b8}: Found class java.lang.Object, but interface was expected> (0x0000000708b968b8) 
thrown [s\open\src\hotspot\share\interpreter\linkResolver.cpp, line 840]
Event: 8.045 Thread 0x000001fbfbcfe710 Exception <a 'java/lang/NoSuchMethodError'{0x00000007088ed4a8}: 'java.lang.Object java.lang.invoke.Invokers$Holder.invoke_MT(java.lang.Object, java.lang.Object, java.lang.Object, java.lang.Object, java.lang.Object, java.lang.Object, java.lang.Object, java.lang.Object, java.lang.Object, java.lang.Object, java.lang.Object)'> (0x00000007088ed4a8) 
thrown [s\open\src\hotspot\share\interpreter\linkResolver.cpp, line 773]
Event: 8.100 Thread 0x000001fbfbcfe710 Exception <a 'java/lang/NoSuchMethodError'{0x0000000708780c78}: 'java.lang.Object java.lang.invoke.DirectMethodHandle$Holder.newInvokeSpecial(java.lang.Object, java.lang.Object, int, java.lang.Object, java.lang.Object)'> (0x0000000708780c78) 
thrown [s\open\src\hotspot\share\interpreter\linkResolver.cpp, line 773]
Event: 93.460 Thread 0x000001fbe6081a10 Exception <a 'java/lang/NoSuchMethodError'{0x000000070810d808}: 'java.lang.Object java.lang.invoke.DirectMethodHandle$Holder.invokeSpecial(java.lang.Object, java.lang.Object, java.lang.Object, java.lang.Object, java.lang.Object, long)'> (0x000000070810d808) 
thrown [s\open\src\hotspot\share\interpreter\linkResolver.cpp, line 773]
Event: 93.460 Thread 0x000001fbe6081a10 Exception <a 'java/lang/NoSuchMethodError'{0x0000000708110f80}: 'java.lang.Object java.lang.invoke.Invokers$Holder.linkToTargetMethod(java.lang.Object, java.lang.Object, java.lang.Object, long, java.lang.Object)'> (0x0000000708110f80) 
thrown [s\open\src\hotspot\share\interpreter\linkResolver.cpp, line 773]
Event: 93.806 Thread 0x000001fbe6081a10 Exception <a 'java/lang/NoSuchMethodError'{0x0000000707535dc0}: 'void java.lang.invoke.DirectMethodHandle$Holder.invokeSpecialIFC(java.lang.Object, java.lang.Object, int, java.lang.Object, java.lang.Object, java.lang.Object, java.lang.Object)'> (0x0000000707535dc0) 
thrown [s\open\src\hotspot\share\interpreter\linkResolver.cpp, line 773]
Event: 94.221 Thread 0x000001fbe6083450 Exception <a 'java/lang/IncompatibleClassChangeError'{0x0000000713df9460}: Found class java.lang.Object, but interface was expected> (0x0000000713df9460) 
thrown [s\open\src\hotspot\share\interpreter\linkResolver.cpp, line 840]
Event: 94.233 Thread 0x000001fbe6083450 Exception <a 'java/lang/IncompatibleClassChangeError'{0x000000071122c5c8}: Found class java.lang.Object, but interface was expected> (0x000000071122c5c8) 
thrown [s\open\src\hotspot\share\interpreter\linkResolver.cpp, line 840]
Event: 1338.865 Thread 0x000001fbe9026dc0 Exception <a 'java/lang/NoSuchMethodError'{0x0000000710c35990}: 'int java.lang.invoke.DirectMethodHandle$Holder.invokeStatic(java.lang.Object, java.lang.Object, int, int)'> (0x0000000710c35990) 
thrown [s\open\src\hotspot\share\interpreter\linkResolver.cpp, line 773]
Event: 1583.702 Thread 0x000001fbe6080660 Implicit null exception at 0x000001fb9030d0c1 to 0x000001fb9030d22c
Event: 1626.790 Thread 0x000001fbe6083ae0 Exception <a 'java/lang/NoSuchMethodError'{0x00000007097f9060}: 'java.lang.Object java.lang.invoke.DirectMethodHandle$Holder.invokeInterface(java.lang.Object, java.lang.Object, java.lang.Object, java.lang.Object, java.lang.Object)'> (0x00000007097f9060) 
thrown [s\open\src\hotspot\share\interpreter\linkResolver.cpp, line 773]
Event: 1626.968 Thread 0x000001fbe6083ae0 Exception <a 'java/lang/NoSuchMethodError'{0x0000000709494a68}: 'int java.lang.invoke.DirectMethodHandle$Holder.invokeStatic(java.lang.Object, java.lang.Object, int, java.lang.Object)'> (0x0000000709494a68) 
thrown [s\open\src\hotspot\share\interpreter\linkResolver.cpp, line 773]
Event: 5384.138 Thread 0x000001fbe5c95990 Implicit null exception at 0x000001fb904251ce to 0x000001fb90425488
Event: 5502.514 Thread 0x000001fb9d82bc90 Exception <a 'sun/net/ConnectionResetException'{0x000000070868de88}: Connection reset> (0x000000070868de88) 
thrown [s\open\src\hotspot\share\prims\jni.cpp, line 539]
Event: 5631.626 Thread 0x000001fbe9029520 Exception <a 'java/io/IOException'{0x00000007084ae908}> (0x00000007084ae908) 
thrown [s\open\src\hotspot\share\prims\jni.cpp, line 520]
Event: 5631.988 Thread 0x000001fbe6082730 Exception <a 'java/io/IOException'{0x00000007084c53d8}> (0x00000007084c53d8) 
thrown [s\open\src\hotspot\share\prims\jni.cpp, line 520]
Event: 5637.572 Thread 0x000001fbe9026dc0 Exception <a 'java/io/IOException'{0x00000007084e2918}> (0x00000007084e2918) 
thrown [s\open\src\hotspot\share\prims\jni.cpp, line 520]
Event: 5694.393 Thread 0x000001fbe60820a0 Exception <a 'java/io/IOException'{0x0000000708524b10}> (0x0000000708524b10) 
thrown [s\open\src\hotspot\share\prims\jni.cpp, line 520]

ZGC Phase Switch (0 events):
No events

VM Operations (20 events):
Event: 4248.200 Executing VM operation: HandshakeAllThreads (HandshakeForDeflation)
Event: 4248.201 Executing VM operation: HandshakeAllThreads (HandshakeForDeflation) done
Event: 4248.201 Executing VM operation: RendezvousGCThreads
Event: 4248.201 Executing VM operation: RendezvousGCThreads done
Event: 4541.565 Executing VM operation: Cleanup
Event: 4541.568 Executing VM operation: Cleanup done
Event: 4741.284 Executing VM operation: Cleanup
Event: 4741.300 Executing VM operation: Cleanup done
Event: 4743.311 Executing VM operation: Cleanup
Event: 4743.312 Executing VM operation: Cleanup done
Event: 5565.320 Executing VM operation: Cleanup
Event: 5565.322 Executing VM operation: Cleanup done
Event: 5567.334 Executing VM operation: Cleanup
Event: 5567.334 Executing VM operation: Cleanup done
Event: 5631.949 Executing VM operation: Cleanup
Event: 5631.949 Executing VM operation: Cleanup done
Event: 5632.959 Executing VM operation: Cleanup
Event: 5632.959 Executing VM operation: Cleanup done
Event: 5638.000 Executing VM operation: Cleanup
Event: 5638.000 Executing VM operation: Cleanup done

Events (20 events):
Event: 3816.914 Thread 0x000001fbe9027ae0 Thread added: 0x000001fbe9027ae0
Event: 3825.632 Thread 0x000001fbe9027450 Thread exited: 0x000001fbe9027450
Event: 3825.679 Thread 0x000001fbe9027ae0 Thread exited: 0x000001fbe9027ae0
Event: 5502.547 Thread 0x000001fb9d82bc90 Thread exited: 0x000001fb9d82bc90
Event: 5564.859 Thread 0x000001fbe9028170 Thread added: 0x000001fbe9028170
Event: 5565.190 Thread 0x000001fbe9028e90 Thread added: 0x000001fbe9028e90
Event: 5579.399 Thread 0x000001fbe9028170 Thread exited: 0x000001fbe9028170
Event: 5579.460 Thread 0x000001fbe9028e90 Thread exited: 0x000001fbe9028e90
Event: 5584.718 Thread 0x000001fbe9028e90 Thread added: 0x000001fbe9028e90
Event: 5584.723 Thread 0x000001fbe9027450 Thread added: 0x000001fbe9027450
Event: 5592.925 Thread 0x000001fbe9028e90 Thread exited: 0x000001fbe9028e90
Event: 5592.970 Thread 0x000001fbe9027450 Thread exited: 0x000001fbe9027450
Event: 5593.272 Thread 0x000001fbe9027450 Thread added: 0x000001fbe9027450
Event: 5593.276 Thread 0x000001fbe902af60 Thread added: 0x000001fbe902af60
Event: 5598.281 Thread 0x000001fbe9027450 Thread exited: 0x000001fbe9027450
Event: 5598.344 Thread 0x000001fbe902af60 Thread exited: 0x000001fbe902af60
Event: 5603.486 Thread 0x000001fbe9028170 Thread added: 0x000001fbe9028170
Event: 5603.491 Thread 0x000001fbe9027450 Thread added: 0x000001fbe9027450
Event: 5608.499 Thread 0x000001fbe9028170 Thread exited: 0x000001fbe9028170
Event: 5608.561 Thread 0x000001fbe9027450 Thread exited: 0x000001fbe9027450


Dynamic libraries:
0x00007ff75f760000 - 0x00007ff75f76e000 	C:\Users\tradi\.jdks\openjdk-21.0.2\bin\java.exe
0x00007ff964f40000 - 0x00007ff9651a3000 	C:\WINDOWS\SYSTEM32\ntdll.dll
0x00007ff9642f0000 - 0x00007ff9643b7000 	C:\WINDOWS\System32\KERNEL32.DLL
0x00007ff9625b0000 - 0x00007ff962977000 	C:\WINDOWS\System32\KERNELBASE.dll
0x00007ff962c30000 - 0x00007ff962d7c000 	C:\WINDOWS\System32\ucrtbase.dll
0x00007ff953d90000 - 0x00007ff953da8000 	C:\Users\tradi\.jdks\openjdk-21.0.2\bin\jli.dll
0x00007ff963b30000 - 0x00007ff963cf9000 	C:\WINDOWS\System32\USER32.dll
0x00007ff9558b0000 - 0x00007ff9558cb000 	C:\Users\tradi\.jdks\openjdk-21.0.2\bin\VCRUNTIME140.dll
0x00007ff9551d0000 - 0x00007ff955460000 	C:\WINDOWS\WinSxS\amd64_microsoft.windows.common-controls_6595b64144ccf1df_6.0.26100.3037_none_3e09262ce333c378\COMCTL32.dll
0x00007ff964400000 - 0x00007ff9644a9000 	C:\WINDOWS\System32\msvcrt.dll
0x00007ff962580000 - 0x00007ff9625a7000 	C:\WINDOWS\System32\win32u.dll
0x00007ff964ed0000 - 0x00007ff964efa000 	C:\WINDOWS\System32\GDI32.dll
0x00007ff962390000 - 0x00007ff9624bb000 	C:\WINDOWS\System32\gdi32full.dll
0x00007ff9622e0000 - 0x00007ff962383000 	C:\WINDOWS\System32\msvcp_win.dll
0x00007ff963d00000 - 0x00007ff963d2f000 	C:\WINDOWS\System32\IMM32.DLL
0x00007ff9584d0000 - 0x00007ff9584dc000 	C:\Users\tradi\.jdks\openjdk-21.0.2\bin\vcruntime140_1.dll
0x00007ff938230000 - 0x00007ff9382be000 	C:\Users\tradi\.jdks\openjdk-21.0.2\bin\msvcp140.dll
0x00007ff8c78b0000 - 0x00007ff8c85c7000 	C:\Users\tradi\.jdks\openjdk-21.0.2\bin\server\jvm.dll
0x00007ff9641b0000 - 0x00007ff964264000 	C:\WINDOWS\System32\ADVAPI32.dll
0x00007ff963eb0000 - 0x00007ff963f56000 	C:\WINDOWS\System32\sechost.dll
0x00007ff964db0000 - 0x00007ff964ec6000 	C:\WINDOWS\System32\RPCRT4.dll
0x00007ff964d30000 - 0x00007ff964da4000 	C:\WINDOWS\System32\WS2_32.dll
0x00007ff962190000 - 0x00007ff9621de000 	C:\WINDOWS\SYSTEM32\POWRPROF.dll
0x00007ff95ab00000 - 0x00007ff95ab36000 	C:\WINDOWS\SYSTEM32\WINMM.dll
0x00007ff951d90000 - 0x00007ff951d9b000 	C:\WINDOWS\SYSTEM32\VERSION.dll
0x00007ff962150000 - 0x00007ff962164000 	C:\WINDOWS\SYSTEM32\UMPDC.dll
0x00007ff961040000 - 0x00007ff96105a000 	C:\WINDOWS\SYSTEM32\kernel.appcore.dll
0x00007ff9558f0000 - 0x00007ff9558fa000 	C:\Users\tradi\.jdks\openjdk-21.0.2\bin\jimage.dll
0x00007ff95fac0000 - 0x00007ff95fd01000 	C:\WINDOWS\SYSTEM32\DBGHELP.DLL
0x00007ff9649a0000 - 0x00007ff964d1e000 	C:\WINDOWS\System32\combase.dll
0x00007ff9648c0000 - 0x00007ff964996000 	C:\WINDOWS\System32\OLEAUT32.dll
0x00007ff946d10000 - 0x00007ff946d49000 	C:\WINDOWS\SYSTEM32\dbgcore.DLL
0x00007ff962b90000 - 0x00007ff962c29000 	C:\WINDOWS\System32\bcryptPrimitives.dll
0x00007ff9558a0000 - 0x00007ff9558af000 	C:\Users\tradi\.jdks\openjdk-21.0.2\bin\instrument.dll
0x00007ff9417e0000 - 0x00007ff9417ff000 	C:\Users\tradi\.jdks\openjdk-21.0.2\bin\java.dll
0x00007ff962ed0000 - 0x00007ff9635d4000 	C:\WINDOWS\System32\SHELL32.dll
0x00007ff95ffa0000 - 0x00007ff9607d7000 	C:\WINDOWS\SYSTEM32\windows.storage.dll
0x00007ff962d80000 - 0x00007ff962e69000 	C:\WINDOWS\System32\SHCORE.dll
0x00007ff9644b0000 - 0x00007ff96450d000 	C:\WINDOWS\System32\shlwapi.dll
0x00007ff9621f0000 - 0x00007ff96221e000 	C:\WINDOWS\SYSTEM32\profapi.dll
0x00007ff9361d0000 - 0x00007ff9362a7000 	C:\Users\tradi\.jdks\openjdk-21.0.2\bin\jsvml.dll
0x00007ff941450000 - 0x00007ff941468000 	C:\Users\tradi\.jdks\openjdk-21.0.2\bin\zip.dll
0x00007ff954260000 - 0x00007ff954270000 	C:\Users\tradi\.jdks\openjdk-21.0.2\bin\net.dll
0x00007ff95aef0000 - 0x00007ff95b00e000 	C:\WINDOWS\SYSTEM32\WINHTTP.dll
0x00007ff9615d0000 - 0x00007ff961638000 	C:\WINDOWS\system32\mswsock.dll
0x00007ff9414e0000 - 0x00007ff9414f6000 	C:\Users\tradi\.jdks\openjdk-21.0.2\bin\nio.dll
0x00007ff941430000 - 0x00007ff94144a000 	C:\Program Files\JetBrains\IntelliJ IDEA Community Edition 2023.3.2\bin\breakgen64.dll
0x00007ff953000000 - 0x00007ff953009000 	C:\Users\tradi\.jdks\openjdk-21.0.2\bin\extnet.dll
0x00007ff9414d0000 - 0x00007ff9414e0000 	C:\Users\tradi\.jdks\openjdk-21.0.2\bin\verify.dll
0x00007ff9413d0000 - 0x00007ff9413de000 	C:\Users\tradi\.jdks\openjdk-21.0.2\bin\sunmscapi.dll
0x00007ff962980000 - 0x00007ff962af6000 	C:\WINDOWS\System32\CRYPT32.dll
0x00007ff961ac0000 - 0x00007ff961af0000 	C:\WINDOWS\SYSTEM32\ncrypt.dll
0x00007ff961a70000 - 0x00007ff961aaf000 	C:\WINDOWS\SYSTEM32\NTASN1.dll
0x00007ff961840000 - 0x00007ff96185c000 	C:\WINDOWS\SYSTEM32\CRYPTSP.dll
0x00007ff961060000 - 0x00007ff961098000 	C:\WINDOWS\system32\rsaenh.dll
0x00007ff961670000 - 0x00007ff96169b000 	C:\WINDOWS\SYSTEM32\USERENV.dll
0x00007ff961b00000 - 0x00007ff961b26000 	C:\WINDOWS\SYSTEM32\bcrypt.dll
0x00007ff961830000 - 0x00007ff96183c000 	C:\WINDOWS\SYSTEM32\CRYPTBASE.dll
0x00007ff960af0000 - 0x00007ff960b22000 	C:\WINDOWS\SYSTEM32\IPHLPAPI.DLL
0x00007ff9643c0000 - 0x00007ff9643ca000 	C:\WINDOWS\System32\NSI.dll
0x00007ff941420000 - 0x00007ff94142a000 	C:\Users\tradi\.jdks\openjdk-21.0.2\bin\management.dll
0x00007ff9413e0000 - 0x00007ff9413eb000 	C:\Users\tradi\.jdks\openjdk-21.0.2\bin\management_ext.dll
0x00007ff963a90000 - 0x00007ff963a98000 	C:\WINDOWS\System32\PSAPI.DLL
0x00007ff960b30000 - 0x00007ff960c55000 	C:\WINDOWS\SYSTEM32\DNSAPI.dll
0x00007ff95a640000 - 0x00007ff95a64b000 	C:\Windows\System32\rasadhlp.dll
0x00007ff95be30000 - 0x00007ff95beb5000 	C:\WINDOWS\System32\fwpuclnt.dll
0x00007ff941080000 - 0x00007ff941098000 	C:\WINDOWS\system32\napinsp.dll
0x00007ff941060000 - 0x00007ff941072000 	C:\WINDOWS\System32\winrnr.dll
0x00007ff941030000 - 0x00007ff941052000 	C:\WINDOWS\system32\nlansp_c.dll
0x00007ff940860000 - 0x00007ff940876000 	C:\WINDOWS\system32\wshbth.dll
0x00007ff9311b0000 - 0x00007ff9311b8000 	C:\WINDOWS\system32\wshunix.dll

dbghelp: loaded successfully - version: 4.0.5 - missing functions: none
symbol engine: initialized successfully - sym options: 0x614 - pdb path: .;C:\Users\tradi\.jdks\openjdk-21.0.2\bin;C:\WINDOWS\SYSTEM32;C:\WINDOWS\WinSxS\amd64_microsoft.windows.common-controls_6595b64144ccf1df_6.0.26100.3037_none_3e09262ce333c378;C:\Users\tradi\.jdks\openjdk-21.0.2\bin\server;C:\Program Files\JetBrains\IntelliJ IDEA Community Edition 2023.3.2\bin

VM Arguments:
jvm_args: -javaagent:C:\Program Files\JetBrains\IntelliJ IDEA Community Edition 2023.3.2\lib\idea_rt.jar=58541:C:\Program Files\JetBrains\IntelliJ IDEA Community Edition 2023.3.2\bin -Dfile.encoding=UTF-8 -Dsun.stdout.encoding=UTF-8 -Dsun.stderr.encoding=UTF-8 
java_command: com.nova.colis.ColisApplication
java_class_path (initial): C:\Users\tradi\Downloads\colis\colis\target\classes;C:\Users\tradi\.m2\repository\org\springframework\boot\spring-boot-starter-web\3.4.2\spring-boot-starter-web-3.4.2.jar;C:\Users\tradi\.m2\repository\org\springframework\boot\spring-boot-starter\3.4.2\spring-boot-starter-3.4.2.jar;C:\Users\tradi\.m2\repository\org\springframework\boot\spring-boot\3.4.2\spring-boot-3.4.2.jar;C:\Users\tradi\.m2\repository\org\springframework\boot\spring-boot-autoconfigure\3.4.2\spring-boot-autoconfigure-3.4.2.jar;C:\Users\tradi\.m2\repository\org\springframework\boot\spring-boot-starter-logging\3.4.2\spring-boot-starter-logging-3.4.2.jar;C:\Users\tradi\.m2\repository\ch\qos\logback\logback-classic\1.5.16\logback-classic-1.5.16.jar;C:\Users\tradi\.m2\repository\ch\qos\logback\logback-core\1.5.16\logback-core-1.5.16.jar;C:\Users\tradi\.m2\repository\org\apache\logging\log4j\log4j-to-slf4j\2.24.3\log4j-to-slf4j-2.24.3.jar;C:\Users\tradi\.m2\repository\org\apache\logging\log4j\log4j-api\2.24.3\log4j-api-2.24.3.jar;C:\Users\tradi\.m2\repository\org\slf4j\jul-to-slf4j\2.0.16\jul-to-slf4j-2.0.16.jar;C:\Users\tradi\.m2\repository\jakarta\annotation\jakarta.annotation-api\2.1.1\jakarta.annotation-api-2.1.1.jar;C:\Users\tradi\.m2\repository\org\springframework\boot\spring-boot-starter-json\3.4.2\spring-boot-starter-json-3.4.2.jar;C:\Users\tradi\.m2\repository\com\fasterxml\jackson\core\jackson-databind\2.18.2\jackson-databind-2.18.2.jar;C:\Users\tradi\.m2\repository\com\fasterxml\jackson\core\jackson-annotations\2.18.2\jackson-annotations-2.18.2.jar;C:\Users\tradi\.m2\repository\com\fasterxml\jackson\core\jackson-core\2.18.2\jackson-core-2.18.2.jar;C:\Users\tradi\.m2\repository\com\fasterxml\jackson\datatype\jackson-datatype-jdk8\2.18.2\jackson-datatype-jdk8-2.18.2.jar;C:\Users\tradi\.m2\repository\com\fasterxml\jackson\datatype\jackson-datatype-jsr310\2.18.2\jackson-datatype-jsr310-2.18.2.jar;C:\Users\tradi\.m2\repository\com\fasterxml\jackson\module\jackson-module-parameter-names\2.18.2\jackson-module-parameter-names-2.18.2.jar;C:\Users\tradi\.m2\repository\org\springframework\boot\spring-boot-starter-tomcat\3.4.2\spring-boot-starter-tomcat-3.4.2.jar;C:\Users\tradi\.m2\repository\org\apache\tomcat\embed\tomcat-embed-core\10.1.34\tomcat-embed-core-10.1.34.jar;C:\Users\tradi\.m2\repository\org\apache\tomcat\embed\tomcat-embed-websocket\10.1.34\tomcat-embed-websocket-10.1.34.jar;C:\Users\tradi\.m2\repository\org\springframework\spring-web\6.2.2\spring-web-6.2.2.jar;C:\Users\tradi\.m2\repository\org\springframework\spring-beans\6.2.2\spring-beans-6.2.2.jar;C:\Users\tradi\.m2\repository\io\micrometer\micrometer-observation\1.14.3\micrometer-observation-1.14.3.jar;C:\Users\tradi\.m2\repository\io\micrometer\micrometer-commons\1.14.3\micrometer-commons-1.14.3.jar;C:\Users\tradi\.m2\repository\org\springframework\spring-webmvc\6.2.2\spring-webmvc-6.2.2.jar;C:\Users\tradi\.m2\repository\org\springframework\spring-context\6.2.2\spring-context-6.2.2.jar;C:\Users\tradi\.m2\repository\org\springframework\spring-expression\6.2.2\spring-expression-6.2.2.jar;C:\Users\tradi\.m2\repository\org\springframework\boot\spring-boot-starter-data-jpa\3.4.2\spring-boot-starter-data-jpa-3.4.2.jar;C:\Users\tradi\.m2\repository\org\springframework\boot\spring-boot-starter-jdbc\3.4.2\spring-boot-starter-jdbc-3.4.2.jar;C:\Users\tradi\.m2\repository\com\zaxxer\HikariCP\5.1.0\HikariCP-5.1.0.jar;C:\Users\tradi\.m2\repository\org\springframework\spring-jdbc\6.2.2\spring-jdbc-6.2.2.jar;C:\Users\tradi\.m2\repository\org\hibernate\orm\hibernate-core\6.6.5.Final\hibernate-core-6.6.5.Final.jar;C:\Users\tradi\.m2\repository\jakarta\persistence\jakarta.persistence-api\3.1.0\jakarta.persistence-api-3.1.0.jar;C:\Users\tradi\.m2\repository\jakarta\transaction\jakarta.transaction-api\2.0.1\jakarta.transaction-api-2.0.1.jar;C:\Users\tradi\.m2\repository\org\jboss\logging\jboss-logging\3.6.1.Final\jboss-logging-3.6.1.Final.jar;C:\Users\tradi\.m2\repository\org\hibernate\common\hibernate-commons-annotations\7.0.3.Final\hibernate-commons-annotations-7.0.3.Final.jar;C:\Users\tradi\.m2\repository\io\smallrye\jandex\3.2.0\jandex-3.2.0.jar;C:\Users\tradi\.m2\repository\com\fasterxml\classmate\1.7.0\classmate-1.7.0.jar;C:\Users\tradi\.m2\repository\net\bytebuddy\byte-buddy\1.15.11\byte-buddy-1.15.11.jar;C:\Users\tradi\.m2\repository\org\glassfish\jaxb\jaxb-runtime\4.0.5\jaxb-runtime-4.0.5.jar;C:\Users\tradi\.m2\repository\org\glassfish\jaxb\jaxb-core\4.0.5\jaxb-core-4.0.5.jar;C:\Users\tradi\.m2\repository\org\eclipse\angus\angus-activation\2.0.2\angus-activation-2.0.2.jar;C:\Users\tradi\.m2\repository\org\glassfish\jaxb\txw2\4.0.5\txw2-4.0.5.jar;C:\Users\tradi\.m2\repository\com\sun\istack\istack-commons-runtime\4.1.2\istack-commons-runtime-4.1.2.jar;C:\Users\tradi\.m2\repository\jakarta\inject\jakarta.inject-api\2.0.1\jakarta.inject-api-2.0.1.jar;C:\Users\tradi\.m2\repository\org\antlr\antlr4-runtime\4.13.0\antlr4-runtime-4.13.0.jar;C:\Users\tradi\.m2\repository\org\springframework\data\spring-data-jpa\3.4.2\spring-data-jpa-3.4.2.jar;C:\Users\tradi\.m2\repository\org\springframework\data\spring-data-commons\3.4.2\spring-data-commons-3.4.2.jar;C:\Users\tradi\.m2\repository\org\springframework\spring-orm\6.2.2\spring-orm-6.2.2.jar;C:\Users\tradi\.m2\repository\org\springframework\spring-tx\6.2.2\spring-tx-6.2.2.jar;C:\Users\tradi\.m2\repository\org\slf4j\slf4j-api\2.0.16\slf4j-api-2.0.16.jar;C:\Users\tradi\.m2\repository\org\springframework\spring-aspects\6.2.2\spring-aspects-6.2.2.jar;C:\Users\tradi\.m2\repository\org\aspectj\aspectjweaver\1.9.22.1\aspectjweaver-1.9.22.1.jar;C:\Users\tradi\.m2\repository\org\springframework\boot\spring-boot-starter-validation\3.4.2\spring-boot-starter-validation-3.4.2.jar;C:\Users\tradi\.m2\repository\org\apache\tomcat\embed\tomcat-embed-el\10.1.34\tomcat-embed-el-10.1.34.jar;C:\Users\tradi\.m2\repository\org\hibernate\validator\hibernate-validator\8.0.2.Final\hibernate-validator-8.0.2.Final.jar;C:\Users\tradi\.m2\repository\jakarta\validation\jakarta.validation-api\3.0.2\jakarta.validation-api-3.0.2.jar;C:\Users\tradi\.m2\repository\org\springframework\boot\spring-boot-starter-security\3.4.2\spring-boot-starter-security-3.4.2.jar;C:\Users\tradi\.m2\repository\org\springframework\spring-aop\6.2.2\spring-aop-6.2.2.jar;C:\Users\tradi\.m2\repository\org\springframework\security\spring-security-config\6.4.2\spring-security-config-6.4.2.jar;C:\Users\tradi\.m2\repository\org\springframework\security\spring-security-web\6.4.2\spring-security-web-6.4.2.jar;C:\Users\tradi\.m2\repository\org\liquibase\liquibase-core\4.20.0\liquibase-core-4.20.0.jar;C:\Users\tradi\.m2\repository\javax\xml\bind\jaxb-api\2.3.1\jaxb-api-2.3.1.jar;C:\Users\tradi\.m2\repository\javax\activation\javax.activation-api\1.2.0\javax.activation-api-1.2.0.jar;C:\Users\tradi\.m2\repository\org\yaml\snakeyaml\2.3\snakeyaml-2.3.jar;C:\Users\tradi\.m2\repository\com\mysql\mysql-connector-j\9.1.0\mysql-connector-j-9.1.0.jar;C:\Users\tradi\.m2\repository\com\opencsv\opencsv\5.7.1\opencsv-5.7.1.jar;C:\Users\tradi\.m2\repository\commons-beanutils\commons-beanutils\1.9.4\commons-beanutils-1.9.4.jar;C:\Users\tradi\.m2\repository\commons-logging\commons-logging\1.2\commons-logging-1.2.jar;C:\Users\tradi\.m2\repository\commons-collections\commons-collections\3.2.2\commons-collections-3.2.2.jar;C:\Users\tradi\.m2\repository\org\apache\commons\commons-lang3\3.17.0\commons-lang3-3.17.0.jar;C:\Users\tradi\.m2\repository\org\apache\commons\commons-text\1.10.0\commons-text-1.10.0.jar;C:\Users\tradi\.m2\repository\org\apache\commons\commons-collections4\4.4\commons-collections4-4.4.jar;C:\Users\tradi\.m2\repository\jakarta\xml\bind\jakarta.xml.bind-api\4.0.2\jakarta.xml.bind-api-4.0.2.jar;C:\Users\tradi\.m2\repository\jakarta\activation\jakarta.activation-api\2.1.3\jakarta.activation-api-2.1.3.jar;C:\Users\tradi\.m2\repository\org\springframework\spring-core\6.2.2\spring-core-6.2.2.jar;C:\Users\tradi\.m2\repository\org\springframework\spring-jcl\6.2.2\spring-jcl-6.2.2.jar;C:\Users\tradi\.m2\repository\org\springframework\security\spring-security-core\6.4.2\spring-security-core-6.4.2.jar;C:\Users\tradi\.m2\repository\org\springframework\security\spring-security-crypto\6.4.2\spring-security-crypto-6.4.2.jar
Launcher Type: SUN_STANDARD

[Global flags]
     intx CICompilerCount                          = 4                                         {product} {ergonomic}
     uint ConcGCThreads                            = 3                                         {product} {ergonomic}
     uint G1ConcRefinementThreads                  = 10                                        {product} {ergonomic}
   size_t G1HeapRegionSize                         = 2097152                                   {product} {ergonomic}
    uintx GCDrainStackTargetSize                   = 64                                        {product} {ergonomic}
   size_t InitialHeapSize                          = 264241152                                 {product} {ergonomic}
   size_t MarkStackSize                            = 4194304                                   {product} {ergonomic}
   size_t MaxHeapSize                              = 4223664128                                {product} {ergonomic}
   size_t MaxNewSize                               = 2533359616                                {product} {ergonomic}
   size_t MinHeapDeltaBytes                        = 2097152                                   {product} {ergonomic}
   size_t MinHeapSize                              = 8388608                                   {product} {ergonomic}
    uintx NonNMethodCodeHeapSize                   = 5839372                                {pd product} {ergonomic}
    uintx NonProfiledCodeHeapSize                  = 122909434                              {pd product} {ergonomic}
    uintx ProfiledCodeHeapSize                     = 122909434                              {pd product} {ergonomic}
    uintx ReservedCodeCacheSize                    = 251658240                              {pd product} {ergonomic}
     bool SegmentedCodeCache                       = true                                      {product} {ergonomic}
   size_t SoftMaxHeapSize                          = 4223664128                             {manageable} {ergonomic}
     bool UseCompressedOops                        = true                           {product lp64_product} {ergonomic}
     bool UseG1GC                                  = true                                      {product} {ergonomic}
     bool UseLargePagesIndividualAllocation        = false                                  {pd product} {ergonomic}

Logging:
Log output configuration:
 #0: stdout all=warning uptime,level,tags foldmultilines=false
 #1: stderr all=off uptime,level,tags foldmultilines=false

Environment Variables:
JAVA_HOME=C:\Program Files\Java\jdk-21
PATH=C:\Python312\Scripts\;C:\Python312\;C:\Program Files\Common Files\Oracle\Java\javapath;C:\Program Files (x86)\Common Files\Oracle\Java\javapath;C:\WINDOWS\system32;C:\WINDOWS;C:\WINDOWS\System32\Wbem;C:\WINDOWS\System32\WindowsPowerShell\v1.0\;C:\WINDOWS\System32\OpenSSH\;C:\Program Files\Microsoft SQL Server\150\Tools\Binn\;C:\Program Files\Microsoft SQL Server\Client SDK\ODBC\170\Tools\Binn\;C:\Program Files\dotnet\;C:\maven\apache-maven-3.9.6-bin\apache-maven-3.9.6\bin;C:\ProgramData\chocolatey\bin;C:\Program Files\MongoDB\mongosh-2.1.1-win32-x64\bin;C:\Program Files\Git\cmd;C:\Program Files\Docker\Docker\resources\bin;C:\Program Files\Java\jdk-21\bin;C:\Users\tradi\AppData\Roaming\nvm;C:\Program Files\nodejs;C:\Program Files\Amazon\AWSCLIV2\;C:\Users\tradi\AppData\Local\Microsoft\WindowsApps;C:\Program Files\JetBrains\IntelliJ IDEA Community Edition 2023.3.2\bin;;C:\Program Files\JetBrains\IntelliJ IDEA 2023.3\bin;;C:\Users\tradi\.dotnet\tools;C:\Users\tradi\AppData\Local\Programs\Microsoft VS Code\bin;C:\Users\tradi\AppData\Roaming\npm;C:\Users\tradi\Downloads\flutter\src\flutter\bin;C:\Users\tradi\AppData\Roaming\nvm;C:\Program Files\nodejs;C:\Program Files\heroku\bin;C:\flutter_windows_3.24.3-stable\flutter\bin;
USERNAME=tradi
OS=Windows_NT
PROCESSOR_IDENTIFIER=Intel64 Family 6 Model 186 Stepping 3, GenuineIntel
TMP=C:\Users\tradi\AppData\Local\Temp
TEMP=C:\Users\tradi\AppData\Local\Temp




Periodic native trim disabled

---------------  S Y S T E M  ---------------

OS:
 Windows 11 , 64 bit Build 26100 (10.0.26100.3037)
OS uptime: 0 days 5:04 hours
Hyper-V role detected

CPU: total 12 (initial active 12) (6 cores per cpu, 2 threads per core) family 6 model 186 stepping 3 microcode 0x4112, cx8, cmov, fxsr, ht, mmx, 3dnowpref, sse, sse2, sse3, ssse3, sse4.1, sse4.2, popcnt, lzcnt, tsc, tscinvbit, avx, avx2, aes, erms, clmul, bmi1, bmi2, adx, sha, fma, vzeroupper, clflush, clflushopt, clwb, hv, serialize, rdtscp, rdpid, fsrm, f16c, cet_ibt, cet_ss
Processor Information for processor 0
  Max Mhz: 1700, Current Mhz: 1700, Mhz Limit: 1700
Processor Information for processor 1
  Max Mhz: 1700, Current Mhz: 1457, Mhz Limit: 1700
Processor Information for processor 2
  Max Mhz: 1700, Current Mhz: 1700, Mhz Limit: 1700
Processor Information for processor 3
  Max Mhz: 1700, Current Mhz: 1700, Mhz Limit: 1700
Processor Information for processor 4
  Max Mhz: 1700, Current Mhz: 1200, Mhz Limit: 1190
Processor Information for processor 5
  Max Mhz: 1700, Current Mhz: 1200, Mhz Limit: 1190
Processor Information for processor 6
  Max Mhz: 1700, Current Mhz: 1200, Mhz Limit: 1190
Processor Information for processor 7
  Max Mhz: 1700, Current Mhz: 1200, Mhz Limit: 1190
Processor Information for processor 8
  Max Mhz: 1700, Current Mhz: 1200, Mhz Limit: 1190
Processor Information for processor 9
  Max Mhz: 1700, Current Mhz: 1200, Mhz Limit: 1190
Processor Information for processor 10
  Max Mhz: 1700, Current Mhz: 1200, Mhz Limit: 1190
Processor Information for processor 11
  Max Mhz: 1700, Current Mhz: 1200, Mhz Limit: 1190

Memory: 4k page, system-wide physical 16108M (4008M free)
TotalPageFile size 65260M (AvailPageFile size 0M)
current process WorkingSet (physical memory assigned to process): 76M, peak: 326M
current process commit charge ("private bytes"): 334M, peak: 406M

vm_info: OpenJDK 64-Bit Server VM (21.0.2+13-58) for windows-amd64 JRE (21.0.2+13-58), built on 2024-01-05T18:32:24Z by "mach5one" with MS VC++ 17.1 (VS2022)

END.
