#
# There is insufficient memory for the Java Runtime Environment to continue.
# Native memory allocation (malloc) failed to allocate 145776 bytes for Chunk::new
# Possible reasons:
#   The system is out of physical RAM or swap space
#   The process is running with CompressedOops enabled, and the Java Heap may be blocking the growth of the native heap
# Possible solutions:
#   Reduce memory load on the system
#   Increase physical memory or swap space
#   Check if swap backing store is full
#   Decrease Java heap size (-Xmx/-Xms)
#   Decrease number of Java threads
#   Decrease Java thread stack sizes (-Xss)
#   Set larger code cache with -XX:ReservedCodeCacheSize=
#   JVM is running with Zero Based Compressed Oops mode in which the Java heap is
#     placed in the first 32GB address space. The Java Heap base address is the
#     maximum limit for the native heap growth. Please use -XX:HeapBaseMinAddress
#     to set the Java Heap base and to place the Java Heap above 32GB virtual address.
# This output file may be truncated or incomplete.
#
#  Out of Memory Error (arena.cpp:168), pid=22256, tid=19948
#
# JRE version: OpenJDK Runtime Environment (21.0.2+13) (build 21.0.2+13-58)
# Java VM: OpenJDK 64-Bit Server VM (21.0.2+13-58, mixed mode, sharing, tiered, compressed oops, compressed class ptrs, g1 gc, windows-amd64)
# No core dump will be written. Minidumps are not enabled by default on client versions of Windows
#

---------------  S U M M A R Y ------------

Command Line: -javaagent:C:\Program Files\JetBrains\IntelliJ IDEA Community Edition 2023.3.2\lib\idea_rt.jar=51047:C:\Program Files\JetBrains\IntelliJ IDEA Community Edition 2023.3.2\bin -Dfile.encoding=UTF-8 -Dsun.stdout.encoding=UTF-8 -Dsun.stderr.encoding=UTF-8 com.nova.colis.ColisApplication

Host: 13th Gen Intel(R) Core(TM) i7-1355U, 12 cores, 15G,  Windows 11 , 64 bit Build 26100 (10.0.26100.3037)
Time: Mon Feb  3 18:36:14 2025 Eastern Standard Time elapsed time: 2210.373466 seconds (0d 0h 36m 50s)

---------------  T H R E A D  ---------------

Current thread (0x000002733de6d420):  JavaThread "C2 CompilerThread0" daemon [_thread_in_native, id=19948, stack(0x000000daccc00000,0x000000daccd00000) (1024K)]


Current CompileTask:
C2:2210373 11859       4       org.apache.tomcat.util.http.MimeHeaders::setValue (102 bytes)

Stack: [0x000000daccc00000,0x000000daccd00000]
Native frames: (J=compiled Java code, j=interpreted, Vv=VM code, C=native code)
V  [jvm.dll+0x6cade9]
V  [jvm.dll+0x8569c1]
V  [jvm.dll+0x858d2e]
V  [jvm.dll+0x859413]
V  [jvm.dll+0x280e56]
V  [jvm.dll+0xc3f3d]
V  [jvm.dll+0xc4473]
V  [jvm.dll+0x2f437f]
V  [jvm.dll+0x5f5056]
V  [jvm.dll+0x252d7f]
V  [jvm.dll+0x24b589]
V  [jvm.dll+0x2490a3]
V  [jvm.dll+0x1c9634]
V  [jvm.dll+0x258859]
V  [jvm.dll+0x256e3a]
V  [jvm.dll+0x3ef6c6]
V  [jvm.dll+0x7ff568]
V  [jvm.dll+0x6c953d]
C  [ucrtbase.dll+0x37b0]
C  [KERNEL32.DLL+0x2e8d7]
C  [ntdll.dll+0xbbf2c]


---------------  P R O C E S S  ---------------

Threads class SMR info:
_java_thread_list=0x00000273851b56d0, length=28, elements={
0x000002733de63500, 0x000002733de64160, 0x000002733de691a0, 0x000002733de6a1c0,
0x000002733de6ac20, 0x000002733de6c690, 0x000002733de6d420, 0x000002733de6dec0,
0x000002733e5f9250, 0x000002733e8ce0e0, 0x0000027386217cd0, 0x0000027386218360,
0x00000273862189f0, 0x0000027386215c00, 0x0000027386217640, 0x0000027386216920,
0x0000027386216fb0, 0x0000027385344760, 0x0000027385344df0, 0x0000027385346830,
0x0000027385345480, 0x00000273853440d0, 0x00000273853433b0, 0x0000027385345b10,
0x0000027385343a40, 0x00000273853461a0, 0x00000273862c5340, 0x00000273862c59d0
}

Java Threads: ( => current thread )
  0x000002733de63500 JavaThread "Reference Handler"          daemon [_thread_blocked, id=19096, stack(0x000000dacc600000,0x000000dacc700000) (1024K)]
  0x000002733de64160 JavaThread "Finalizer"                  daemon [_thread_blocked, id=22104, stack(0x000000dacc700000,0x000000dacc800000) (1024K)]
  0x000002733de691a0 JavaThread "Signal Dispatcher"          daemon [_thread_blocked, id=23480, stack(0x000000dacc800000,0x000000dacc900000) (1024K)]
  0x000002733de6a1c0 JavaThread "Attach Listener"            daemon [_thread_blocked, id=4876, stack(0x000000dacc900000,0x000000dacca00000) (1024K)]
  0x000002733de6ac20 JavaThread "Service Thread"             daemon [_thread_blocked, id=7980, stack(0x000000dacca00000,0x000000daccb00000) (1024K)]
  0x000002733de6c690 JavaThread "Monitor Deflation Thread"   daemon [_thread_blocked, id=5424, stack(0x000000daccb00000,0x000000daccc00000) (1024K)]
=>0x000002733de6d420 JavaThread "C2 CompilerThread0"         daemon [_thread_in_native, id=19948, stack(0x000000daccc00000,0x000000daccd00000) (1024K)]
  0x000002733de6dec0 JavaThread "C1 CompilerThread0"         daemon [_thread_blocked, id=4536, stack(0x000000daccd00000,0x000000dacce00000) (1024K)]
  0x000002733e5f9250 JavaThread "Common-Cleaner"             daemon [_thread_blocked, id=3120, stack(0x000000dacce00000,0x000000daccf00000) (1024K)]
  0x000002733e8ce0e0 JavaThread "Notification Thread"        daemon [_thread_blocked, id=14096, stack(0x000000dacd000000,0x000000dacd100000) (1024K)]
  0x0000027386217cd0 JavaThread "Catalina-utility-1"                [_thread_blocked, id=20568, stack(0x000000dacd900000,0x000000dacda00000) (1024K)]
  0x0000027386218360 JavaThread "Catalina-utility-2"                [_thread_blocked, id=12700, stack(0x000000dacdf00000,0x000000dace000000) (1024K)]
  0x00000273862189f0 JavaThread "container-0"                       [_thread_blocked, id=20216, stack(0x000000dace000000,0x000000dace100000) (1024K)]
  0x0000027386215c00 JavaThread "mysql-cj-abandoned-connection-cleanup" daemon [_thread_blocked, id=4476, stack(0x000000dace100000,0x000000dace200000) (1024K)]
  0x0000027386217640 JavaThread "HikariPool-1 housekeeper"   daemon [_thread_blocked, id=8404, stack(0x000000dace300000,0x000000dace400000) (1024K)]
  0x0000027386216920 JavaThread "http-nio-8080-exec-1"       daemon [_thread_blocked, id=19352, stack(0x000000dacd200000,0x000000dacd300000) (1024K)]
  0x0000027386216fb0 JavaThread "http-nio-8080-exec-2"       daemon [_thread_blocked, id=20940, stack(0x000000dace500000,0x000000dace600000) (1024K)]
  0x0000027385344760 JavaThread "http-nio-8080-exec-3"       daemon [_thread_blocked, id=6916, stack(0x000000dace600000,0x000000dace700000) (1024K)]
  0x0000027385344df0 JavaThread "http-nio-8080-exec-4"       daemon [_thread_blocked, id=20856, stack(0x000000dace700000,0x000000dace800000) (1024K)]
  0x0000027385346830 JavaThread "http-nio-8080-exec-5"       daemon [_thread_blocked, id=21320, stack(0x000000dace800000,0x000000dace900000) (1024K)]
  0x0000027385345480 JavaThread "http-nio-8080-exec-6"       daemon [_thread_blocked, id=17392, stack(0x000000dace900000,0x000000dacea00000) (1024K)]
  0x00000273853440d0 JavaThread "http-nio-8080-exec-7"       daemon [_thread_blocked, id=2832, stack(0x000000dacea00000,0x000000daceb00000) (1024K)]
  0x00000273853433b0 JavaThread "http-nio-8080-exec-8"       daemon [_thread_blocked, id=12524, stack(0x000000daceb00000,0x000000dacec00000) (1024K)]
  0x0000027385345b10 JavaThread "http-nio-8080-exec-9"       daemon [_thread_blocked, id=19252, stack(0x000000dacec00000,0x000000daced00000) (1024K)]
  0x0000027385343a40 JavaThread "http-nio-8080-exec-10"      daemon [_thread_blocked, id=20212, stack(0x000000daced00000,0x000000dacee00000) (1024K)]
  0x00000273853461a0 JavaThread "http-nio-8080-Poller"       daemon [_thread_in_native, id=12440, stack(0x000000dacee00000,0x000000dacef00000) (1024K)]
  0x00000273862c5340 JavaThread "http-nio-8080-Acceptor"     daemon [_thread_in_native, id=2672, stack(0x000000dacef00000,0x000000dacf000000) (1024K)]
  0x00000273862c59d0 JavaThread "DestroyJavaVM"                     [_thread_blocked, id=22936, stack(0x000000dacbe00000,0x000000dacbf00000) (1024K)]
Total: 28

Other Threads:
  0x000002733de43660 VMThread "VM Thread"                           [id=12544, stack(0x000000dacc500000,0x000000dacc600000) (1024K)]
  0x000002733de2c220 WatcherThread "VM Periodic Task Thread"        [id=6804, stack(0x000000dacc400000,0x000000dacc500000) (1024K)]
  0x000002731e70b8e0 WorkerThread "GC Thread#0"                     [id=9308, stack(0x000000dacbf00000,0x000000dacc000000) (1024K)]
  0x0000027384938a40 WorkerThread "GC Thread#1"                     [id=18988, stack(0x000000dacd300000,0x000000dacd400000) (1024K)]
  0x0000027384938de0 WorkerThread "GC Thread#2"                     [id=19024, stack(0x000000dacd400000,0x000000dacd500000) (1024K)]
  0x0000027384939180 WorkerThread "GC Thread#3"                     [id=16900, stack(0x000000dacd500000,0x000000dacd600000) (1024K)]
  0x0000027384939520 WorkerThread "GC Thread#4"                     [id=20764, stack(0x000000dacd600000,0x000000dacd700000) (1024K)]
  0x0000027384a01a00 WorkerThread "GC Thread#5"                     [id=19512, stack(0x000000dacd700000,0x000000dacd800000) (1024K)]
  0x000002738498c1d0 WorkerThread "GC Thread#6"                     [id=19388, stack(0x000000dacd800000,0x000000dacd900000) (1024K)]
  0x0000027384b707c0 WorkerThread "GC Thread#7"                     [id=2728, stack(0x000000dacda00000,0x000000dacdb00000) (1024K)]
  0x0000027384b70b60 WorkerThread "GC Thread#8"                     [id=17004, stack(0x000000dacdb00000,0x000000dacdc00000) (1024K)]
  0x0000027384e4b3e0 WorkerThread "GC Thread#9"                     [id=13304, stack(0x000000dacdc00000,0x000000dacdd00000) (1024K)]
  0x000002731e71c790 ConcurrentGCThread "G1 Main Marker"            [id=2324, stack(0x000000dacc000000,0x000000dacc100000) (1024K)]
  0x000002731e71ecb0 WorkerThread "G1 Conc#0"                       [id=20232, stack(0x000000dacc100000,0x000000dacc200000) (1024K)]
  0x0000027384e4b040 WorkerThread "G1 Conc#1"                       [id=2348, stack(0x000000dacdd00000,0x000000dacde00000) (1024K)]
  0x0000027384e4bb20 WorkerThread "G1 Conc#2"                       [id=15228, stack(0x000000dacde00000,0x000000dacdf00000) (1024K)]
  0x000002733dcfb000 ConcurrentGCThread "G1 Refine#0"               [id=13004, stack(0x000000dacc200000,0x000000dacc300000) (1024K)]
  0x000002733dcfb920 ConcurrentGCThread "G1 Service"                [id=3868, stack(0x000000dacc300000,0x000000dacc400000) (1024K)]
Total: 18

Threads with active compile tasks:
C2 CompilerThread0  2210419 11859       4       org.apache.tomcat.util.http.MimeHeaders::setValue (102 bytes)
Total: 1

VM state: not at safepoint (normal execution)

VM Mutex/Monitor currently owned by a thread: None

Heap address: 0x0000000704400000, size: 4028 MB, Compressed Oops mode: Zero based, Oop shift amount: 3

CDS archive(s) mapped at: [0x000002733f000000-0x000002733fc90000-0x000002733fc90000), size 13172736, SharedBaseAddress: 0x000002733f000000, ArchiveRelocationMode: 1.
Compressed class space mapped at: 0x0000027340000000-0x0000027380000000, reserved size: 1073741824
Narrow klass base: 0x000002733f000000, Narrow klass shift: 0, Narrow klass range: 0x100000000

GC Precious Log:
 CardTable entry size: 512
 Card Set container configuration: InlinePtr #cards 4 size 8 Array Of Cards #cards 16 size 48 Howl #buckets 8 coarsen threshold 3686 Howl Bitmap #cards 512 size 80 coarsen threshold 460 Card regions per heap region 1 cards per card region 4096
 CPUs: 12 total, 12 available
 Memory: 16108M
 Large Page Support: Disabled
 NUMA Support: Disabled
 Compressed Oops: Enabled (Zero based)
 Heap Region Size: 2M
 Heap Min Capacity: 8M
 Heap Initial Capacity: 252M
 Heap Max Capacity: 4028M
 Pre-touch: Disabled
 Parallel Workers: 10
 Concurrent Workers: 3
 Concurrent Refinement Workers: 10
 Periodic GC: Disabled

Heap:
 garbage-first heap   total 71680K, used 40279K [0x0000000704400000, 0x0000000800000000)
  region size 2048K, 3 young (6144K), 2 survivors (4096K)
 Metaspace       used 86418K, committed 87168K, reserved 1179648K
  class space    used 11522K, committed 11904K, reserved 1048576K

Heap Regions: E=young(eden), S=young(survivor), O=old, HS=humongous(starts), HC=humongous(continues), CS=collection set, F=free, TAMS=top-at-mark-start, PB=parsable bottom
|   0|0x0000000704400000, 0x0000000704600000, 0x0000000704600000|100%| O|  |TAMS 0x0000000704400000| PB 0x0000000704400000| Untracked 
|   1|0x0000000704600000, 0x0000000704800000, 0x0000000704800000|100%| O|  |TAMS 0x0000000704600000| PB 0x0000000704600000| Untracked 
|   2|0x0000000704800000, 0x0000000704a00000, 0x0000000704a00000|100%| O|  |TAMS 0x0000000704800000| PB 0x0000000704800000| Untracked 
|   3|0x0000000704a00000, 0x0000000704be24c8, 0x0000000704c00000| 94%| O|  |TAMS 0x0000000704a00000| PB 0x0000000704a00000| Untracked 
|   4|0x0000000704c00000, 0x0000000704e00000, 0x0000000704e00000|100%| O|  |TAMS 0x0000000704c00000| PB 0x0000000704c00000| Untracked 
|   5|0x0000000704e00000, 0x0000000705000000, 0x0000000705000000|100%| O|  |TAMS 0x0000000704e00000| PB 0x0000000704e00000| Untracked 
|   6|0x0000000705000000, 0x0000000705000000, 0x0000000705200000|  0%| F|  |TAMS 0x0000000705000000| PB 0x0000000705000000| Untracked 
|   7|0x0000000705200000, 0x0000000705400000, 0x0000000705400000|100%| O|  |TAMS 0x0000000705200000| PB 0x0000000705200000| Untracked 
|   8|0x0000000705400000, 0x0000000705600000, 0x0000000705600000|100%| O|  |TAMS 0x0000000705400000| PB 0x0000000705400000| Untracked 
|   9|0x0000000705600000, 0x0000000705800000, 0x0000000705800000|100%| O|  |TAMS 0x0000000705600000| PB 0x0000000705600000| Untracked 
|  10|0x0000000705800000, 0x0000000705a00000, 0x0000000705a00000|100%| O|  |TAMS 0x0000000705800000| PB 0x0000000705800000| Untracked 
|  11|0x0000000705a00000, 0x0000000705c00000, 0x0000000705c00000|100%| O|  |TAMS 0x0000000705a00000| PB 0x0000000705a00000| Untracked 
|  12|0x0000000705c00000, 0x0000000705e00000, 0x0000000705e00000|100%| O|  |TAMS 0x0000000705c00000| PB 0x0000000705c00000| Untracked 
|  13|0x0000000705e00000, 0x0000000706000000, 0x0000000706000000|100%| O|  |TAMS 0x0000000705e00000| PB 0x0000000705e00000| Untracked 
|  14|0x0000000706000000, 0x0000000706200000, 0x0000000706200000|100%| O|  |TAMS 0x0000000706000000| PB 0x0000000706000000| Untracked 
|  15|0x0000000706200000, 0x0000000706400000, 0x0000000706400000|100%| O|  |TAMS 0x0000000706200000| PB 0x0000000706200000| Untracked 
|  16|0x0000000706400000, 0x0000000706600000, 0x0000000706600000|100%| O|  |TAMS 0x0000000706400000| PB 0x0000000706400000| Untracked 
|  17|0x0000000706600000, 0x0000000706800000, 0x0000000706800000|100%| O|  |TAMS 0x0000000706600000| PB 0x0000000706600000| Untracked 
|  18|0x0000000706800000, 0x0000000706a00000, 0x0000000706a00000|100%| O|  |TAMS 0x0000000706800000| PB 0x0000000706800000| Untracked 
|  19|0x0000000706a00000, 0x0000000706b0a730, 0x0000000706c00000| 52%| O|  |TAMS 0x0000000706a00000| PB 0x0000000706a00000| Untracked 
|  20|0x0000000706c00000, 0x0000000706c00000, 0x0000000706e00000|  0%| F|  |TAMS 0x0000000706c00000| PB 0x0000000706c00000| Untracked 
|  21|0x0000000706e00000, 0x0000000706e690e8, 0x0000000707000000| 20%| S|CS|TAMS 0x0000000706e00000| PB 0x0000000706e00000| Complete 
|  22|0x0000000707000000, 0x0000000707200000, 0x0000000707200000|100%| S|CS|TAMS 0x0000000707000000| PB 0x0000000707000000| Complete 
|  23|0x0000000707200000, 0x0000000707200000, 0x0000000707400000|  0%| F|  |TAMS 0x0000000707200000| PB 0x0000000707200000| Untracked 
|  24|0x0000000707400000, 0x0000000707400000, 0x0000000707600000|  0%| F|  |TAMS 0x0000000707400000| PB 0x0000000707400000| Untracked 
|  25|0x0000000707600000, 0x0000000707600000, 0x0000000707800000|  0%| F|  |TAMS 0x0000000707600000| PB 0x0000000707600000| Untracked 
|  26|0x0000000707800000, 0x0000000707800000, 0x0000000707a00000|  0%| F|  |TAMS 0x0000000707800000| PB 0x0000000707800000| Untracked 
|  27|0x0000000707a00000, 0x0000000707a00000, 0x0000000707c00000|  0%| F|  |TAMS 0x0000000707a00000| PB 0x0000000707a00000| Untracked 
|  28|0x0000000707c00000, 0x0000000707c00000, 0x0000000707e00000|  0%| F|  |TAMS 0x0000000707c00000| PB 0x0000000707c00000| Untracked 
| 100|0x0000000710c00000, 0x0000000710c00000, 0x0000000710e00000|  0%| F|  |TAMS 0x0000000710c00000| PB 0x0000000710c00000| Untracked 
| 101|0x0000000710e00000, 0x0000000710e00000, 0x0000000711000000|  0%| F|  |TAMS 0x0000000710e00000| PB 0x0000000710e00000| Untracked 
| 102|0x0000000711000000, 0x0000000711000000, 0x0000000711200000|  0%| F|  |TAMS 0x0000000711000000| PB 0x0000000711000000| Untracked 
| 103|0x0000000711200000, 0x0000000711200000, 0x0000000711400000|  0%| F|  |TAMS 0x0000000711200000| PB 0x0000000711200000| Untracked 
| 124|0x0000000713c00000, 0x0000000713c00000, 0x0000000713e00000|  0%| F|  |TAMS 0x0000000713c00000| PB 0x0000000713c00000| Untracked 
| 125|0x0000000713e00000, 0x0000000713fc5280, 0x0000000714000000| 88%| E|  |TAMS 0x0000000713e00000| PB 0x0000000713e00000| Complete 

Card table byte_map: [0x0000027336fc0000,0x00000273377a0000] _byte_map_base: 0x000002733379e000

Marking Bits: (CMBitMap*) 0x000002731e70bfe0
 Bits: [0x00000273377a0000, 0x000002733b690000)

Polling page: 0x000002731e760000

Metaspace:

Usage:
  Non-class:     73.14 MB used.
      Class:     11.25 MB used.
       Both:     84.39 MB used.

Virtual space:
  Non-class space:      128.00 MB reserved,      73.50 MB ( 57%) committed,  2 nodes.
      Class space:        1.00 GB reserved,      11.62 MB (  1%) committed,  1 nodes.
             Both:        1.12 GB reserved,      85.12 MB (  7%) committed. 

Chunk freelists:
   Non-Class:  5.94 MB
       Class:  4.36 MB
        Both:  10.29 MB

MaxMetaspaceSize: unlimited
CompressedClassSpaceSize: 1.00 GB
Initial GC threshold: 21.00 MB
Current GC threshold: 138.12 MB
CDS: on
 - commit_granule_bytes: 65536.
 - commit_granule_words: 8192.
 - virtual_space_node_default_size: 8388608.
 - enlarge_chunks_in_place: 1.
 - use_allocation_guard: 0.


Internal statistics:

num_allocs_failed_limit: 9.
num_arena_births: 1104.
num_arena_deaths: 0.
num_vsnodes_births: 3.
num_vsnodes_deaths: 0.
num_space_committed: 1362.
num_space_uncommitted: 0.
num_chunks_returned_to_freelist: 9.
num_chunks_taken_from_freelist: 4280.
num_chunk_merges: 9.
num_chunk_splits: 3125.
num_chunks_enlarged: 2458.
num_inconsistent_stats: 0.

CodeHeap 'non-profiled nmethods': size=120000Kb used=6365Kb max_used=6365Kb free=113634Kb
 bounds [0x000002732e620000, 0x000002732ec60000, 0x0000027335b50000]
CodeHeap 'profiled nmethods': size=120000Kb used=22006Kb max_used=22006Kb free=97994Kb
 bounds [0x0000027326b50000, 0x00000273280d0000, 0x000002732e080000]
CodeHeap 'non-nmethods': size=5760Kb used=1703Kb max_used=1745Kb free=4057Kb
 bounds [0x000002732e080000, 0x000002732e2f0000, 0x000002732e620000]
 total_blobs=11320 nmethods=10592 adapters=630
 compilation: enabled
              stopped_count=0, restarted_count=0
 full_count=0

Compilation events (20 events):
Event: 2198.304 Thread 0x000002733de6dec0 nmethod 11849 0x00000273280c1b90 code [0x00000273280c1d60, 0x00000273280c2160]
Event: 2198.304 Thread 0x000002733de6dec0 11850       3       org.springframework.data.jpa.repository.query.AbstractJpaQuery::applyLockMode (21 bytes)
Event: 2198.306 Thread 0x000002733de6dec0 nmethod 11850 0x00000273280c2290 code [0x00000273280c2480, 0x00000273280c2880]
Event: 2198.306 Thread 0x000002733de6dec0 11851       3       org.springframework.data.repository.query.ResultProcessor::processResult (295 bytes)
Event: 2198.319 Thread 0x000002733de6dec0 nmethod 11851 0x00000273280c2a90 code [0x00000273280c2f80, 0x00000273280c5778]
Event: 2203.301 Thread 0x000002733de6dec0 11852       3       org.springframework.data.jpa.repository.query.ParameterBinder::bind (15 bytes)
Event: 2203.302 Thread 0x000002733de6dec0 nmethod 11852 0x00000273280c6290 code [0x00000273280c6460, 0x00000273280c6778]
Event: 2203.302 Thread 0x000002733de6dec0 11853       3       org.hibernate.query.spi.QueryParameterBindingValidator::validate (174 bytes)
Event: 2203.307 Thread 0x000002733de6dec0 nmethod 11853 0x00000273280c6910 code [0x00000273280c6d00, 0x00000273280c8a90]
Event: 2203.307 Thread 0x000002733de6dec0 11854       3       org.springframework.data.jpa.repository.query.AbstractJpaQuery::applyEntityGraphConfiguration (51 bytes)
Event: 2203.310 Thread 0x000002733de6dec0 nmethod 11854 0x00000273280c9310 code [0x00000273280c9580, 0x00000273280c9f10]
Event: 2203.310 Thread 0x000002733de6dec0 11855   !   3       org.hibernate.event.internal.AbstractFlushingEventListener::performExecutions (90 bytes)
Event: 2203.313 Thread 0x000002733de6dec0 nmethod 11855 0x00000273280ca290 code [0x00000273280ca560, 0x00000273280cb188]
Event: 2203.313 Thread 0x000002733de6dec0 11856       3       org.hibernate.event.internal.AbstractFlushingEventListener::postFlush (47 bytes)
Event: 2203.316 Thread 0x000002733de6dec0 nmethod 11856 0x00000273280cb890 code [0x00000273280cbb20, 0x00000273280cc888]
Event: 2203.316 Thread 0x000002733de6dec0 11857       3       org.hibernate.engine.internal.SessionEventListenerManagerImpl::flushEnd (49 bytes)
Event: 2203.317 Thread 0x000002733de6dec0 nmethod 11857 0x00000273280ccd90 code [0x00000273280ccf60, 0x00000273280cd250]
Event: 2208.322 Thread 0x000002733de6d420 11859       4       org.apache.tomcat.util.http.MimeHeaders::setValue (102 bytes)
Event: 2208.322 Thread 0x000002733de6dec0 11858       3       com.fasterxml.jackson.databind.util.TypeKey::typedHash (7 bytes)
Event: 2208.323 Thread 0x000002733de6dec0 nmethod 11858 0x00000273280cd410 code [0x00000273280cd5a0, 0x00000273280cd730]

GC Heap History (20 events):
Event: 13.205 GC heap before
{Heap before GC invocations=11 (full 0):
 garbage-first heap   total 69632K, used 30645K [0x0000000704400000, 0x0000000800000000)
  region size 2048K, 4 young (8192K), 2 survivors (4096K)
 Metaspace       used 59578K, committed 60160K, reserved 1114112K
  class space    used 7996K, committed 8256K, reserved 1048576K
}
Event: 13.209 GC heap after
{Heap after GC invocations=12 (full 0):
 garbage-first heap   total 69632K, used 28725K [0x0000000704400000, 0x0000000800000000)
  region size 2048K, 1 young (2048K), 1 survivors (2048K)
 Metaspace       used 59578K, committed 60160K, reserved 1114112K
  class space    used 7996K, committed 8256K, reserved 1048576K
}
Event: 14.113 GC heap before
{Heap before GC invocations=13 (full 0):
 garbage-first heap   total 69632K, used 59445K [0x0000000704400000, 0x0000000800000000)
  region size 2048K, 16 young (32768K), 1 survivors (2048K)
 Metaspace       used 65020K, committed 65664K, reserved 1114112K
  class space    used 8760K, committed 9024K, reserved 1048576K
}
Event: 14.118 GC heap after
{Heap after GC invocations=14 (full 0):
 garbage-first heap   total 69632K, used 30697K [0x0000000704400000, 0x0000000800000000)
  region size 2048K, 2 young (4096K), 2 survivors (4096K)
 Metaspace       used 65020K, committed 65664K, reserved 1114112K
  class space    used 8760K, committed 9024K, reserved 1048576K
}
Event: 14.597 GC heap before
{Heap before GC invocations=14 (full 0):
 garbage-first heap   total 69632K, used 57321K [0x0000000704400000, 0x0000000800000000)
  region size 2048K, 15 young (30720K), 2 survivors (4096K)
 Metaspace       used 67653K, committed 68352K, reserved 1114112K
  class space    used 9266K, committed 9600K, reserved 1048576K
}
Event: 14.602 GC heap after
{Heap after GC invocations=15 (full 0):
 garbage-first heap   total 69632K, used 32045K [0x0000000704400000, 0x0000000800000000)
  region size 2048K, 2 young (4096K), 2 survivors (4096K)
 Metaspace       used 67653K, committed 68352K, reserved 1114112K
  class space    used 9266K, committed 9600K, reserved 1048576K
}
Event: 14.888 GC heap before
{Heap before GC invocations=15 (full 0):
 garbage-first heap   total 69632K, used 58669K [0x0000000704400000, 0x0000000800000000)
  region size 2048K, 15 young (30720K), 2 survivors (4096K)
 Metaspace       used 69458K, committed 70144K, reserved 1114112K
  class space    used 9643K, committed 9984K, reserved 1048576K
}
Event: 14.893 GC heap after
{Heap after GC invocations=16 (full 0):
 garbage-first heap   total 69632K, used 33401K [0x0000000704400000, 0x0000000800000000)
  region size 2048K, 2 young (4096K), 2 survivors (4096K)
 Metaspace       used 69458K, committed 70144K, reserved 1114112K
  class space    used 9643K, committed 9984K, reserved 1048576K
}
Event: 15.457 GC heap before
{Heap before GC invocations=16 (full 0):
 garbage-first heap   total 69632K, used 57977K [0x0000000704400000, 0x0000000800000000)
  region size 2048K, 14 young (28672K), 2 survivors (4096K)
 Metaspace       used 72718K, committed 73408K, reserved 1114112K
  class space    used 10064K, committed 10368K, reserved 1048576K
}
Event: 15.462 GC heap after
{Heap after GC invocations=17 (full 0):
 garbage-first heap   total 69632K, used 34964K [0x0000000704400000, 0x0000000800000000)
  region size 2048K, 2 young (4096K), 2 survivors (4096K)
 Metaspace       used 72718K, committed 73408K, reserved 1114112K
  class space    used 10064K, committed 10368K, reserved 1048576K
}
Event: 16.302 GC heap before
{Heap before GC invocations=18 (full 0):
 garbage-first heap   total 69632K, used 57492K [0x0000000704400000, 0x0000000800000000)
  region size 2048K, 13 young (26624K), 2 survivors (4096K)
 Metaspace       used 75698K, committed 76352K, reserved 1179648K
  class space    used 10528K, committed 10816K, reserved 1048576K
}
Event: 16.309 GC heap after
{Heap after GC invocations=19 (full 0):
 garbage-first heap   total 69632K, used 37555K [0x0000000704400000, 0x0000000800000000)
  region size 2048K, 2 young (4096K), 2 survivors (4096K)
 Metaspace       used 75698K, committed 76352K, reserved 1179648K
  class space    used 10528K, committed 10816K, reserved 1048576K
}
Event: 18.957 GC heap before
{Heap before GC invocations=19 (full 0):
 garbage-first heap   total 69632K, used 58035K [0x0000000704400000, 0x0000000800000000)
  region size 2048K, 12 young (24576K), 2 survivors (4096K)
 Metaspace       used 80446K, committed 81216K, reserved 1179648K
  class space    used 11160K, committed 11520K, reserved 1048576K
}
Event: 18.965 GC heap after
{Heap after GC invocations=20 (full 0):
 garbage-first heap   total 69632K, used 38744K [0x0000000704400000, 0x0000000800000000)
  region size 2048K, 2 young (4096K), 2 survivors (4096K)
 Metaspace       used 80446K, committed 81216K, reserved 1179648K
  class space    used 11160K, committed 11520K, reserved 1048576K
}
Event: 462.243 GC heap before
{Heap before GC invocations=20 (full 0):
 garbage-first heap   total 69632K, used 55128K [0x0000000704400000, 0x0000000800000000)
  region size 2048K, 11 young (22528K), 2 survivors (4096K)
 Metaspace       used 84133K, committed 84864K, reserved 1179648K
  class space    used 11503K, committed 11840K, reserved 1048576K
}
Event: 462.265 GC heap after
{Heap after GC invocations=21 (full 0):
 garbage-first heap   total 69632K, used 39872K [0x0000000704400000, 0x0000000800000000)
  region size 2048K, 2 young (4096K), 2 survivors (4096K)
 Metaspace       used 84133K, committed 84864K, reserved 1179648K
  class space    used 11503K, committed 11840K, reserved 1048576K
}
Event: 1092.670 GC heap before
{Heap before GC invocations=22 (full 0):
 garbage-first heap   total 71680K, used 58304K [0x0000000704400000, 0x0000000800000000)
  region size 2048K, 11 young (22528K), 2 survivors (4096K)
 Metaspace       used 84968K, committed 85760K, reserved 1179648K
  class space    used 11509K, committed 11904K, reserved 1048576K
}
Event: 1092.780 GC heap after
{Heap after GC invocations=23 (full 0):
 garbage-first heap   total 71680K, used 39999K [0x0000000704400000, 0x0000000800000000)
  region size 2048K, 1 young (2048K), 1 survivors (2048K)
 Metaspace       used 84968K, committed 85760K, reserved 1179648K
  class space    used 11509K, committed 11904K, reserved 1048576K
}
Event: 2108.268 GC heap before
{Heap before GC invocations=23 (full 0):
 garbage-first heap   total 71680K, used 60479K [0x0000000704400000, 0x0000000800000000)
  region size 2048K, 12 young (24576K), 1 survivors (2048K)
 Metaspace       used 86299K, committed 87104K, reserved 1179648K
  class space    used 11521K, committed 11904K, reserved 1048576K
}
Event: 2108.338 GC heap after
{Heap after GC invocations=24 (full 0):
 garbage-first heap   total 71680K, used 40279K [0x0000000704400000, 0x0000000800000000)
  region size 2048K, 2 young (4096K), 2 survivors (4096K)
 Metaspace       used 86299K, committed 87104K, reserved 1179648K
  class space    used 11521K, committed 11904K, reserved 1048576K
}

Dll operation events (14 events):
Event: 0.013 Loaded shared library C:\Users\tradi\.jdks\openjdk-21.0.2\bin\java.dll
Event: 0.048 Loaded shared library C:\Users\tradi\.jdks\openjdk-21.0.2\bin\jsvml.dll
Event: 0.138 Loaded shared library C:\Users\tradi\.jdks\openjdk-21.0.2\bin\zip.dll
Event: 0.144 Loaded shared library C:\Users\tradi\.jdks\openjdk-21.0.2\bin\instrument.dll
Event: 0.153 Loaded shared library C:\Users\tradi\.jdks\openjdk-21.0.2\bin\net.dll
Event: 0.156 Loaded shared library C:\Users\tradi\.jdks\openjdk-21.0.2\bin\nio.dll
Event: 0.228 Loaded shared library C:\Users\tradi\.jdks\openjdk-21.0.2\bin\zip.dll
Event: 1.959 Loaded shared library C:\Users\tradi\.jdks\openjdk-21.0.2\bin\jimage.dll
Event: 5.367 Loaded shared library C:\Program Files\JetBrains\IntelliJ IDEA Community Edition 2023.3.2\bin\breakgen64.dll
Event: 5.380 Loaded shared library C:\Users\tradi\.jdks\openjdk-21.0.2\bin\extnet.dll
Event: 5.406 Loaded shared library C:\Users\tradi\.jdks\openjdk-21.0.2\bin\verify.dll
Event: 7.248 Loaded shared library C:\Users\tradi\.jdks\openjdk-21.0.2\bin\sunmscapi.dll
Event: 9.460 Loaded shared library C:\Users\tradi\.jdks\openjdk-21.0.2\bin\management.dll
Event: 9.462 Loaded shared library C:\Users\tradi\.jdks\openjdk-21.0.2\bin\management_ext.dll

Deoptimization events (20 events):
Event: 1995.127 Thread 0x00000273862c8e50 DEOPT PACKING pc=0x000002732ec0ca98 sp=0x000000dacbcfe8a0
Event: 1995.127 Thread 0x00000273862c8e50 DEOPT UNPACKING pc=0x000002732e0d46a2 sp=0x000000dacbcfe870 mode 2
Event: 1995.128 Thread 0x00000273862c8e50 Uncommon trap: trap_request=0xffffffde fr.pc=0x000002732ec0ca98 relative=0x0000000000000658
Event: 1995.128 Thread 0x00000273862c8e50 Uncommon trap: reason=class_check action=maybe_recompile pc=0x000002732ec0ca98 method=com.mysql.cj.protocol.a.NativeProtocol.readMessage(Lcom/mysql/cj/protocol/a/NativePacketPayload;)Lcom/mysql/cj/protocol/a/NativePacketPayload; @ 4 c2
Event: 1995.128 Thread 0x00000273862c8e50 DEOPT PACKING pc=0x000002732ec0ca98 sp=0x000000dacbcfe8a0
Event: 1995.128 Thread 0x00000273862c8e50 DEOPT UNPACKING pc=0x000002732e0d46a2 sp=0x000000dacbcfe870 mode 2
Event: 1995.137 Thread 0x00000273862c8e50 Uncommon trap: trap_request=0xffffff45 fr.pc=0x000002732e9d66f0 relative=0x0000000000000f10
Event: 1995.138 Thread 0x00000273862c8e50 Uncommon trap: reason=unstable_if action=reinterpret pc=0x000002732e9d66f0 method=com.mysql.cj.result.Field.isUnsigned()Z @ 7 c2
Event: 1995.138 Thread 0x00000273862c8e50 DEOPT PACKING pc=0x000002732e9d66f0 sp=0x000000dacbcfeaa0
Event: 1995.138 Thread 0x00000273862c8e50 DEOPT UNPACKING pc=0x000002732e0d46a2 sp=0x000000dacbcfe9d8 mode 2
Event: 1995.143 Thread 0x00000273862c8e50 Uncommon trap: trap_request=0xffffff45 fr.pc=0x000002732eba0d00 relative=0x00000000000001e0
Event: 1995.143 Thread 0x00000273862c8e50 Uncommon trap: reason=unstable_if action=reinterpret pc=0x000002732eba0d00 method=java.lang.StringCoding.implEncodeAsciiArray([CI[BII)I @ 23 c2
Event: 1995.143 Thread 0x00000273862c8e50 DEOPT PACKING pc=0x000002732eba0d00 sp=0x000000dacbcfe860
Event: 1995.143 Thread 0x00000273862c8e50 DEOPT UNPACKING pc=0x000002732e0d46a2 sp=0x000000dacbcfe7d0 mode 2
Event: 1995.187 Thread 0x00000273862c8e50 Uncommon trap: trap_request=0xffffffde fr.pc=0x000002732ec0ca98 relative=0x0000000000000658
Event: 1995.187 Thread 0x00000273862c8e50 Uncommon trap: reason=class_check action=maybe_recompile pc=0x000002732ec0ca98 method=com.mysql.cj.protocol.a.NativeProtocol.readMessage(Lcom/mysql/cj/protocol/a/NativePacketPayload;)Lcom/mysql/cj/protocol/a/NativePacketPayload; @ 4 c2
Event: 1995.187 Thread 0x00000273862c8e50 DEOPT PACKING pc=0x000002732ec0ca98 sp=0x000000dacbcfeac0
Event: 1995.189 Thread 0x00000273862c8e50 DEOPT UNPACKING pc=0x000002732e0d46a2 sp=0x000000dacbcfeaa0 mode 2
Event: 2138.368 Thread 0x0000027385344df0 DEOPT PACKING pc=0x000002732802cc8a sp=0x000000dace7f8820
Event: 2138.368 Thread 0x0000027385344df0 DEOPT UNPACKING pc=0x000002732e0d4e42 sp=0x000000dace7f7c90 mode 0

Classes loaded (20 events):
Event: 318.281 Loading class sun/net/ConnectionResetException
Event: 318.282 Loading class sun/net/ConnectionResetException done
Event: 1545.508 Loading class java/util/concurrent/locks/ReentrantReadWriteLock$Sync$HoldCounter
Event: 1545.611 Loading class java/util/concurrent/locks/ReentrantReadWriteLock$Sync$HoldCounter done
Event: 1994.960 Loading class java/security/InvalidKeyException
Event: 1994.964 Loading class java/security/KeyException
Event: 1994.965 Loading class java/security/KeyException done
Event: 1994.966 Loading class java/security/InvalidKeyException done
Event: 1994.966 Loading class java/security/SignatureException
Event: 1994.968 Loading class java/security/SignatureException done
Event: 1994.970 Loading class java/security/spec/InvalidKeySpecException
Event: 1994.971 Loading class java/security/spec/InvalidKeySpecException done
Event: 1994.978 Loading class javax/crypto/NoSuchPaddingException
Event: 1994.980 Loading class javax/crypto/NoSuchPaddingException done
Event: 1994.981 Loading class javax/crypto/IllegalBlockSizeException
Event: 1994.981 Loading class javax/crypto/IllegalBlockSizeException done
Event: 1994.981 Loading class javax/crypto/BadPaddingException
Event: 1994.982 Loading class javax/crypto/BadPaddingException done
Event: 1994.984 Loading class javax/net/ssl/SSLSocket
Event: 1994.995 Loading class javax/net/ssl/SSLSocket done

Classes unloaded (0 events):
No events

Classes redefined (0 events):
No events

Internal exceptions (20 events):
Event: 2113.282 Thread 0x0000027386216fb0 Exception <a 'java/io/IOException'{0x0000000713e24f18}> (0x0000000713e24f18) 
thrown [s\open\src\hotspot\share\prims\jni.cpp, line 520]
Event: 2118.266 Thread 0x00000273853440d0 Exception <a 'java/io/IOException'{0x0000000713e40550}> (0x0000000713e40550) 
thrown [s\open\src\hotspot\share\prims\jni.cpp, line 520]
Event: 2123.273 Thread 0x00000273853433b0 Exception <a 'java/io/IOException'{0x0000000713e56620}> (0x0000000713e56620) 
thrown [s\open\src\hotspot\share\prims\jni.cpp, line 520]
Event: 2128.287 Thread 0x0000027385345480 Exception <a 'java/io/IOException'{0x0000000713e6c130}> (0x0000000713e6c130) 
thrown [s\open\src\hotspot\share\prims\jni.cpp, line 520]
Event: 2133.335 Thread 0x0000027386216920 Exception <a 'java/io/IOException'{0x0000000713e80ec8}> (0x0000000713e80ec8) 
thrown [s\open\src\hotspot\share\prims\jni.cpp, line 520]
Event: 2138.370 Thread 0x0000027385344df0 Exception <a 'java/io/IOException'{0x0000000713e97598}> (0x0000000713e97598) 
thrown [s\open\src\hotspot\share\prims\jni.cpp, line 520]
Event: 2143.402 Thread 0x0000027385344760 Exception <a 'java/io/IOException'{0x0000000713eac918}> (0x0000000713eac918) 
thrown [s\open\src\hotspot\share\prims\jni.cpp, line 520]
Event: 2148.307 Thread 0x0000027385346830 Exception <a 'java/io/IOException'{0x0000000713ec24d0}> (0x0000000713ec24d0) 
thrown [s\open\src\hotspot\share\prims\jni.cpp, line 520]
Event: 2153.355 Thread 0x0000027385343a40 Exception <a 'java/io/IOException'{0x0000000713edbf88}> (0x0000000713edbf88) 
thrown [s\open\src\hotspot\share\prims\jni.cpp, line 520]
Event: 2158.453 Thread 0x0000027385345b10 Exception <a 'java/io/IOException'{0x0000000713ef1a58}> (0x0000000713ef1a58) 
thrown [s\open\src\hotspot\share\prims\jni.cpp, line 520]
Event: 2163.363 Thread 0x0000027386216fb0 Exception <a 'java/io/IOException'{0x0000000713f00dc0}> (0x0000000713f00dc0) 
thrown [s\open\src\hotspot\share\prims\jni.cpp, line 520]
Event: 2168.369 Thread 0x00000273853440d0 Exception <a 'java/io/IOException'{0x0000000713f10540}> (0x0000000713f10540) 
thrown [s\open\src\hotspot\share\prims\jni.cpp, line 520]
Event: 2173.388 Thread 0x00000273853433b0 Exception <a 'java/io/IOException'{0x0000000713f26c10}> (0x0000000713f26c10) 
thrown [s\open\src\hotspot\share\prims\jni.cpp, line 520]
Event: 2178.316 Thread 0x0000027385345480 Exception <a 'java/io/IOException'{0x0000000713f3d470}> (0x0000000713f3d470) 
thrown [s\open\src\hotspot\share\prims\jni.cpp, line 520]
Event: 2183.323 Thread 0x0000027386216920 Exception <a 'java/io/IOException'{0x0000000713f506b8}> (0x0000000713f506b8) 
thrown [s\open\src\hotspot\share\prims\jni.cpp, line 520]
Event: 2188.345 Thread 0x0000027385344df0 Exception <a 'java/io/IOException'{0x0000000713f68340}> (0x0000000713f68340) 
thrown [s\open\src\hotspot\share\prims\jni.cpp, line 520]
Event: 2193.363 Thread 0x0000027385344760 Exception <a 'java/io/IOException'{0x0000000713f7cf00}> (0x0000000713f7cf00) 
thrown [s\open\src\hotspot\share\prims\jni.cpp, line 520]
Event: 2198.295 Thread 0x0000027385346830 Exception <a 'java/io/IOException'{0x0000000713f8ebb0}> (0x0000000713f8ebb0) 
thrown [s\open\src\hotspot\share\prims\jni.cpp, line 520]
Event: 2203.304 Thread 0x0000027385343a40 Exception <a 'java/io/IOException'{0x0000000713f9f650}> (0x0000000713f9f650) 
thrown [s\open\src\hotspot\share\prims\jni.cpp, line 520]
Event: 2208.316 Thread 0x0000027385345b10 Exception <a 'java/io/IOException'{0x0000000713fb5a90}> (0x0000000713fb5a90) 
thrown [s\open\src\hotspot\share\prims\jni.cpp, line 520]

ZGC Phase Switch (0 events):
No events

VM Operations (20 events):
Event: 2132.590 Executing VM operation: Cleanup
Event: 2132.590 Executing VM operation: Cleanup done
Event: 2138.645 Executing VM operation: Cleanup
Event: 2138.645 Executing VM operation: Cleanup done
Event: 2143.688 Executing VM operation: Cleanup
Event: 2143.688 Executing VM operation: Cleanup done
Event: 2153.020 Executing VM operation: HandshakeAllThreads (HandshakeForDeflation)
Event: 2153.020 Executing VM operation: HandshakeAllThreads (HandshakeForDeflation) done
Event: 2153.020 Executing VM operation: RendezvousGCThreads
Event: 2153.020 Executing VM operation: RendezvousGCThreads done
Event: 2174.199 Executing VM operation: Cleanup
Event: 2174.199 Executing VM operation: Cleanup done
Event: 2179.218 Executing VM operation: Cleanup
Event: 2179.218 Executing VM operation: Cleanup done
Event: 2184.267 Executing VM operation: Cleanup
Event: 2184.273 Executing VM operation: Cleanup done
Event: 2189.315 Executing VM operation: Cleanup
Event: 2189.315 Executing VM operation: Cleanup done
Event: 2198.393 Executing VM operation: Cleanup
Event: 2198.393 Executing VM operation: Cleanup done

Events (20 events):
Event: 462.329 Thread 0x000002733de43660 flushing nmethod 0x000002732e7fd410
Event: 462.329 Thread 0x000002733de43660 flushing nmethod 0x000002732e801090
Event: 462.329 Thread 0x000002733de43660 flushing nmethod 0x000002732e755710
Event: 462.329 Thread 0x000002733de43660 flushing nmethod 0x000002732e792190
Event: 462.329 Thread 0x000002733de43660 flushing nmethod 0x000002732e790d90
Event: 462.329 Thread 0x000002733de43660 flushing nmethod 0x000002732e780610
Event: 462.329 Thread 0x000002733de43660 flushing nmethod 0x000002732e76d110
Event: 462.329 Thread 0x000002733de43660 flushing nmethod 0x000002732e6c7e90
Event: 462.329 Thread 0x000002733de43660 flushing nmethod 0x000002732e728410
Event: 462.329 Thread 0x000002733de43660 flushing nmethod 0x000002732e6b3d90
Event: 462.329 Thread 0x000002733de43660 flushing nmethod 0x000002732e69cf90
Event: 462.329 Thread 0x000002733de43660 flushing nmethod 0x000002732e694410
Event: 462.329 Thread 0x000002733de43660 flushing nmethod 0x000002732e683210
Event: 1972.724 Thread 0x0000027387557650 Thread added: 0x0000027387557650
Event: 1973.222 Thread 0x0000027387557650 Thread exited: 0x0000027387557650
Event: 1994.845 Thread 0x00000273862c6d80 Thread added: 0x00000273862c6d80
Event: 1995.055 Thread 0x00000273862c8e50 Thread added: 0x00000273862c8e50
Event: 2000.077 Thread 0x00000273862c6d80 Thread exited: 0x00000273862c6d80
Event: 2000.618 Thread 0x00000273862c8e50 Thread exited: 0x00000273862c8e50
Event: 2065.711 Thread 0x000002733e880c00 Thread exited: 0x000002733e880c00


Dynamic libraries:
0x00007ff7aa580000 - 0x00007ff7aa58e000 	C:\Users\tradi\.jdks\openjdk-21.0.2\bin\java.exe
0x00007ff8c5900000 - 0x00007ff8c5b63000 	C:\WINDOWS\SYSTEM32\ntdll.dll
0x00007ff8c3d80000 - 0x00007ff8c3e47000 	C:\WINDOWS\System32\KERNEL32.DLL
0x00007ff8c3240000 - 0x00007ff8c3607000 	C:\WINDOWS\System32\KERNELBASE.dll
0x00007ff8c30f0000 - 0x00007ff8c323c000 	C:\WINDOWS\System32\ucrtbase.dll
0x00007ff8bcf90000 - 0x00007ff8bcfa8000 	C:\Users\tradi\.jdks\openjdk-21.0.2\bin\jli.dll
0x00007ff8bcfb0000 - 0x00007ff8bcfcb000 	C:\Users\tradi\.jdks\openjdk-21.0.2\bin\VCRUNTIME140.dll
0x00007ff8c4500000 - 0x00007ff8c46c9000 	C:\WINDOWS\System32\USER32.dll
0x00007ff8c2ca0000 - 0x00007ff8c2cc7000 	C:\WINDOWS\System32\win32u.dll
0x00007ff8ade10000 - 0x00007ff8ae0a0000 	C:\WINDOWS\WinSxS\amd64_microsoft.windows.common-controls_6595b64144ccf1df_6.0.26100.3037_none_3e09262ce333c378\COMCTL32.dll
0x00007ff8c3860000 - 0x00007ff8c3909000 	C:\WINDOWS\System32\msvcrt.dll
0x00007ff8c3cd0000 - 0x00007ff8c3cfa000 	C:\WINDOWS\System32\GDI32.dll
0x00007ff8c3610000 - 0x00007ff8c373b000 	C:\WINDOWS\System32\gdi32full.dll
0x00007ff8c2ef0000 - 0x00007ff8c2f93000 	C:\WINDOWS\System32\msvcp_win.dll
0x00007ff8c3820000 - 0x00007ff8c384f000 	C:\WINDOWS\System32\IMM32.DLL
0x00007ff8bb1f0000 - 0x00007ff8bb1fc000 	C:\Users\tradi\.jdks\openjdk-21.0.2\bin\vcruntime140_1.dll
0x00007ff82a0f0000 - 0x00007ff82a17e000 	C:\Users\tradi\.jdks\openjdk-21.0.2\bin\msvcp140.dll
0x00007ff829310000 - 0x00007ff82a027000 	C:\Users\tradi\.jdks\openjdk-21.0.2\bin\server\jvm.dll
0x00007ff8c4360000 - 0x00007ff8c4414000 	C:\WINDOWS\System32\ADVAPI32.dll
0x00007ff8c48a0000 - 0x00007ff8c4946000 	C:\WINDOWS\System32\sechost.dll
0x00007ff8c3ba0000 - 0x00007ff8c3cb6000 	C:\WINDOWS\System32\RPCRT4.dll
0x00007ff8c3f50000 - 0x00007ff8c3fc4000 	C:\WINDOWS\System32\WS2_32.dll
0x00007ff8c2b30000 - 0x00007ff8c2b7e000 	C:\WINDOWS\SYSTEM32\POWRPROF.dll
0x00007ff8b6c00000 - 0x00007ff8b6c36000 	C:\WINDOWS\SYSTEM32\WINMM.dll
0x00007ff8b5cb0000 - 0x00007ff8b5cbb000 	C:\WINDOWS\SYSTEM32\VERSION.dll
0x00007ff8c2b10000 - 0x00007ff8c2b24000 	C:\WINDOWS\SYSTEM32\UMPDC.dll
0x00007ff8c1aa0000 - 0x00007ff8c1aba000 	C:\WINDOWS\SYSTEM32\kernel.appcore.dll
0x00007ff8bb1e0000 - 0x00007ff8bb1ea000 	C:\Users\tradi\.jdks\openjdk-21.0.2\bin\jimage.dll
0x00007ff8bfe30000 - 0x00007ff8c0071000 	C:\WINDOWS\SYSTEM32\DBGHELP.DLL
0x00007ff8c3fd0000 - 0x00007ff8c434e000 	C:\WINDOWS\System32\combase.dll
0x00007ff8c3740000 - 0x00007ff8c3816000 	C:\WINDOWS\System32\OLEAUT32.dll
0x00007ff89f7b0000 - 0x00007ff89f7e9000 	C:\WINDOWS\SYSTEM32\dbgcore.DLL
0x00007ff8c2cd0000 - 0x00007ff8c2d69000 	C:\WINDOWS\System32\bcryptPrimitives.dll
0x00007ff8bb1b0000 - 0x00007ff8bb1bf000 	C:\Users\tradi\.jdks\openjdk-21.0.2\bin\instrument.dll
0x00007ff8bb1c0000 - 0x00007ff8bb1df000 	C:\Users\tradi\.jdks\openjdk-21.0.2\bin\java.dll
0x00007ff8c51b0000 - 0x00007ff8c58b4000 	C:\WINDOWS\System32\SHELL32.dll
0x00007ff8c0960000 - 0x00007ff8c1197000 	C:\WINDOWS\SYSTEM32\windows.storage.dll
0x00007ff8c3e50000 - 0x00007ff8c3f39000 	C:\WINDOWS\System32\SHCORE.dll
0x00007ff8c4b20000 - 0x00007ff8c4b7d000 	C:\WINDOWS\System32\shlwapi.dll
0x00007ff8c2bb0000 - 0x00007ff8c2bde000 	C:\WINDOWS\SYSTEM32\profapi.dll
0x00007ff829230000 - 0x00007ff829307000 	C:\Users\tradi\.jdks\openjdk-21.0.2\bin\jsvml.dll
0x00007ff87f540000 - 0x00007ff87f558000 	C:\Users\tradi\.jdks\openjdk-21.0.2\bin\zip.dll
0x00007ff883510000 - 0x00007ff883520000 	C:\Users\tradi\.jdks\openjdk-21.0.2\bin\net.dll
0x00007ff8b9ed0000 - 0x00007ff8b9fee000 	C:\WINDOWS\SYSTEM32\WINHTTP.dll
0x00007ff8c1f90000 - 0x00007ff8c1ff8000 	C:\WINDOWS\system32\mswsock.dll
0x00007ff87f560000 - 0x00007ff87f576000 	C:\Users\tradi\.jdks\openjdk-21.0.2\bin\nio.dll
0x00007ff8bb0c0000 - 0x00007ff8bb0da000 	C:\Program Files\JetBrains\IntelliJ IDEA Community Edition 2023.3.2\bin\breakgen64.dll
0x00007ff87f0f0000 - 0x00007ff87f0f9000 	C:\Users\tradi\.jdks\openjdk-21.0.2\bin\extnet.dll
0x00007ff87dfd0000 - 0x00007ff87dfe0000 	C:\Users\tradi\.jdks\openjdk-21.0.2\bin\verify.dll
0x00007ff8bb0f0000 - 0x00007ff8bb0fe000 	C:\Users\tradi\.jdks\openjdk-21.0.2\bin\sunmscapi.dll
0x00007ff8c2d70000 - 0x00007ff8c2ee6000 	C:\WINDOWS\System32\CRYPT32.dll
0x00007ff8c2480000 - 0x00007ff8c24b0000 	C:\WINDOWS\SYSTEM32\ncrypt.dll
0x00007ff8c2430000 - 0x00007ff8c246f000 	C:\WINDOWS\SYSTEM32\NTASN1.dll
0x00007ff8c2210000 - 0x00007ff8c222c000 	C:\WINDOWS\SYSTEM32\CRYPTSP.dll
0x00007ff8c1a00000 - 0x00007ff8c1a38000 	C:\WINDOWS\system32\rsaenh.dll
0x00007ff8c2030000 - 0x00007ff8c205b000 	C:\WINDOWS\SYSTEM32\USERENV.dll
0x00007ff8c24c0000 - 0x00007ff8c24e6000 	C:\WINDOWS\SYSTEM32\bcrypt.dll
0x00007ff8c2200000 - 0x00007ff8c220c000 	C:\WINDOWS\SYSTEM32\CRYPTBASE.dll
0x00007ff8c1560000 - 0x00007ff8c1592000 	C:\WINDOWS\SYSTEM32\IPHLPAPI.DLL
0x00007ff8c3cc0000 - 0x00007ff8c3cca000 	C:\WINDOWS\System32\NSI.dll
0x00007ff8bb1a0000 - 0x00007ff8bb1aa000 	C:\Users\tradi\.jdks\openjdk-21.0.2\bin\management.dll
0x00007ff8bb190000 - 0x00007ff8bb19b000 	C:\Users\tradi\.jdks\openjdk-21.0.2\bin\management_ext.dll
0x00007ff8c3b90000 - 0x00007ff8c3b98000 	C:\WINDOWS\System32\PSAPI.DLL
0x00007ff8c1630000 - 0x00007ff8c1755000 	C:\WINDOWS\SYSTEM32\DNSAPI.dll
0x00007ff8b8d10000 - 0x00007ff8b8d1b000 	C:\Windows\System32\rasadhlp.dll
0x00007ff8baa40000 - 0x00007ff8baac5000 	C:\WINDOWS\System32\fwpuclnt.dll
0x00007ff897a00000 - 0x00007ff897a18000 	C:\WINDOWS\system32\napinsp.dll
0x00007ff8979e0000 - 0x00007ff8979f2000 	C:\WINDOWS\System32\winrnr.dll
0x00007ff8979b0000 - 0x00007ff8979d2000 	C:\WINDOWS\system32\nlansp_c.dll
0x00007ff895dd0000 - 0x00007ff895de6000 	C:\WINDOWS\system32\wshbth.dll
0x00007ff879f10000 - 0x00007ff879f18000 	C:\WINDOWS\system32\wshunix.dll

dbghelp: loaded successfully - version: 4.0.5 - missing functions: none
symbol engine: initialized successfully - sym options: 0x614 - pdb path: .;C:\Users\tradi\.jdks\openjdk-21.0.2\bin;C:\WINDOWS\SYSTEM32;C:\WINDOWS\WinSxS\amd64_microsoft.windows.common-controls_6595b64144ccf1df_6.0.26100.3037_none_3e09262ce333c378;C:\Users\tradi\.jdks\openjdk-21.0.2\bin\server;C:\Program Files\JetBrains\IntelliJ IDEA Community Edition 2023.3.2\bin

VM Arguments:
jvm_args: -javaagent:C:\Program Files\JetBrains\IntelliJ IDEA Community Edition 2023.3.2\lib\idea_rt.jar=51047:C:\Program Files\JetBrains\IntelliJ IDEA Community Edition 2023.3.2\bin -Dfile.encoding=UTF-8 -Dsun.stdout.encoding=UTF-8 -Dsun.stderr.encoding=UTF-8 
java_command: com.nova.colis.ColisApplication
java_class_path (initial): C:\Users\tradi\Downloads\colis\colis\target\classes;C:\Users\tradi\.m2\repository\org\springframework\boot\spring-boot-starter-web\3.4.2\spring-boot-starter-web-3.4.2.jar;C:\Users\tradi\.m2\repository\org\springframework\boot\spring-boot-starter\3.4.2\spring-boot-starter-3.4.2.jar;C:\Users\tradi\.m2\repository\org\springframework\boot\spring-boot\3.4.2\spring-boot-3.4.2.jar;C:\Users\tradi\.m2\repository\org\springframework\boot\spring-boot-autoconfigure\3.4.2\spring-boot-autoconfigure-3.4.2.jar;C:\Users\tradi\.m2\repository\org\springframework\boot\spring-boot-starter-logging\3.4.2\spring-boot-starter-logging-3.4.2.jar;C:\Users\tradi\.m2\repository\ch\qos\logback\logback-classic\1.5.16\logback-classic-1.5.16.jar;C:\Users\tradi\.m2\repository\ch\qos\logback\logback-core\1.5.16\logback-core-1.5.16.jar;C:\Users\tradi\.m2\repository\org\apache\logging\log4j\log4j-to-slf4j\2.24.3\log4j-to-slf4j-2.24.3.jar;C:\Users\tradi\.m2\repository\org\apache\logging\log4j\log4j-api\2.24.3\log4j-api-2.24.3.jar;C:\Users\tradi\.m2\repository\org\slf4j\jul-to-slf4j\2.0.16\jul-to-slf4j-2.0.16.jar;C:\Users\tradi\.m2\repository\jakarta\annotation\jakarta.annotation-api\2.1.1\jakarta.annotation-api-2.1.1.jar;C:\Users\tradi\.m2\repository\org\springframework\boot\spring-boot-starter-json\3.4.2\spring-boot-starter-json-3.4.2.jar;C:\Users\tradi\.m2\repository\com\fasterxml\jackson\core\jackson-databind\2.18.2\jackson-databind-2.18.2.jar;C:\Users\tradi\.m2\repository\com\fasterxml\jackson\core\jackson-annotations\2.18.2\jackson-annotations-2.18.2.jar;C:\Users\tradi\.m2\repository\com\fasterxml\jackson\core\jackson-core\2.18.2\jackson-core-2.18.2.jar;C:\Users\tradi\.m2\repository\com\fasterxml\jackson\datatype\jackson-datatype-jdk8\2.18.2\jackson-datatype-jdk8-2.18.2.jar;C:\Users\tradi\.m2\repository\com\fasterxml\jackson\datatype\jackson-datatype-jsr310\2.18.2\jackson-datatype-jsr310-2.18.2.jar;C:\Users\tradi\.m2\repository\com\fasterxml\jackson\module\jackson-module-parameter-names\2.18.2\jackson-module-parameter-names-2.18.2.jar;C:\Users\tradi\.m2\repository\org\springframework\boot\spring-boot-starter-tomcat\3.4.2\spring-boot-starter-tomcat-3.4.2.jar;C:\Users\tradi\.m2\repository\org\apache\tomcat\embed\tomcat-embed-core\10.1.34\tomcat-embed-core-10.1.34.jar;C:\Users\tradi\.m2\repository\org\apache\tomcat\embed\tomcat-embed-websocket\10.1.34\tomcat-embed-websocket-10.1.34.jar;C:\Users\tradi\.m2\repository\org\springframework\spring-web\6.2.2\spring-web-6.2.2.jar;C:\Users\tradi\.m2\repository\org\springframework\spring-beans\6.2.2\spring-beans-6.2.2.jar;C:\Users\tradi\.m2\repository\io\micrometer\micrometer-observation\1.14.3\micrometer-observation-1.14.3.jar;C:\Users\tradi\.m2\repository\io\micrometer\micrometer-commons\1.14.3\micrometer-commons-1.14.3.jar;C:\Users\tradi\.m2\repository\org\springframework\spring-webmvc\6.2.2\spring-webmvc-6.2.2.jar;C:\Users\tradi\.m2\repository\org\springframework\spring-context\6.2.2\spring-context-6.2.2.jar;C:\Users\tradi\.m2\repository\org\springframework\spring-expression\6.2.2\spring-expression-6.2.2.jar;C:\Users\tradi\.m2\repository\org\springframework\boot\spring-boot-starter-data-jpa\3.4.2\spring-boot-starter-data-jpa-3.4.2.jar;C:\Users\tradi\.m2\repository\org\springframework\boot\spring-boot-starter-jdbc\3.4.2\spring-boot-starter-jdbc-3.4.2.jar;C:\Users\tradi\.m2\repository\com\zaxxer\HikariCP\5.1.0\HikariCP-5.1.0.jar;C:\Users\tradi\.m2\repository\org\springframework\spring-jdbc\6.2.2\spring-jdbc-6.2.2.jar;C:\Users\tradi\.m2\repository\org\hibernate\orm\hibernate-core\6.6.5.Final\hibernate-core-6.6.5.Final.jar;C:\Users\tradi\.m2\repository\jakarta\persistence\jakarta.persistence-api\3.1.0\jakarta.persistence-api-3.1.0.jar;C:\Users\tradi\.m2\repository\jakarta\transaction\jakarta.transaction-api\2.0.1\jakarta.transaction-api-2.0.1.jar;C:\Users\tradi\.m2\repository\org\jboss\logging\jboss-logging\3.6.1.Final\jboss-logging-3.6.1.Final.jar;C:\Users\tradi\.m2\repository\org\hibernate\common\hibernate-commons-annotations\7.0.3.Final\hibernate-commons-annotations-7.0.3.Final.jar;C:\Users\tradi\.m2\repository\io\smallrye\jandex\3.2.0\jandex-3.2.0.jar;C:\Users\tradi\.m2\repository\com\fasterxml\classmate\1.7.0\classmate-1.7.0.jar;C:\Users\tradi\.m2\repository\net\bytebuddy\byte-buddy\1.15.11\byte-buddy-1.15.11.jar;C:\Users\tradi\.m2\repository\org\glassfish\jaxb\jaxb-runtime\4.0.5\jaxb-runtime-4.0.5.jar;C:\Users\tradi\.m2\repository\org\glassfish\jaxb\jaxb-core\4.0.5\jaxb-core-4.0.5.jar;C:\Users\tradi\.m2\repository\org\eclipse\angus\angus-activation\2.0.2\angus-activation-2.0.2.jar;C:\Users\tradi\.m2\repository\org\glassfish\jaxb\txw2\4.0.5\txw2-4.0.5.jar;C:\Users\tradi\.m2\repository\com\sun\istack\istack-commons-runtime\4.1.2\istack-commons-runtime-4.1.2.jar;C:\Users\tradi\.m2\repository\jakarta\inject\jakarta.inject-api\2.0.1\jakarta.inject-api-2.0.1.jar;C:\Users\tradi\.m2\repository\org\antlr\antlr4-runtime\4.13.0\antlr4-runtime-4.13.0.jar;C:\Users\tradi\.m2\repository\org\springframework\data\spring-data-jpa\3.4.2\spring-data-jpa-3.4.2.jar;C:\Users\tradi\.m2\repository\org\springframework\data\spring-data-commons\3.4.2\spring-data-commons-3.4.2.jar;C:\Users\tradi\.m2\repository\org\springframework\spring-orm\6.2.2\spring-orm-6.2.2.jar;C:\Users\tradi\.m2\repository\org\springframework\spring-tx\6.2.2\spring-tx-6.2.2.jar;C:\Users\tradi\.m2\repository\org\slf4j\slf4j-api\2.0.16\slf4j-api-2.0.16.jar;C:\Users\tradi\.m2\repository\org\springframework\spring-aspects\6.2.2\spring-aspects-6.2.2.jar;C:\Users\tradi\.m2\repository\org\aspectj\aspectjweaver\1.9.22.1\aspectjweaver-1.9.22.1.jar;C:\Users\tradi\.m2\repository\org\springframework\boot\spring-boot-starter-validation\3.4.2\spring-boot-starter-validation-3.4.2.jar;C:\Users\tradi\.m2\repository\org\apache\tomcat\embed\tomcat-embed-el\10.1.34\tomcat-embed-el-10.1.34.jar;C:\Users\tradi\.m2\repository\org\hibernate\validator\hibernate-validator\8.0.2.Final\hibernate-validator-8.0.2.Final.jar;C:\Users\tradi\.m2\repository\jakarta\validation\jakarta.validation-api\3.0.2\jakarta.validation-api-3.0.2.jar;C:\Users\tradi\.m2\repository\org\springframework\boot\spring-boot-starter-security\3.4.2\spring-boot-starter-security-3.4.2.jar;C:\Users\tradi\.m2\repository\org\springframework\spring-aop\6.2.2\spring-aop-6.2.2.jar;C:\Users\tradi\.m2\repository\org\springframework\security\spring-security-config\6.4.2\spring-security-config-6.4.2.jar;C:\Users\tradi\.m2\repository\org\springframework\security\spring-security-web\6.4.2\spring-security-web-6.4.2.jar;C:\Users\tradi\.m2\repository\org\liquibase\liquibase-core\4.20.0\liquibase-core-4.20.0.jar;C:\Users\tradi\.m2\repository\javax\xml\bind\jaxb-api\2.3.1\jaxb-api-2.3.1.jar;C:\Users\tradi\.m2\repository\javax\activation\javax.activation-api\1.2.0\javax.activation-api-1.2.0.jar;C:\Users\tradi\.m2\repository\org\yaml\snakeyaml\2.3\snakeyaml-2.3.jar;C:\Users\tradi\.m2\repository\com\mysql\mysql-connector-j\9.1.0\mysql-connector-j-9.1.0.jar;C:\Users\tradi\.m2\repository\com\opencsv\opencsv\5.7.1\opencsv-5.7.1.jar;C:\Users\tradi\.m2\repository\commons-beanutils\commons-beanutils\1.9.4\commons-beanutils-1.9.4.jar;C:\Users\tradi\.m2\repository\commons-logging\commons-logging\1.2\commons-logging-1.2.jar;C:\Users\tradi\.m2\repository\commons-collections\commons-collections\3.2.2\commons-collections-3.2.2.jar;C:\Users\tradi\.m2\repository\org\apache\commons\commons-lang3\3.17.0\commons-lang3-3.17.0.jar;C:\Users\tradi\.m2\repository\org\apache\commons\commons-text\1.10.0\commons-text-1.10.0.jar;C:\Users\tradi\.m2\repository\org\apache\commons\commons-collections4\4.4\commons-collections4-4.4.jar;C:\Users\tradi\.m2\repository\jakarta\xml\bind\jakarta.xml.bind-api\4.0.2\jakarta.xml.bind-api-4.0.2.jar;C:\Users\tradi\.m2\repository\jakarta\activation\jakarta.activation-api\2.1.3\jakarta.activation-api-2.1.3.jar;C:\Users\tradi\.m2\repository\org\springframework\spring-core\6.2.2\spring-core-6.2.2.jar;C:\Users\tradi\.m2\repository\org\springframework\spring-jcl\6.2.2\spring-jcl-6.2.2.jar;C:\Users\tradi\.m2\repository\org\springframework\security\spring-security-core\6.4.2\spring-security-core-6.4.2.jar;C:\Users\tradi\.m2\repository\org\springframework\security\spring-security-crypto\6.4.2\spring-security-crypto-6.4.2.jar
Launcher Type: SUN_STANDARD

[Global flags]
     intx CICompilerCount                          = 4                                         {product} {ergonomic}
     uint ConcGCThreads                            = 3                                         {product} {ergonomic}
     uint G1ConcRefinementThreads                  = 10                                        {product} {ergonomic}
   size_t G1HeapRegionSize                         = 2097152                                   {product} {ergonomic}
    uintx GCDrainStackTargetSize                   = 64                                        {product} {ergonomic}
   size_t InitialHeapSize                          = 264241152                                 {product} {ergonomic}
   size_t MarkStackSize                            = 4194304                                   {product} {ergonomic}
   size_t MaxHeapSize                              = 4223664128                                {product} {ergonomic}
   size_t MaxNewSize                               = 2533359616                                {product} {ergonomic}
   size_t MinHeapDeltaBytes                        = 2097152                                   {product} {ergonomic}
   size_t MinHeapSize                              = 8388608                                   {product} {ergonomic}
    uintx NonNMethodCodeHeapSize                   = 5839372                                {pd product} {ergonomic}
    uintx NonProfiledCodeHeapSize                  = 122909434                              {pd product} {ergonomic}
    uintx ProfiledCodeHeapSize                     = 122909434                              {pd product} {ergonomic}
    uintx ReservedCodeCacheSize                    = 251658240                              {pd product} {ergonomic}
     bool SegmentedCodeCache                       = true                                      {product} {ergonomic}
   size_t SoftMaxHeapSize                          = 4223664128                             {manageable} {ergonomic}
     bool UseCompressedOops                        = true                           {product lp64_product} {ergonomic}
     bool UseG1GC                                  = true                                      {product} {ergonomic}
     bool UseLargePagesIndividualAllocation        = false                                  {pd product} {ergonomic}

Logging:
Log output configuration:
 #0: stdout all=warning uptime,level,tags foldmultilines=false
 #1: stderr all=off uptime,level,tags foldmultilines=false

Environment Variables:
JAVA_HOME=C:\Program Files\Java\jdk-21
PATH=C:\Python312\Scripts\;C:\Python312\;C:\Program Files\Common Files\Oracle\Java\javapath;C:\Program Files (x86)\Common Files\Oracle\Java\javapath;C:\WINDOWS\system32;C:\WINDOWS;C:\WINDOWS\System32\Wbem;C:\WINDOWS\System32\WindowsPowerShell\v1.0\;C:\WINDOWS\System32\OpenSSH\;C:\Program Files\Microsoft SQL Server\150\Tools\Binn\;C:\Program Files\Microsoft SQL Server\Client SDK\ODBC\170\Tools\Binn\;C:\Program Files\dotnet\;C:\maven\apache-maven-3.9.6-bin\apache-maven-3.9.6\bin;C:\ProgramData\chocolatey\bin;C:\Program Files\MongoDB\mongosh-2.1.1-win32-x64\bin;C:\Program Files\Git\cmd;C:\Program Files\Docker\Docker\resources\bin;C:\Program Files\Java\jdk-21\bin;C:\Users\tradi\AppData\Roaming\nvm;C:\Program Files\nodejs;C:\Program Files\Amazon\AWSCLIV2\;C:\Users\tradi\AppData\Local\Microsoft\WindowsApps;C:\Program Files\JetBrains\IntelliJ IDEA Community Edition 2023.3.2\bin;;C:\Program Files\JetBrains\IntelliJ IDEA 2023.3\bin;;C:\Users\tradi\.dotnet\tools;C:\Users\tradi\AppData\Local\Programs\Microsoft VS Code\bin;C:\Users\tradi\AppData\Roaming\npm;C:\Users\tradi\Downloads\flutter\src\flutter\bin;C:\Users\tradi\AppData\Roaming\nvm;C:\Program Files\nodejs;C:\Program Files\heroku\bin;C:\flutter_windows_3.24.3-stable\flutter\bin;
USERNAME=tradi
OS=Windows_NT
PROCESSOR_IDENTIFIER=Intel64 Family 6 Model 186 Stepping 3, GenuineIntel
TMP=C:\Users\tradi\AppData\Local\Temp
TEMP=C:\Users\tradi\AppData\Local\Temp




Periodic native trim disabled

---------------  S Y S T E M  ---------------

OS:
 Windows 11 , 64 bit Build 26100 (10.0.26100.3037)
OS uptime: 0 days 0:51 hours
Hyper-V role detected

CPU: total 12 (initial active 12) (6 cores per cpu, 2 threads per core) family 6 model 186 stepping 3 microcode 0x4112, cx8, cmov, fxsr, ht, mmx, 3dnowpref, sse, sse2, sse3, ssse3, sse4.1, sse4.2, popcnt, lzcnt, tsc, tscinvbit, avx, avx2, aes, erms, clmul, bmi1, bmi2, adx, sha, fma, vzeroupper, clflush, clflushopt, clwb, hv, serialize, rdtscp, rdpid, fsrm, f16c, cet_ibt, cet_ss
Processor Information for processor 0
  Max Mhz: 1700, Current Mhz: 1700, Mhz Limit: 1700
Processor Information for processor 1
  Max Mhz: 1700, Current Mhz: 1700, Mhz Limit: 1700
Processor Information for processor 2
  Max Mhz: 1700, Current Mhz: 1700, Mhz Limit: 1700
Processor Information for processor 3
  Max Mhz: 1700, Current Mhz: 1457, Mhz Limit: 1700
Processor Information for processor 4
  Max Mhz: 1700, Current Mhz: 1200, Mhz Limit: 1190
Processor Information for processor 5
  Max Mhz: 1700, Current Mhz: 1200, Mhz Limit: 1190
Processor Information for processor 6
  Max Mhz: 1700, Current Mhz: 1200, Mhz Limit: 1190
Processor Information for processor 7
  Max Mhz: 1700, Current Mhz: 1200, Mhz Limit: 1190
Processor Information for processor 8
  Max Mhz: 1700, Current Mhz: 1200, Mhz Limit: 1190
Processor Information for processor 9
  Max Mhz: 1700, Current Mhz: 1200, Mhz Limit: 1190
Processor Information for processor 10
  Max Mhz: 1700, Current Mhz: 1200, Mhz Limit: 1190
Processor Information for processor 11
  Max Mhz: 1700, Current Mhz: 1200, Mhz Limit: 1190

Memory: 4k page, system-wide physical 16108M (1243M free)
TotalPageFile size 65260M (AvailPageFile size 5M)
current process WorkingSet (physical memory assigned to process): 132M, peak: 300M
current process commit charge ("private bytes"): 322M, peak: 400M

vm_info: OpenJDK 64-Bit Server VM (21.0.2+13-58) for windows-amd64 JRE (21.0.2+13-58), built on 2024-01-05T18:32:24Z by "mach5one" with MS VC++ 17.1 (VS2022)

END.
