#
# There is insufficient memory for the Java Runtime Environment to continue.
# Native memory allocation (malloc) failed to allocate 306416 bytes for Chunk::new
# Possible reasons:
#   The system is out of physical RAM or swap space
#   The process is running with CompressedOops enabled, and the Java Heap may be blocking the growth of the native heap
# Possible solutions:
#   Reduce memory load on the system
#   Increase physical memory or swap space
#   Check if swap backing store is full
#   Decrease Java heap size (-Xmx/-Xms)
#   Decrease number of Java threads
#   Decrease Java thread stack sizes (-Xss)
#   Set larger code cache with -XX:ReservedCodeCacheSize=
#   JVM is running with Zero Based Compressed Oops mode in which the Java heap is
#     placed in the first 32GB address space. The Java Heap base address is the
#     maximum limit for the native heap growth. Please use -XX:HeapBaseMinAddress
#     to set the Java Heap base and to place the Java Heap above 32GB virtual address.
# This output file may be truncated or incomplete.
#
#  Out of Memory Error (arena.cpp:168), pid=18456, tid=6620
#
# JRE version: OpenJDK Runtime Environment (21.0.2+13) (build 21.0.2+13-58)
# Java VM: OpenJDK 64-Bit Server VM (21.0.2+13-58, mixed mode, sharing, tiered, compressed oops, compressed class ptrs, g1 gc, windows-amd64)
# No core dump will be written. Minidumps are not enabled by default on client versions of Windows
#

---------------  S U M M A R Y ------------

Command Line: -javaagent:C:\Program Files\JetBrains\IntelliJ IDEA Community Edition 2023.3.2\lib\idea_rt.jar=50379:C:\Program Files\JetBrains\IntelliJ IDEA Community Edition 2023.3.2\bin -Dfile.encoding=UTF-8 -Dsun.stdout.encoding=UTF-8 -Dsun.stderr.encoding=UTF-8 com.nova.colis.ColisApplication

Host: 13th Gen Intel(R) Core(TM) i7-1355U, 12 cores, 15G,  Windows 11 , 64 bit Build 26100 (10.0.26100.3037)
Time: Mon Feb  3 17:26:08 2025 Eastern Standard Time elapsed time: 6919.748730 seconds (0d 1h 55m 19s)

---------------  T H R E A D  ---------------

Current thread (0x000002ac4846a930):  JavaThread "C2 CompilerThread0" daemon [_thread_in_native, id=6620, stack(0x000000bb8f200000,0x000000bb8f300000) (1024K)]


Current CompileTask:
C2:6919748 12914       4       java.util.TreeMap::addEntry (59 bytes)

Stack: [0x000000bb8f200000,0x000000bb8f300000]
Native frames: (J=compiled Java code, j=interpreted, Vv=VM code, C=native code)
V  [jvm.dll+0x6cade9]
V  [jvm.dll+0x8569c1]
V  [jvm.dll+0x858d2e]
V  [jvm.dll+0x859413]
V  [jvm.dll+0x280e56]
V  [jvm.dll+0xc3f3d]
V  [jvm.dll+0xc4473]
V  [jvm.dll+0x3b5bf2]
V  [jvm.dll+0x382855]
V  [jvm.dll+0x381cca]
V  [jvm.dll+0x249bd0]
V  [jvm.dll+0x2491b1]
V  [jvm.dll+0x1c9634]
V  [jvm.dll+0x258859]
V  [jvm.dll+0x256e3a]
V  [jvm.dll+0x3ef6c6]
V  [jvm.dll+0x7ff568]
V  [jvm.dll+0x6c953d]
C  [ucrtbase.dll+0x37b0]
C  [KERNEL32.DLL+0x2e8d7]
C  [ntdll.dll+0xbbf2c]


---------------  P R O C E S S  ---------------

Threads class SMR info:
_java_thread_list=0x000002ac93f993f0, length=29, elements={
0x000002ac4845cac0, 0x000002ac4845d330, 0x000002ac48462330, 0x000002ac484629a0,
0x000002ac484651d0, 0x000002ac48467e50, 0x000002ac4846a930, 0x000002ac4846d3f0,
0x000002ac486963b0, 0x000002ac8e1bc310, 0x000002ac8e1c6f70, 0x000002ac8fec69a0,
0x000002ac8fec7010, 0x000002ac919806f0, 0x000002ac8fd5d380, 0x000002ac91a3d520,
0x000002ac91a3e8d0, 0x000002ac91a3ef60, 0x000002ac91a3e240, 0x000002ac91a3ce90,
0x000002ac91a3bae0, 0x000002ac91a3c170, 0x000002ac91a3c800, 0x000002ac943d5560,
0x000002ac943d3b20, 0x000002ac943d3490, 0x000002ac943d4840, 0x000002ac943d4ed0,
0x000002ac943d5bf0
}

Java Threads: ( => current thread )
  0x000002ac4845cac0 JavaThread "Reference Handler"          daemon [_thread_blocked, id=18720, stack(0x000000bb8ec00000,0x000000bb8ed00000) (1024K)]
  0x000002ac4845d330 JavaThread "Finalizer"                  daemon [_thread_blocked, id=7296, stack(0x000000bb8ed00000,0x000000bb8ee00000) (1024K)]
  0x000002ac48462330 JavaThread "Signal Dispatcher"          daemon [_thread_blocked, id=17796, stack(0x000000bb8ee00000,0x000000bb8ef00000) (1024K)]
  0x000002ac484629a0 JavaThread "Attach Listener"            daemon [_thread_blocked, id=6176, stack(0x000000bb8ef00000,0x000000bb8f000000) (1024K)]
  0x000002ac484651d0 JavaThread "Service Thread"             daemon [_thread_blocked, id=6860, stack(0x000000bb8f000000,0x000000bb8f100000) (1024K)]
  0x000002ac48467e50 JavaThread "Monitor Deflation Thread"   daemon [_thread_blocked, id=18652, stack(0x000000bb8f100000,0x000000bb8f200000) (1024K)]
=>0x000002ac4846a930 JavaThread "C2 CompilerThread0"         daemon [_thread_in_native, id=6620, stack(0x000000bb8f200000,0x000000bb8f300000) (1024K)]
  0x000002ac4846d3f0 JavaThread "C1 CompilerThread0"         daemon [_thread_blocked, id=10604, stack(0x000000bb8f300000,0x000000bb8f400000) (1024K)]
  0x000002ac486963b0 JavaThread "Common-Cleaner"             daemon [_thread_blocked, id=6856, stack(0x000000bb8f400000,0x000000bb8f500000) (1024K)]
  0x000002ac8e1bc310 JavaThread "Monitor Ctrl-Break"         daemon [_thread_in_native, id=9176, stack(0x000000bb8f500000,0x000000bb8f600000) (1024K)]
  0x000002ac8e1c6f70 JavaThread "Notification Thread"        daemon [_thread_blocked, id=8652, stack(0x000000bb8f600000,0x000000bb8f700000) (1024K)]
  0x000002ac8fec69a0 JavaThread "Catalina-utility-1"                [_thread_blocked, id=14108, stack(0x000000bb8fe00000,0x000000bb8ff00000) (1024K)]
  0x000002ac8fec7010 JavaThread "Catalina-utility-2"                [_thread_blocked, id=18448, stack(0x000000bb90500000,0x000000bb90600000) (1024K)]
  0x000002ac919806f0 JavaThread "container-0"                       [_thread_blocked, id=19388, stack(0x000000bb90600000,0x000000bb90700000) (1024K)]
  0x000002ac8fd5d380 JavaThread "mysql-cj-abandoned-connection-cleanup" daemon [_thread_blocked, id=15672, stack(0x000000bb90700000,0x000000bb90800000) (1024K)]
  0x000002ac91a3d520 JavaThread "HikariPool-1 housekeeper"   daemon [_thread_blocked, id=21068, stack(0x000000bb90900000,0x000000bb90a00000) (1024K)]
  0x000002ac91a3e8d0 JavaThread "http-nio-8080-exec-1"       daemon [_thread_blocked, id=8292, stack(0x000000bb90b00000,0x000000bb90c00000) (1024K)]
  0x000002ac91a3ef60 JavaThread "http-nio-8080-exec-2"       daemon [_thread_blocked, id=14612, stack(0x000000bb90c00000,0x000000bb90d00000) (1024K)]
  0x000002ac91a3e240 JavaThread "http-nio-8080-exec-3"       daemon [_thread_blocked, id=18768, stack(0x000000bb90d00000,0x000000bb90e00000) (1024K)]
  0x000002ac91a3ce90 JavaThread "http-nio-8080-exec-4"       daemon [_thread_blocked, id=17500, stack(0x000000bb90e00000,0x000000bb90f00000) (1024K)]
  0x000002ac91a3bae0 JavaThread "http-nio-8080-exec-5"       daemon [_thread_blocked, id=4252, stack(0x000000bb90f00000,0x000000bb91000000) (1024K)]
  0x000002ac91a3c170 JavaThread "http-nio-8080-exec-6"       daemon [_thread_blocked, id=20120, stack(0x000000bb91000000,0x000000bb91100000) (1024K)]
  0x000002ac91a3c800 JavaThread "http-nio-8080-exec-7"       daemon [_thread_blocked, id=20756, stack(0x000000bb91100000,0x000000bb91200000) (1024K)]
  0x000002ac943d5560 JavaThread "http-nio-8080-exec-8"       daemon [_thread_blocked, id=19280, stack(0x000000bb91200000,0x000000bb91300000) (1024K)]
  0x000002ac943d3b20 JavaThread "http-nio-8080-exec-9"       daemon [_thread_blocked, id=3740, stack(0x000000bb91300000,0x000000bb91400000) (1024K)]
  0x000002ac943d3490 JavaThread "http-nio-8080-exec-10"      daemon [_thread_blocked, id=4220, stack(0x000000bb91400000,0x000000bb91500000) (1024K)]
  0x000002ac943d4840 JavaThread "http-nio-8080-Poller"       daemon [_thread_in_native, id=12832, stack(0x000000bb91500000,0x000000bb91600000) (1024K)]
  0x000002ac943d4ed0 JavaThread "http-nio-8080-Acceptor"     daemon [_thread_in_native, id=6776, stack(0x000000bb91600000,0x000000bb91700000) (1024K)]
  0x000002ac943d5bf0 JavaThread "DestroyJavaVM"                     [_thread_blocked, id=19128, stack(0x000000bb8e400000,0x000000bb8e500000) (1024K)]
Total: 29

Other Threads:
  0x000002ac26c75b20 VMThread "VM Thread"                           [id=2808, stack(0x000000bb8eb00000,0x000000bb8ec00000) (1024K)]
  0x000002ac484262d0 WatcherThread "VM Periodic Task Thread"        [id=19184, stack(0x000000bb8ea00000,0x000000bb8eb00000) (1024K)]
  0x000002ac26c75040 WorkerThread "GC Thread#0"                     [id=5544, stack(0x000000bb8e500000,0x000000bb8e600000) (1024K)]
  0x000002ac26c75ec0 WorkerThread "GC Thread#1"                     [id=5844, stack(0x000000bb8f800000,0x000000bb8f900000) (1024K)]
  0x000002ac26c74560 WorkerThread "GC Thread#2"                     [id=8696, stack(0x000000bb8f900000,0x000000bb8fa00000) (1024K)]
  0x000002ac26c74900 WorkerThread "GC Thread#3"                     [id=11968, stack(0x000000bb8fa00000,0x000000bb8fb00000) (1024K)]
  0x000002ac8e9103f0 WorkerThread "GC Thread#4"                     [id=20800, stack(0x000000bb8fb00000,0x000000bb8fc00000) (1024K)]
  0x000002ac8e910790 WorkerThread "GC Thread#5"                     [id=8648, stack(0x000000bb8fc00000,0x000000bb8fd00000) (1024K)]
  0x000002ac8e90ea90 WorkerThread "GC Thread#6"                     [id=21384, stack(0x000000bb8fd00000,0x000000bb8fe00000) (1024K)]
  0x000002ac8e910ed0 WorkerThread "GC Thread#7"                     [id=10912, stack(0x000000bb8ff00000,0x000000bb90000000) (1024K)]
  0x000002ac8e90dfb0 WorkerThread "GC Thread#8"                     [id=6880, stack(0x000000bb90000000,0x000000bb90100000) (1024K)]
  0x000002ac8e90fcb0 WorkerThread "GC Thread#9"                     [id=7828, stack(0x000000bb90100000,0x000000bb90200000) (1024K)]
  0x000002ac2885eb50 ConcurrentGCThread "G1 Main Marker"            [id=17988, stack(0x000000bb8e600000,0x000000bb8e700000) (1024K)]
  0x000002ac26c74ca0 WorkerThread "G1 Conc#0"                       [id=4640, stack(0x000000bb8e700000,0x000000bb8e800000) (1024K)]
  0x000002ac8e911270 WorkerThread "G1 Conc#1"                       [id=8336, stack(0x000000bb90300000,0x000000bb90400000) (1024K)]
  0x000002ac8e910050 WorkerThread "G1 Conc#2"                       [id=7456, stack(0x000000bb90400000,0x000000bb90500000) (1024K)]
  0x000002ac482f0fe0 ConcurrentGCThread "G1 Refine#0"               [id=18588, stack(0x000000bb8e800000,0x000000bb8e900000) (1024K)]
  0x000002ac482f3770 ConcurrentGCThread "G1 Service"                [id=6192, stack(0x000000bb8e900000,0x000000bb8ea00000) (1024K)]
Total: 18

Threads with active compile tasks:
C2 CompilerThread0  6919778 12914       4       java.util.TreeMap::addEntry (59 bytes)
Total: 1

VM state: not at safepoint (normal execution)

VM Mutex/Monitor currently owned by a thread: None

Heap address: 0x0000000704400000, size: 4028 MB, Compressed Oops mode: Zero based, Oop shift amount: 3

CDS archive(s) mapped at: [0x000002ac49000000-0x000002ac49c90000-0x000002ac49c90000), size 13172736, SharedBaseAddress: 0x000002ac49000000, ArchiveRelocationMode: 1.
Compressed class space mapped at: 0x000002ac4a000000-0x000002ac8a000000, reserved size: 1073741824
Narrow klass base: 0x000002ac49000000, Narrow klass shift: 0, Narrow klass range: 0x100000000

GC Precious Log:
 CardTable entry size: 512
 Card Set container configuration: InlinePtr #cards 4 size 8 Array Of Cards #cards 16 size 48 Howl #buckets 8 coarsen threshold 3686 Howl Bitmap #cards 512 size 80 coarsen threshold 460 Card regions per heap region 1 cards per card region 4096
 CPUs: 12 total, 12 available
 Memory: 16108M
 Large Page Support: Disabled
 NUMA Support: Disabled
 Compressed Oops: Enabled (Zero based)
 Heap Region Size: 2M
 Heap Min Capacity: 8M
 Heap Initial Capacity: 252M
 Heap Max Capacity: 4028M
 Pre-touch: Disabled
 Parallel Workers: 10
 Concurrent Workers: 3
 Concurrent Refinement Workers: 10
 Periodic GC: Disabled

Heap:
 garbage-first heap   total 86016K, used 48509K [0x0000000704400000, 0x0000000800000000)
  region size 2048K, 8 young (16384K), 2 survivors (4096K)
 Metaspace       used 86650K, committed 87488K, reserved 1179648K
  class space    used 11484K, committed 11904K, reserved 1048576K

Heap Regions: E=young(eden), S=young(survivor), O=old, HS=humongous(starts), HC=humongous(continues), CS=collection set, F=free, TAMS=top-at-mark-start, PB=parsable bottom
|   0|0x0000000704400000, 0x0000000704600000, 0x0000000704600000|100%| O|  |TAMS 0x0000000704400000| PB 0x0000000704400000| Untracked 
|   1|0x0000000704600000, 0x0000000704800000, 0x0000000704800000|100%| O|  |TAMS 0x0000000704600000| PB 0x0000000704600000| Untracked 
|   2|0x0000000704800000, 0x0000000704a00000, 0x0000000704a00000|100%| O|  |TAMS 0x0000000704800000| PB 0x0000000704800000| Untracked 
|   3|0x0000000704a00000, 0x0000000704c00000, 0x0000000704c00000|100%| O|  |TAMS 0x0000000704a00000| PB 0x0000000704a00000| Untracked 
|   4|0x0000000704c00000, 0x0000000704e00000, 0x0000000704e00000|100%| O|  |TAMS 0x0000000704c00000| PB 0x0000000704c00000| Untracked 
|   5|0x0000000704e00000, 0x0000000705000000, 0x0000000705000000|100%| O|  |TAMS 0x0000000704e00000| PB 0x0000000704e00000| Untracked 
|   6|0x0000000705000000, 0x0000000705200000, 0x0000000705200000|100%| O|  |TAMS 0x0000000705000000| PB 0x0000000705000000| Untracked 
|   7|0x0000000705200000, 0x0000000705400000, 0x0000000705400000|100%| O|Cm|TAMS 0x0000000705200000| PB 0x0000000705200000| Complete 
|   8|0x0000000705400000, 0x0000000705600000, 0x0000000705600000|100%| O|  |TAMS 0x0000000705400000| PB 0x0000000705400000| Untracked 
|   9|0x0000000705600000, 0x0000000705600000, 0x0000000705800000|  0%| F|  |TAMS 0x0000000705600000| PB 0x0000000705600000| Untracked 
|  10|0x0000000705800000, 0x0000000705a00000, 0x0000000705a00000|100%| O|  |TAMS 0x0000000705800000| PB 0x0000000705800000| Untracked 
|  11|0x0000000705a00000, 0x0000000705a00000, 0x0000000705c00000|  0%| F|  |TAMS 0x0000000705a00000| PB 0x0000000705a00000| Untracked 
|  12|0x0000000705c00000, 0x0000000705e00000, 0x0000000705e00000|100%| O|  |TAMS 0x0000000705c00000| PB 0x0000000705c00000| Untracked 
|  13|0x0000000705e00000, 0x0000000706000000, 0x0000000706000000|100%| O|  |TAMS 0x0000000705e00000| PB 0x0000000705e00000| Untracked 
|  14|0x0000000706000000, 0x0000000706200000, 0x0000000706200000|100%| O|  |TAMS 0x0000000706000000| PB 0x0000000706000000| Untracked 
|  15|0x0000000706200000, 0x0000000706200000, 0x0000000706400000|  0%| F|  |TAMS 0x0000000706200000| PB 0x0000000706200000| Untracked 
|  16|0x0000000706400000, 0x0000000706400000, 0x0000000706600000|  0%| F|  |TAMS 0x0000000706400000| PB 0x0000000706400000| Untracked 
|  17|0x0000000706600000, 0x0000000706600000, 0x0000000706800000|  0%| F|  |TAMS 0x0000000706600000| PB 0x0000000706600000| Untracked 
|  18|0x0000000706800000, 0x0000000706a00000, 0x0000000706a00000|100%| O|  |TAMS 0x0000000706800000| PB 0x0000000706800000| Untracked 
|  19|0x0000000706a00000, 0x0000000706c00000, 0x0000000706c00000|100%| O|  |TAMS 0x0000000706a00000| PB 0x0000000706a00000| Untracked 
|  20|0x0000000706c00000, 0x0000000706e00000, 0x0000000706e00000|100%| O|  |TAMS 0x0000000706c00000| PB 0x0000000706c00000| Untracked 
|  21|0x0000000706e00000, 0x0000000707000000, 0x0000000707000000|100%| O|  |TAMS 0x0000000706e00000| PB 0x0000000706e00000| Untracked 
|  22|0x0000000707000000, 0x00000007070536c0, 0x0000000707200000| 16%| O|  |TAMS 0x0000000707000000| PB 0x0000000707000000| Untracked 
|  23|0x0000000707200000, 0x000000070730beb0, 0x0000000707400000| 52%| S|CS|TAMS 0x0000000707200000| PB 0x0000000707200000| Complete 
|  24|0x0000000707400000, 0x0000000707400000, 0x0000000707600000|  0%| F|  |TAMS 0x0000000707400000| PB 0x0000000707400000| Untracked 
|  25|0x0000000707600000, 0x0000000707600000, 0x0000000707800000|  0%| F|  |TAMS 0x0000000707600000| PB 0x0000000707600000| Untracked 
|  26|0x0000000707800000, 0x0000000707a00000, 0x0000000707a00000|100%| S|CS|TAMS 0x0000000707800000| PB 0x0000000707800000| Complete 
|  27|0x0000000707a00000, 0x0000000707a00000, 0x0000000707c00000|  0%| F|  |TAMS 0x0000000707a00000| PB 0x0000000707a00000| Untracked 
|  28|0x0000000707c00000, 0x0000000707c00000, 0x0000000707e00000|  0%| F|  |TAMS 0x0000000707c00000| PB 0x0000000707c00000| Untracked 
|  29|0x0000000707e00000, 0x0000000707e00000, 0x0000000708000000|  0%| F|  |TAMS 0x0000000707e00000| PB 0x0000000707e00000| Untracked 
|  30|0x0000000708000000, 0x0000000708000000, 0x0000000708200000|  0%| F|  |TAMS 0x0000000708000000| PB 0x0000000708000000| Untracked 
|  31|0x0000000708200000, 0x0000000708200000, 0x0000000708400000|  0%| F|  |TAMS 0x0000000708200000| PB 0x0000000708200000| Untracked 
|  32|0x0000000708400000, 0x0000000708400000, 0x0000000708600000|  0%| F|  |TAMS 0x0000000708400000| PB 0x0000000708400000| Untracked 
|  33|0x0000000708600000, 0x0000000708600000, 0x0000000708800000|  0%| F|  |TAMS 0x0000000708600000| PB 0x0000000708600000| Untracked 
|  34|0x0000000708800000, 0x0000000708800000, 0x0000000708a00000|  0%| F|  |TAMS 0x0000000708800000| PB 0x0000000708800000| Untracked 
|  35|0x0000000708a00000, 0x0000000708a00000, 0x0000000708c00000|  0%| F|  |TAMS 0x0000000708a00000| PB 0x0000000708a00000| Untracked 
|  36|0x0000000708c00000, 0x0000000708d1ccb8, 0x0000000708e00000| 55%| E|  |TAMS 0x0000000708c00000| PB 0x0000000708c00000| Complete 
| 100|0x0000000710c00000, 0x0000000710e00000, 0x0000000710e00000|100%| E|CS|TAMS 0x0000000710c00000| PB 0x0000000710c00000| Complete 
| 101|0x0000000710e00000, 0x0000000711000000, 0x0000000711000000|100%| E|CS|TAMS 0x0000000710e00000| PB 0x0000000710e00000| Complete 
| 102|0x0000000711000000, 0x0000000711200000, 0x0000000711200000|100%| E|CS|TAMS 0x0000000711000000| PB 0x0000000711000000| Complete 
| 103|0x0000000711200000, 0x0000000711400000, 0x0000000711400000|100%| E|CS|TAMS 0x0000000711200000| PB 0x0000000711200000| Complete 
| 125|0x0000000713e00000, 0x0000000714000000, 0x0000000714000000|100%| E|CS|TAMS 0x0000000713e00000| PB 0x0000000713e00000| Complete 

Card table byte_map: [0x000002ac41110000,0x000002ac418f0000] _byte_map_base: 0x000002ac3d8ee000

Marking Bits: (CMBitMap*) 0x000002ac2884e6b0
 Bits: [0x000002ac418f0000, 0x000002ac457e0000)

Polling page: 0x000002ac26f30000

Metaspace:

Usage:
  Non-class:     73.40 MB used.
      Class:     11.22 MB used.
       Both:     84.62 MB used.

Virtual space:
  Non-class space:      128.00 MB reserved,      73.81 MB ( 58%) committed,  2 nodes.
      Class space:        1.00 GB reserved,      11.62 MB (  1%) committed,  1 nodes.
             Both:        1.12 GB reserved,      85.44 MB (  7%) committed. 

Chunk freelists:
   Non-Class:  5.70 MB
       Class:  4.47 MB
        Both:  10.17 MB

MaxMetaspaceSize: unlimited
CompressedClassSpaceSize: 1.00 GB
Initial GC threshold: 21.00 MB
Current GC threshold: 142.44 MB
CDS: on
 - commit_granule_bytes: 65536.
 - commit_granule_words: 8192.
 - virtual_space_node_default_size: 8388608.
 - enlarge_chunks_in_place: 1.
 - use_allocation_guard: 0.


Internal statistics:

num_allocs_failed_limit: 9.
num_arena_births: 1270.
num_arena_deaths: 394.
num_vsnodes_births: 3.
num_vsnodes_deaths: 0.
num_space_committed: 1367.
num_space_uncommitted: 0.
num_chunks_returned_to_freelist: 461.
num_chunks_taken_from_freelist: 4492.
num_chunk_merges: 117.
num_chunk_splits: 3179.
num_chunks_enlarged: 2530.
num_inconsistent_stats: 0.

CodeHeap 'non-profiled nmethods': size=120000Kb used=8740Kb max_used=8740Kb free=111259Kb
 bounds [0x000002ac38770000, 0x000002ac39000000, 0x000002ac3fca0000]
CodeHeap 'profiled nmethods': size=120000Kb used=25078Kb max_used=25078Kb free=94922Kb
 bounds [0x000002ac30ca0000, 0x000002ac32520000, 0x000002ac381d0000]
CodeHeap 'non-nmethods': size=5760Kb used=1699Kb max_used=1747Kb free=4060Kb
 bounds [0x000002ac381d0000, 0x000002ac38440000, 0x000002ac38770000]
 total_blobs=12640 nmethods=11912 adapters=630
 compilation: enabled
              stopped_count=0, restarted_count=0
 full_count=0

Compilation events (20 events):
Event: 6842.764 Thread 0x000002ac4846a930 nmethod 12904 0x000002ac38ff3490 code [0x000002ac38ff3680, 0x000002ac38ff3e20]
Event: 6842.764 Thread 0x000002ac4846a930 12905   !   4       java.util.concurrent.locks.AbstractQueuedSynchronizer$ConditionObject::newConditionNode (78 bytes)
Event: 6842.783 Thread 0x000002ac4846a930 nmethod 12905 0x000002ac38ff4110 code [0x000002ac38ff4300, 0x000002ac38ff47e8]
Event: 6843.248 Thread 0x000002ac4846a930 12906       4       java.util.ArrayList::forEach (74 bytes)
Event: 6843.256 Thread 0x000002ac4846a930 nmethod 12906 0x000002ac38ff4a90 code [0x000002ac38ff4c20, 0x000002ac38ff4e08]
Event: 6858.145 Thread 0x000002ac4846a930 12907       4       org.apache.commons.logging.LogAdapter$Slf4jLocationAwareLog::debug (47 bytes)
Event: 6858.166 Thread 0x000002ac4846a930 nmethod 12907 0x000002ac38ff5010 code [0x000002ac38ff5220, 0x000002ac38ff55e8]
Event: 6867.702 Thread 0x000002ac4846a930 12908       4       org.springframework.web.util.pattern.PathPattern$$Lambda/0x000002ac4aa66810::applyAsInt (8 bytes)
Event: 6867.711 Thread 0x000002ac4846a930 nmethod 12908 0x000002ac38ff5a90 code [0x000002ac38ff5c20, 0x000002ac38ff5ce8]
Event: 6868.138 Thread 0x000002ac4846a930 12909       4       org.apache.tomcat.util.buf.MessageBytes::equals (78 bytes)
Event: 6868.158 Thread 0x000002ac4846a930 nmethod 12909 0x000002ac38ff5d90 code [0x000002ac38ff5f40, 0x000002ac38ff6458]
Event: 6882.760 Thread 0x000002ac4846a930 12910       4       org.apache.catalina.util.FilterUtil::matchFiltersURL (61 bytes)
Event: 6882.773 Thread 0x000002ac4846a930 nmethod 12910 0x000002ac38ff6690 code [0x000002ac38ff6840, 0x000002ac38ff6c38]
Event: 6888.152 Thread 0x000002ac4846a930 12911   !   4       jdk.proxy2.$Proxy54::annotationType (29 bytes)
Event: 6888.163 Thread 0x000002ac4846a930 nmethod 12911 0x000002ac38ff6e90 code [0x000002ac38ff7020, 0x000002ac38ff70f8]
Event: 6893.157 Thread 0x000002ac4846a930 12912       4       com.mysql.cj.protocol.a.NativeProtocol::readServerStatusForResultSets (131 bytes)
Event: 6895.238 Thread 0x000002ac4846a930 nmethod 12912 0x000002ac38ff7210 code [0x000002ac38ff74a0, 0x000002ac38ff8198]
Event: 6910.178 Thread 0x000002ac4846a930 12913       4       org.springframework.security.web.firewall.StrictHttpFirewall$StrictFirewalledRequest::getHeaders (26 bytes)
Event: 6910.203 Thread 0x000002ac4846a930 nmethod 12913 0x000002ac38ff8a10 code [0x000002ac38ff8be0, 0x000002ac38ff8e70]
Event: 6917.718 Thread 0x000002ac4846a930 12914       4       java.util.TreeMap::addEntry (59 bytes)

GC Heap History (20 events):
Event: 8.396 GC heap before
{Heap before GC invocations=9 (full 0):
 garbage-first heap   total 71680K, used 57807K [0x0000000704400000, 0x0000000800000000)
  region size 2048K, 19 young (38912K), 3 survivors (6144K)
 Metaspace       used 51245K, committed 51840K, reserved 1114112K
  class space    used 6761K, committed 7040K, reserved 1048576K
}
Event: 8.401 GC heap after
{Heap after GC invocations=10 (full 0):
 garbage-first heap   total 71680K, used 27031K [0x0000000704400000, 0x0000000800000000)
  region size 2048K, 3 young (6144K), 3 survivors (6144K)
 Metaspace       used 51245K, committed 51840K, reserved 1114112K
  class space    used 6761K, committed 7040K, reserved 1048576K
}
Event: 8.813 GC heap before
{Heap before GC invocations=10 (full 0):
 garbage-first heap   total 71680K, used 55703K [0x0000000704400000, 0x0000000800000000)
  region size 2048K, 18 young (36864K), 3 survivors (6144K)
 Metaspace       used 59657K, committed 60160K, reserved 1114112K
  class space    used 8028K, committed 8256K, reserved 1048576K
}
Event: 8.818 GC heap after
{Heap after GC invocations=11 (full 0):
 garbage-first heap   total 71680K, used 28464K [0x0000000704400000, 0x0000000800000000)
  region size 2048K, 2 young (4096K), 2 survivors (4096K)
 Metaspace       used 59657K, committed 60160K, reserved 1114112K
  class space    used 8028K, committed 8256K, reserved 1048576K
}
Event: 9.214 GC heap before
{Heap before GC invocations=12 (full 0):
 garbage-first heap   total 71680K, used 59184K [0x0000000704400000, 0x0000000800000000)
  region size 2048K, 17 young (34816K), 2 survivors (4096K)
 Metaspace       used 64979K, committed 65600K, reserved 1114112K
  class space    used 8780K, committed 9088K, reserved 1048576K
}
Event: 9.218 GC heap after
{Heap after GC invocations=13 (full 0):
 garbage-first heap   total 86016K, used 30180K [0x0000000704400000, 0x0000000800000000)
  region size 2048K, 3 young (6144K), 3 survivors (6144K)
 Metaspace       used 64979K, committed 65600K, reserved 1114112K
  class space    used 8780K, committed 9088K, reserved 1048576K
}
Event: 9.597 GC heap before
{Heap before GC invocations=13 (full 0):
 garbage-first heap   total 86016K, used 69092K [0x0000000704400000, 0x0000000800000000)
  region size 2048K, 23 young (47104K), 3 survivors (6144K)
 Metaspace       used 69331K, committed 70016K, reserved 1114112K
  class space    used 9650K, committed 9984K, reserved 1048576K
}
Event: 9.602 GC heap after
{Heap after GC invocations=14 (full 0):
 garbage-first heap   total 86016K, used 33665K [0x0000000704400000, 0x0000000800000000)
  region size 2048K, 3 young (6144K), 3 survivors (6144K)
 Metaspace       used 69331K, committed 70016K, reserved 1114112K
  class space    used 9650K, committed 9984K, reserved 1048576K
}
Event: 9.995 GC heap before
{Heap before GC invocations=14 (full 0):
 garbage-first heap   total 86016K, used 72577K [0x0000000704400000, 0x0000000800000000)
  region size 2048K, 22 young (45056K), 3 survivors (6144K)
 Metaspace       used 73096K, committed 73728K, reserved 1114112K
  class space    used 10135K, committed 10432K, reserved 1048576K
}
Event: 9.999 GC heap after
{Heap after GC invocations=15 (full 0):
 garbage-first heap   total 86016K, used 36734K [0x0000000704400000, 0x0000000800000000)
  region size 2048K, 2 young (4096K), 2 survivors (4096K)
 Metaspace       used 73096K, committed 73728K, reserved 1114112K
  class space    used 10135K, committed 10432K, reserved 1048576K
}
Event: 259.001 GC heap before
{Heap before GC invocations=15 (full 0):
 garbage-first heap   total 86016K, used 71550K [0x0000000704400000, 0x0000000800000000)
  region size 2048K, 20 young (40960K), 2 survivors (4096K)
 Metaspace       used 79148K, committed 79936K, reserved 1179648K
  class space    used 10982K, committed 11328K, reserved 1048576K
}
Event: 259.008 GC heap after
{Heap after GC invocations=16 (full 0):
 garbage-first heap   total 86016K, used 39698K [0x0000000704400000, 0x0000000800000000)
  region size 2048K, 3 young (6144K), 3 survivors (6144K)
 Metaspace       used 79148K, committed 79936K, reserved 1179648K
  class space    used 10982K, committed 11328K, reserved 1048576K
}
Event: 1579.255 GC heap before
{Heap before GC invocations=16 (full 0):
 garbage-first heap   total 86016K, used 70418K [0x0000000704400000, 0x0000000800000000)
  region size 2048K, 19 young (38912K), 3 survivors (6144K)
 Metaspace       used 84816K, committed 85632K, reserved 1179648K
  class space    used 11530K, committed 11904K, reserved 1048576K
}
Event: 1579.294 GC heap after
{Heap after GC invocations=17 (full 0):
 garbage-first heap   total 86016K, used 41709K [0x0000000704400000, 0x0000000800000000)
  region size 2048K, 2 young (4096K), 2 survivors (4096K)
 Metaspace       used 84816K, committed 85632K, reserved 1179648K
  class space    used 11530K, committed 11904K, reserved 1048576K
}
Event: 4610.456 GC heap before
{Heap before GC invocations=17 (full 0):
 garbage-first heap   total 86016K, used 70381K [0x0000000704400000, 0x0000000800000000)
  region size 2048K, 17 young (34816K), 2 survivors (4096K)
 Metaspace       used 86660K, committed 87488K, reserved 1179648K
  class space    used 11543K, committed 11904K, reserved 1048576K
}
Event: 4610.508 GC heap after
{Heap after GC invocations=18 (full 0):
 garbage-first heap   total 86016K, used 42597K [0x0000000704400000, 0x0000000800000000)
  region size 2048K, 2 young (4096K), 2 survivors (4096K)
 Metaspace       used 86660K, committed 87488K, reserved 1179648K
  class space    used 11543K, committed 11904K, reserved 1048576K
}
Event: 5835.826 GC heap before
{Heap before GC invocations=19 (full 0):
 garbage-first heap   total 86016K, used 73317K [0x0000000704400000, 0x0000000800000000)
  region size 2048K, 17 young (34816K), 2 survivors (4096K)
 Metaspace       used 86531K, committed 87488K, reserved 1179648K
  class space    used 11465K, committed 11904K, reserved 1048576K
}
Event: 5835.852 GC heap after
{Heap after GC invocations=20 (full 0):
 garbage-first heap   total 86016K, used 42910K [0x0000000704400000, 0x0000000800000000)
  region size 2048K, 2 young (4096K), 2 survivors (4096K)
 Metaspace       used 86531K, committed 87488K, reserved 1179648K
  class space    used 11465K, committed 11904K, reserved 1048576K
}
Event: 6617.640 GC heap before
{Heap before GC invocations=20 (full 0):
 garbage-first heap   total 86016K, used 73630K [0x0000000704400000, 0x0000000800000000)
  region size 2048K, 17 young (34816K), 2 survivors (4096K)
 Metaspace       used 86650K, committed 87488K, reserved 1179648K
  class space    used 11484K, committed 11904K, reserved 1048576K
}
Event: 6617.931 GC heap after
{Heap after GC invocations=21 (full 0):
 garbage-first heap   total 86016K, used 38269K [0x0000000704400000, 0x0000000800000000)
  region size 2048K, 2 young (4096K), 2 survivors (4096K)
 Metaspace       used 86650K, committed 87488K, reserved 1179648K
  class space    used 11484K, committed 11904K, reserved 1048576K
}

Dll operation events (14 events):
Event: 0.013 Loaded shared library C:\Users\tradi\.jdks\openjdk-21.0.2\bin\java.dll
Event: 0.033 Loaded shared library C:\Users\tradi\.jdks\openjdk-21.0.2\bin\jsvml.dll
Event: 0.076 Loaded shared library C:\Users\tradi\.jdks\openjdk-21.0.2\bin\zip.dll
Event: 0.080 Loaded shared library C:\Users\tradi\.jdks\openjdk-21.0.2\bin\instrument.dll
Event: 0.086 Loaded shared library C:\Users\tradi\.jdks\openjdk-21.0.2\bin\net.dll
Event: 0.087 Loaded shared library C:\Users\tradi\.jdks\openjdk-21.0.2\bin\nio.dll
Event: 0.111 Loaded shared library C:\Users\tradi\.jdks\openjdk-21.0.2\bin\zip.dll
Event: 1.301 Loaded shared library C:\Users\tradi\.jdks\openjdk-21.0.2\bin\jimage.dll
Event: 4.477 Loaded shared library C:\Program Files\JetBrains\IntelliJ IDEA Community Edition 2023.3.2\bin\breakgen64.dll
Event: 4.483 Loaded shared library C:\Users\tradi\.jdks\openjdk-21.0.2\bin\extnet.dll
Event: 4.503 Loaded shared library C:\Users\tradi\.jdks\openjdk-21.0.2\bin\verify.dll
Event: 5.557 Loaded shared library C:\Users\tradi\.jdks\openjdk-21.0.2\bin\sunmscapi.dll
Event: 6.764 Loaded shared library C:\Users\tradi\.jdks\openjdk-21.0.2\bin\management.dll
Event: 6.765 Loaded shared library C:\Users\tradi\.jdks\openjdk-21.0.2\bin\management_ext.dll

Deoptimization events (20 events):
Event: 6415.594 Thread 0x000002ac8fec69a0 Uncommon trap: trap_request=0xffffffbe fr.pc=0x000002ac38fc6524 relative=0x0000000000000364
Event: 6415.594 Thread 0x000002ac8fec69a0 Uncommon trap: reason=profile_predicate action=maybe_recompile pc=0x000002ac38fc6524 method=java.util.concurrent.ConcurrentHashMap$Traverser.advance()Ljava/util/concurrent/ConcurrentHashMap$Node; @ 15 c2
Event: 6415.594 Thread 0x000002ac8fec69a0 DEOPT PACKING pc=0x000002ac38fc6524 sp=0x000000bb8feff170
Event: 6415.594 Thread 0x000002ac8fec69a0 DEOPT UNPACKING pc=0x000002ac382246a2 sp=0x000000bb8fefef30 mode 2
Event: 6637.655 Thread 0x000002ac91a3ce90 Uncommon trap: trap_request=0xffffffd6 fr.pc=0x000002ac38fe8a14 relative=0x0000000000001574
Event: 6637.664 Thread 0x000002ac91a3ce90 Uncommon trap: reason=array_check action=maybe_recompile pc=0x000002ac38fe8a14 method=org.hibernate.engine.internal.EntityEntryContext.reentrantSafeEntityEntries()[Ljava/util/Map$Entry; @ 56 c2
Event: 6637.666 Thread 0x000002ac91a3ce90 DEOPT PACKING pc=0x000002ac38fe8a14 sp=0x000000bb90efa6c0
Event: 6637.676 Thread 0x000002ac91a3ce90 DEOPT UNPACKING pc=0x000002ac382246a2 sp=0x000000bb90efa598 mode 2
Event: 6642.636 Thread 0x000002ac943d3490 Uncommon trap: trap_request=0xffffffd6 fr.pc=0x000002ac38fe8a14 relative=0x0000000000001574
Event: 6642.636 Thread 0x000002ac943d3490 Uncommon trap: reason=array_check action=maybe_recompile pc=0x000002ac38fe8a14 method=org.hibernate.engine.internal.EntityEntryContext.reentrantSafeEntityEntries()[Ljava/util/Map$Entry; @ 56 c2
Event: 6642.637 Thread 0x000002ac943d3490 DEOPT PACKING pc=0x000002ac38fe8a14 sp=0x000000bb914fa240
Event: 6642.637 Thread 0x000002ac943d3490 DEOPT UNPACKING pc=0x000002ac382246a2 sp=0x000000bb914fa118 mode 2
Event: 6647.644 Thread 0x000002ac943d5560 Uncommon trap: trap_request=0xffffffd6 fr.pc=0x000002ac38fe8a14 relative=0x0000000000001574
Event: 6647.644 Thread 0x000002ac943d5560 Uncommon trap: reason=array_check action=maybe_recompile pc=0x000002ac38fe8a14 method=org.hibernate.engine.internal.EntityEntryContext.reentrantSafeEntityEntries()[Ljava/util/Map$Entry; @ 56 c2
Event: 6647.644 Thread 0x000002ac943d5560 DEOPT PACKING pc=0x000002ac38fe8a14 sp=0x000000bb912fa180
Event: 6647.644 Thread 0x000002ac943d5560 DEOPT UNPACKING pc=0x000002ac382246a2 sp=0x000000bb912fa058 mode 2
Event: 6652.638 Thread 0x000002ac91a3c170 Uncommon trap: trap_request=0xffffffd6 fr.pc=0x000002ac38fe8a14 relative=0x0000000000001574
Event: 6652.638 Thread 0x000002ac91a3c170 Uncommon trap: reason=array_check action=maybe_recompile pc=0x000002ac38fe8a14 method=org.hibernate.engine.internal.EntityEntryContext.reentrantSafeEntityEntries()[Ljava/util/Map$Entry; @ 56 c2
Event: 6652.638 Thread 0x000002ac91a3c170 DEOPT PACKING pc=0x000002ac38fe8a14 sp=0x000000bb910fa1d0
Event: 6652.639 Thread 0x000002ac91a3c170 DEOPT UNPACKING pc=0x000002ac382246a2 sp=0x000000bb910fa0a8 mode 2

Classes loaded (20 events):
Event: 1766.779 Loading class java/security/InvalidKeyException
Event: 1766.788 Loading class java/security/KeyException
Event: 1766.790 Loading class java/security/KeyException done
Event: 1766.790 Loading class java/security/InvalidKeyException done
Event: 1766.790 Loading class java/security/SignatureException
Event: 1766.791 Loading class java/security/SignatureException done
Event: 1766.797 Loading class javax/crypto/NoSuchPaddingException
Event: 1766.799 Loading class javax/crypto/NoSuchPaddingException done
Event: 1766.800 Loading class javax/crypto/IllegalBlockSizeException
Event: 1766.801 Loading class javax/crypto/IllegalBlockSizeException done
Event: 1766.801 Loading class javax/crypto/BadPaddingException
Event: 1766.803 Loading class javax/crypto/BadPaddingException done
Event: 1766.804 Loading class java/security/spec/InvalidKeySpecException
Event: 1766.805 Loading class java/security/spec/InvalidKeySpecException done
Event: 1766.807 Loading class javax/net/ssl/SSLSocket
Event: 1766.809 Loading class javax/net/ssl/SSLSocket done
Event: 4609.648 Loading class java/util/concurrent/locks/ReentrantReadWriteLock$Sync$HoldCounter
Event: 4609.671 Loading class java/util/concurrent/locks/ReentrantReadWriteLock$Sync$HoldCounter done
Event: 5596.830 Loading class sun/net/ConnectionResetException
Event: 5596.832 Loading class sun/net/ConnectionResetException done

Classes unloaded (20 events):
Event: 4610.709 Thread 0x000002ac26c75b20 Unloading class 0x000002ac4a089000 'java/lang/invoke/LambdaForm$MH+0x000002ac4a089000'
Event: 4610.709 Thread 0x000002ac26c75b20 Unloading class 0x000002ac4a01f800 'java/lang/invoke/LambdaForm$MH+0x000002ac4a01f800'
Event: 4610.710 Thread 0x000002ac26c75b20 Unloading class 0x000002ac4a01f000 'java/lang/invoke/LambdaForm$MH+0x000002ac4a01f000'
Event: 4610.710 Thread 0x000002ac26c75b20 Unloading class 0x000002ac4a01e800 'java/lang/invoke/LambdaForm$MH+0x000002ac4a01e800'
Event: 4610.710 Thread 0x000002ac26c75b20 Unloading class 0x000002ac4a01e400 'java/lang/invoke/LambdaForm$MH+0x000002ac4a01e400'
Event: 4610.710 Thread 0x000002ac26c75b20 Unloading class 0x000002ac4a01d400 'java/lang/invoke/LambdaForm$MH+0x000002ac4a01d400'
Event: 4610.710 Thread 0x000002ac26c75b20 Unloading class 0x000002ac4a01c800 'java/lang/invoke/LambdaForm$MH+0x000002ac4a01c800'
Event: 4610.710 Thread 0x000002ac26c75b20 Unloading class 0x000002ac4a01c400 'java/lang/invoke/LambdaForm$MH+0x000002ac4a01c400'
Event: 4610.710 Thread 0x000002ac26c75b20 Unloading class 0x000002ac4a01bc00 'java/lang/invoke/LambdaForm$MH+0x000002ac4a01bc00'
Event: 4610.710 Thread 0x000002ac26c75b20 Unloading class 0x000002ac4a01b800 'java/lang/invoke/LambdaForm$MH+0x000002ac4a01b800'
Event: 4610.710 Thread 0x000002ac26c75b20 Unloading class 0x000002ac4a01b400 'java/lang/invoke/LambdaForm$MH+0x000002ac4a01b400'
Event: 4610.710 Thread 0x000002ac26c75b20 Unloading class 0x000002ac4a01a800 'java/lang/invoke/LambdaForm$MH+0x000002ac4a01a800'
Event: 4610.710 Thread 0x000002ac26c75b20 Unloading class 0x000002ac4a019800 'java/lang/invoke/LambdaForm$MH+0x000002ac4a019800'
Event: 4610.710 Thread 0x000002ac26c75b20 Unloading class 0x000002ac4a018c00 'java/lang/invoke/LambdaForm$MH+0x000002ac4a018c00'
Event: 4610.710 Thread 0x000002ac26c75b20 Unloading class 0x000002ac4a018400 'java/lang/invoke/LambdaForm$MH+0x000002ac4a018400'
Event: 4610.710 Thread 0x000002ac26c75b20 Unloading class 0x000002ac4a018000 'java/lang/invoke/LambdaForm$MH+0x000002ac4a018000'
Event: 4610.710 Thread 0x000002ac26c75b20 Unloading class 0x000002ac4a003400 'java/lang/invoke/LambdaForm$MH+0x000002ac4a003400'
Event: 4610.710 Thread 0x000002ac26c75b20 Unloading class 0x000002ac4a003000 'java/lang/invoke/LambdaForm$MH+0x000002ac4a003000'
Event: 4610.710 Thread 0x000002ac26c75b20 Unloading class 0x000002ac4a002c00 'java/lang/invoke/LambdaForm$MH+0x000002ac4a002c00'
Event: 4610.710 Thread 0x000002ac26c75b20 Unloading class 0x000002ac4a002400 'java/lang/invoke/LambdaForm$MH+0x000002ac4a002400'

Classes redefined (0 events):
No events

Internal exceptions (20 events):
Event: 5608.885 Thread 0x000002ac943d3b20 Implicit null exception at 0x000002ac38a1ae51 to 0x000002ac38a22efc
Event: 5608.898 Thread 0x000002ac91a3ef60 Implicit null exception at 0x000002ac38a4533d to 0x000002ac38a45696
Event: 5608.898 Thread 0x000002ac91a3bae0 Implicit null exception at 0x000002ac38a4533d to 0x000002ac38a45696
Event: 5608.898 Thread 0x000002ac943d3490 Implicit null exception at 0x000002ac38a4533d to 0x000002ac38a45696
Event: 5608.898 Thread 0x000002ac943d5560 Implicit null exception at 0x000002ac38a4533d to 0x000002ac38a45696
Event: 5608.898 Thread 0x000002ac943d3b20 Implicit null exception at 0x000002ac38a4533d to 0x000002ac38a45696
Event: 5608.898 Thread 0x000002ac91a3e240 Implicit null exception at 0x000002ac38a4533d to 0x000002ac38a45696
Event: 5608.898 Thread 0x000002ac943d3490 Implicit null exception at 0x000002ac38971842 to 0x000002ac38971bac
Event: 5608.898 Thread 0x000002ac91a3ef60 Implicit null exception at 0x000002ac38971842 to 0x000002ac38971bac
Event: 5608.898 Thread 0x000002ac91a3bae0 Implicit null exception at 0x000002ac38971842 to 0x000002ac38971bac
Event: 5608.898 Thread 0x000002ac943d5560 Implicit null exception at 0x000002ac38931613 to 0x000002ac3893170d
Event: 5608.898 Thread 0x000002ac943d3b20 Implicit null exception at 0x000002ac38931613 to 0x000002ac3893170d
Event: 5608.899 Thread 0x000002ac91a3e240 Implicit null exception at 0x000002ac38931613 to 0x000002ac3893170d
Event: 5685.572 Thread 0x000002ac91a3c800 Implicit null exception at 0x000002ac389c1da8 to 0x000002ac389c222c
Event: 5783.893 Thread 0x000002ac943d5560 Exception <a 'sun/net/ConnectionResetException'{0x0000000707c34aa8}: Connection reset> (0x0000000707c34aa8) 
thrown [s\open\src\hotspot\share\prims\jni.cpp, line 539]
Event: 6411.608 Thread 0x000002ac8fec69a0 Implicit null exception at 0x000002ac38fc58d4 to 0x000002ac38fc5ba0
Event: 6412.599 Thread 0x000002ac8fec7010 Implicit null exception at 0x000002ac38fc58d4 to 0x000002ac38fc5ba0
Event: 6413.599 Thread 0x000002ac8fec7010 Implicit null exception at 0x000002ac38fc58d4 to 0x000002ac38fc5ba0
Event: 6414.598 Thread 0x000002ac8fec7010 Implicit null exception at 0x000002ac38fc58d4 to 0x000002ac38fc5ba0
Event: 6415.594 Thread 0x000002ac8fec69a0 Implicit null exception at 0x000002ac38fc624e to 0x000002ac38fc6508

ZGC Phase Switch (0 events):
No events

VM Operations (20 events):
Event: 6558.119 Executing VM operation: Cleanup
Event: 6558.119 Executing VM operation: Cleanup done
Event: 6617.634 Executing VM operation: G1CollectForAllocation (G1 Evacuation Pause)
Event: 6617.931 Executing VM operation: G1CollectForAllocation (G1 Evacuation Pause) done
Event: 6618.920 Executing VM operation: HandshakeAllThreads (HandshakeForDeflation)
Event: 6618.920 Executing VM operation: HandshakeAllThreads (HandshakeForDeflation) done
Event: 6618.920 Executing VM operation: RendezvousGCThreads
Event: 6618.920 Executing VM operation: RendezvousGCThreads done
Event: 6838.989 Executing VM operation: Cleanup
Event: 6839.014 Executing VM operation: Cleanup done
Event: 6844.043 Executing VM operation: Cleanup
Event: 6844.043 Executing VM operation: Cleanup done
Event: 6848.062 Executing VM operation: Cleanup
Event: 6848.062 Executing VM operation: Cleanup done
Event: 6863.198 Executing VM operation: Cleanup
Event: 6863.198 Executing VM operation: Cleanup done
Event: 6919.310 Executing VM operation: HandshakeAllThreads (HandshakeForDeflation)
Event: 6919.310 Executing VM operation: HandshakeAllThreads (HandshakeForDeflation) done
Event: 6919.310 Executing VM operation: RendezvousGCThreads
Event: 6919.310 Executing VM operation: RendezvousGCThreads done

Events (20 events):
Event: 5596.729 Thread 0x000002ac26c75b20 flushing nmethod 0x000002ac387a2d10
Event: 5596.730 Thread 0x000002ac26c75b20 flushing nmethod 0x000002ac3879c890
Event: 5596.730 Thread 0x000002ac26c75b20 flushing nmethod 0x000002ac38796f90
Event: 5596.730 Thread 0x000002ac26c75b20 flushing nmethod 0x000002ac38793510
Event: 5596.730 Thread 0x000002ac26c75b20 flushing nmethod 0x000002ac38791a10
Event: 5596.730 Thread 0x000002ac26c75b20 flushing nmethod 0x000002ac38781290
Event: 5596.730 Thread 0x000002ac26c75b20 flushing nmethod 0x000002ac38780d10
Event: 5596.730 Thread 0x000002ac26c75b20 flushing nmethod 0x000002ac38770a10
Event: 5596.804 Thread 0x000002ac905105c0 Thread exited: 0x000002ac905105c0
Event: 5601.251 Thread 0x000002ac943d2770 Thread exited: 0x000002ac943d2770
Event: 5602.054 Thread 0x000002ac943d2770 Thread added: 0x000002ac943d2770
Event: 5602.057 Thread 0x000002ac943d6280 Thread added: 0x000002ac943d6280
Event: 5607.069 Thread 0x000002ac943d2770 Thread exited: 0x000002ac943d2770
Event: 5607.567 Thread 0x000002ac943d6280 Thread exited: 0x000002ac943d6280
Event: 5608.526 Thread 0x000002ac943d2e00 Thread added: 0x000002ac943d2e00
Event: 5608.531 Thread 0x000002ac900cd2e0 Thread added: 0x000002ac900cd2e0
Event: 5608.900 Thread 0x000002ac90726780 Thread added: 0x000002ac90726780
Event: 5613.539 Thread 0x000002ac943d2e00 Thread exited: 0x000002ac943d2e00
Event: 5614.094 Thread 0x000002ac90726780 Thread exited: 0x000002ac90726780
Event: 5614.109 Thread 0x000002ac900cd2e0 Thread exited: 0x000002ac900cd2e0


Dynamic libraries:
0x00007ff763dc0000 - 0x00007ff763dce000 	C:\Users\tradi\.jdks\openjdk-21.0.2\bin\java.exe
0x00007ffb59820000 - 0x00007ffb59a83000 	C:\WINDOWS\SYSTEM32\ntdll.dll
0x00007ffb587a0000 - 0x00007ffb58867000 	C:\WINDOWS\System32\KERNEL32.DLL
0x00007ffb56dd0000 - 0x00007ffb57197000 	C:\WINDOWS\System32\KERNELBASE.dll
0x00007ffb57510000 - 0x00007ffb5765c000 	C:\WINDOWS\System32\ucrtbase.dll
0x00007ffb25570000 - 0x00007ffb2558b000 	C:\Users\tradi\.jdks\openjdk-21.0.2\bin\VCRUNTIME140.dll
0x00007ffb264b0000 - 0x00007ffb264c8000 	C:\Users\tradi\.jdks\openjdk-21.0.2\bin\jli.dll
0x00007ffb58520000 - 0x00007ffb586e9000 	C:\WINDOWS\System32\USER32.dll
0x00007ffb56da0000 - 0x00007ffb56dc7000 	C:\WINDOWS\System32\win32u.dll
0x00007ffb58fd0000 - 0x00007ffb58ffa000 	C:\WINDOWS\System32\GDI32.dll
0x00007ffb56bc0000 - 0x00007ffb56ceb000 	C:\WINDOWS\System32\gdi32full.dll
0x00007ffb422b0000 - 0x00007ffb42540000 	C:\WINDOWS\WinSxS\amd64_microsoft.windows.common-controls_6595b64144ccf1df_6.0.26100.3037_none_3e09262ce333c378\COMCTL32.dll
0x00007ffb56cf0000 - 0x00007ffb56d93000 	C:\WINDOWS\System32\msvcp_win.dll
0x00007ffb59730000 - 0x00007ffb597d9000 	C:\WINDOWS\System32\msvcrt.dll
0x00007ffb595b0000 - 0x00007ffb595df000 	C:\WINDOWS\System32\IMM32.DLL
0x00007ffb2b930000 - 0x00007ffb2b93c000 	C:\Users\tradi\.jdks\openjdk-21.0.2\bin\vcruntime140_1.dll
0x00007ffb12870000 - 0x00007ffb128fe000 	C:\Users\tradi\.jdks\openjdk-21.0.2\bin\msvcp140.dll
0x00007ffac46e0000 - 0x00007ffac53f7000 	C:\Users\tradi\.jdks\openjdk-21.0.2\bin\server\jvm.dll
0x00007ffb58380000 - 0x00007ffb58434000 	C:\WINDOWS\System32\ADVAPI32.dll
0x00007ffb586f0000 - 0x00007ffb58796000 	C:\WINDOWS\System32\sechost.dll
0x00007ffb576c0000 - 0x00007ffb577d6000 	C:\WINDOWS\System32\RPCRT4.dll
0x00007ffb58b50000 - 0x00007ffb58bc4000 	C:\WINDOWS\System32\WS2_32.dll
0x00007ffb56a50000 - 0x00007ffb56a9e000 	C:\WINDOWS\SYSTEM32\POWRPROF.dll
0x00007ffb4c780000 - 0x00007ffb4c7b6000 	C:\WINDOWS\SYSTEM32\WINMM.dll
0x00007ffb42e40000 - 0x00007ffb42e4b000 	C:\WINDOWS\SYSTEM32\VERSION.dll
0x00007ffb56a30000 - 0x00007ffb56a44000 	C:\WINDOWS\SYSTEM32\UMPDC.dll
0x00007ffb559c0000 - 0x00007ffb559da000 	C:\WINDOWS\SYSTEM32\kernel.appcore.dll
0x00007ffb23e70000 - 0x00007ffb23e7a000 	C:\Users\tradi\.jdks\openjdk-21.0.2\bin\jimage.dll
0x00007ffb53cf0000 - 0x00007ffb53f31000 	C:\WINDOWS\SYSTEM32\DBGHELP.DLL
0x00007ffb58bd0000 - 0x00007ffb58f4e000 	C:\WINDOWS\System32\combase.dll
0x00007ffb595f0000 - 0x00007ffb596c6000 	C:\WINDOWS\System32\OLEAUT32.dll
0x00007ffb33be0000 - 0x00007ffb33c19000 	C:\WINDOWS\SYSTEM32\dbgcore.DLL
0x00007ffb571a0000 - 0x00007ffb57239000 	C:\WINDOWS\System32\bcryptPrimitives.dll
0x00007ffb50e70000 - 0x00007ffb50e7f000 	C:\Users\tradi\.jdks\openjdk-21.0.2\bin\instrument.dll
0x00007ffb1ea70000 - 0x00007ffb1ea8f000 	C:\Users\tradi\.jdks\openjdk-21.0.2\bin\java.dll
0x00007ffb577e0000 - 0x00007ffb57ee4000 	C:\WINDOWS\System32\SHELL32.dll
0x00007ffb54880000 - 0x00007ffb550b7000 	C:\WINDOWS\SYSTEM32\windows.storage.dll
0x00007ffb58870000 - 0x00007ffb58959000 	C:\WINDOWS\System32\SHCORE.dll
0x00007ffb58f60000 - 0x00007ffb58fbd000 	C:\WINDOWS\System32\shlwapi.dll
0x00007ffb56ad0000 - 0x00007ffb56afe000 	C:\WINDOWS\SYSTEM32\profapi.dll
0x00007ffb129f0000 - 0x00007ffb12ac7000 	C:\Users\tradi\.jdks\openjdk-21.0.2\bin\jsvml.dll
0x00007ffb1b9c0000 - 0x00007ffb1b9d8000 	C:\Users\tradi\.jdks\openjdk-21.0.2\bin\zip.dll
0x00007ffb1ea60000 - 0x00007ffb1ea70000 	C:\Users\tradi\.jdks\openjdk-21.0.2\bin\net.dll
0x00007ffb4c140000 - 0x00007ffb4c25e000 	C:\WINDOWS\SYSTEM32\WINHTTP.dll
0x00007ffb55eb0000 - 0x00007ffb55f18000 	C:\WINDOWS\system32\mswsock.dll
0x00007ffb1c5c0000 - 0x00007ffb1c5d6000 	C:\Users\tradi\.jdks\openjdk-21.0.2\bin\nio.dll
0x00007ffb25e40000 - 0x00007ffb25e5a000 	C:\Program Files\JetBrains\IntelliJ IDEA Community Edition 2023.3.2\bin\breakgen64.dll
0x00007ffb1c060000 - 0x00007ffb1c069000 	C:\Users\tradi\.jdks\openjdk-21.0.2\bin\extnet.dll
0x00007ffb167d0000 - 0x00007ffb167e0000 	C:\Users\tradi\.jdks\openjdk-21.0.2\bin\verify.dll
0x00007ffb26430000 - 0x00007ffb2643e000 	C:\Users\tradi\.jdks\openjdk-21.0.2\bin\sunmscapi.dll
0x00007ffb57390000 - 0x00007ffb57506000 	C:\WINDOWS\System32\CRYPT32.dll
0x00007ffb563a0000 - 0x00007ffb563d0000 	C:\WINDOWS\SYSTEM32\ncrypt.dll
0x00007ffb56350000 - 0x00007ffb5638f000 	C:\WINDOWS\SYSTEM32\NTASN1.dll
0x00007ffb56110000 - 0x00007ffb5612c000 	C:\WINDOWS\SYSTEM32\CRYPTSP.dll
0x00007ffb55920000 - 0x00007ffb55958000 	C:\WINDOWS\system32\rsaenh.dll
0x00007ffb55f50000 - 0x00007ffb55f7b000 	C:\WINDOWS\SYSTEM32\USERENV.dll
0x00007ffb563e0000 - 0x00007ffb56406000 	C:\WINDOWS\SYSTEM32\bcrypt.dll
0x00007ffb56130000 - 0x00007ffb5613c000 	C:\WINDOWS\SYSTEM32\CRYPTBASE.dll
0x00007ffb55480000 - 0x00007ffb554b2000 	C:\WINDOWS\SYSTEM32\IPHLPAPI.DLL
0x00007ffb58fc0000 - 0x00007ffb58fca000 	C:\WINDOWS\System32\NSI.dll
0x00007ffb50e60000 - 0x00007ffb50e6a000 	C:\Users\tradi\.jdks\openjdk-21.0.2\bin\management.dll
0x00007ffb26440000 - 0x00007ffb2644b000 	C:\Users\tradi\.jdks\openjdk-21.0.2\bin\management_ext.dll
0x00007ffb58960000 - 0x00007ffb58968000 	C:\WINDOWS\System32\PSAPI.DLL
0x00007ffb554c0000 - 0x00007ffb555e5000 	C:\WINDOWS\SYSTEM32\DNSAPI.dll
0x00007ffb4c750000 - 0x00007ffb4c75b000 	C:\Windows\System32\rasadhlp.dll
0x00007ffb4e3e0000 - 0x00007ffb4e465000 	C:\WINDOWS\System32\fwpuclnt.dll
0x00007ffb2e440000 - 0x00007ffb2e458000 	C:\WINDOWS\system32\napinsp.dll
0x00007ffb2dff0000 - 0x00007ffb2e002000 	C:\WINDOWS\System32\winrnr.dll
0x00007ffb2da50000 - 0x00007ffb2da72000 	C:\WINDOWS\system32\nlansp_c.dll
0x00007ffb2d9b0000 - 0x00007ffb2d9c6000 	C:\WINDOWS\system32\wshbth.dll
0x00007ffb15970000 - 0x00007ffb15978000 	C:\WINDOWS\system32\wshunix.dll

dbghelp: loaded successfully - version: 4.0.5 - missing functions: none
symbol engine: initialized successfully - sym options: 0x614 - pdb path: .;C:\Users\tradi\.jdks\openjdk-21.0.2\bin;C:\WINDOWS\SYSTEM32;C:\WINDOWS\WinSxS\amd64_microsoft.windows.common-controls_6595b64144ccf1df_6.0.26100.3037_none_3e09262ce333c378;C:\Users\tradi\.jdks\openjdk-21.0.2\bin\server;C:\Program Files\JetBrains\IntelliJ IDEA Community Edition 2023.3.2\bin

VM Arguments:
jvm_args: -javaagent:C:\Program Files\JetBrains\IntelliJ IDEA Community Edition 2023.3.2\lib\idea_rt.jar=50379:C:\Program Files\JetBrains\IntelliJ IDEA Community Edition 2023.3.2\bin -Dfile.encoding=UTF-8 -Dsun.stdout.encoding=UTF-8 -Dsun.stderr.encoding=UTF-8 
java_command: com.nova.colis.ColisApplication
java_class_path (initial): C:\Users\tradi\Downloads\colis\colis\target\classes;C:\Users\tradi\.m2\repository\org\springframework\boot\spring-boot-starter-web\3.4.2\spring-boot-starter-web-3.4.2.jar;C:\Users\tradi\.m2\repository\org\springframework\boot\spring-boot-starter\3.4.2\spring-boot-starter-3.4.2.jar;C:\Users\tradi\.m2\repository\org\springframework\boot\spring-boot\3.4.2\spring-boot-3.4.2.jar;C:\Users\tradi\.m2\repository\org\springframework\boot\spring-boot-autoconfigure\3.4.2\spring-boot-autoconfigure-3.4.2.jar;C:\Users\tradi\.m2\repository\org\springframework\boot\spring-boot-starter-logging\3.4.2\spring-boot-starter-logging-3.4.2.jar;C:\Users\tradi\.m2\repository\ch\qos\logback\logback-classic\1.5.16\logback-classic-1.5.16.jar;C:\Users\tradi\.m2\repository\ch\qos\logback\logback-core\1.5.16\logback-core-1.5.16.jar;C:\Users\tradi\.m2\repository\org\apache\logging\log4j\log4j-to-slf4j\2.24.3\log4j-to-slf4j-2.24.3.jar;C:\Users\tradi\.m2\repository\org\apache\logging\log4j\log4j-api\2.24.3\log4j-api-2.24.3.jar;C:\Users\tradi\.m2\repository\org\slf4j\jul-to-slf4j\2.0.16\jul-to-slf4j-2.0.16.jar;C:\Users\tradi\.m2\repository\jakarta\annotation\jakarta.annotation-api\2.1.1\jakarta.annotation-api-2.1.1.jar;C:\Users\tradi\.m2\repository\org\springframework\boot\spring-boot-starter-json\3.4.2\spring-boot-starter-json-3.4.2.jar;C:\Users\tradi\.m2\repository\com\fasterxml\jackson\core\jackson-databind\2.18.2\jackson-databind-2.18.2.jar;C:\Users\tradi\.m2\repository\com\fasterxml\jackson\core\jackson-annotations\2.18.2\jackson-annotations-2.18.2.jar;C:\Users\tradi\.m2\repository\com\fasterxml\jackson\core\jackson-core\2.18.2\jackson-core-2.18.2.jar;C:\Users\tradi\.m2\repository\com\fasterxml\jackson\datatype\jackson-datatype-jdk8\2.18.2\jackson-datatype-jdk8-2.18.2.jar;C:\Users\tradi\.m2\repository\com\fasterxml\jackson\datatype\jackson-datatype-jsr310\2.18.2\jackson-datatype-jsr310-2.18.2.jar;C:\Users\tradi\.m2\repository\com\fasterxml\jackson\module\jackson-module-parameter-names\2.18.2\jackson-module-parameter-names-2.18.2.jar;C:\Users\tradi\.m2\repository\org\springframework\boot\spring-boot-starter-tomcat\3.4.2\spring-boot-starter-tomcat-3.4.2.jar;C:\Users\tradi\.m2\repository\org\apache\tomcat\embed\tomcat-embed-core\10.1.34\tomcat-embed-core-10.1.34.jar;C:\Users\tradi\.m2\repository\org\apache\tomcat\embed\tomcat-embed-websocket\10.1.34\tomcat-embed-websocket-10.1.34.jar;C:\Users\tradi\.m2\repository\org\springframework\spring-web\6.2.2\spring-web-6.2.2.jar;C:\Users\tradi\.m2\repository\org\springframework\spring-beans\6.2.2\spring-beans-6.2.2.jar;C:\Users\tradi\.m2\repository\io\micrometer\micrometer-observation\1.14.3\micrometer-observation-1.14.3.jar;C:\Users\tradi\.m2\repository\io\micrometer\micrometer-commons\1.14.3\micrometer-commons-1.14.3.jar;C:\Users\tradi\.m2\repository\org\springframework\spring-webmvc\6.2.2\spring-webmvc-6.2.2.jar;C:\Users\tradi\.m2\repository\org\springframework\spring-context\6.2.2\spring-context-6.2.2.jar;C:\Users\tradi\.m2\repository\org\springframework\spring-expression\6.2.2\spring-expression-6.2.2.jar;C:\Users\tradi\.m2\repository\org\springframework\boot\spring-boot-starter-data-jpa\3.4.2\spring-boot-starter-data-jpa-3.4.2.jar;C:\Users\tradi\.m2\repository\org\springframework\boot\spring-boot-starter-jdbc\3.4.2\spring-boot-starter-jdbc-3.4.2.jar;C:\Users\tradi\.m2\repository\com\zaxxer\HikariCP\5.1.0\HikariCP-5.1.0.jar;C:\Users\tradi\.m2\repository\org\springframework\spring-jdbc\6.2.2\spring-jdbc-6.2.2.jar;C:\Users\tradi\.m2\repository\org\hibernate\orm\hibernate-core\6.6.5.Final\hibernate-core-6.6.5.Final.jar;C:\Users\tradi\.m2\repository\jakarta\persistence\jakarta.persistence-api\3.1.0\jakarta.persistence-api-3.1.0.jar;C:\Users\tradi\.m2\repository\jakarta\transaction\jakarta.transaction-api\2.0.1\jakarta.transaction-api-2.0.1.jar;C:\Users\tradi\.m2\repository\org\jboss\logging\jboss-logging\3.6.1.Final\jboss-logging-3.6.1.Final.jar;C:\Users\tradi\.m2\repository\org\hibernate\common\hibernate-commons-annotations\7.0.3.Final\hibernate-commons-annotations-7.0.3.Final.jar;C:\Users\tradi\.m2\repository\io\smallrye\jandex\3.2.0\jandex-3.2.0.jar;C:\Users\tradi\.m2\repository\com\fasterxml\classmate\1.7.0\classmate-1.7.0.jar;C:\Users\tradi\.m2\repository\net\bytebuddy\byte-buddy\1.15.11\byte-buddy-1.15.11.jar;C:\Users\tradi\.m2\repository\org\glassfish\jaxb\jaxb-runtime\4.0.5\jaxb-runtime-4.0.5.jar;C:\Users\tradi\.m2\repository\org\glassfish\jaxb\jaxb-core\4.0.5\jaxb-core-4.0.5.jar;C:\Users\tradi\.m2\repository\org\eclipse\angus\angus-activation\2.0.2\angus-activation-2.0.2.jar;C:\Users\tradi\.m2\repository\org\glassfish\jaxb\txw2\4.0.5\txw2-4.0.5.jar;C:\Users\tradi\.m2\repository\com\sun\istack\istack-commons-runtime\4.1.2\istack-commons-runtime-4.1.2.jar;C:\Users\tradi\.m2\repository\jakarta\inject\jakarta.inject-api\2.0.1\jakarta.inject-api-2.0.1.jar;C:\Users\tradi\.m2\repository\org\antlr\antlr4-runtime\4.13.0\antlr4-runtime-4.13.0.jar;C:\Users\tradi\.m2\repository\org\springframework\data\spring-data-jpa\3.4.2\spring-data-jpa-3.4.2.jar;C:\Users\tradi\.m2\repository\org\springframework\data\spring-data-commons\3.4.2\spring-data-commons-3.4.2.jar;C:\Users\tradi\.m2\repository\org\springframework\spring-orm\6.2.2\spring-orm-6.2.2.jar;C:\Users\tradi\.m2\repository\org\springframework\spring-tx\6.2.2\spring-tx-6.2.2.jar;C:\Users\tradi\.m2\repository\org\slf4j\slf4j-api\2.0.16\slf4j-api-2.0.16.jar;C:\Users\tradi\.m2\repository\org\springframework\spring-aspects\6.2.2\spring-aspects-6.2.2.jar;C:\Users\tradi\.m2\repository\org\aspectj\aspectjweaver\1.9.22.1\aspectjweaver-1.9.22.1.jar;C:\Users\tradi\.m2\repository\org\springframework\boot\spring-boot-starter-validation\3.4.2\spring-boot-starter-validation-3.4.2.jar;C:\Users\tradi\.m2\repository\org\apache\tomcat\embed\tomcat-embed-el\10.1.34\tomcat-embed-el-10.1.34.jar;C:\Users\tradi\.m2\repository\org\hibernate\validator\hibernate-validator\8.0.2.Final\hibernate-validator-8.0.2.Final.jar;C:\Users\tradi\.m2\repository\jakarta\validation\jakarta.validation-api\3.0.2\jakarta.validation-api-3.0.2.jar;C:\Users\tradi\.m2\repository\org\springframework\boot\spring-boot-starter-security\3.4.2\spring-boot-starter-security-3.4.2.jar;C:\Users\tradi\.m2\repository\org\springframework\spring-aop\6.2.2\spring-aop-6.2.2.jar;C:\Users\tradi\.m2\repository\org\springframework\security\spring-security-config\6.4.2\spring-security-config-6.4.2.jar;C:\Users\tradi\.m2\repository\org\springframework\security\spring-security-web\6.4.2\spring-security-web-6.4.2.jar;C:\Users\tradi\.m2\repository\org\liquibase\liquibase-core\4.20.0\liquibase-core-4.20.0.jar;C:\Users\tradi\.m2\repository\javax\xml\bind\jaxb-api\2.3.1\jaxb-api-2.3.1.jar;C:\Users\tradi\.m2\repository\javax\activation\javax.activation-api\1.2.0\javax.activation-api-1.2.0.jar;C:\Users\tradi\.m2\repository\org\yaml\snakeyaml\2.3\snakeyaml-2.3.jar;C:\Users\tradi\.m2\repository\com\mysql\mysql-connector-j\9.1.0\mysql-connector-j-9.1.0.jar;C:\Users\tradi\.m2\repository\com\opencsv\opencsv\5.7.1\opencsv-5.7.1.jar;C:\Users\tradi\.m2\repository\commons-beanutils\commons-beanutils\1.9.4\commons-beanutils-1.9.4.jar;C:\Users\tradi\.m2\repository\commons-logging\commons-logging\1.2\commons-logging-1.2.jar;C:\Users\tradi\.m2\repository\commons-collections\commons-collections\3.2.2\commons-collections-3.2.2.jar;C:\Users\tradi\.m2\repository\org\apache\commons\commons-lang3\3.17.0\commons-lang3-3.17.0.jar;C:\Users\tradi\.m2\repository\org\apache\commons\commons-text\1.10.0\commons-text-1.10.0.jar;C:\Users\tradi\.m2\repository\org\apache\commons\commons-collections4\4.4\commons-collections4-4.4.jar;C:\Users\tradi\.m2\repository\jakarta\xml\bind\jakarta.xml.bind-api\4.0.2\jakarta.xml.bind-api-4.0.2.jar;C:\Users\tradi\.m2\repository\jakarta\activation\jakarta.activation-api\2.1.3\jakarta.activation-api-2.1.3.jar;C:\Users\tradi\.m2\repository\org\springframework\spring-core\6.2.2\spring-core-6.2.2.jar;C:\Users\tradi\.m2\repository\org\springframework\spring-jcl\6.2.2\spring-jcl-6.2.2.jar;C:\Users\tradi\.m2\repository\org\springframework\security\spring-security-core\6.4.2\spring-security-core-6.4.2.jar;C:\Users\tradi\.m2\repository\org\springframework\security\spring-security-crypto\6.4.2\spring-security-crypto-6.4.2.jar
Launcher Type: SUN_STANDARD

[Global flags]
     intx CICompilerCount                          = 4                                         {product} {ergonomic}
     uint ConcGCThreads                            = 3                                         {product} {ergonomic}
     uint G1ConcRefinementThreads                  = 10                                        {product} {ergonomic}
   size_t G1HeapRegionSize                         = 2097152                                   {product} {ergonomic}
    uintx GCDrainStackTargetSize                   = 64                                        {product} {ergonomic}
   size_t InitialHeapSize                          = 264241152                                 {product} {ergonomic}
   size_t MarkStackSize                            = 4194304                                   {product} {ergonomic}
   size_t MaxHeapSize                              = 4223664128                                {product} {ergonomic}
   size_t MaxNewSize                               = 2533359616                                {product} {ergonomic}
   size_t MinHeapDeltaBytes                        = 2097152                                   {product} {ergonomic}
   size_t MinHeapSize                              = 8388608                                   {product} {ergonomic}
    uintx NonNMethodCodeHeapSize                   = 5839372                                {pd product} {ergonomic}
    uintx NonProfiledCodeHeapSize                  = 122909434                              {pd product} {ergonomic}
    uintx ProfiledCodeHeapSize                     = 122909434                              {pd product} {ergonomic}
    uintx ReservedCodeCacheSize                    = 251658240                              {pd product} {ergonomic}
     bool SegmentedCodeCache                       = true                                      {product} {ergonomic}
   size_t SoftMaxHeapSize                          = 4223664128                             {manageable} {ergonomic}
     bool UseCompressedOops                        = true                           {product lp64_product} {ergonomic}
     bool UseG1GC                                  = true                                      {product} {ergonomic}
     bool UseLargePagesIndividualAllocation        = false                                  {pd product} {ergonomic}

Logging:
Log output configuration:
 #0: stdout all=warning uptime,level,tags foldmultilines=false
 #1: stderr all=off uptime,level,tags foldmultilines=false

Environment Variables:
JAVA_HOME=C:\Program Files\Java\jdk-21
PATH=C:\Python312\Scripts\;C:\Python312\;C:\Program Files\Common Files\Oracle\Java\javapath;C:\Program Files (x86)\Common Files\Oracle\Java\javapath;C:\WINDOWS\system32;C:\WINDOWS;C:\WINDOWS\System32\Wbem;C:\WINDOWS\System32\WindowsPowerShell\v1.0\;C:\WINDOWS\System32\OpenSSH\;C:\Program Files\Microsoft SQL Server\150\Tools\Binn\;C:\Program Files\Microsoft SQL Server\Client SDK\ODBC\170\Tools\Binn\;C:\Program Files\dotnet\;C:\maven\apache-maven-3.9.6-bin\apache-maven-3.9.6\bin;C:\ProgramData\chocolatey\bin;C:\Program Files\MongoDB\mongosh-2.1.1-win32-x64\bin;C:\Program Files\Git\cmd;C:\Program Files\Docker\Docker\resources\bin;C:\Program Files\Java\jdk-21\bin;C:\Users\tradi\AppData\Roaming\nvm;C:\Program Files\nodejs;C:\Program Files\Amazon\AWSCLIV2\;C:\Users\tradi\AppData\Local\Microsoft\WindowsApps;C:\Program Files\JetBrains\IntelliJ IDEA Community Edition 2023.3.2\bin;;C:\Program Files\JetBrains\IntelliJ IDEA 2023.3\bin;;C:\Users\tradi\.dotnet\tools;C:\Users\tradi\AppData\Local\Programs\Microsoft VS Code\bin;C:\Users\tradi\AppData\Roaming\npm;C:\Users\tradi\Downloads\flutter\src\flutter\bin;C:\Users\tradi\AppData\Roaming\nvm;C:\Program Files\nodejs;C:\Program Files\heroku\bin;C:\flutter_windows_3.24.3-stable\flutter\bin;
USERNAME=tradi
OS=Windows_NT
PROCESSOR_IDENTIFIER=Intel64 Family 6 Model 186 Stepping 3, GenuineIntel
TMP=C:\Users\tradi\AppData\Local\Temp
TEMP=C:\Users\tradi\AppData\Local\Temp




Periodic native trim disabled

---------------  S Y S T E M  ---------------

OS:
 Windows 11 , 64 bit Build 26100 (10.0.26100.3037)
OS uptime: 0 days 2:03 hours
Hyper-V role detected

CPU: total 12 (initial active 12) (6 cores per cpu, 2 threads per core) family 6 model 186 stepping 3 microcode 0x4112, cx8, cmov, fxsr, ht, mmx, 3dnowpref, sse, sse2, sse3, ssse3, sse4.1, sse4.2, popcnt, lzcnt, tsc, tscinvbit, avx, avx2, aes, erms, clmul, bmi1, bmi2, adx, sha, fma, vzeroupper, clflush, clflushopt, clwb, hv, serialize, rdtscp, rdpid, fsrm, f16c, cet_ibt, cet_ss
Processor Information for processor 0
  Max Mhz: 1700, Current Mhz: 1700, Mhz Limit: 1700
Processor Information for processor 1
  Max Mhz: 1700, Current Mhz: 1700, Mhz Limit: 1700
Processor Information for processor 2
  Max Mhz: 1700, Current Mhz: 1700, Mhz Limit: 1700
Processor Information for processor 3
  Max Mhz: 1700, Current Mhz: 1457, Mhz Limit: 1700
Processor Information for processor 4
  Max Mhz: 1700, Current Mhz: 1200, Mhz Limit: 1190
Processor Information for processor 5
  Max Mhz: 1700, Current Mhz: 1200, Mhz Limit: 1190
Processor Information for processor 6
  Max Mhz: 1700, Current Mhz: 1200, Mhz Limit: 1190
Processor Information for processor 7
  Max Mhz: 1700, Current Mhz: 1200, Mhz Limit: 1190
Processor Information for processor 8
  Max Mhz: 1700, Current Mhz: 1200, Mhz Limit: 1190
Processor Information for processor 9
  Max Mhz: 1700, Current Mhz: 1200, Mhz Limit: 1190
Processor Information for processor 10
  Max Mhz: 1700, Current Mhz: 1200, Mhz Limit: 1190
Processor Information for processor 11
  Max Mhz: 1700, Current Mhz: 1200, Mhz Limit: 1190

Memory: 4k page, system-wide physical 16108M (3645M free)
TotalPageFile size 65260M (AvailPageFile size 3M)
current process WorkingSet (physical memory assigned to process): 68M, peak: 326M
current process commit charge ("private bytes"): 349M, peak: 396M

vm_info: OpenJDK 64-Bit Server VM (21.0.2+13-58) for windows-amd64 JRE (21.0.2+13-58), built on 2024-01-05T18:32:24Z by "mach5one" with MS VC++ 17.1 (VS2022)

END.
