#
# There is insufficient memory for the Java Runtime Environment to continue.
# Native memory allocation (malloc) failed to allocate 874736 bytes for Chunk::new
# Possible reasons:
#   The system is out of physical RAM or swap space
#   The process is running with CompressedOops enabled, and the Java Heap may be blocking the growth of the native heap
# Possible solutions:
#   Reduce memory load on the system
#   Increase physical memory or swap space
#   Check if swap backing store is full
#   Decrease Java heap size (-Xmx/-Xms)
#   Decrease number of Java threads
#   Decrease Java thread stack sizes (-Xss)
#   Set larger code cache with -XX:ReservedCodeCacheSize=
#   JVM is running with Zero Based Compressed Oops mode in which the Java heap is
#     placed in the first 32GB address space. The Java Heap base address is the
#     maximum limit for the native heap growth. Please use -XX:HeapBaseMinAddress
#     to set the Java Heap base and to place the Java Heap above 32GB virtual address.
# This output file may be truncated or incomplete.
#
#  Out of Memory Error (arena.cpp:168), pid=11604, tid=3680
#
# JRE version: OpenJDK Runtime Environment (21.0.2+13) (build 21.0.2+13-58)
# Java VM: OpenJDK 64-Bit Server VM (21.0.2+13-58, mixed mode, sharing, tiered, compressed oops, compressed class ptrs, g1 gc, windows-amd64)
# No core dump will be written. Minidumps are not enabled by default on client versions of Windows
#

---------------  S U M M A R Y ------------

Command Line: -javaagent:C:\Program Files\JetBrains\IntelliJ IDEA Community Edition 2023.3.2\lib\idea_rt.jar=49975:C:\Program Files\JetBrains\IntelliJ IDEA Community Edition 2023.3.2\bin -Dfile.encoding=UTF-8 -Dsun.stdout.encoding=UTF-8 -Dsun.stderr.encoding=UTF-8 com.nova.colis.ColisApplication

Host: 13th Gen Intel(R) Core(TM) i7-1355U, 12 cores, 15G,  Windows 11 , 64 bit Build 26100 (10.0.26100.2454)
Time: Wed Jan 29 00:48:48 2025 Eastern Standard Time elapsed time: 4160.389244 seconds (0d 1h 9m 20s)

---------------  T H R E A D  ---------------

Current thread (0x000001747fe51b70):  JavaThread "C2 CompilerThread0" daemon [_thread_in_native, id=3680, stack(0x0000002be5e00000,0x0000002be5f00000) (1024K)]


Current CompileTask:
C2:4160389 7143   !   4       java.util.concurrent.ThreadPoolExecutor::getTask (177 bytes)

Stack: [0x0000002be5e00000,0x0000002be5f00000]
Native frames: (J=compiled Java code, j=interpreted, Vv=VM code, C=native code)
V  [jvm.dll+0x6cade9]
V  [jvm.dll+0x8569c1]
V  [jvm.dll+0x858d2e]
V  [jvm.dll+0x859413]
V  [jvm.dll+0x280e56]
V  [jvm.dll+0xc3f3d]
V  [jvm.dll+0xc4473]
V  [jvm.dll+0x3b5c2c]
V  [jvm.dll+0x382855]
V  [jvm.dll+0x381cca]
V  [jvm.dll+0x249bd0]
V  [jvm.dll+0x2491b1]
V  [jvm.dll+0x1c9634]
V  [jvm.dll+0x258859]
V  [jvm.dll+0x256e3a]
V  [jvm.dll+0x3ef6c6]
V  [jvm.dll+0x7ff568]
V  [jvm.dll+0x6c953d]
C  [ucrtbase.dll+0x14ea0]
C  [KERNEL32.DLL+0x2e8d7]
C  [ntdll.dll+0xdfbcc]


---------------  P R O C E S S  ---------------

Threads class SMR info:
_java_thread_list=0x00000174589cf530, length=28, elements={
0x000001747fe37850, 0x000001747fe380d0, 0x000001747fe3a150, 0x000001747fe3e910,
0x000001747fe44d70, 0x000001747fe500a0, 0x000001747fe51b70, 0x000001747fe553b0,
0x00000174581051b0, 0x00000174585b9380, 0x000001745a79b410, 0x000001745b2f8c70,
0x000001745a076a80, 0x000001745bc001e0, 0x000001745a35fea0, 0x000001745a361250,
0x000001745a3618e0, 0x000001745a362600, 0x000001745a361f70, 0x000001745a35f180,
0x000001745a360bc0, 0x000001745a35f810, 0x000001745a360530, 0x000001745b288eb0,
0x000001745b28b610, 0x000001745b289bd0, 0x000001745b28a260, 0x000001745b28a8f0
}

Java Threads: ( => current thread )
  0x000001747fe37850 JavaThread "Reference Handler"          daemon [_thread_blocked, id=20100, stack(0x0000002be5800000,0x0000002be5900000) (1024K)]
  0x000001747fe380d0 JavaThread "Finalizer"                  daemon [_thread_blocked, id=20104, stack(0x0000002be5900000,0x0000002be5a00000) (1024K)]
  0x000001747fe3a150 JavaThread "Signal Dispatcher"          daemon [_thread_blocked, id=20108, stack(0x0000002be5a00000,0x0000002be5b00000) (1024K)]
  0x000001747fe3e910 JavaThread "Attach Listener"            daemon [_thread_blocked, id=20112, stack(0x0000002be5b00000,0x0000002be5c00000) (1024K)]
  0x000001747fe44d70 JavaThread "Service Thread"             daemon [_thread_blocked, id=20116, stack(0x0000002be5c00000,0x0000002be5d00000) (1024K)]
  0x000001747fe500a0 JavaThread "Monitor Deflation Thread"   daemon [_thread_blocked, id=19928, stack(0x0000002be5d00000,0x0000002be5e00000) (1024K)]
=>0x000001747fe51b70 JavaThread "C2 CompilerThread0"         daemon [_thread_in_native, id=3680, stack(0x0000002be5e00000,0x0000002be5f00000) (1024K)]
  0x000001747fe553b0 JavaThread "C1 CompilerThread0"         daemon [_thread_blocked, id=19564, stack(0x0000002be5f00000,0x0000002be6000000) (1024K)]
  0x00000174581051b0 JavaThread "Common-Cleaner"             daemon [_thread_blocked, id=8412, stack(0x0000002be6000000,0x0000002be6100000) (1024K)]
  0x00000174585b9380 JavaThread "Notification Thread"        daemon [_thread_blocked, id=19168, stack(0x0000002be6200000,0x0000002be6300000) (1024K)]
  0x000001745a79b410 JavaThread "Catalina-utility-1"                [_thread_blocked, id=11696, stack(0x0000002be6b00000,0x0000002be6c00000) (1024K)]
  0x000001745b2f8c70 JavaThread "Catalina-utility-2"                [_thread_blocked, id=3272, stack(0x0000002be7200000,0x0000002be7300000) (1024K)]
  0x000001745a076a80 JavaThread "container-0"                       [_thread_blocked, id=21372, stack(0x0000002be7300000,0x0000002be7400000) (1024K)]
  0x000001745bc001e0 JavaThread "mysql-cj-abandoned-connection-cleanup" daemon [_thread_blocked, id=7716, stack(0x0000002be7400000,0x0000002be7500000) (1024K)]
  0x000001745a35fea0 JavaThread "HikariPool-1 housekeeper"   daemon [_thread_blocked, id=21412, stack(0x0000002be6a00000,0x0000002be6b00000) (1024K)]
  0x000001745a361250 JavaThread "http-nio-8080-exec-1"       daemon [_thread_blocked, id=3000, stack(0x0000002be7700000,0x0000002be7800000) (1024K)]
  0x000001745a3618e0 JavaThread "http-nio-8080-exec-2"       daemon [_thread_blocked, id=3008, stack(0x0000002be7800000,0x0000002be7900000) (1024K)]
  0x000001745a362600 JavaThread "http-nio-8080-exec-3"       daemon [_thread_blocked, id=3076, stack(0x0000002be7900000,0x0000002be7a00000) (1024K)]
  0x000001745a361f70 JavaThread "http-nio-8080-exec-4"       daemon [_thread_blocked, id=11692, stack(0x0000002be7a00000,0x0000002be7b00000) (1024K)]
  0x000001745a35f180 JavaThread "http-nio-8080-exec-5"       daemon [_thread_blocked, id=11080, stack(0x0000002be7b00000,0x0000002be7c00000) (1024K)]
  0x000001745a360bc0 JavaThread "http-nio-8080-exec-6"       daemon [_thread_blocked, id=11100, stack(0x0000002be7c00000,0x0000002be7d00000) (1024K)]
  0x000001745a35f810 JavaThread "http-nio-8080-exec-7"       daemon [_thread_blocked, id=2732, stack(0x0000002be7d00000,0x0000002be7e00000) (1024K)]
  0x000001745a360530 JavaThread "http-nio-8080-exec-8"       daemon [_thread_blocked, id=8360, stack(0x0000002be7e00000,0x0000002be7f00000) (1024K)]
  0x000001745b288eb0 JavaThread "http-nio-8080-exec-9"       daemon [_thread_blocked, id=2904, stack(0x0000002be7f00000,0x0000002be8000000) (1024K)]
  0x000001745b28b610 JavaThread "http-nio-8080-exec-10"      daemon [_thread_blocked, id=2976, stack(0x0000002be8000000,0x0000002be8100000) (1024K)]
  0x000001745b289bd0 JavaThread "http-nio-8080-Poller"       daemon [_thread_in_native, id=3096, stack(0x0000002be8100000,0x0000002be8200000) (1024K)]
  0x000001745b28a260 JavaThread "http-nio-8080-Acceptor"     daemon [_thread_in_native, id=11088, stack(0x0000002be8200000,0x0000002be8300000) (1024K)]
  0x000001745b28a8f0 JavaThread "DestroyJavaVM"                     [_thread_blocked, id=15392, stack(0x0000002be5000000,0x0000002be5100000) (1024K)]
Total: 28

Other Threads:
  0x000001747fe16690 VMThread "VM Thread"                           [id=20096, stack(0x0000002be5700000,0x0000002be5800000) (1024K)]
  0x000001747fdfe210 WatcherThread "VM Periodic Task Thread"        [id=20092, stack(0x0000002be5600000,0x0000002be5700000) (1024K)]
  0x000001747308be90 WorkerThread "GC Thread#0"                     [id=19760, stack(0x0000002be5100000,0x0000002be5200000) (1024K)]
  0x000001745894ef20 WorkerThread "GC Thread#1"                     [id=21360, stack(0x0000002be6300000,0x0000002be6400000) (1024K)]
  0x000001745886b820 WorkerThread "GC Thread#2"                     [id=20712, stack(0x0000002be6400000,0x0000002be6500000) (1024K)]
  0x000001745886bbc0 WorkerThread "GC Thread#3"                     [id=21016, stack(0x0000002be6500000,0x0000002be6600000) (1024K)]
  0x000001745886bf60 WorkerThread "GC Thread#4"                     [id=21076, stack(0x0000002be6600000,0x0000002be6700000) (1024K)]
  0x000001745886c300 WorkerThread "GC Thread#5"                     [id=21144, stack(0x0000002be6700000,0x0000002be6800000) (1024K)]
  0x0000017458dfb520 WorkerThread "GC Thread#6"                     [id=20984, stack(0x0000002be6800000,0x0000002be6900000) (1024K)]
  0x0000017458f4f560 WorkerThread "GC Thread#7"                     [id=20388, stack(0x0000002be6c00000,0x0000002be6d00000) (1024K)]
  0x0000017459145030 WorkerThread "GC Thread#8"                     [id=16388, stack(0x0000002be6d00000,0x0000002be6e00000) (1024K)]
  0x0000017458fb6ba0 WorkerThread "GC Thread#9"                     [id=18644, stack(0x0000002be6e00000,0x0000002be6f00000) (1024K)]
  0x000001747309dfa0 ConcurrentGCThread "G1 Main Marker"            [id=19888, stack(0x0000002be5200000,0x0000002be5300000) (1024K)]
  0x00000174730a0670 WorkerThread "G1 Conc#0"                       [id=20080, stack(0x0000002be5300000,0x0000002be5400000) (1024K)]
  0x0000017459045320 WorkerThread "G1 Conc#1"                       [id=20760, stack(0x0000002be7000000,0x0000002be7100000) (1024K)]
  0x00000174590461a0 WorkerThread "G1 Conc#2"                       [id=21420, stack(0x0000002be7100000,0x0000002be7200000) (1024K)]
  0x000001747fcd36d0 ConcurrentGCThread "G1 Refine#0"               [id=20084, stack(0x0000002be5400000,0x0000002be5500000) (1024K)]
  0x000001747fcd3c00 ConcurrentGCThread "G1 Service"                [id=20088, stack(0x0000002be5500000,0x0000002be5600000) (1024K)]
Total: 18

Threads with active compile tasks:
C2 CompilerThread0  4160440 7143   !   4       java.util.concurrent.ThreadPoolExecutor::getTask (177 bytes)
Total: 1

VM state: not at safepoint (normal execution)

VM Mutex/Monitor currently owned by a thread: None

Heap address: 0x0000000704400000, size: 4028 MB, Compressed Oops mode: Zero based, Oop shift amount: 3

CDS archive(s) mapped at: [0x0000017413000000-0x0000017413c90000-0x0000017413c90000), size 13172736, SharedBaseAddress: 0x0000017413000000, ArchiveRelocationMode: 1.
Compressed class space mapped at: 0x0000017414000000-0x0000017454000000, reserved size: 1073741824
Narrow klass base: 0x0000017413000000, Narrow klass shift: 0, Narrow klass range: 0x100000000

GC Precious Log:
 CardTable entry size: 512
 Card Set container configuration: InlinePtr #cards 4 size 8 Array Of Cards #cards 16 size 48 Howl #buckets 8 coarsen threshold 3686 Howl Bitmap #cards 512 size 80 coarsen threshold 460 Card regions per heap region 1 cards per card region 4096
 CPUs: 12 total, 12 available
 Memory: 16108M
 Large Page Support: Disabled
 NUMA Support: Disabled
 Compressed Oops: Enabled (Zero based)
 Heap Region Size: 2M
 Heap Min Capacity: 8M
 Heap Initial Capacity: 252M
 Heap Max Capacity: 4028M
 Pre-touch: Disabled
 Parallel Workers: 10
 Concurrent Workers: 3
 Concurrent Refinement Workers: 10
 Periodic GC: Disabled

Heap:
 garbage-first heap   total 61440K, used 45636K [0x0000000704400000, 0x0000000800000000)
  region size 2048K, 7 young (14336K), 1 survivors (2048K)
 Metaspace       used 78494K, committed 79168K, reserved 1179648K
  class space    used 10628K, committed 10944K, reserved 1048576K

Heap Regions: E=young(eden), S=young(survivor), O=old, HS=humongous(starts), HC=humongous(continues), CS=collection set, F=free, TAMS=top-at-mark-start, PB=parsable bottom
|   0|0x0000000704400000, 0x0000000704600000, 0x0000000704600000|100%| O|  |TAMS 0x0000000704400000| PB 0x0000000704400000| Untracked 
|   1|0x0000000704600000, 0x0000000704800000, 0x0000000704800000|100%| O|  |TAMS 0x0000000704600000| PB 0x0000000704600000| Untracked 
|   2|0x0000000704800000, 0x0000000704a00000, 0x0000000704a00000|100%| O|  |TAMS 0x0000000704800000| PB 0x0000000704800000| Untracked 
|   3|0x0000000704a00000, 0x0000000704c00000, 0x0000000704c00000|100%| O|  |TAMS 0x0000000704a00000| PB 0x0000000704a00000| Untracked 
|   4|0x0000000704c00000, 0x0000000704e00000, 0x0000000704e00000|100%| O|  |TAMS 0x0000000704c00000| PB 0x0000000704c00000| Untracked 
|   5|0x0000000704e00000, 0x0000000705000000, 0x0000000705000000|100%| O|  |TAMS 0x0000000704e00000| PB 0x0000000704e00000| Untracked 
|   6|0x0000000705000000, 0x0000000705200000, 0x0000000705200000|100%| O|  |TAMS 0x0000000705000000| PB 0x0000000705000000| Untracked 
|   7|0x0000000705200000, 0x0000000705400000, 0x0000000705400000|100%| O|  |TAMS 0x0000000705200000| PB 0x0000000705200000| Untracked 
|   8|0x0000000705400000, 0x0000000705600000, 0x0000000705600000|100%| O|Cm|TAMS 0x0000000705400000| PB 0x0000000705400000| Complete 
|   9|0x0000000705600000, 0x0000000705800000, 0x0000000705800000|100%| O|  |TAMS 0x0000000705600000| PB 0x0000000705600000| Untracked 
|  10|0x0000000705800000, 0x0000000705a00000, 0x0000000705a00000|100%| O|  |TAMS 0x0000000705800000| PB 0x0000000705800000| Untracked 
|  11|0x0000000705a00000, 0x0000000705c00000, 0x0000000705c00000|100%| O|  |TAMS 0x0000000705a00000| PB 0x0000000705a00000| Untracked 
|  12|0x0000000705c00000, 0x0000000705e00000, 0x0000000705e00000|100%| O|  |TAMS 0x0000000705c00000| PB 0x0000000705c00000| Untracked 
|  13|0x0000000705e00000, 0x0000000706000000, 0x0000000706000000|100%| O|  |TAMS 0x0000000705e00000| PB 0x0000000705e00000| Untracked 
|  14|0x0000000706000000, 0x0000000706200000, 0x0000000706200000|100%| O|  |TAMS 0x0000000706000000| PB 0x0000000706000000| Untracked 
|  15|0x0000000706200000, 0x0000000706400000, 0x0000000706400000|100%| O|  |TAMS 0x0000000706200000| PB 0x0000000706200000| Untracked 
|  16|0x0000000706400000, 0x0000000706400000, 0x0000000706600000|  0%| F|  |TAMS 0x0000000706400000| PB 0x0000000706400000| Untracked 
|  17|0x0000000706600000, 0x0000000706600000, 0x0000000706800000|  0%| F|  |TAMS 0x0000000706600000| PB 0x0000000706600000| Untracked 
|  18|0x0000000706800000, 0x00000007068ab078, 0x0000000706a00000| 33%| O|  |TAMS 0x0000000706800000| PB 0x0000000706800000| Untracked 
|  19|0x0000000706a00000, 0x0000000706a00000, 0x0000000706c00000|  0%| F|  |TAMS 0x0000000706a00000| PB 0x0000000706a00000| Untracked 
|  20|0x0000000706c00000, 0x0000000706de6210, 0x0000000706e00000| 94%| S|CS|TAMS 0x0000000706c00000| PB 0x0000000706c00000| Complete 
|  21|0x0000000706e00000, 0x0000000706e00000, 0x0000000707000000|  0%| F|  |TAMS 0x0000000706e00000| PB 0x0000000706e00000| Untracked 
|  22|0x0000000707000000, 0x0000000707000000, 0x0000000707200000|  0%| F|  |TAMS 0x0000000707000000| PB 0x0000000707000000| Untracked 
|  23|0x0000000707200000, 0x0000000707200000, 0x0000000707400000|  0%| F|  |TAMS 0x0000000707200000| PB 0x0000000707200000| Untracked 
|  24|0x0000000707400000, 0x000000070754a600, 0x0000000707600000| 64%| E|  |TAMS 0x0000000707400000| PB 0x0000000707400000| Complete 
|  99|0x0000000710a00000, 0x0000000710c00000, 0x0000000710c00000|100%| E|CS|TAMS 0x0000000710a00000| PB 0x0000000710a00000| Complete 
| 100|0x0000000710c00000, 0x0000000710e00000, 0x0000000710e00000|100%| E|CS|TAMS 0x0000000710c00000| PB 0x0000000710c00000| Complete 
| 101|0x0000000710e00000, 0x0000000711000000, 0x0000000711000000|100%| E|CS|TAMS 0x0000000710e00000| PB 0x0000000710e00000| Complete 
| 124|0x0000000713c00000, 0x0000000713e00000, 0x0000000713e00000|100%| E|CS|TAMS 0x0000000713c00000| PB 0x0000000713c00000| Complete 
| 125|0x0000000713e00000, 0x0000000714000000, 0x0000000714000000|100%| E|CS|TAMS 0x0000000713e00000| PB 0x0000000713e00000| Complete 

Card table byte_map: [0x000001747c960000,0x000001747d140000] _byte_map_base: 0x000001747913e000

Marking Bits: (CMBitMap*) 0x000001747308c590
 Bits: [0x000001740f000000, 0x0000017412ef0000)

Polling page: 0x0000017471800000

Metaspace:

Usage:
  Non-class:     66.28 MB used.
      Class:     10.38 MB used.
       Both:     76.65 MB used.

Virtual space:
  Non-class space:      128.00 MB reserved,      66.62 MB ( 52%) committed,  2 nodes.
      Class space:        1.00 GB reserved,      10.69 MB (  1%) committed,  1 nodes.
             Both:        1.12 GB reserved,      77.31 MB (  7%) committed. 

Chunk freelists:
   Non-Class:  12.44 MB
       Class:  5.25 MB
        Both:  17.69 MB

MaxMetaspaceSize: unlimited
CompressedClassSpaceSize: 1.00 GB
Initial GC threshold: 21.00 MB
Current GC threshold: 118.38 MB
CDS: on
 - commit_granule_bytes: 65536.
 - commit_granule_words: 8192.
 - virtual_space_node_default_size: 8388608.
 - enlarge_chunks_in_place: 1.
 - use_allocation_guard: 0.


Internal statistics:

num_allocs_failed_limit: 9.
num_arena_births: 992.
num_arena_deaths: 0.
num_vsnodes_births: 3.
num_vsnodes_deaths: 0.
num_space_committed: 1237.
num_space_uncommitted: 0.
num_chunks_returned_to_freelist: 9.
num_chunks_taken_from_freelist: 3832.
num_chunk_merges: 9.
num_chunk_splits: 2819.
num_chunks_enlarged: 2242.
num_inconsistent_stats: 0.

CodeHeap 'non-profiled nmethods': size=120000Kb used=4254Kb max_used=4254Kb free=115746Kb
 bounds [0x0000017407ad0000, 0x0000017407f00000, 0x000001740f000000]
CodeHeap 'profiled nmethods': size=120000Kb used=12175Kb max_used=12175Kb free=107825Kb
 bounds [0x0000017400000000, 0x0000017400bf0000, 0x0000017407530000]
CodeHeap 'non-nmethods': size=5760Kb used=1707Kb max_used=1731Kb free=4052Kb
 bounds [0x0000017407530000, 0x00000174077a0000, 0x0000017407ad0000]
 total_blobs=6923 nmethods=6187 adapters=638
 compilation: enabled
              stopped_count=0, restarted_count=0
 full_count=0

Compilation events (20 events):
Event: 3800.684 Thread 0x000001747fe553b0 nmethod 7131 0x0000017400bdf890 code [0x0000017400bdfa40, 0x0000017400bdfb90]
Event: 3800.684 Thread 0x000001747fe553b0 7132       3       org.springframework.boot.autoconfigure.web.embedded.TomcatWebServerFactoryCustomizer::lambda$customizeStaticResources$22 (56 bytes)
Event: 3800.699 Thread 0x000001747fe553b0 nmethod 7132 0x0000017400bdfc10 code [0x0000017400bdfe60, 0x0000017400be0678]
Event: 3808.612 Thread 0x000001747fe51b70 7135   !   4       java.util.concurrent.locks.AbstractQueuedSynchronizer$ConditionObject::newConditionNode (78 bytes)
Event: 3808.625 Thread 0x000001747fe51b70 nmethod 7135 0x0000017407ef5d10 code [0x0000017407ef5f00, 0x0000017407ef63f8]
Event: 3817.279 Thread 0x000001747fe51b70 7136       4       java.util.concurrent.locks.AbstractQueuedSynchronizer::acquire (20 bytes)
Event: 3817.281 Thread 0x000001747fe51b70 nmethod 7136 0x0000017407ef6690 code [0x0000017407ef6820, 0x0000017407ef6918]
Event: 3829.097 Thread 0x000001747fe553b0 7137       1       com.zaxxer.hikari.pool.ProxyLeakTaskFactory::updateLeakDetectionThreshold (6 bytes)
Event: 3829.097 Thread 0x000001747fe553b0 nmethod 7137 0x0000017407ef6a10 code [0x0000017407ef6ba0, 0x0000017407ef6c68]
Event: 3829.097 Thread 0x000001747fe553b0 7138       1       com.zaxxer.hikari.HikariConfig::getIdleTimeout (5 bytes)
Event: 3829.097 Thread 0x000001747fe553b0 nmethod 7138 0x0000017407ef6d10 code [0x0000017407ef6ea0, 0x0000017407ef6f70]
Event: 3850.716 Thread 0x000001747fe553b0 7139       3       org.apache.tomcat.util.collections.ManagedConcurrentWeakHashMap::maintain (44 bytes)
Event: 3850.721 Thread 0x000001747fe553b0 nmethod 7139 0x0000017400be0a90 code [0x0000017400be0c80, 0x0000017400be1218]
Event: 3860.721 Thread 0x000001747fe51b70 7140       4       java.util.concurrent.CopyOnWriteArrayList::iterator (13 bytes)
Event: 3860.721 Thread 0x000001747fe553b0 7141       3       org.apache.catalina.webresources.Cache::backgroundProcess (120 bytes)
Event: 3860.723 Thread 0x000001747fe51b70 nmethod 7140 0x0000017407ef7010 code [0x0000017407ef71a0, 0x0000017407ef7320]
Event: 3860.727 Thread 0x000001747fe553b0 nmethod 7141 0x0000017400be1410 code [0x0000017400be17c0, 0x0000017400be3390]
Event: 4143.259 Thread 0x000001747fe51b70 7142       4       java.util.concurrent.ThreadPoolExecutor$Worker::unlock (7 bytes)
Event: 4143.269 Thread 0x000001747fe51b70 nmethod 7142 0x0000017407ef7410 code [0x0000017407ef75c0, 0x0000017407ef7740]
Event: 4158.254 Thread 0x000001747fe51b70 7143   !   4       java.util.concurrent.ThreadPoolExecutor::getTask (177 bytes)

GC Heap History (20 events):
Event: 17.585 GC heap before
{Heap before GC invocations=6 (full 0):
 garbage-first heap   total 61440K, used 38216K [0x0000000704400000, 0x0000000800000000)
  region size 2048K, 12 young (24576K), 2 survivors (4096K)
 Metaspace       used 35524K, committed 35968K, reserved 1114112K
  class space    used 4512K, committed 4736K, reserved 1048576K
}
Event: 17.590 GC heap after
{Heap after GC invocations=7 (full 0):
 garbage-first heap   total 61440K, used 21527K [0x0000000704400000, 0x0000000800000000)
  region size 2048K, 1 young (2048K), 1 survivors (2048K)
 Metaspace       used 35524K, committed 35968K, reserved 1114112K
  class space    used 4512K, committed 4736K, reserved 1048576K
}
Event: 19.171 GC heap before
{Heap before GC invocations=8 (full 0):
 garbage-first heap   total 61440K, used 48151K [0x0000000704400000, 0x0000000800000000)
  region size 2048K, 14 young (28672K), 1 survivors (2048K)
 Metaspace       used 39455K, committed 40000K, reserved 1114112K
  class space    used 4974K, committed 5248K, reserved 1048576K
}
Event: 19.176 GC heap after
{Heap after GC invocations=9 (full 0):
 garbage-first heap   total 61440K, used 24853K [0x0000000704400000, 0x0000000800000000)
  region size 2048K, 2 young (4096K), 2 survivors (4096K)
 Metaspace       used 39455K, committed 40000K, reserved 1114112K
  class space    used 4974K, committed 5248K, reserved 1048576K
}
Event: 21.104 GC heap before
{Heap before GC invocations=9 (full 0):
 garbage-first heap   total 61440K, used 45333K [0x0000000704400000, 0x0000000800000000)
  region size 2048K, 13 young (26624K), 2 survivors (4096K)
 Metaspace       used 44812K, committed 45376K, reserved 1114112K
  class space    used 5626K, committed 5888K, reserved 1048576K
}
Event: 21.111 GC heap after
{Heap after GC invocations=10 (full 0):
 garbage-first heap   total 61440K, used 26359K [0x0000000704400000, 0x0000000800000000)
  region size 2048K, 1 young (2048K), 1 survivors (2048K)
 Metaspace       used 44812K, committed 45376K, reserved 1114112K
  class space    used 5626K, committed 5888K, reserved 1048576K
}
Event: 22.420 GC heap before
{Heap before GC invocations=10 (full 0):
 garbage-first heap   total 61440K, used 48887K [0x0000000704400000, 0x0000000800000000)
  region size 2048K, 13 young (26624K), 1 survivors (2048K)
 Metaspace       used 51143K, committed 51712K, reserved 1114112K
  class space    used 6694K, committed 6912K, reserved 1048576K
}
Event: 22.423 GC heap after
{Heap after GC invocations=11 (full 0):
 garbage-first heap   total 61440K, used 27437K [0x0000000704400000, 0x0000000800000000)
  region size 2048K, 2 young (4096K), 2 survivors (4096K)
 Metaspace       used 51143K, committed 51712K, reserved 1114112K
  class space    used 6694K, committed 6912K, reserved 1048576K
}
Event: 23.552 GC heap before
{Heap before GC invocations=11 (full 0):
 garbage-first heap   total 61440K, used 52013K [0x0000000704400000, 0x0000000800000000)
  region size 2048K, 14 young (28672K), 2 survivors (4096K)
 Metaspace       used 59104K, committed 59776K, reserved 1114112K
  class space    used 7751K, committed 8064K, reserved 1048576K
}
Event: 23.557 GC heap after
{Heap after GC invocations=12 (full 0):
 garbage-first heap   total 61440K, used 28555K [0x0000000704400000, 0x0000000800000000)
  region size 2048K, 2 young (4096K), 2 survivors (4096K)
 Metaspace       used 59104K, committed 59776K, reserved 1114112K
  class space    used 7751K, committed 8064K, reserved 1048576K
}
Event: 23.646 GC heap before
{Heap before GC invocations=12 (full 0):
 garbage-first heap   total 61440K, used 28555K [0x0000000704400000, 0x0000000800000000)
  region size 2048K, 3 young (6144K), 2 survivors (4096K)
 Metaspace       used 59540K, committed 60160K, reserved 1114112K
  class space    used 7829K, committed 8128K, reserved 1048576K
}
Event: 23.650 GC heap after
{Heap after GC invocations=13 (full 0):
 garbage-first heap   total 61440K, used 28767K [0x0000000704400000, 0x0000000800000000)
  region size 2048K, 1 young (2048K), 1 survivors (2048K)
 Metaspace       used 59540K, committed 60160K, reserved 1114112K
  class space    used 7829K, committed 8128K, reserved 1048576K
}
Event: 24.808 GC heap before
{Heap before GC invocations=14 (full 0):
 garbage-first heap   total 61440K, used 51295K [0x0000000704400000, 0x0000000800000000)
  region size 2048K, 13 young (26624K), 1 survivors (2048K)
 Metaspace       used 64875K, committed 65536K, reserved 1114112K
  class space    used 8717K, committed 9024K, reserved 1048576K
}
Event: 24.813 GC heap after
{Heap after GC invocations=15 (full 0):
 garbage-first heap   total 61440K, used 30132K [0x0000000704400000, 0x0000000800000000)
  region size 2048K, 2 young (4096K), 2 survivors (4096K)
 Metaspace       used 64875K, committed 65536K, reserved 1114112K
  class space    used 8717K, committed 9024K, reserved 1048576K
}
Event: 26.227 GC heap before
{Heap before GC invocations=15 (full 0):
 garbage-first heap   total 61440K, used 50612K [0x0000000704400000, 0x0000000800000000)
  region size 2048K, 12 young (24576K), 2 survivors (4096K)
 Metaspace       used 69056K, committed 69696K, reserved 1114112K
  class space    used 9324K, committed 9600K, reserved 1048576K
}
Event: 26.233 GC heap after
{Heap after GC invocations=16 (full 0):
 garbage-first heap   total 61440K, used 31271K [0x0000000704400000, 0x0000000800000000)
  region size 2048K, 2 young (4096K), 2 survivors (4096K)
 Metaspace       used 69056K, committed 69696K, reserved 1114112K
  class space    used 9324K, committed 9600K, reserved 1048576K
}
Event: 27.903 GC heap before
{Heap before GC invocations=16 (full 0):
 garbage-first heap   total 61440K, used 51751K [0x0000000704400000, 0x0000000800000000)
  region size 2048K, 12 young (24576K), 2 survivors (4096K)
 Metaspace       used 71940K, committed 72640K, reserved 1114112K
  class space    used 9746K, committed 10048K, reserved 1048576K
}
Event: 27.909 GC heap after
{Heap after GC invocations=17 (full 0):
 garbage-first heap   total 61440K, used 33815K [0x0000000704400000, 0x0000000800000000)
  region size 2048K, 2 young (4096K), 2 survivors (4096K)
 Metaspace       used 71940K, committed 72640K, reserved 1114112K
  class space    used 9746K, committed 10048K, reserved 1048576K
}
Event: 706.942 GC heap before
{Heap before GC invocations=18 (full 0):
 garbage-first heap   total 61440K, used 50199K [0x0000000704400000, 0x0000000800000000)
  region size 2048K, 11 young (22528K), 2 survivors (4096K)
 Metaspace       used 76518K, committed 77248K, reserved 1179648K
  class space    used 10388K, committed 10752K, reserved 1048576K
}
Event: 706.960 GC heap after
{Heap after GC invocations=19 (full 0):
 garbage-first heap   total 61440K, used 35396K [0x0000000704400000, 0x0000000800000000)
  region size 2048K, 1 young (2048K), 1 survivors (2048K)
 Metaspace       used 76518K, committed 77248K, reserved 1179648K
  class space    used 10388K, committed 10752K, reserved 1048576K
}

Dll operation events (14 events):
Event: 0.023 Loaded shared library C:\Users\tradi\.jdks\openjdk-21.0.2\bin\java.dll
Event: 0.061 Loaded shared library C:\Users\tradi\.jdks\openjdk-21.0.2\bin\jsvml.dll
Event: 0.184 Loaded shared library C:\Users\tradi\.jdks\openjdk-21.0.2\bin\zip.dll
Event: 0.191 Loaded shared library C:\Users\tradi\.jdks\openjdk-21.0.2\bin\instrument.dll
Event: 0.202 Loaded shared library C:\Users\tradi\.jdks\openjdk-21.0.2\bin\net.dll
Event: 0.205 Loaded shared library C:\Users\tradi\.jdks\openjdk-21.0.2\bin\nio.dll
Event: 0.267 Loaded shared library C:\Users\tradi\.jdks\openjdk-21.0.2\bin\zip.dll
Event: 2.431 Loaded shared library C:\Users\tradi\.jdks\openjdk-21.0.2\bin\jimage.dll
Event: 9.267 Loaded shared library C:\Program Files\JetBrains\IntelliJ IDEA Community Edition 2023.3.2\bin\breakgen64.dll
Event: 9.284 Loaded shared library C:\Users\tradi\.jdks\openjdk-21.0.2\bin\extnet.dll
Event: 13.074 Loaded shared library C:\Users\tradi\.jdks\openjdk-21.0.2\bin\sunmscapi.dll
Event: 16.060 Loaded shared library C:\Users\tradi\.jdks\openjdk-21.0.2\bin\management.dll
Event: 16.065 Loaded shared library C:\Users\tradi\.jdks\openjdk-21.0.2\bin\management_ext.dll
Event: 21.772 Loaded shared library C:\Users\tradi\.jdks\openjdk-21.0.2\bin\verify.dll

Deoptimization events (20 events):
Event: 3510.289 Thread 0x000001745a79b410 DEOPT PACKING pc=0x0000017407ee8258 sp=0x0000002be6bff100
Event: 3510.289 Thread 0x000001745a79b410 DEOPT UNPACKING pc=0x00000174075846a2 sp=0x0000002be6bff098 mode 2
Event: 3555.964 Thread 0x000001745b28bca0 DEOPT PACKING pc=0x0000017400b60b55 sp=0x0000002be4ffe9c0
Event: 3555.965 Thread 0x000001745b28bca0 DEOPT UNPACKING pc=0x0000017407584e42 sp=0x0000002be4ffde30 mode 0
Event: 3630.452 Thread 0x000001745b2f8c70 Uncommon trap: trap_request=0xffffffd6 fr.pc=0x0000017407ef21c8 relative=0x0000000000000488
Event: 3630.452 Thread 0x000001745b2f8c70 Uncommon trap: reason=array_check action=maybe_recompile pc=0x0000017407ef21c8 method=java.util.HashMap.valuesToArray([Ljava/lang/Object;)[Ljava/lang/Object; @ 62 c2
Event: 3630.452 Thread 0x000001745b2f8c70 DEOPT PACKING pc=0x0000017407ef21c8 sp=0x0000002be72feb70
Event: 3630.452 Thread 0x000001745b2f8c70 DEOPT UNPACKING pc=0x00000174075846a2 sp=0x0000002be72feb08 mode 2
Event: 3630.452 Thread 0x000001745b2f8c70 Uncommon trap: trap_request=0xffffffd6 fr.pc=0x0000017407ef21c8 relative=0x0000000000000488
Event: 3630.452 Thread 0x000001745b2f8c70 Uncommon trap: reason=array_check action=maybe_recompile pc=0x0000017407ef21c8 method=java.util.HashMap.valuesToArray([Ljava/lang/Object;)[Ljava/lang/Object; @ 62 c2
Event: 3630.452 Thread 0x000001745b2f8c70 DEOPT PACKING pc=0x0000017407ef21c8 sp=0x0000002be72feaa0
Event: 3630.452 Thread 0x000001745b2f8c70 DEOPT UNPACKING pc=0x00000174075846a2 sp=0x0000002be72fea38 mode 2
Event: 3640.464 Thread 0x000001745a79b410 Uncommon trap: trap_request=0xffffffd6 fr.pc=0x0000017407ef21c8 relative=0x0000000000000488
Event: 3640.464 Thread 0x000001745a79b410 Uncommon trap: reason=array_check action=maybe_recompile pc=0x0000017407ef21c8 method=java.util.HashMap.valuesToArray([Ljava/lang/Object;)[Ljava/lang/Object; @ 62 c2
Event: 3640.464 Thread 0x000001745a79b410 DEOPT PACKING pc=0x0000017407ef21c8 sp=0x0000002be6bff0f0
Event: 3640.477 Thread 0x000001745a79b410 DEOPT UNPACKING pc=0x00000174075846a2 sp=0x0000002be6bff088 mode 2
Event: 3640.477 Thread 0x000001745a79b410 Uncommon trap: trap_request=0xffffffd6 fr.pc=0x0000017407ef21c8 relative=0x0000000000000488
Event: 3640.477 Thread 0x000001745a79b410 Uncommon trap: reason=array_check action=maybe_recompile pc=0x0000017407ef21c8 method=java.util.HashMap.valuesToArray([Ljava/lang/Object;)[Ljava/lang/Object; @ 62 c2
Event: 3640.477 Thread 0x000001745a79b410 DEOPT PACKING pc=0x0000017407ef21c8 sp=0x0000002be6bff020
Event: 3640.477 Thread 0x000001745a79b410 DEOPT UNPACKING pc=0x00000174075846a2 sp=0x0000002be6bfefb8 mode 2

Classes loaded (20 events):
Event: 707.133 Loading class java/util/stream/DoubleStream
Event: 707.134 Loading class java/util/stream/DoubleStream done
Event: 1775.688 Loading class java/security/InvalidKeyException
Event: 1775.690 Loading class java/security/KeyException
Event: 1775.691 Loading class java/security/KeyException done
Event: 1775.691 Loading class java/security/InvalidKeyException done
Event: 1775.692 Loading class java/security/SignatureException
Event: 1775.692 Loading class java/security/SignatureException done
Event: 1775.697 Loading class javax/crypto/NoSuchPaddingException
Event: 1775.698 Loading class javax/crypto/NoSuchPaddingException done
Event: 1775.698 Loading class javax/crypto/IllegalBlockSizeException
Event: 1775.699 Loading class javax/crypto/IllegalBlockSizeException done
Event: 1775.699 Loading class javax/crypto/BadPaddingException
Event: 1775.700 Loading class javax/crypto/BadPaddingException done
Event: 1775.701 Loading class java/security/spec/InvalidKeySpecException
Event: 1775.702 Loading class java/security/spec/InvalidKeySpecException done
Event: 1775.704 Loading class javax/net/ssl/SSLSocket
Event: 1775.707 Loading class javax/net/ssl/SSLSocket done
Event: 3024.184 Loading class sun/net/ConnectionResetException
Event: 3024.193 Loading class sun/net/ConnectionResetException done

Classes unloaded (0 events):
No events

Classes redefined (0 events):
No events

Internal exceptions (20 events):
Event: 24.750 Thread 0x00000174715be2f0 Exception <a 'java/lang/IncompatibleClassChangeError'{0x0000000706727b50}: Found class java.lang.Object, but interface was expected> (0x0000000706727b50) 
thrown [s\open\src\hotspot\share\interpreter\linkResolver.cpp, line 840]
Event: 24.865 Thread 0x00000174715be2f0 Exception <a 'java/lang/IncompatibleClassChangeError'{0x0000000713eb1d08}: Found class java.lang.Object, but interface was expected> (0x0000000713eb1d08) 
thrown [s\open\src\hotspot\share\interpreter\linkResolver.cpp, line 840]
Event: 25.233 Thread 0x00000174715be2f0 Exception <a 'java/lang/IncompatibleClassChangeError'{0x0000000710cd6ad0}: Found class java.lang.Object, but interface was expected> (0x0000000710cd6ad0) 
thrown [s\open\src\hotspot\share\interpreter\linkResolver.cpp, line 840]
Event: 25.421 Thread 0x00000174715be2f0 Exception <a 'java/lang/IncompatibleClassChangeError'{0x0000000710b7f888}: Found class java.lang.Object, but interface was expected> (0x0000000710b7f888) 
thrown [s\open\src\hotspot\share\interpreter\linkResolver.cpp, line 840]
Event: 25.796 Thread 0x00000174715be2f0 Exception <a 'java/lang/NoSuchMethodError'{0x000000070709f920}: 'java.lang.Object java.lang.invoke.DirectMethodHandle$Holder.newInvokeSpecial(java.lang.Object, java.lang.Object, java.lang.Object, java.lang.Object, java.lang.Object, java.lang.Object, java.lang.Object, java.lang.Object)'> (0x000000070709f920) 
thrown [s\open\src\hotspot\share\interpreter\linkResolver.cpp, line 773]
Event: 26.944 Thread 0x00000174715be2f0 Exception <a 'java/lang/IncompatibleClassChangeError'{0x0000000710ae70c8}: Found class java.lang.Object, but interface was expected> (0x0000000710ae70c8) 
thrown [s\open\src\hotspot\share\interpreter\linkResolver.cpp, line 840]
Event: 27.377 Thread 0x00000174715be2f0 Exception <a 'java/lang/NoSuchMethodError'{0x00000007073bde88}: 'java.lang.Object java.lang.invoke.DirectMethodHandle$Holder.invokeInterface(java.lang.Object, java.lang.Object, java.lang.Object, java.lang.Object)'> (0x00000007073bde88) 
thrown [s\open\src\hotspot\share\interpreter\linkResolver.cpp, line 773]
Event: 27.600 Thread 0x00000174715be2f0 Exception <a 'java/lang/NoSuchMethodError'{0x00000007071a2c30}: 'void java.lang.invoke.DirectMethodHandle$Holder.invokeVirtual(java.lang.Object, java.lang.Object, long)'> (0x00000007071a2c30) 
thrown [s\open\src\hotspot\share\interpreter\linkResolver.cpp, line 773]
Event: 27.769 Thread 0x00000174715be2f0 Exception <a 'java/lang/NoSuchMethodError'{0x0000000706ffc568}: 'int java.lang.invoke.DirectMethodHandle$Holder.invokeStaticInit(java.lang.Object, java.lang.Object, java.lang.Object, java.lang.Object)'> (0x0000000706ffc568) 
thrown [s\open\src\hotspot\share\interpreter\linkResolver.cpp, line 773]
Event: 27.848 Thread 0x00000174715be2f0 Exception <a 'java/lang/NoSuchMethodError'{0x0000000706d385d0}: 'java.lang.Object java.lang.invoke.Invokers$Holder.invoke_MT(java.lang.Object, java.lang.Object, java.lang.Object, java.lang.Object, java.lang.Object, java.lang.Object, java.lang.Object, java.lang.Object, java.lang.Object)'> (0x0000000706d385d0) 
thrown [s\open\src\hotspot\share\interpreter\linkResolver.cpp, line 773]
Event: 27.899 Thread 0x00000174715be2f0 Exception <a 'java/lang/IncompatibleClassChangeError'{0x0000000706defba0}: Found class java.lang.Object, but interface was expected> (0x0000000706defba0) 
thrown [s\open\src\hotspot\share\interpreter\linkResolver.cpp, line 840]
Event: 27.938 Thread 0x00000174715be2f0 Implicit null exception at 0x0000017407c3a388 to 0x0000017407c3a5f4
Event: 28.010 Thread 0x00000174715be2f0 Exception <a 'java/lang/NoSuchMethodError'{0x0000000713f46750}: 'java.lang.Object java.lang.invoke.Invokers$Holder.invoke_MT(java.lang.Object, java.lang.Object, java.lang.Object, java.lang.Object, java.lang.Object, java.lang.Object, java.lang.Object, java.lang.Object, java.lang.Object, java.lang.Object, java.lang.Object)'> (0x0000000713f46750) 
thrown [s\open\src\hotspot\share\interpreter\linkResolver.cpp, line 773]
Event: 28.181 Thread 0x00000174715be2f0 Exception <a 'java/lang/NoSuchMethodError'{0x0000000713dcff78}: 'java.lang.Object java.lang.invoke.DirectMethodHandle$Holder.newInvokeSpecial(java.lang.Object, java.lang.Object, int, java.lang.Object, java.lang.Object)'> (0x0000000713dcff78) 
thrown [s\open\src\hotspot\share\interpreter\linkResolver.cpp, line 773]
Event: 706.306 Thread 0x000001745a361250 Exception <a 'java/lang/NoSuchMethodError'{0x0000000710d62a60}: 'java.lang.Object java.lang.invoke.DirectMethodHandle$Holder.invokeSpecial(java.lang.Object, java.lang.Object, java.lang.Object, java.lang.Object, java.lang.Object, long)'> (0x0000000710d62a60) 
thrown [s\open\src\hotspot\share\interpreter\linkResolver.cpp, line 773]
Event: 706.306 Thread 0x000001745a361250 Exception <a 'java/lang/NoSuchMethodError'{0x0000000710d661d8}: 'java.lang.Object java.lang.invoke.Invokers$Holder.linkToTargetMethod(java.lang.Object, java.lang.Object, java.lang.Object, long, java.lang.Object)'> (0x0000000710d661d8) 
thrown [s\open\src\hotspot\share\interpreter\linkResolver.cpp, line 773]
Event: 707.025 Thread 0x000001745a361250 Exception <a 'java/lang/NoSuchMethodError'{0x0000000713f72c68}: 'void java.lang.invoke.DirectMethodHandle$Holder.invokeSpecialIFC(java.lang.Object, java.lang.Object, int, java.lang.Object, java.lang.Object, java.lang.Object, java.lang.Object)'> (0x0000000713f72c68) 
thrown [s\open\src\hotspot\share\interpreter\linkResolver.cpp, line 773]
Event: 3024.196 Thread 0x000001745a361250 Exception <a 'sun/net/ConnectionResetException'{0x0000000713dc70d0}: Connection reset> (0x0000000713dc70d0) 
thrown [s\open\src\hotspot\share\prims\jni.cpp, line 539]
Event: 3507.056 Thread 0x0000017458330dd0 Exception <a 'sun/net/ConnectionResetException'{0x0000000710b91a48}: Connection reset> (0x0000000710b91a48) 
thrown [s\open\src\hotspot\share\prims\jni.cpp, line 539]
Event: 3690.073 Thread 0x000001745a3618e0 Exception <a 'java/io/IOException'{0x0000000707513760}> (0x0000000707513760) 
thrown [s\open\src\hotspot\share\prims\jni.cpp, line 520]

ZGC Phase Switch (0 events):
No events

VM Operations (20 events):
Event: 3550.435 Executing VM operation: Cleanup
Event: 3550.435 Executing VM operation: Cleanup done
Event: 3553.468 Executing VM operation: Cleanup
Event: 3553.469 Executing VM operation: Cleanup done
Event: 3566.627 Executing VM operation: Cleanup
Event: 3566.627 Executing VM operation: Cleanup done
Event: 3593.888 Executing VM operation: Cleanup
Event: 3593.888 Executing VM operation: Cleanup done
Event: 3613.060 Executing VM operation: Cleanup
Event: 3613.060 Executing VM operation: Cleanup done
Event: 3690.824 Executing VM operation: Cleanup
Event: 3690.831 Executing VM operation: Cleanup done
Event: 3729.243 Executing VM operation: HandshakeAllThreads (HandshakeForDeflation)
Event: 3729.244 Executing VM operation: HandshakeAllThreads (HandshakeForDeflation) done
Event: 3729.244 Executing VM operation: RendezvousGCThreads
Event: 3729.244 Executing VM operation: RendezvousGCThreads done
Event: 3857.678 Executing VM operation: Cleanup
Event: 3857.678 Executing VM operation: Cleanup done
Event: 3866.772 Executing VM operation: Cleanup
Event: 3866.773 Executing VM operation: Cleanup done

Events (20 events):
Event: 3549.789 Thread 0x000001745b28af80 Thread added: 0x000001745b28af80
Event: 3549.804 Thread 0x000001745b28bca0 Thread added: 0x000001745b28bca0
Event: 3564.285 Thread 0x000001745b28af80 Thread exited: 0x000001745b28af80
Event: 3564.347 Thread 0x000001745b28bca0 Thread exited: 0x000001745b28bca0
Event: 3565.775 Thread 0x000001745b28bca0 Thread added: 0x000001745b28bca0
Event: 3565.787 Thread 0x000001745b28c330 Thread added: 0x000001745b28c330
Event: 3571.443 Thread 0x000001745b28bca0 Thread exited: 0x000001745b28bca0
Event: 3571.490 Thread 0x000001745b28c330 Thread exited: 0x000001745b28c330
Event: 3575.001 Thread 0x000001745b28c9c0 Thread added: 0x000001745b28c9c0
Event: 3575.006 Thread 0x000001745b28bca0 Thread added: 0x000001745b28bca0
Event: 3580.021 Thread 0x000001745b28c9c0 Thread exited: 0x000001745b28c9c0
Event: 3580.081 Thread 0x000001745b28bca0 Thread exited: 0x000001745b28bca0
Event: 3591.623 Thread 0x000001745b28af80 Thread added: 0x000001745b28af80
Event: 3591.642 Thread 0x000001745b28bca0 Thread added: 0x000001745b28bca0
Event: 3598.226 Thread 0x000001745b28af80 Thread exited: 0x000001745b28af80
Event: 3598.289 Thread 0x000001745b28bca0 Thread exited: 0x000001745b28bca0
Event: 3612.611 Thread 0x000001745b28c9c0 Thread added: 0x000001745b28c9c0
Event: 3612.616 Thread 0x000001745b289540 Thread added: 0x000001745b289540
Event: 3617.621 Thread 0x000001745b28c9c0 Thread exited: 0x000001745b28c9c0
Event: 3617.689 Thread 0x000001745b289540 Thread exited: 0x000001745b289540


Dynamic libraries:
0x00007ff70cad0000 - 0x00007ff70cade000 	C:\Users\tradi\.jdks\openjdk-21.0.2\bin\java.exe
0x00007ffbc8300000 - 0x00007ffbc8563000 	C:\WINDOWS\SYSTEM32\ntdll.dll
0x00007ffbc6530000 - 0x00007ffbc65f8000 	C:\WINDOWS\System32\KERNEL32.DLL
0x00007ffbc5a20000 - 0x00007ffbc5dd2000 	C:\WINDOWS\System32\KERNELBASE.dll
0x00007ffbc6010000 - 0x00007ffbc615b000 	C:\WINDOWS\System32\ucrtbase.dll
0x00007ffb911a0000 - 0x00007ffb911b8000 	C:\Users\tradi\.jdks\openjdk-21.0.2\bin\jli.dll
0x00007ffb911c0000 - 0x00007ffb911db000 	C:\Users\tradi\.jdks\openjdk-21.0.2\bin\VCRUNTIME140.dll
0x00007ffbc6720000 - 0x00007ffbc68e8000 	C:\WINDOWS\System32\USER32.dll
0x00007ffbc5960000 - 0x00007ffbc5987000 	C:\WINDOWS\System32\win32u.dll
0x00007ffbc66f0000 - 0x00007ffbc671a000 	C:\WINDOWS\System32\GDI32.dll
0x00007ffbc5830000 - 0x00007ffbc595b000 	C:\WINDOWS\System32\gdi32full.dll
0x00007ffbc5de0000 - 0x00007ffbc5e83000 	C:\WINDOWS\System32\msvcp_win.dll
0x00007ffbaf780000 - 0x00007ffbafa10000 	C:\WINDOWS\WinSxS\amd64_microsoft.windows.common-controls_6595b64144ccf1df_6.0.26100.2454_none_3e0b68a2e331ad60\COMCTL32.dll
0x00007ffbc8210000 - 0x00007ffbc82b9000 	C:\WINDOWS\System32\msvcrt.dll
0x00007ffbc64f0000 - 0x00007ffbc651f000 	C:\WINDOWS\System32\IMM32.DLL
0x00007ffb915a0000 - 0x00007ffb915ac000 	C:\Users\tradi\.jdks\openjdk-21.0.2\bin\vcruntime140_1.dll
0x00007ffb91110000 - 0x00007ffb9119e000 	C:\Users\tradi\.jdks\openjdk-21.0.2\bin\msvcp140.dll
0x00007ffb3c910000 - 0x00007ffb3d627000 	C:\Users\tradi\.jdks\openjdk-21.0.2\bin\server\jvm.dll
0x00007ffbc70c0000 - 0x00007ffbc7174000 	C:\WINDOWS\System32\ADVAPI32.dll
0x00007ffbc7d40000 - 0x00007ffbc7de6000 	C:\WINDOWS\System32\sechost.dll
0x00007ffbc7200000 - 0x00007ffbc7316000 	C:\WINDOWS\System32\RPCRT4.dll
0x00007ffbc7df0000 - 0x00007ffbc7e64000 	C:\WINDOWS\System32\WS2_32.dll
0x00007ffbc5560000 - 0x00007ffbc55ae000 	C:\WINDOWS\SYSTEM32\POWRPROF.dll
0x00007ffbaaea0000 - 0x00007ffbaaeab000 	C:\WINDOWS\SYSTEM32\VERSION.dll
0x00007ffbbafd0000 - 0x00007ffbbb006000 	C:\WINDOWS\SYSTEM32\WINMM.dll
0x00007ffbc5540000 - 0x00007ffbc5554000 	C:\WINDOWS\SYSTEM32\UMPDC.dll
0x00007ffbc4440000 - 0x00007ffbc445a000 	C:\WINDOWS\SYSTEM32\kernel.appcore.dll
0x00007ffb91100000 - 0x00007ffb9110a000 	C:\Users\tradi\.jdks\openjdk-21.0.2\bin\jimage.dll
0x00007ffbc2d20000 - 0x00007ffbc2f61000 	C:\WINDOWS\SYSTEM32\DBGHELP.DLL
0x00007ffbc6160000 - 0x00007ffbc64de000 	C:\WINDOWS\System32\combase.dll
0x00007ffbc7730000 - 0x00007ffbc7806000 	C:\WINDOWS\System32\OLEAUT32.dll
0x00007ffba00a0000 - 0x00007ffba00d9000 	C:\WINDOWS\SYSTEM32\dbgcore.DLL
0x00007ffbc56d0000 - 0x00007ffbc5769000 	C:\WINDOWS\System32\bcryptPrimitives.dll
0x00007ffb7f1a0000 - 0x00007ffb7f1af000 	C:\Users\tradi\.jdks\openjdk-21.0.2\bin\instrument.dll
0x00007ffb910e0000 - 0x00007ffb910ff000 	C:\Users\tradi\.jdks\openjdk-21.0.2\bin\java.dll
0x00007ffbc69b0000 - 0x00007ffbc70b1000 	C:\WINDOWS\System32\SHELL32.dll
0x00007ffbc33a0000 - 0x00007ffbc3bd1000 	C:\WINDOWS\SYSTEM32\windows.storage.dll
0x00007ffbc8040000 - 0x00007ffbc811a000 	C:\WINDOWS\System32\SHCORE.dll
0x00007ffbc76d0000 - 0x00007ffbc772d000 	C:\WINDOWS\System32\shlwapi.dll
0x00007ffbc55e0000 - 0x00007ffbc560e000 	C:\WINDOWS\SYSTEM32\profapi.dll
0x00007ffb91000000 - 0x00007ffb910d7000 	C:\Users\tradi\.jdks\openjdk-21.0.2\bin\jsvml.dll
0x00007ffb89fa0000 - 0x00007ffb89fb8000 	C:\Users\tradi\.jdks\openjdk-21.0.2\bin\zip.dll
0x00007ffb90ff0000 - 0x00007ffb91000000 	C:\Users\tradi\.jdks\openjdk-21.0.2\bin\net.dll
0x00007ffbbe6c0000 - 0x00007ffbbe7e6000 	C:\WINDOWS\SYSTEM32\WINHTTP.dll
0x00007ffbc49f0000 - 0x00007ffbc4a58000 	C:\WINDOWS\system32\mswsock.dll
0x00007ffb89fc0000 - 0x00007ffb89fd6000 	C:\Users\tradi\.jdks\openjdk-21.0.2\bin\nio.dll
0x00007ffb2cda0000 - 0x00007ffb2cdba000 	C:\Program Files\JetBrains\IntelliJ IDEA Community Edition 2023.3.2\bin\breakgen64.dll
0x00007ffb93ef0000 - 0x00007ffb93ef9000 	C:\Users\tradi\.jdks\openjdk-21.0.2\bin\extnet.dll
0x00007ffb63e20000 - 0x00007ffb63e2e000 	C:\Users\tradi\.jdks\openjdk-21.0.2\bin\sunmscapi.dll
0x00007ffbc5e90000 - 0x00007ffbc6006000 	C:\WINDOWS\System32\CRYPT32.dll
0x00007ffbc4eb0000 - 0x00007ffbc4ee0000 	C:\WINDOWS\SYSTEM32\ncrypt.dll
0x00007ffbc4e60000 - 0x00007ffbc4e9f000 	C:\WINDOWS\SYSTEM32\NTASN1.dll
0x00007ffbc4cc0000 - 0x00007ffbc4cdc000 	C:\WINDOWS\SYSTEM32\CRYPTSP.dll
0x00007ffbc4460000 - 0x00007ffbc4498000 	C:\WINDOWS\system32\rsaenh.dll
0x00007ffbc4ab0000 - 0x00007ffbc4adb000 	C:\WINDOWS\SYSTEM32\USERENV.dll
0x00007ffbc4ef0000 - 0x00007ffbc4f16000 	C:\WINDOWS\SYSTEM32\bcrypt.dll
0x00007ffbc4cb0000 - 0x00007ffbc4cbc000 	C:\WINDOWS\SYSTEM32\CRYPTBASE.dll
0x00007ffbc3f50000 - 0x00007ffbc3f82000 	C:\WINDOWS\SYSTEM32\IPHLPAPI.DLL
0x00007ffbc69a0000 - 0x00007ffbc69aa000 	C:\WINDOWS\System32\NSI.dll
0x00007ffb669f0000 - 0x00007ffb669fa000 	C:\Users\tradi\.jdks\openjdk-21.0.2\bin\management.dll
0x00007ffb63e30000 - 0x00007ffb63e3b000 	C:\Users\tradi\.jdks\openjdk-21.0.2\bin\management_ext.dll
0x00007ffbc81a0000 - 0x00007ffbc81a8000 	C:\WINDOWS\System32\PSAPI.DLL
0x00007ffbc3ff0000 - 0x00007ffbc4115000 	C:\WINDOWS\SYSTEM32\DNSAPI.dll
0x00007ffbbdda0000 - 0x00007ffbbddab000 	C:\Windows\System32\rasadhlp.dll
0x00007ffbbf2e0000 - 0x00007ffbbf365000 	C:\WINDOWS\System32\fwpuclnt.dll
0x00007ffb9a0b0000 - 0x00007ffb9a0c8000 	C:\WINDOWS\system32\napinsp.dll
0x00007ffb9a040000 - 0x00007ffb9a052000 	C:\WINDOWS\System32\winrnr.dll
0x00007ffb99fd0000 - 0x00007ffb99ff2000 	C:\WINDOWS\system32\nlansp_c.dll
0x00007ffb99fb0000 - 0x00007ffb99fc6000 	C:\WINDOWS\system32\wshbth.dll
0x00007ffb89f90000 - 0x00007ffb89fa0000 	C:\Users\tradi\.jdks\openjdk-21.0.2\bin\verify.dll
0x00007ffb9a4b0000 - 0x00007ffb9a4b8000 	C:\WINDOWS\system32\wshunix.dll

dbghelp: loaded successfully - version: 4.0.5 - missing functions: none
symbol engine: initialized successfully - sym options: 0x614 - pdb path: .;C:\Users\tradi\.jdks\openjdk-21.0.2\bin;C:\WINDOWS\SYSTEM32;C:\WINDOWS\WinSxS\amd64_microsoft.windows.common-controls_6595b64144ccf1df_6.0.26100.2454_none_3e0b68a2e331ad60;C:\Users\tradi\.jdks\openjdk-21.0.2\bin\server;C:\Program Files\JetBrains\IntelliJ IDEA Community Edition 2023.3.2\bin

VM Arguments:
jvm_args: -javaagent:C:\Program Files\JetBrains\IntelliJ IDEA Community Edition 2023.3.2\lib\idea_rt.jar=49975:C:\Program Files\JetBrains\IntelliJ IDEA Community Edition 2023.3.2\bin -Dfile.encoding=UTF-8 -Dsun.stdout.encoding=UTF-8 -Dsun.stderr.encoding=UTF-8 
java_command: com.nova.colis.ColisApplication
java_class_path (initial): C:\Users\tradi\Downloads\colis\colis\target\classes;C:\Users\tradi\.m2\repository\org\springframework\boot\spring-boot-starter-web\3.4.2\spring-boot-starter-web-3.4.2.jar;C:\Users\tradi\.m2\repository\org\springframework\boot\spring-boot-starter\3.4.2\spring-boot-starter-3.4.2.jar;C:\Users\tradi\.m2\repository\org\springframework\boot\spring-boot\3.4.2\spring-boot-3.4.2.jar;C:\Users\tradi\.m2\repository\org\springframework\boot\spring-boot-autoconfigure\3.4.2\spring-boot-autoconfigure-3.4.2.jar;C:\Users\tradi\.m2\repository\org\springframework\boot\spring-boot-starter-logging\3.4.2\spring-boot-starter-logging-3.4.2.jar;C:\Users\tradi\.m2\repository\ch\qos\logback\logback-classic\1.5.16\logback-classic-1.5.16.jar;C:\Users\tradi\.m2\repository\ch\qos\logback\logback-core\1.5.16\logback-core-1.5.16.jar;C:\Users\tradi\.m2\repository\org\apache\logging\log4j\log4j-to-slf4j\2.24.3\log4j-to-slf4j-2.24.3.jar;C:\Users\tradi\.m2\repository\org\apache\logging\log4j\log4j-api\2.24.3\log4j-api-2.24.3.jar;C:\Users\tradi\.m2\repository\org\slf4j\jul-to-slf4j\2.0.16\jul-to-slf4j-2.0.16.jar;C:\Users\tradi\.m2\repository\jakarta\annotation\jakarta.annotation-api\2.1.1\jakarta.annotation-api-2.1.1.jar;C:\Users\tradi\.m2\repository\org\springframework\boot\spring-boot-starter-json\3.4.2\spring-boot-starter-json-3.4.2.jar;C:\Users\tradi\.m2\repository\com\fasterxml\jackson\core\jackson-databind\2.18.2\jackson-databind-2.18.2.jar;C:\Users\tradi\.m2\repository\com\fasterxml\jackson\core\jackson-annotations\2.18.2\jackson-annotations-2.18.2.jar;C:\Users\tradi\.m2\repository\com\fasterxml\jackson\core\jackson-core\2.18.2\jackson-core-2.18.2.jar;C:\Users\tradi\.m2\repository\com\fasterxml\jackson\datatype\jackson-datatype-jdk8\2.18.2\jackson-datatype-jdk8-2.18.2.jar;C:\Users\tradi\.m2\repository\com\fasterxml\jackson\datatype\jackson-datatype-jsr310\2.18.2\jackson-datatype-jsr310-2.18.2.jar;C:\Users\tradi\.m2\repository\com\fasterxml\jackson\module\jackson-module-parameter-names\2.18.2\jackson-module-parameter-names-2.18.2.jar;C:\Users\tradi\.m2\repository\org\springframework\boot\spring-boot-starter-tomcat\3.4.2\spring-boot-starter-tomcat-3.4.2.jar;C:\Users\tradi\.m2\repository\org\apache\tomcat\embed\tomcat-embed-core\10.1.34\tomcat-embed-core-10.1.34.jar;C:\Users\tradi\.m2\repository\org\apache\tomcat\embed\tomcat-embed-websocket\10.1.34\tomcat-embed-websocket-10.1.34.jar;C:\Users\tradi\.m2\repository\org\springframework\spring-web\6.2.2\spring-web-6.2.2.jar;C:\Users\tradi\.m2\repository\org\springframework\spring-beans\6.2.2\spring-beans-6.2.2.jar;C:\Users\tradi\.m2\repository\io\micrometer\micrometer-observation\1.14.3\micrometer-observation-1.14.3.jar;C:\Users\tradi\.m2\repository\io\micrometer\micrometer-commons\1.14.3\micrometer-commons-1.14.3.jar;C:\Users\tradi\.m2\repository\org\springframework\spring-webmvc\6.2.2\spring-webmvc-6.2.2.jar;C:\Users\tradi\.m2\repository\org\springframework\spring-context\6.2.2\spring-context-6.2.2.jar;C:\Users\tradi\.m2\repository\org\springframework\spring-expression\6.2.2\spring-expression-6.2.2.jar;C:\Users\tradi\.m2\repository\org\springframework\boot\spring-boot-starter-data-jpa\3.4.2\spring-boot-starter-data-jpa-3.4.2.jar;C:\Users\tradi\.m2\repository\org\springframework\boot\spring-boot-starter-jdbc\3.4.2\spring-boot-starter-jdbc-3.4.2.jar;C:\Users\tradi\.m2\repository\com\zaxxer\HikariCP\5.1.0\HikariCP-5.1.0.jar;C:\Users\tradi\.m2\repository\org\springframework\spring-jdbc\6.2.2\spring-jdbc-6.2.2.jar;C:\Users\tradi\.m2\repository\org\hibernate\orm\hibernate-core\6.6.5.Final\hibernate-core-6.6.5.Final.jar;C:\Users\tradi\.m2\repository\jakarta\persistence\jakarta.persistence-api\3.1.0\jakarta.persistence-api-3.1.0.jar;C:\Users\tradi\.m2\repository\jakarta\transaction\jakarta.transaction-api\2.0.1\jakarta.transaction-api-2.0.1.jar;C:\Users\tradi\.m2\repository\org\jboss\logging\jboss-logging\3.6.1.Final\jboss-logging-3.6.1.Final.jar;C:\Users\tradi\.m2\repository\org\hibernate\common\hibernate-commons-annotations\7.0.3.Final\hibernate-commons-annotations-7.0.3.Final.jar;C:\Users\tradi\.m2\repository\io\smallrye\jandex\3.2.0\jandex-3.2.0.jar;C:\Users\tradi\.m2\repository\com\fasterxml\classmate\1.7.0\classmate-1.7.0.jar;C:\Users\tradi\.m2\repository\net\bytebuddy\byte-buddy\1.15.11\byte-buddy-1.15.11.jar;C:\Users\tradi\.m2\repository\org\glassfish\jaxb\jaxb-runtime\4.0.5\jaxb-runtime-4.0.5.jar;C:\Users\tradi\.m2\repository\org\glassfish\jaxb\jaxb-core\4.0.5\jaxb-core-4.0.5.jar;C:\Users\tradi\.m2\repository\org\eclipse\angus\angus-activation\2.0.2\angus-activation-2.0.2.jar;C:\Users\tradi\.m2\repository\org\glassfish\jaxb\txw2\4.0.5\txw2-4.0.5.jar;C:\Users\tradi\.m2\repository\com\sun\istack\istack-commons-runtime\4.1.2\istack-commons-runtime-4.1.2.jar;C:\Users\tradi\.m2\repository\jakarta\inject\jakarta.inject-api\2.0.1\jakarta.inject-api-2.0.1.jar;C:\Users\tradi\.m2\repository\org\antlr\antlr4-runtime\4.13.0\antlr4-runtime-4.13.0.jar;C:\Users\tradi\.m2\repository\org\springframework\data\spring-data-jpa\3.4.2\spring-data-jpa-3.4.2.jar;C:\Users\tradi\.m2\repository\org\springframework\data\spring-data-commons\3.4.2\spring-data-commons-3.4.2.jar;C:\Users\tradi\.m2\repository\org\springframework\spring-orm\6.2.2\spring-orm-6.2.2.jar;C:\Users\tradi\.m2\repository\org\springframework\spring-tx\6.2.2\spring-tx-6.2.2.jar;C:\Users\tradi\.m2\repository\org\slf4j\slf4j-api\2.0.16\slf4j-api-2.0.16.jar;C:\Users\tradi\.m2\repository\org\springframework\spring-aspects\6.2.2\spring-aspects-6.2.2.jar;C:\Users\tradi\.m2\repository\org\aspectj\aspectjweaver\1.9.22.1\aspectjweaver-1.9.22.1.jar;C:\Users\tradi\.m2\repository\org\springframework\boot\spring-boot-starter-validation\3.4.2\spring-boot-starter-validation-3.4.2.jar;C:\Users\tradi\.m2\repository\org\apache\tomcat\embed\tomcat-embed-el\10.1.34\tomcat-embed-el-10.1.34.jar;C:\Users\tradi\.m2\repository\org\hibernate\validator\hibernate-validator\8.0.2.Final\hibernate-validator-8.0.2.Final.jar;C:\Users\tradi\.m2\repository\jakarta\validation\jakarta.validation-api\3.0.2\jakarta.validation-api-3.0.2.jar;C:\Users\tradi\.m2\repository\org\springframework\boot\spring-boot-starter-security\3.4.2\spring-boot-starter-security-3.4.2.jar;C:\Users\tradi\.m2\repository\org\springframework\spring-aop\6.2.2\spring-aop-6.2.2.jar;C:\Users\tradi\.m2\repository\org\springframework\security\spring-security-config\6.4.2\spring-security-config-6.4.2.jar;C:\Users\tradi\.m2\repository\org\springframework\security\spring-security-web\6.4.2\spring-security-web-6.4.2.jar;C:\Users\tradi\.m2\repository\org\liquibase\liquibase-core\4.29.2\liquibase-core-4.29.2.jar;C:\Users\tradi\.m2\repository\com\opencsv\opencsv\5.9\opencsv-5.9.jar;C:\Users\tradi\.m2\repository\org\yaml\snakeyaml\2.3\snakeyaml-2.3.jar;C:\Users\tradi\.m2\repository\javax\xml\bind\jaxb-api\2.3.1\jaxb-api-2.3.1.jar;C:\Users\tradi\.m2\repository\commons-io\commons-io\2.16.1\commons-io-2.16.1.jar;C:\Users\tradi\.m2\repository\org\apache\commons\commons-collections4\4.4\commons-collections4-4.4.jar;C:\Users\tradi\.m2\repository\org\apache\commons\commons-text\1.12.0\commons-text-1.12.0.jar;C:\Users\tradi\.m2\repository\org\apache\commons\commons-lang3\3.17.0\commons-lang3-3.17.0.jar;C:\Users\tradi\.m2\repository\com\mysql\mysql-connector-j\9.1.0\mysql-connector-j-9.1.0.jar;C:\Users\tradi\.m2\repository\jakarta\xml\bind\jakarta.xml.bind-api\4.0.2\jakarta.xml.bind-api-4.0.2.jar;C:\Users\tradi\.m2\repository\jakarta\activation\jakarta.activation-api\2.1.3\jakarta.activation-api-2.1.3.jar;C:\Users\tradi\.m2\repository\org\springframework\spring-core\6.2.2\spring-core-6.2.2.jar;C:\Users\tradi\.m2\repository\org\springframework\spring-jcl\6.2.2\spring-jcl-6.2.2.jar;C:\Users\tradi\.m2\repository\org\springframework\security\spring-security-core\6.4.2\spring-security-core-6.4.2.jar;C:\Users\tradi\.m2\repository\org\springframework\security\spring-security-crypto\6.4.2\spring-security-crypto-6.4.2.jar
Launcher Type: SUN_STANDARD

[Global flags]
     intx CICompilerCount                          = 4                                         {product} {ergonomic}
     uint ConcGCThreads                            = 3                                         {product} {ergonomic}
     uint G1ConcRefinementThreads                  = 10                                        {product} {ergonomic}
   size_t G1HeapRegionSize                         = 2097152                                   {product} {ergonomic}
    uintx GCDrainStackTargetSize                   = 64                                        {product} {ergonomic}
   size_t InitialHeapSize                          = 264241152                                 {product} {ergonomic}
   size_t MarkStackSize                            = 4194304                                   {product} {ergonomic}
   size_t MaxHeapSize                              = 4223664128                                {product} {ergonomic}
   size_t MaxNewSize                               = 2533359616                                {product} {ergonomic}
   size_t MinHeapDeltaBytes                        = 2097152                                   {product} {ergonomic}
   size_t MinHeapSize                              = 8388608                                   {product} {ergonomic}
    uintx NonNMethodCodeHeapSize                   = 5839372                                {pd product} {ergonomic}
    uintx NonProfiledCodeHeapSize                  = 122909434                              {pd product} {ergonomic}
    uintx ProfiledCodeHeapSize                     = 122909434                              {pd product} {ergonomic}
    uintx ReservedCodeCacheSize                    = 251658240                              {pd product} {ergonomic}
     bool SegmentedCodeCache                       = true                                      {product} {ergonomic}
   size_t SoftMaxHeapSize                          = 4223664128                             {manageable} {ergonomic}
     bool UseCompressedOops                        = true                           {product lp64_product} {ergonomic}
     bool UseG1GC                                  = true                                      {product} {ergonomic}
     bool UseLargePagesIndividualAllocation        = false                                  {pd product} {ergonomic}

Logging:
Log output configuration:
 #0: stdout all=warning uptime,level,tags foldmultilines=false
 #1: stderr all=off uptime,level,tags foldmultilines=false

Environment Variables:
JAVA_HOME=C:\Program Files\Java\jdk-21
PATH=C:\Python312\Scripts\;C:\Python312\;C:\Program Files\Common Files\Oracle\Java\javapath;C:\Program Files (x86)\Common Files\Oracle\Java\javapath;C:\WINDOWS\system32;C:\WINDOWS;C:\WINDOWS\System32\Wbem;C:\WINDOWS\System32\WindowsPowerShell\v1.0\;C:\WINDOWS\System32\OpenSSH\;C:\Program Files\Microsoft SQL Server\150\Tools\Binn\;C:\Program Files\Microsoft SQL Server\Client SDK\ODBC\170\Tools\Binn\;C:\Program Files\dotnet\;C:\maven\apache-maven-3.9.6-bin\apache-maven-3.9.6\bin;C:\ProgramData\chocolatey\bin;C:\Program Files\MongoDB\mongosh-2.1.1-win32-x64\bin;C:\Program Files\Git\cmd;C:\Program Files\Docker\Docker\resources\bin;C:\Program Files\Java\jdk-21\bin;C:\Users\tradi\AppData\Roaming\nvm;C:\Program Files\nodejs;C:\Program Files\Amazon\AWSCLIV2\;C:\Users\tradi\AppData\Local\Microsoft\WindowsApps;C:\Program Files\JetBrains\IntelliJ IDEA Community Edition 2023.3.2\bin;;C:\Program Files\JetBrains\IntelliJ IDEA 2023.3\bin;;C:\Users\tradi\.dotnet\tools;C:\Users\tradi\AppData\Local\Programs\Microsoft VS Code\bin;C:\Users\tradi\AppData\Roaming\npm;C:\Users\tradi\Downloads\flutter\src\flutter\bin;C:\Users\tradi\AppData\Roaming\nvm;C:\Program Files\nodejs;C:\Program Files\heroku\bin;C:\flutter_windows_3.24.3-stable\flutter\bin;
USERNAME=tradi
OS=Windows_NT
PROCESSOR_IDENTIFIER=Intel64 Family 6 Model 186 Stepping 3, GenuineIntel
TMP=C:\Users\tradi\AppData\Local\Temp
TEMP=C:\Users\tradi\AppData\Local\Temp




Periodic native trim disabled

---------------  S Y S T E M  ---------------

OS:
 Windows 11 , 64 bit Build 26100 (10.0.26100.2454)
OS uptime: 0 days 1:11 hours
Hyper-V role detected

CPU: total 12 (initial active 12) (6 cores per cpu, 2 threads per core) family 6 model 186 stepping 3 microcode 0x4112, cx8, cmov, fxsr, ht, mmx, 3dnowpref, sse, sse2, sse3, ssse3, sse4.1, sse4.2, popcnt, lzcnt, tsc, tscinvbit, avx, avx2, aes, erms, clmul, bmi1, bmi2, adx, sha, fma, vzeroupper, clflush, clflushopt, clwb, hv, serialize, rdtscp, rdpid, fsrm, f16c, cet_ibt, cet_ss
Processor Information for processor 0
  Max Mhz: 1700, Current Mhz: 1700, Mhz Limit: 1700
Processor Information for processor 1
  Max Mhz: 1700, Current Mhz: 1700, Mhz Limit: 1700
Processor Information for processor 2
  Max Mhz: 1700, Current Mhz: 1700, Mhz Limit: 1700
Processor Information for processor 3
  Max Mhz: 1700, Current Mhz: 1700, Mhz Limit: 1700
Processor Information for processor 4
  Max Mhz: 1700, Current Mhz: 1200, Mhz Limit: 1190
Processor Information for processor 5
  Max Mhz: 1700, Current Mhz: 1200, Mhz Limit: 1190
Processor Information for processor 6
  Max Mhz: 1700, Current Mhz: 1200, Mhz Limit: 1190
Processor Information for processor 7
  Max Mhz: 1700, Current Mhz: 1200, Mhz Limit: 1190
Processor Information for processor 8
  Max Mhz: 1700, Current Mhz: 1200, Mhz Limit: 1190
Processor Information for processor 9
  Max Mhz: 1700, Current Mhz: 1200, Mhz Limit: 1190
Processor Information for processor 10
  Max Mhz: 1700, Current Mhz: 1200, Mhz Limit: 1190
Processor Information for processor 11
  Max Mhz: 1700, Current Mhz: 1200, Mhz Limit: 1190

Memory: 4k page, system-wide physical 16108M (3627M free)
TotalPageFile size 65260M (AvailPageFile size 2M)
current process WorkingSet (physical memory assigned to process): 71M, peak: 291M
current process commit charge ("private bytes"): 293M, peak: 404M

vm_info: OpenJDK 64-Bit Server VM (21.0.2+13-58) for windows-amd64 JRE (21.0.2+13-58), built on 2024-01-05T18:32:24Z by "mach5one" with MS VC++ 17.1 (VS2022)

END.
