#
# There is insufficient memory for the Java Runtime Environment to continue.
# Native memory allocation (malloc) failed to allocate 324976 bytes for Chunk::new
# Possible reasons:
#   The system is out of physical RAM or swap space
#   The process is running with CompressedOops enabled, and the Java Heap may be blocking the growth of the native heap
# Possible solutions:
#   Reduce memory load on the system
#   Increase physical memory or swap space
#   Check if swap backing store is full
#   Decrease Java heap size (-Xmx/-Xms)
#   Decrease number of Java threads
#   Decrease Java thread stack sizes (-Xss)
#   Set larger code cache with -XX:ReservedCodeCacheSize=
#   JVM is running with Zero Based Compressed Oops mode in which the Java heap is
#     placed in the first 32GB address space. The Java Heap base address is the
#     maximum limit for the native heap growth. Please use -XX:HeapBaseMinAddress
#     to set the Java Heap base and to place the Java Heap above 32GB virtual address.
# This output file may be truncated or incomplete.
#
#  Out of Memory Error (arena.cpp:168), pid=20344, tid=19740
#
# JRE version: OpenJDK Runtime Environment (21.0.2+13) (build 21.0.2+13-58)
# Java VM: OpenJDK 64-Bit Server VM (21.0.2+13-58, mixed mode, sharing, tiered, compressed oops, compressed class ptrs, g1 gc, windows-amd64)
# No core dump will be written. Minidumps are not enabled by default on client versions of Windows
#

---------------  S U M M A R Y ------------

Command Line: -javaagent:C:\Program Files\JetBrains\IntelliJ IDEA Community Edition 2023.3.2\lib\idea_rt.jar=49867:C:\Program Files\JetBrains\IntelliJ IDEA Community Edition 2023.3.2\bin -Dfile.encoding=UTF-8 -Dsun.stdout.encoding=UTF-8 -Dsun.stderr.encoding=UTF-8 com.nova.colis.ColisApplication

Host: 13th Gen Intel(R) Core(TM) i7-1355U, 12 cores, 15G,  Windows 11 , 64 bit Build 26100 (10.0.26100.2454)
Time: Thu Jan 30 01:30:17 2025 Eastern Standard Time elapsed time: 3020.223733 seconds (0d 0h 50m 20s)

---------------  T H R E A D  ---------------

Current thread (0x000001c5d34e6be0):  JavaThread "C2 CompilerThread0" daemon [_thread_in_native, id=19740, stack(0x0000000b4bb00000,0x0000000b4bc00000) (1024K)]


Current CompileTask:
C2:3020224 7120       4       java.util.concurrent.locks.AbstractQueuedSynchronizer$ConditionObject::awaitNanos (207 bytes)

Stack: [0x0000000b4bb00000,0x0000000b4bc00000]
Native frames: (J=compiled Java code, j=interpreted, Vv=VM code, C=native code)
V  [jvm.dll+0x6cade9]
V  [jvm.dll+0x8569c1]
V  [jvm.dll+0x858d2e]
V  [jvm.dll+0x859413]
V  [jvm.dll+0x280e56]
V  [jvm.dll+0xc3f3d]
V  [jvm.dll+0xc4473]
V  [jvm.dll+0x2f437f]
V  [jvm.dll+0x5f5056]
V  [jvm.dll+0x252d7f]
V  [jvm.dll+0x24b637]
V  [jvm.dll+0x2490a3]
V  [jvm.dll+0x1c9634]
V  [jvm.dll+0x258859]
V  [jvm.dll+0x256e3a]
V  [jvm.dll+0x3ef6c6]
V  [jvm.dll+0x7ff568]
V  [jvm.dll+0x6c953d]
C  [ucrtbase.dll+0x14ea0]
C  [KERNEL32.DLL+0x2e8d7]
C  [ntdll.dll+0xdfbcc]


---------------  P R O C E S S  ---------------

Threads class SMR info:
_java_thread_list=0x000001c61d2fef10, length=28, elements={
0x000001c5d34d6580, 0x000001c5d34d90f0, 0x000001c5d34df530, 0x000001c5d34dff90,
0x000001c5d34e09f0, 0x000001c5d34e3290, 0x000001c5d34e6be0, 0x000001c5d34e8160,
0x000001c5d34a0570, 0x000001c619625f80, 0x000001c61caaa660, 0x000001c61cc6e190,
0x000001c61cc6e800, 0x000001c61cb2f2b0, 0x000001c619cf8870, 0x000001c61f9560c0,
0x000001c620036510, 0x000001c620a71d80, 0x000001c620a744e0, 0x000001c620a72410,
0x000001c620a73e50, 0x000001c620a74b70, 0x000001c620a737c0, 0x000001c620a72aa0,
0x000001c620a716f0, 0x000001c620a73130, 0x000001c61af559e0, 0x000001c61af56d90
}

Java Threads: ( => current thread )
  0x000001c5d34d6580 JavaThread "Reference Handler"          daemon [_thread_blocked, id=11844, stack(0x0000000b4b500000,0x0000000b4b600000) (1024K)]
  0x000001c5d34d90f0 JavaThread "Finalizer"                  daemon [_thread_blocked, id=11644, stack(0x0000000b4b600000,0x0000000b4b700000) (1024K)]
  0x000001c5d34df530 JavaThread "Signal Dispatcher"          daemon [_thread_blocked, id=14544, stack(0x0000000b4b700000,0x0000000b4b800000) (1024K)]
  0x000001c5d34dff90 JavaThread "Attach Listener"            daemon [_thread_blocked, id=12176, stack(0x0000000b4b800000,0x0000000b4b900000) (1024K)]
  0x000001c5d34e09f0 JavaThread "Service Thread"             daemon [_thread_blocked, id=18904, stack(0x0000000b4b900000,0x0000000b4ba00000) (1024K)]
  0x000001c5d34e3290 JavaThread "Monitor Deflation Thread"   daemon [_thread_blocked, id=11484, stack(0x0000000b4ba00000,0x0000000b4bb00000) (1024K)]
=>0x000001c5d34e6be0 JavaThread "C2 CompilerThread0"         daemon [_thread_in_native, id=19740, stack(0x0000000b4bb00000,0x0000000b4bc00000) (1024K)]
  0x000001c5d34e8160 JavaThread "C1 CompilerThread0"         daemon [_thread_blocked, id=3108, stack(0x0000000b4bc00000,0x0000000b4bd00000) (1024K)]
  0x000001c5d34a0570 JavaThread "Common-Cleaner"             daemon [_thread_blocked, id=19104, stack(0x0000000b4bd00000,0x0000000b4be00000) (1024K)]
  0x000001c619625f80 JavaThread "Notification Thread"        daemon [_thread_blocked, id=16272, stack(0x0000000b4c000000,0x0000000b4c100000) (1024K)]
  0x000001c61caaa660 JavaThread "Catalina-utility-1"                [_thread_blocked, id=20448, stack(0x0000000b4c800000,0x0000000b4c900000) (1024K)]
  0x000001c61cc6e190 JavaThread "Catalina-utility-2"                [_thread_blocked, id=10520, stack(0x0000000b4cf00000,0x0000000b4d000000) (1024K)]
  0x000001c61cc6e800 JavaThread "container-0"                       [_thread_blocked, id=16684, stack(0x0000000b4d000000,0x0000000b4d100000) (1024K)]
  0x000001c61cb2f2b0 JavaThread "mysql-cj-abandoned-connection-cleanup" daemon [_thread_blocked, id=20428, stack(0x0000000b4d100000,0x0000000b4d200000) (1024K)]
  0x000001c619cf8870 JavaThread "HikariPool-1 housekeeper"   daemon [_thread_blocked, id=9812, stack(0x0000000b4d300000,0x0000000b4d400000) (1024K)]
  0x000001c61f9560c0 JavaThread "http-nio-8080-exec-1"       daemon [_thread_blocked, id=2560, stack(0x0000000b4d500000,0x0000000b4d600000) (1024K)]
  0x000001c620036510 JavaThread "http-nio-8080-exec-2"       daemon [_thread_blocked, id=7336, stack(0x0000000b4d600000,0x0000000b4d700000) (1024K)]
  0x000001c620a71d80 JavaThread "http-nio-8080-exec-3"       daemon [_thread_blocked, id=7584, stack(0x0000000b4d700000,0x0000000b4d800000) (1024K)]
  0x000001c620a744e0 JavaThread "http-nio-8080-exec-4"       daemon [_thread_blocked, id=2392, stack(0x0000000b4d800000,0x0000000b4d900000) (1024K)]
  0x000001c620a72410 JavaThread "http-nio-8080-exec-5"       daemon [_thread_blocked, id=9956, stack(0x0000000b4d900000,0x0000000b4da00000) (1024K)]
  0x000001c620a73e50 JavaThread "http-nio-8080-exec-6"       daemon [_thread_blocked, id=9576, stack(0x0000000b4da00000,0x0000000b4db00000) (1024K)]
  0x000001c620a74b70 JavaThread "http-nio-8080-exec-7"       daemon [_thread_blocked, id=3148, stack(0x0000000b4db00000,0x0000000b4dc00000) (1024K)]
  0x000001c620a737c0 JavaThread "http-nio-8080-exec-8"       daemon [_thread_blocked, id=13908, stack(0x0000000b4dc00000,0x0000000b4dd00000) (1024K)]
  0x000001c620a72aa0 JavaThread "http-nio-8080-exec-9"       daemon [_thread_blocked, id=13748, stack(0x0000000b4dd00000,0x0000000b4de00000) (1024K)]
  0x000001c620a716f0 JavaThread "http-nio-8080-exec-10"      daemon [_thread_blocked, id=2672, stack(0x0000000b4de00000,0x0000000b4df00000) (1024K)]
  0x000001c620a73130 JavaThread "http-nio-8080-Poller"       daemon [_thread_in_native, id=2564, stack(0x0000000b4df00000,0x0000000b4e000000) (1024K)]
  0x000001c61af559e0 JavaThread "http-nio-8080-Acceptor"     daemon [_thread_in_native, id=19276, stack(0x0000000b4e000000,0x0000000b4e100000) (1024K)]
  0x000001c61af56d90 JavaThread "DestroyJavaVM"                     [_thread_blocked, id=12360, stack(0x0000000b4ad00000,0x0000000b4ae00000) (1024K)]
Total: 28

Other Threads:
  0x000001c5d34b5f40 VMThread "VM Thread"                           [id=12748, stack(0x0000000b4b400000,0x0000000b4b500000) (1024K)]
  0x000001c5d349f280 WatcherThread "VM Periodic Task Thread"        [id=17912, stack(0x0000000b4b300000,0x0000000b4b400000) (1024K)]
  0x000001c5b40dc260 WorkerThread "GC Thread#0"                     [id=19416, stack(0x0000000b4ae00000,0x0000000b4af00000) (1024K)]
  0x000001c6199656f0 WorkerThread "GC Thread#1"                     [id=20432, stack(0x0000000b4c200000,0x0000000b4c300000) (1024K)]
  0x000001c619965a90 WorkerThread "GC Thread#2"                     [id=15692, stack(0x0000000b4c300000,0x0000000b4c400000) (1024K)]
  0x000001c619965e30 WorkerThread "GC Thread#3"                     [id=14564, stack(0x0000000b4c400000,0x0000000b4c500000) (1024K)]
  0x000001c619d1e990 WorkerThread "GC Thread#4"                     [id=12584, stack(0x0000000b4c500000,0x0000000b4c600000) (1024K)]
  0x000001c6199661d0 WorkerThread "GC Thread#5"                     [id=20368, stack(0x0000000b4c600000,0x0000000b4c700000) (1024K)]
  0x000001c619d77d10 WorkerThread "GC Thread#6"                     [id=5844, stack(0x0000000b4c700000,0x0000000b4c800000) (1024K)]
  0x000001c61a1d8370 WorkerThread "GC Thread#7"                     [id=13272, stack(0x0000000b4c900000,0x0000000b4ca00000) (1024K)]
  0x000001c61a1d8710 WorkerThread "GC Thread#8"                     [id=16472, stack(0x0000000b4ca00000,0x0000000b4cb00000) (1024K)]
  0x000001c61a1d8ab0 WorkerThread "GC Thread#9"                     [id=18908, stack(0x0000000b4cb00000,0x0000000b4cc00000) (1024K)]
  0x000001c5b40edc80 ConcurrentGCThread "G1 Main Marker"            [id=18820, stack(0x0000000b4af00000,0x0000000b4b000000) (1024K)]
  0x000001c5b40ee780 WorkerThread "G1 Conc#0"                       [id=18604, stack(0x0000000b4b000000,0x0000000b4b100000) (1024K)]
  0x000001c61a1d9590 WorkerThread "G1 Conc#1"                       [id=9664, stack(0x0000000b4cd00000,0x0000000b4ce00000) (1024K)]
  0x000001c61a1d9930 WorkerThread "G1 Conc#2"                       [id=19092, stack(0x0000000b4ce00000,0x0000000b4cf00000) (1024K)]
  0x000001c5d336b100 ConcurrentGCThread "G1 Refine#0"               [id=17904, stack(0x0000000b4b100000,0x0000000b4b200000) (1024K)]
  0x000001c5d336cb20 ConcurrentGCThread "G1 Service"                [id=17908, stack(0x0000000b4b200000,0x0000000b4b300000) (1024K)]
Total: 18

Threads with active compile tasks:
C2 CompilerThread0  3020265 7120       4       java.util.concurrent.locks.AbstractQueuedSynchronizer$ConditionObject::awaitNanos (207 bytes)
Total: 1

VM state: not at safepoint (normal execution)

VM Mutex/Monitor currently owned by a thread: None

OutOfMemory and StackOverflow Exception counts:
StackOverflowErrors=1
LinkageErrors=147

Heap address: 0x0000000704400000, size: 4028 MB, Compressed Oops mode: Zero based, Oop shift amount: 3

CDS archive(s) mapped at: [0x000001c5d4000000-0x000001c5d4c90000-0x000001c5d4c90000), size 13172736, SharedBaseAddress: 0x000001c5d4000000, ArchiveRelocationMode: 1.
Compressed class space mapped at: 0x000001c5d5000000-0x000001c615000000, reserved size: 1073741824
Narrow klass base: 0x000001c5d4000000, Narrow klass shift: 0, Narrow klass range: 0x100000000

GC Precious Log:
 CardTable entry size: 512
 Card Set container configuration: InlinePtr #cards 4 size 8 Array Of Cards #cards 16 size 48 Howl #buckets 8 coarsen threshold 3686 Howl Bitmap #cards 512 size 80 coarsen threshold 460 Card regions per heap region 1 cards per card region 4096
 CPUs: 12 total, 12 available
 Memory: 16108M
 Large Page Support: Disabled
 NUMA Support: Disabled
 Compressed Oops: Enabled (Zero based)
 Heap Region Size: 2M
 Heap Min Capacity: 8M
 Heap Initial Capacity: 252M
 Heap Max Capacity: 4028M
 Pre-touch: Disabled
 Parallel Workers: 10
 Concurrent Workers: 3
 Concurrent Refinement Workers: 10
 Periodic GC: Disabled

Heap:
 garbage-first heap   total 71680K, used 43135K [0x0000000704400000, 0x0000000800000000)
  region size 2048K, 7 young (14336K), 2 survivors (4096K)
 Metaspace       used 77410K, committed 78144K, reserved 1179648K
  class space    used 10500K, committed 10816K, reserved 1048576K

Heap Regions: E=young(eden), S=young(survivor), O=old, HS=humongous(starts), HC=humongous(continues), CS=collection set, F=free, TAMS=top-at-mark-start, PB=parsable bottom
|   0|0x0000000704400000, 0x0000000704600000, 0x0000000704600000|100%| O|  |TAMS 0x0000000704400000| PB 0x0000000704400000| Untracked 
|   1|0x0000000704600000, 0x0000000704800000, 0x0000000704800000|100%| O|  |TAMS 0x0000000704600000| PB 0x0000000704600000| Untracked 
|   2|0x0000000704800000, 0x0000000704a00000, 0x0000000704a00000|100%| O|  |TAMS 0x0000000704800000| PB 0x0000000704800000| Untracked 
|   3|0x0000000704a00000, 0x0000000704c00000, 0x0000000704c00000|100%| O|  |TAMS 0x0000000704a00000| PB 0x0000000704a00000| Untracked 
|   4|0x0000000704c00000, 0x0000000704e00000, 0x0000000704e00000|100%| O|  |TAMS 0x0000000704c00000| PB 0x0000000704c00000| Untracked 
|   5|0x0000000704e00000, 0x0000000705000000, 0x0000000705000000|100%| O|  |TAMS 0x0000000704e00000| PB 0x0000000704e00000| Untracked 
|   6|0x0000000705000000, 0x0000000705200000, 0x0000000705200000|100%| O|  |TAMS 0x0000000705000000| PB 0x0000000705000000| Untracked 
|   7|0x0000000705200000, 0x0000000705400000, 0x0000000705400000|100%| O|  |TAMS 0x0000000705200000| PB 0x0000000705200000| Untracked 
|   8|0x0000000705400000, 0x0000000705600000, 0x0000000705600000|100%| O|  |TAMS 0x0000000705400000| PB 0x0000000705400000| Untracked 
|   9|0x0000000705600000, 0x00000007057d0a00, 0x0000000705800000| 90%| O|  |TAMS 0x0000000705600000| PB 0x0000000705600000| Untracked 
|  10|0x0000000705800000, 0x0000000705a00000, 0x0000000705a00000|100%| O|  |TAMS 0x0000000705800000| PB 0x0000000705800000| Untracked 
|  11|0x0000000705a00000, 0x0000000705c00000, 0x0000000705c00000|100%| O|  |TAMS 0x0000000705a00000| PB 0x0000000705a00000| Untracked 
|  12|0x0000000705c00000, 0x0000000705e00000, 0x0000000705e00000|100%| O|  |TAMS 0x0000000705c00000| PB 0x0000000705c00000| Untracked 
|  13|0x0000000705e00000, 0x0000000706000000, 0x0000000706000000|100%| O|  |TAMS 0x0000000705e00000| PB 0x0000000705e00000| Untracked 
|  14|0x0000000706000000, 0x0000000706000000, 0x0000000706200000|  0%| F|  |TAMS 0x0000000706000000| PB 0x0000000706000000| Untracked 
|  15|0x0000000706200000, 0x0000000706400000, 0x0000000706400000|100%| O|  |TAMS 0x0000000706200000| PB 0x0000000706200000| Untracked 
|  16|0x0000000706400000, 0x0000000706400000, 0x0000000706600000|  0%| F|  |TAMS 0x0000000706400000| PB 0x0000000706400000| Untracked 
|  17|0x0000000706600000, 0x000000070664f4a0, 0x0000000706800000| 15%| S|CS|TAMS 0x0000000706600000| PB 0x0000000706600000| Complete 
|  18|0x0000000706800000, 0x0000000706a00000, 0x0000000706a00000|100%| O|  |TAMS 0x0000000706800000| PB 0x0000000706800000| Untracked 
|  19|0x0000000706a00000, 0x0000000706c00000, 0x0000000706c00000|100%| S|CS|TAMS 0x0000000706a00000| PB 0x0000000706a00000| Complete 
|  20|0x0000000706c00000, 0x0000000706c00000, 0x0000000706e00000|  0%| F|  |TAMS 0x0000000706c00000| PB 0x0000000706c00000| Untracked 
|  21|0x0000000706e00000, 0x0000000706e00000, 0x0000000707000000|  0%| F|  |TAMS 0x0000000706e00000| PB 0x0000000706e00000| Untracked 
|  22|0x0000000707000000, 0x0000000707000000, 0x0000000707200000|  0%| F|  |TAMS 0x0000000707000000| PB 0x0000000707000000| Untracked 
|  23|0x0000000707200000, 0x0000000707200000, 0x0000000707400000|  0%| F|  |TAMS 0x0000000707200000| PB 0x0000000707200000| Untracked 
|  24|0x0000000707400000, 0x0000000707400000, 0x0000000707600000|  0%| F|  |TAMS 0x0000000707400000| PB 0x0000000707400000| Untracked 
|  25|0x0000000707600000, 0x0000000707600000, 0x0000000707800000|  0%| F|  |TAMS 0x0000000707600000| PB 0x0000000707600000| Untracked 
|  26|0x0000000707800000, 0x0000000707800000, 0x0000000707a00000|  0%| F|  |TAMS 0x0000000707800000| PB 0x0000000707800000| Untracked 
|  27|0x0000000707a00000, 0x0000000707a00000, 0x0000000707c00000|  0%| F|  |TAMS 0x0000000707a00000| PB 0x0000000707a00000| Untracked 
|  28|0x0000000707c00000, 0x0000000707c00000, 0x0000000707e00000|  0%| F|  |TAMS 0x0000000707c00000| PB 0x0000000707c00000| Untracked 
|  29|0x0000000707e00000, 0x0000000707e00000, 0x0000000708000000|  0%| F|  |TAMS 0x0000000707e00000| PB 0x0000000707e00000| Untracked 
| 102|0x0000000711000000, 0x0000000711037450, 0x0000000711200000| 10%| E|  |TAMS 0x0000000711000000| PB 0x0000000711000000| Complete 
| 103|0x0000000711200000, 0x0000000711400000, 0x0000000711400000|100%| E|CS|TAMS 0x0000000711200000| PB 0x0000000711200000| Complete 
| 104|0x0000000711400000, 0x0000000711600000, 0x0000000711600000|100%| E|CS|TAMS 0x0000000711400000| PB 0x0000000711400000| Complete 
| 124|0x0000000713c00000, 0x0000000713e00000, 0x0000000713e00000|100%| E|CS|TAMS 0x0000000713c00000| PB 0x0000000713c00000| Complete 
| 125|0x0000000713e00000, 0x0000000714000000, 0x0000000714000000|100%| E|CS|TAMS 0x0000000713e00000| PB 0x0000000713e00000| Complete 

Card table byte_map: [0x000001c5cc960000,0x000001c5cd140000] _byte_map_base: 0x000001c5c913e000

Marking Bits: (CMBitMap*) 0x000001c5b40dc960
 Bits: [0x000001c5cd140000, 0x000001c5d1030000)

Polling page: 0x000001c5b27d0000

Metaspace:

Usage:
  Non-class:     65.34 MB used.
      Class:     10.25 MB used.
       Both:     75.60 MB used.

Virtual space:
  Non-class space:      128.00 MB reserved,      65.75 MB ( 51%) committed,  2 nodes.
      Class space:        1.00 GB reserved,      10.56 MB (  1%) committed,  1 nodes.
             Both:        1.12 GB reserved,      76.31 MB (  7%) committed. 

Chunk freelists:
   Non-Class:  14.16 MB
       Class:  5.38 MB
        Both:  19.53 MB

MaxMetaspaceSize: unlimited
CompressedClassSpaceSize: 1.00 GB
Initial GC threshold: 21.00 MB
Current GC threshold: 98.06 MB
CDS: on
 - commit_granule_bytes: 65536.
 - commit_granule_words: 8192.
 - virtual_space_node_default_size: 8388608.
 - enlarge_chunks_in_place: 1.
 - use_allocation_guard: 0.


Internal statistics:

num_allocs_failed_limit: 9.
num_arena_births: 1010.
num_arena_deaths: 0.
num_vsnodes_births: 3.
num_vsnodes_deaths: 0.
num_space_committed: 1221.
num_space_uncommitted: 0.
num_chunks_returned_to_freelist: 9.
num_chunks_taken_from_freelist: 3804.
num_chunk_merges: 9.
num_chunk_splits: 2787.
num_chunks_enlarged: 2216.
num_inconsistent_stats: 0.

CodeHeap 'non-profiled nmethods': size=120000Kb used=4780Kb max_used=4780Kb free=115219Kb
 bounds [0x000001c5c3fc0000, 0x000001c5c4470000, 0x000001c5cb4f0000]
CodeHeap 'profiled nmethods': size=120000Kb used=12807Kb max_used=12807Kb free=107192Kb
 bounds [0x000001c5bc4f0000, 0x000001c5bd180000, 0x000001c5c3a20000]
CodeHeap 'non-nmethods': size=5760Kb used=1688Kb max_used=1725Kb free=4071Kb
 bounds [0x000001c5c3a20000, 0x000001c5c3c90000, 0x000001c5c3fc0000]
 total_blobs=7142 nmethods=6420 adapters=625
 compilation: enabled
              stopped_count=0, restarted_count=0
 full_count=0

Compilation events (20 events):
Event: 3013.316 Thread 0x000001c5d34e8160 nmethod 7110 0x000001c5bd16e210 code [0x000001c5bd16e400, 0x000001c5bd16e8c0]
Event: 3013.316 Thread 0x000001c5d34e8160 7111       3       java.lang.Module::getLayer (43 bytes)
Event: 3013.316 Thread 0x000001c5d34e8160 nmethod 7111 0x000001c5bd16ea10 code [0x000001c5bd16ebe0, 0x000001c5bd16efa0]
Event: 3013.331 Thread 0x000001c5d34e8160 7112       3       java.lang.ClassLoader::getClassLoadingLock (35 bytes)
Event: 3013.337 Thread 0x000001c5d34e8160 nmethod 7112 0x000001c5bd16f090 code [0x000001c5bd16f260, 0x000001c5bd16f5d0]
Event: 3013.377 Thread 0x000001c5d34e8160 7113       3       java.lang.StackTraceElement::length (13 bytes)
Event: 3013.378 Thread 0x000001c5d34e8160 nmethod 7113 0x000001c5bd16f710 code [0x000001c5bd16f8c0, 0x000001c5bd16fb20]
Event: 3013.385 Thread 0x000001c5d34e8160 7114       3       java.lang.invoke.LambdaFormEditor$TransformKey::packedBytes (92 bytes)
Event: 3013.386 Thread 0x000001c5d34e8160 nmethod 7114 0x000001c5bd16fc10 code [0x000001c5bd16fe00, 0x000001c5bd1701a0]
Event: 3013.393 Thread 0x000001c5d34e8160 7115       3       java.util.Comparator$$Lambda/0x000001c5d50e9000::compare (10 bytes)
Event: 3013.393 Thread 0x000001c5d34e8160 nmethod 7115 0x000001c5bd170310 code [0x000001c5bd170500, 0x000001c5bd170968]
Event: 3013.395 Thread 0x000001c5d34e8160 7116       3       jakarta.servlet.ServletRequestWrapper::setAttribute (12 bytes)
Event: 3013.395 Thread 0x000001c5d34e8160 nmethod 7116 0x000001c5bd170a90 code [0x000001c5bd170c40, 0x000001c5bd170e20]
Event: 3013.397 Thread 0x000001c5d34e8160 7117       3       org.springframework.util.ConcurrentLruCache::get (65 bytes)
Event: 3013.400 Thread 0x000001c5d34e8160 nmethod 7117 0x000001c5bd170f10 code [0x000001c5bd171180, 0x000001c5bd171bb0]
Event: 3013.401 Thread 0x000001c5d34e8160 7118       1       org.apache.tomcat.util.buf.MessageBytes::getType (5 bytes)
Event: 3013.401 Thread 0x000001c5d34e8160 nmethod 7118 0x000001c5c446aa90 code [0x000001c5c446ac20, 0x000001c5c446ace8]
Event: 3013.401 Thread 0x000001c5d34e8160 7119       1       org.apache.tomcat.util.net.SocketWrapperBase::getSocket (5 bytes)
Event: 3013.401 Thread 0x000001c5d34e8160 nmethod 7119 0x000001c5c446ad90 code [0x000001c5c446af20, 0x000001c5c446aff0]
Event: 3016.098 Thread 0x000001c5d34e6be0 7120       4       java.util.concurrent.locks.AbstractQueuedSynchronizer$ConditionObject::awaitNanos (207 bytes)

GC Heap History (20 events):
Event: 8.737 GC heap before
{Heap before GC invocations=2 (full 0):
 garbage-first heap   total 258048K, used 46659K [0x0000000704400000, 0x0000000800000000)
  region size 2048K, 21 young (43008K), 1 survivors (2048K)
 Metaspace       used 21205K, committed 21504K, reserved 1114112K
  class space    used 2680K, committed 2816K, reserved 1048576K
}
Event: 8.743 GC heap after
{Heap after GC invocations=3 (full 0):
 garbage-first heap   total 258048K, used 13900K [0x0000000704400000, 0x0000000800000000)
  region size 2048K, 3 young (6144K), 3 survivors (6144K)
 Metaspace       used 21205K, committed 21504K, reserved 1114112K
  class space    used 2680K, committed 2816K, reserved 1048576K
}
Event: 10.377 GC heap before
{Heap before GC invocations=4 (full 0):
 garbage-first heap   total 61440K, used 61004K [0x0000000704400000, 0x0000000800000000)
  region size 2048K, 26 young (53248K), 3 survivors (6144K)
 Metaspace       used 28604K, committed 29056K, reserved 1114112K
  class space    used 3680K, committed 3904K, reserved 1048576K
}
Event: 10.388 GC heap after
{Heap after GC invocations=5 (full 0):
 garbage-first heap   total 71680K, used 17996K [0x0000000704400000, 0x0000000800000000)
  region size 2048K, 5 young (10240K), 5 survivors (10240K)
 Metaspace       used 28604K, committed 29056K, reserved 1114112K
  class space    used 3680K, committed 3904K, reserved 1048576K
}
Event: 11.477 GC heap before
{Heap before GC invocations=5 (full 0):
 garbage-first heap   total 71680K, used 50764K [0x0000000704400000, 0x0000000800000000)
  region size 2048K, 21 young (43008K), 5 survivors (10240K)
 Metaspace       used 35328K, committed 35840K, reserved 1114112K
  class space    used 4503K, committed 4736K, reserved 1048576K
}
Event: 11.486 GC heap after
{Heap after GC invocations=6 (full 0):
 garbage-first heap   total 71680K, used 21371K [0x0000000704400000, 0x0000000800000000)
  region size 2048K, 2 young (4096K), 2 survivors (4096K)
 Metaspace       used 35328K, committed 35840K, reserved 1114112K
  class space    used 4503K, committed 4736K, reserved 1048576K
}
Event: 11.493 GC heap before
{Heap before GC invocations=6 (full 0):
 garbage-first heap   total 71680K, used 21371K [0x0000000704400000, 0x0000000800000000)
  region size 2048K, 3 young (6144K), 2 survivors (4096K)
 Metaspace       used 35422K, committed 35968K, reserved 1114112K
  class space    used 4510K, committed 4800K, reserved 1048576K
}
Event: 11.495 GC heap after
{Heap after GC invocations=7 (full 0):
 garbage-first heap   total 71680K, used 20630K [0x0000000704400000, 0x0000000800000000)
  region size 2048K, 2 young (4096K), 2 survivors (4096K)
 Metaspace       used 35422K, committed 35968K, reserved 1114112K
  class space    used 4510K, committed 4800K, reserved 1048576K
}
Event: 12.734 GC heap before
{Heap before GC invocations=8 (full 0):
 garbage-first heap   total 71680K, used 57494K [0x0000000704400000, 0x0000000800000000)
  region size 2048K, 20 young (40960K), 2 survivors (4096K)
 Metaspace       used 43346K, committed 43904K, reserved 1114112K
  class space    used 5501K, committed 5760K, reserved 1048576K
}
Event: 12.741 GC heap after
{Heap after GC invocations=9 (full 0):
 garbage-first heap   total 71680K, used 24757K [0x0000000704400000, 0x0000000800000000)
  region size 2048K, 3 young (6144K), 3 survivors (6144K)
 Metaspace       used 43346K, committed 43904K, reserved 1114112K
  class space    used 5501K, committed 5760K, reserved 1048576K
}
Event: 13.873 GC heap before
{Heap before GC invocations=9 (full 0):
 garbage-first heap   total 71680K, used 55477K [0x0000000704400000, 0x0000000800000000)
  region size 2048K, 19 young (38912K), 3 survivors (6144K)
 Metaspace       used 51917K, committed 52416K, reserved 1114112K
  class space    used 6830K, committed 7040K, reserved 1048576K
}
Event: 13.880 GC heap after
{Heap after GC invocations=10 (full 0):
 garbage-first heap   total 71680K, used 26914K [0x0000000704400000, 0x0000000800000000)
  region size 2048K, 1 young (2048K), 1 survivors (2048K)
 Metaspace       used 51917K, committed 52416K, reserved 1114112K
  class space    used 6830K, committed 7040K, reserved 1048576K
}
Event: 14.583 GC heap before
{Heap before GC invocations=10 (full 0):
 garbage-first heap   total 71680K, used 51490K [0x0000000704400000, 0x0000000800000000)
  region size 2048K, 15 young (30720K), 1 survivors (2048K)
 Metaspace       used 59518K, committed 60096K, reserved 1114112K
  class space    used 8000K, committed 8256K, reserved 1048576K
}
Event: 14.587 GC heap after
{Heap after GC invocations=11 (full 0):
 garbage-first heap   total 71680K, used 27981K [0x0000000704400000, 0x0000000800000000)
  region size 2048K, 2 young (4096K), 2 survivors (4096K)
 Metaspace       used 59518K, committed 60096K, reserved 1114112K
  class space    used 8000K, committed 8256K, reserved 1048576K
}
Event: 15.628 GC heap before
{Heap before GC invocations=12 (full 0):
 garbage-first heap   total 71680K, used 58701K [0x0000000704400000, 0x0000000800000000)
  region size 2048K, 17 young (34816K), 2 survivors (4096K)
 Metaspace       used 66356K, committed 67008K, reserved 1114112K
  class space    used 8984K, committed 9280K, reserved 1048576K
}
Event: 15.635 GC heap after
{Heap after GC invocations=13 (full 0):
 garbage-first heap   total 71680K, used 30494K [0x0000000704400000, 0x0000000800000000)
  region size 2048K, 3 young (6144K), 3 survivors (6144K)
 Metaspace       used 66356K, committed 67008K, reserved 1114112K
  class space    used 8984K, committed 9280K, reserved 1048576K
}
Event: 16.703 GC heap before
{Heap before GC invocations=13 (full 0):
 garbage-first heap   total 71680K, used 57118K [0x0000000704400000, 0x0000000800000000)
  region size 2048K, 16 young (32768K), 3 survivors (6144K)
 Metaspace       used 69763K, committed 70400K, reserved 1114112K
  class space    used 9482K, committed 9792K, reserved 1048576K
}
Event: 16.710 GC heap after
{Heap after GC invocations=14 (full 0):
 garbage-first heap   total 71680K, used 32839K [0x0000000704400000, 0x0000000800000000)
  region size 2048K, 2 young (4096K), 2 survivors (4096K)
 Metaspace       used 69763K, committed 70400K, reserved 1114112K
  class space    used 9482K, committed 9792K, reserved 1048576K
}
Event: 149.228 GC heap before
{Heap before GC invocations=14 (full 0):
 garbage-first heap   total 71680K, used 57415K [0x0000000704400000, 0x0000000800000000)
  region size 2048K, 15 young (30720K), 2 survivors (4096K)
 Metaspace       used 76215K, committed 76864K, reserved 1179648K
  class space    used 10365K, committed 10624K, reserved 1048576K
}
Event: 149.237 GC heap after
{Heap after GC invocations=15 (full 0):
 garbage-first heap   total 71680K, used 34943K [0x0000000704400000, 0x0000000800000000)
  region size 2048K, 2 young (4096K), 2 survivors (4096K)
 Metaspace       used 76215K, committed 76864K, reserved 1179648K
  class space    used 10365K, committed 10624K, reserved 1048576K
}

Dll operation events (14 events):
Event: 0.022 Loaded shared library C:\Users\tradi\.jdks\openjdk-21.0.2\bin\java.dll
Event: 0.092 Loaded shared library C:\Users\tradi\.jdks\openjdk-21.0.2\bin\jsvml.dll
Event: 0.232 Loaded shared library C:\Users\tradi\.jdks\openjdk-21.0.2\bin\zip.dll
Event: 0.243 Loaded shared library C:\Users\tradi\.jdks\openjdk-21.0.2\bin\instrument.dll
Event: 0.252 Loaded shared library C:\Users\tradi\.jdks\openjdk-21.0.2\bin\net.dll
Event: 0.255 Loaded shared library C:\Users\tradi\.jdks\openjdk-21.0.2\bin\nio.dll
Event: 0.339 Loaded shared library C:\Users\tradi\.jdks\openjdk-21.0.2\bin\zip.dll
Event: 1.572 Loaded shared library C:\Users\tradi\.jdks\openjdk-21.0.2\bin\jimage.dll
Event: 6.905 Loaded shared library C:\Program Files\JetBrains\IntelliJ IDEA Community Edition 2023.3.2\bin\breakgen64.dll
Event: 6.927 Loaded shared library C:\Users\tradi\.jdks\openjdk-21.0.2\bin\extnet.dll
Event: 6.948 Loaded shared library C:\Users\tradi\.jdks\openjdk-21.0.2\bin\verify.dll
Event: 8.734 Loaded shared library C:\Users\tradi\.jdks\openjdk-21.0.2\bin\sunmscapi.dll
Event: 10.847 Loaded shared library C:\Users\tradi\.jdks\openjdk-21.0.2\bin\management.dll
Event: 10.849 Loaded shared library C:\Users\tradi\.jdks\openjdk-21.0.2\bin\management_ext.dll

Deoptimization events (20 events):
Event: 149.333 Thread 0x000001c61f9560c0 DEOPT PACKING pc=0x000001c5bd0db138 sp=0x0000000b4d5fb910
Event: 149.333 Thread 0x000001c61f9560c0 DEOPT UNPACKING pc=0x000001c5c3a74e42 sp=0x0000000b4d5fadf0 mode 0
Event: 149.393 Thread 0x000001c61f9560c0 Uncommon trap: trap_request=0xffffff45 fr.pc=0x000001c5c4114440 relative=0x00000000000003e0
Event: 149.393 Thread 0x000001c61f9560c0 Uncommon trap: reason=unstable_if action=reinterpret pc=0x000001c5c4114440 method=java.util.HashMap.getNode(Ljava/lang/Object;)Ljava/util/HashMap$Node; @ 66 c2
Event: 149.393 Thread 0x000001c61f9560c0 DEOPT PACKING pc=0x000001c5c4114440 sp=0x0000000b4d5fae30
Event: 149.394 Thread 0x000001c61f9560c0 DEOPT UNPACKING pc=0x000001c5c3a746a2 sp=0x0000000b4d5fad60 mode 2
Event: 151.293 Thread 0x000001c61cb2f2b0 Uncommon trap: trap_request=0xffffff45 fr.pc=0x000001c5c407e050 relative=0x00000000000001b0
Event: 151.293 Thread 0x000001c61cb2f2b0 Uncommon trap: reason=unstable_if action=reinterpret pc=0x000001c5c407e050 method=java.lang.StringLatin1.indexOf([B[B)I @ 9 c2
Event: 151.293 Thread 0x000001c61cb2f2b0 DEOPT PACKING pc=0x000001c5c407e050 sp=0x0000000b4d1ff130
Event: 151.293 Thread 0x000001c61cb2f2b0 DEOPT UNPACKING pc=0x000001c5c3a746a2 sp=0x0000000b4d1ff0b0 mode 2
Event: 1771.525 Thread 0x000001c61af53910 DEOPT PACKING pc=0x000001c5bc502bb5 sp=0x0000000b4aafdea0
Event: 1771.526 Thread 0x000001c61af53910 DEOPT UNPACKING pc=0x000001c5c3a74e42 sp=0x0000000b4aafd340 mode 0
Event: 1771.567 Thread 0x000001c61af53910 Uncommon trap: trap_request=0xffffff45 fr.pc=0x000001c5c44550b8 relative=0x00000000000000d8
Event: 1771.567 Thread 0x000001c61af53910 Uncommon trap: reason=unstable_if action=reinterpret pc=0x000001c5c44550b8 method=java.util.concurrent.locks.AbstractQueuedSynchronizer.tryInitializeHead()Ljava/util/concurrent/locks/AbstractQueuedSynchronizer$Node; @ 8 c2
Event: 1771.567 Thread 0x000001c61af53910 DEOPT PACKING pc=0x000001c5c44550b8 sp=0x0000000b4aafeeb0
Event: 1771.567 Thread 0x000001c61af53910 DEOPT UNPACKING pc=0x000001c5c3a746a2 sp=0x0000000b4aafedc0 mode 2
Event: 2971.471 Thread 0x000001c620a72410 Uncommon trap: trap_request=0xffffff54 fr.pc=0x000001c5c43ee330 relative=0x0000000000000bf0
Event: 2971.472 Thread 0x000001c620a72410 Uncommon trap: reason=speculate_null_assert action=make_not_entrant pc=0x000001c5c43ee330 method=org.springframework.transaction.interceptor.AbstractFallbackTransactionAttributeSource.getTransactionAttribute(Ljava/lang/reflect/Method;Ljava/lang/Class;Z)Lo
Event: 2971.472 Thread 0x000001c620a72410 DEOPT PACKING pc=0x000001c5c43ee330 sp=0x0000000b4d9fb750
Event: 2971.475 Thread 0x000001c620a72410 DEOPT UNPACKING pc=0x000001c5c3a746a2 sp=0x0000000b4d9fb758 mode 2

Classes loaded (20 events):
Event: 1771.403 Loading class java/security/InvalidKeyException
Event: 1771.409 Loading class java/security/KeyException
Event: 1771.412 Loading class java/security/KeyException done
Event: 1771.413 Loading class java/security/InvalidKeyException done
Event: 1771.416 Loading class java/security/SignatureException
Event: 1771.418 Loading class java/security/SignatureException done
Event: 1771.426 Loading class javax/crypto/NoSuchPaddingException
Event: 1771.427 Loading class javax/crypto/NoSuchPaddingException done
Event: 1771.429 Loading class javax/crypto/IllegalBlockSizeException
Event: 1771.432 Loading class javax/crypto/IllegalBlockSizeException done
Event: 1771.432 Loading class javax/crypto/BadPaddingException
Event: 1771.433 Loading class javax/crypto/BadPaddingException done
Event: 1771.437 Loading class java/security/spec/InvalidKeySpecException
Event: 1771.437 Loading class java/security/spec/InvalidKeySpecException done
Event: 1771.453 Loading class javax/net/ssl/SSLSocket
Event: 1771.463 Loading class javax/net/ssl/SSLSocket done
Event: 2803.635 Loading class sun/net/ConnectionResetException
Event: 2803.649 Loading class sun/net/ConnectionResetException done
Event: 3013.338 Loading class java/security/AllPermissionCollection
Event: 3013.341 Loading class java/security/AllPermissionCollection done

Classes unloaded (0 events):
No events

Classes redefined (0 events):
No events

Internal exceptions (20 events):
Event: 15.364 Thread 0x000001c5b25b09a0 Exception <a 'java/lang/IncompatibleClassChangeError'{0x000000070710f168}: Found class java.lang.Object, but interface was expected> (0x000000070710f168) 
thrown [s\open\src\hotspot\share\interpreter\linkResolver.cpp, line 840]
Event: 15.507 Thread 0x000001c5b25b09a0 Exception <a 'java/lang/IncompatibleClassChangeError'{0x0000000706fe5030}: Found class java.lang.Object, but interface was expected> (0x0000000706fe5030) 
thrown [s\open\src\hotspot\share\interpreter\linkResolver.cpp, line 840]
Event: 15.835 Thread 0x000001c5b25b09a0 Exception <a 'java/lang/NoSuchMethodError'{0x0000000711533298}: 'java.lang.Object java.lang.invoke.DirectMethodHandle$Holder.newInvokeSpecial(java.lang.Object, java.lang.Object, java.lang.Object, java.lang.Object, java.lang.Object, java.lang.Object, java.lang.Object, java.lang.Object)'> (0x0000000711533298) 
thrown [s\open\src\hotspot\share\interpreter\linkResolver.cpp, line 773]
Event: 16.456 Thread 0x000001c5b25b09a0 Exception <a 'java/lang/IncompatibleClassChangeError'{0x00000007077ae248}: Found class java.lang.Object, but interface was expected> (0x00000007077ae248) 
thrown [s\open\src\hotspot\share\interpreter\linkResolver.cpp, line 840]
Event: 16.640 Thread 0x000001c5b25b09a0 Exception <a 'java/lang/NoSuchMethodError'{0x0000000707093dc8}: 'java.lang.Object java.lang.invoke.DirectMethodHandle$Holder.invokeInterface(java.lang.Object, java.lang.Object, java.lang.Object, java.lang.Object)'> (0x0000000707093dc8) 
thrown [s\open\src\hotspot\share\interpreter\linkResolver.cpp, line 773]
Event: 16.743 Thread 0x000001c5b25b09a0 Exception <a 'java/lang/NoSuchMethodError'{0x0000000713e7d890}: 'void java.lang.invoke.DirectMethodHandle$Holder.invokeVirtual(java.lang.Object, java.lang.Object, long)'> (0x0000000713e7d890) 
thrown [s\open\src\hotspot\share\interpreter\linkResolver.cpp, line 773]
Event: 16.824 Thread 0x000001c5b25b09a0 Exception <a 'java/lang/NoSuchMethodError'{0x0000000713cdd388}: 'int java.lang.invoke.DirectMethodHandle$Holder.invokeStaticInit(java.lang.Object, java.lang.Object, java.lang.Object, java.lang.Object)'> (0x0000000713cdd388) 
thrown [s\open\src\hotspot\share\interpreter\linkResolver.cpp, line 773]
Event: 16.867 Thread 0x000001c5b25b09a0 Exception <a 'java/lang/NoSuchMethodError'{0x000000071141d790}: 'java.lang.Object java.lang.invoke.Invokers$Holder.invoke_MT(java.lang.Object, java.lang.Object, java.lang.Object, java.lang.Object, java.lang.Object, java.lang.Object, java.lang.Object, java.lang.Object, java.lang.Object)'> (0x000000071141d790) 
thrown [s\open\src\hotspot\share\interpreter\linkResolver.cpp, line 773]
Event: 16.894 Thread 0x000001c5b25b09a0 Exception <a 'java/lang/IncompatibleClassChangeError'{0x00000007114d8800}: Found class java.lang.Object, but interface was expected> (0x00000007114d8800) 
thrown [s\open\src\hotspot\share\interpreter\linkResolver.cpp, line 840]
Event: 16.907 Thread 0x000001c5b25b09a0 Implicit null exception at 0x000001c5c4124608 to 0x000001c5c4124874
Event: 16.951 Thread 0x000001c5b25b09a0 Exception <a 'java/lang/NoSuchMethodError'{0x0000000711236530}: 'java.lang.Object java.lang.invoke.Invokers$Holder.invoke_MT(java.lang.Object, java.lang.Object, java.lang.Object, java.lang.Object, java.lang.Object, java.lang.Object, java.lang.Object, java.lang.Object, java.lang.Object, java.lang.Object, java.lang.Object)'> (0x0000000711236530) 
thrown [s\open\src\hotspot\share\interpreter\linkResolver.cpp, line 773]
Event: 17.059 Thread 0x000001c5b25b09a0 Exception <a 'java/lang/NoSuchMethodError'{0x00000007110bcf00}: 'java.lang.Object java.lang.invoke.DirectMethodHandle$Holder.newInvokeSpecial(java.lang.Object, java.lang.Object, int, java.lang.Object, java.lang.Object)'> (0x00000007110bcf00) 
thrown [s\open\src\hotspot\share\interpreter\linkResolver.cpp, line 773]
Event: 148.784 Thread 0x000001c61f9560c0 Exception <a 'java/lang/NoSuchMethodError'{0x0000000707cb8f68}: 'java.lang.Object java.lang.invoke.DirectMethodHandle$Holder.invokeSpecial(java.lang.Object, java.lang.Object, java.lang.Object, java.lang.Object, java.lang.Object, long)'> (0x0000000707cb8f68) 
thrown [s\open\src\hotspot\share\interpreter\linkResolver.cpp, line 773]
Event: 148.784 Thread 0x000001c61f9560c0 Exception <a 'java/lang/NoSuchMethodError'{0x0000000707cbc6e0}: 'java.lang.Object java.lang.invoke.Invokers$Holder.linkToTargetMethod(java.lang.Object, java.lang.Object, java.lang.Object, long, java.lang.Object)'> (0x0000000707cbc6e0) 
thrown [s\open\src\hotspot\share\interpreter\linkResolver.cpp, line 773]
Event: 149.190 Thread 0x000001c61f9560c0 Exception <a 'java/lang/NoSuchMethodError'{0x00000007070b14c8}: 'void java.lang.invoke.DirectMethodHandle$Holder.invokeSpecialIFC(java.lang.Object, java.lang.Object, int, java.lang.Object, java.lang.Object, java.lang.Object, java.lang.Object)'> (0x00000007070b14c8) 
thrown [s\open\src\hotspot\share\interpreter\linkResolver.cpp, line 773]
Event: 2803.655 Thread 0x000001c619625910 Exception <a 'sun/net/ConnectionResetException'{0x00000007113478d8}: Connection reset> (0x00000007113478d8) 
thrown [s\open\src\hotspot\share\prims\jni.cpp, line 539]
Event: 2971.644 Thread 0x000001c620a72410 Exception <a 'java/io/IOException'{0x00000007113b06c0}> (0x00000007113b06c0) 
thrown [s\open\src\hotspot\share\prims\jni.cpp, line 520]
Event: 2991.770 Thread 0x000001c620a73e50 Exception <a 'java/io/IOException'{0x00000007113d1b60}> (0x00000007113d1b60) 
thrown [s\open\src\hotspot\share\prims\jni.cpp, line 520]
Event: 3013.006 Thread 0x000001c620a74b70 Exception <a 'java/lang/StackOverflowError'{0x00000007113e4c70}> (0x00000007113e4c70) 
thrown [s\open\src\hotspot\share\interpreter\interpreterRuntime.cpp, line 378]
Event: 3013.389 Thread 0x000001c620a74b70 Exception <a 'java/io/IOException'{0x0000000711026a58}> (0x0000000711026a58) 
thrown [s\open\src\hotspot\share\prims\jni.cpp, line 520]

ZGC Phase Switch (0 events):
No events

VM Operations (20 events):
Event: 1787.608 Executing VM operation: Cleanup
Event: 1787.608 Executing VM operation: Cleanup done
Event: 1793.685 Executing VM operation: Cleanup
Event: 1793.685 Executing VM operation: Cleanup done
Event: 1804.794 Executing VM operation: Cleanup
Event: 1804.794 Executing VM operation: Cleanup done
Event: 1811.840 Executing VM operation: Cleanup
Event: 1811.841 Executing VM operation: Cleanup done
Event: 2512.633 Executing VM operation: Cleanup
Event: 2512.635 Executing VM operation: Cleanup done
Event: 2971.755 Executing VM operation: Cleanup
Event: 2971.755 Executing VM operation: Cleanup done
Event: 2991.888 Executing VM operation: Cleanup
Event: 2991.903 Executing VM operation: Cleanup done
Event: 2992.907 Executing VM operation: Cleanup
Event: 2992.907 Executing VM operation: Cleanup done
Event: 3011.069 Executing VM operation: Cleanup
Event: 3013.022 Executing VM operation: Cleanup done
Event: 3014.034 Executing VM operation: Cleanup
Event: 3014.035 Executing VM operation: Cleanup done

Events (20 events):
Event: 1771.566 Thread 0x000001c61af56700 Thread added: 0x000001c61af56700
Event: 1780.594 Thread 0x000001c61af53910 Thread exited: 0x000001c61af53910
Event: 1780.637 Thread 0x000001c61af56700 Thread exited: 0x000001c61af56700
Event: 1786.761 Thread 0x000001c61af54cc0 Thread added: 0x000001c61af54cc0
Event: 1786.766 Thread 0x000001c61af56700 Thread added: 0x000001c61af56700
Event: 1791.772 Thread 0x000001c61af54cc0 Thread exited: 0x000001c61af54cc0
Event: 1791.836 Thread 0x000001c61af56700 Thread exited: 0x000001c61af56700
Event: 1793.513 Thread 0x000001c61af56700 Thread added: 0x000001c61af56700
Event: 1793.516 Thread 0x000001c61af53910 Thread added: 0x000001c61af53910
Event: 1803.674 Thread 0x000001c61af56700 Thread exited: 0x000001c61af56700
Event: 1803.705 Thread 0x000001c61af53910 Thread exited: 0x000001c61af53910
Event: 1804.496 Thread 0x000001c61af55350 Thread added: 0x000001c61af55350
Event: 1804.510 Thread 0x000001c61af54cc0 Thread added: 0x000001c61af54cc0
Event: 1809.521 Thread 0x000001c61af55350 Thread exited: 0x000001c61af55350
Event: 1809.584 Thread 0x000001c61af54cc0 Thread exited: 0x000001c61af54cc0
Event: 1811.429 Thread 0x000001c61af53fa0 Thread added: 0x000001c61af53fa0
Event: 1811.435 Thread 0x000001c61af54cc0 Thread added: 0x000001c61af54cc0
Event: 1816.848 Thread 0x000001c61af53fa0 Thread exited: 0x000001c61af53fa0
Event: 1816.875 Thread 0x000001c61af54cc0 Thread exited: 0x000001c61af54cc0
Event: 2803.682 Thread 0x000001c619625910 Thread exited: 0x000001c619625910


Dynamic libraries:
0x00007ff7b7ea0000 - 0x00007ff7b7eae000 	C:\Users\tradi\.jdks\openjdk-21.0.2\bin\java.exe
0x00007ff9d81c0000 - 0x00007ff9d8423000 	C:\WINDOWS\SYSTEM32\ntdll.dll
0x00007ff9d7bc0000 - 0x00007ff9d7c88000 	C:\WINDOWS\System32\KERNEL32.DLL
0x00007ff9d5b20000 - 0x00007ff9d5ed2000 	C:\WINDOWS\System32\KERNELBASE.dll
0x00007ff9d57d0000 - 0x00007ff9d591b000 	C:\WINDOWS\System32\ucrtbase.dll
0x00007ff9ce230000 - 0x00007ff9ce24b000 	C:\Users\tradi\.jdks\openjdk-21.0.2\bin\VCRUNTIME140.dll
0x00007ff9ce280000 - 0x00007ff9ce298000 	C:\Users\tradi\.jdks\openjdk-21.0.2\bin\jli.dll
0x00007ff9d6220000 - 0x00007ff9d63e8000 	C:\WINDOWS\System32\USER32.dll
0x00007ff9d5af0000 - 0x00007ff9d5b17000 	C:\WINDOWS\System32\win32u.dll
0x00007ff9bf4f0000 - 0x00007ff9bf780000 	C:\WINDOWS\WinSxS\amd64_microsoft.windows.common-controls_6595b64144ccf1df_6.0.26100.2454_none_3e0b68a2e331ad60\COMCTL32.dll
0x00007ff9d7960000 - 0x00007ff9d798a000 	C:\WINDOWS\System32\GDI32.dll
0x00007ff9d7ea0000 - 0x00007ff9d7f49000 	C:\WINDOWS\System32\msvcrt.dll
0x00007ff9d5920000 - 0x00007ff9d5a4b000 	C:\WINDOWS\System32\gdi32full.dll
0x00007ff9d5f70000 - 0x00007ff9d6013000 	C:\WINDOWS\System32\msvcp_win.dll
0x00007ff9d60e0000 - 0x00007ff9d610f000 	C:\WINDOWS\System32\IMM32.DLL
0x00007ff9ce220000 - 0x00007ff9ce22c000 	C:\Users\tradi\.jdks\openjdk-21.0.2\bin\vcruntime140_1.dll
0x00007ff9848b0000 - 0x00007ff98493e000 	C:\Users\tradi\.jdks\openjdk-21.0.2\bin\msvcp140.dll
0x00007ff983b90000 - 0x00007ff9848a7000 	C:\Users\tradi\.jdks\openjdk-21.0.2\bin\server\jvm.dll
0x00007ff9d6ed0000 - 0x00007ff9d6f84000 	C:\WINDOWS\System32\ADVAPI32.dll
0x00007ff9d6170000 - 0x00007ff9d6216000 	C:\WINDOWS\System32\sechost.dll
0x00007ff9d7840000 - 0x00007ff9d7956000 	C:\WINDOWS\System32\RPCRT4.dll
0x00007ff9d7a10000 - 0x00007ff9d7a84000 	C:\WINDOWS\System32\WS2_32.dll
0x00007ff9cba30000 - 0x00007ff9cba66000 	C:\WINDOWS\SYSTEM32\WINMM.dll
0x00007ff9d5420000 - 0x00007ff9d546e000 	C:\WINDOWS\SYSTEM32\POWRPROF.dll
0x00007ff9bd750000 - 0x00007ff9bd75b000 	C:\WINDOWS\SYSTEM32\VERSION.dll
0x00007ff9d5400000 - 0x00007ff9d5414000 	C:\WINDOWS\SYSTEM32\UMPDC.dll
0x00007ff9d4340000 - 0x00007ff9d435a000 	C:\WINDOWS\SYSTEM32\kernel.appcore.dll
0x00007ff9cbed0000 - 0x00007ff9cbeda000 	C:\Users\tradi\.jdks\openjdk-21.0.2\bin\jimage.dll
0x00007ff9d2d80000 - 0x00007ff9d2fc1000 	C:\WINDOWS\SYSTEM32\DBGHELP.DLL
0x00007ff9d6f90000 - 0x00007ff9d730e000 	C:\WINDOWS\System32\combase.dll
0x00007ff9d6680000 - 0x00007ff9d6756000 	C:\WINDOWS\System32\OLEAUT32.dll
0x00007ff9b3000000 - 0x00007ff9b3039000 	C:\WINDOWS\SYSTEM32\dbgcore.DLL
0x00007ff9d5a50000 - 0x00007ff9d5ae9000 	C:\WINDOWS\System32\bcryptPrimitives.dll
0x00007ff9852d0000 - 0x00007ff9852df000 	C:\Users\tradi\.jdks\openjdk-21.0.2\bin\instrument.dll
0x00007ff9ab020000 - 0x00007ff9ab03f000 	C:\Users\tradi\.jdks\openjdk-21.0.2\bin\java.dll
0x00007ff9d6760000 - 0x00007ff9d6e61000 	C:\WINDOWS\System32\SHELL32.dll
0x00007ff9d3260000 - 0x00007ff9d3a91000 	C:\WINDOWS\SYSTEM32\windows.storage.dll
0x00007ff9d65a0000 - 0x00007ff9d667a000 	C:\WINDOWS\System32\SHCORE.dll
0x00007ff9d7f50000 - 0x00007ff9d7fad000 	C:\WINDOWS\System32\shlwapi.dll
0x00007ff9d54a0000 - 0x00007ff9d54ce000 	C:\WINDOWS\SYSTEM32\profapi.dll
0x00007ff983ab0000 - 0x00007ff983b87000 	C:\Users\tradi\.jdks\openjdk-21.0.2\bin\jsvml.dll
0x00007ff9ac940000 - 0x00007ff9ac958000 	C:\Users\tradi\.jdks\openjdk-21.0.2\bin\zip.dll
0x00007ff9cbec0000 - 0x00007ff9cbed0000 	C:\Users\tradi\.jdks\openjdk-21.0.2\bin\net.dll
0x00007ff9cee10000 - 0x00007ff9cef36000 	C:\WINDOWS\SYSTEM32\WINHTTP.dll
0x00007ff9d48b0000 - 0x00007ff9d4918000 	C:\WINDOWS\system32\mswsock.dll
0x00007ff986eb0000 - 0x00007ff986ec6000 	C:\Users\tradi\.jdks\openjdk-21.0.2\bin\nio.dll
0x00007ff985270000 - 0x00007ff98528a000 	C:\Program Files\JetBrains\IntelliJ IDEA Community Edition 2023.3.2\bin\breakgen64.dll
0x00007ff985390000 - 0x00007ff985399000 	C:\Users\tradi\.jdks\openjdk-21.0.2\bin\extnet.dll
0x00007ff985360000 - 0x00007ff985370000 	C:\Users\tradi\.jdks\openjdk-21.0.2\bin\verify.dll
0x00007ff9852a0000 - 0x00007ff9852ae000 	C:\Users\tradi\.jdks\openjdk-21.0.2\bin\sunmscapi.dll
0x00007ff9d5650000 - 0x00007ff9d57c6000 	C:\WINDOWS\System32\CRYPT32.dll
0x00007ff9d4d70000 - 0x00007ff9d4da0000 	C:\WINDOWS\SYSTEM32\ncrypt.dll
0x00007ff9d4d20000 - 0x00007ff9d4d5f000 	C:\WINDOWS\SYSTEM32\NTASN1.dll
0x00007ff9d4b80000 - 0x00007ff9d4b9c000 	C:\WINDOWS\SYSTEM32\CRYPTSP.dll
0x00007ff9d4300000 - 0x00007ff9d4338000 	C:\WINDOWS\system32\rsaenh.dll
0x00007ff9d4950000 - 0x00007ff9d497b000 	C:\WINDOWS\SYSTEM32\USERENV.dll
0x00007ff9d4db0000 - 0x00007ff9d4dd6000 	C:\WINDOWS\SYSTEM32\bcrypt.dll
0x00007ff9d4b70000 - 0x00007ff9d4b7c000 	C:\WINDOWS\SYSTEM32\CRYPTBASE.dll
0x00007ff9d3e70000 - 0x00007ff9d3ea2000 	C:\WINDOWS\SYSTEM32\IPHLPAPI.DLL
0x00007ff9d6020000 - 0x00007ff9d602a000 	C:\WINDOWS\System32\NSI.dll
0x00007ff9852c0000 - 0x00007ff9852ca000 	C:\Users\tradi\.jdks\openjdk-21.0.2\bin\management.dll
0x00007ff9852b0000 - 0x00007ff9852bb000 	C:\Users\tradi\.jdks\openjdk-21.0.2\bin\management_ext.dll
0x00007ff9d7b80000 - 0x00007ff9d7b88000 	C:\WINDOWS\System32\PSAPI.DLL
0x00007ff9d3eb0000 - 0x00007ff9d3fd5000 	C:\WINDOWS\SYSTEM32\DNSAPI.dll
0x00007ff9cdf00000 - 0x00007ff9cdf0b000 	C:\Windows\System32\rasadhlp.dll
0x00007ff9cf1a0000 - 0x00007ff9cf225000 	C:\WINDOWS\System32\fwpuclnt.dll
0x00007ff9acf30000 - 0x00007ff9acf48000 	C:\WINDOWS\system32\napinsp.dll
0x00007ff9ace30000 - 0x00007ff9ace42000 	C:\WINDOWS\System32\winrnr.dll
0x00007ff9ace00000 - 0x00007ff9ace22000 	C:\WINDOWS\system32\nlansp_c.dll
0x00007ff9acd90000 - 0x00007ff9acda6000 	C:\WINDOWS\system32\wshbth.dll
0x00007ff9a6520000 - 0x00007ff9a6528000 	C:\WINDOWS\system32\wshunix.dll

dbghelp: loaded successfully - version: 4.0.5 - missing functions: none
symbol engine: initialized successfully - sym options: 0x614 - pdb path: .;C:\Users\tradi\.jdks\openjdk-21.0.2\bin;C:\WINDOWS\SYSTEM32;C:\WINDOWS\WinSxS\amd64_microsoft.windows.common-controls_6595b64144ccf1df_6.0.26100.2454_none_3e0b68a2e331ad60;C:\Users\tradi\.jdks\openjdk-21.0.2\bin\server;C:\Program Files\JetBrains\IntelliJ IDEA Community Edition 2023.3.2\bin

VM Arguments:
jvm_args: -javaagent:C:\Program Files\JetBrains\IntelliJ IDEA Community Edition 2023.3.2\lib\idea_rt.jar=49867:C:\Program Files\JetBrains\IntelliJ IDEA Community Edition 2023.3.2\bin -Dfile.encoding=UTF-8 -Dsun.stdout.encoding=UTF-8 -Dsun.stderr.encoding=UTF-8 
java_command: com.nova.colis.ColisApplication
java_class_path (initial): C:\Users\tradi\Downloads\colis\colis\target\classes;C:\Users\tradi\.m2\repository\org\springframework\boot\spring-boot-starter-web\3.4.2\spring-boot-starter-web-3.4.2.jar;C:\Users\tradi\.m2\repository\org\springframework\boot\spring-boot-starter\3.4.2\spring-boot-starter-3.4.2.jar;C:\Users\tradi\.m2\repository\org\springframework\boot\spring-boot\3.4.2\spring-boot-3.4.2.jar;C:\Users\tradi\.m2\repository\org\springframework\boot\spring-boot-autoconfigure\3.4.2\spring-boot-autoconfigure-3.4.2.jar;C:\Users\tradi\.m2\repository\org\springframework\boot\spring-boot-starter-logging\3.4.2\spring-boot-starter-logging-3.4.2.jar;C:\Users\tradi\.m2\repository\ch\qos\logback\logback-classic\1.5.16\logback-classic-1.5.16.jar;C:\Users\tradi\.m2\repository\ch\qos\logback\logback-core\1.5.16\logback-core-1.5.16.jar;C:\Users\tradi\.m2\repository\org\apache\logging\log4j\log4j-to-slf4j\2.24.3\log4j-to-slf4j-2.24.3.jar;C:\Users\tradi\.m2\repository\org\apache\logging\log4j\log4j-api\2.24.3\log4j-api-2.24.3.jar;C:\Users\tradi\.m2\repository\org\slf4j\jul-to-slf4j\2.0.16\jul-to-slf4j-2.0.16.jar;C:\Users\tradi\.m2\repository\jakarta\annotation\jakarta.annotation-api\2.1.1\jakarta.annotation-api-2.1.1.jar;C:\Users\tradi\.m2\repository\org\springframework\boot\spring-boot-starter-json\3.4.2\spring-boot-starter-json-3.4.2.jar;C:\Users\tradi\.m2\repository\com\fasterxml\jackson\core\jackson-databind\2.18.2\jackson-databind-2.18.2.jar;C:\Users\tradi\.m2\repository\com\fasterxml\jackson\core\jackson-annotations\2.18.2\jackson-annotations-2.18.2.jar;C:\Users\tradi\.m2\repository\com\fasterxml\jackson\core\jackson-core\2.18.2\jackson-core-2.18.2.jar;C:\Users\tradi\.m2\repository\com\fasterxml\jackson\datatype\jackson-datatype-jdk8\2.18.2\jackson-datatype-jdk8-2.18.2.jar;C:\Users\tradi\.m2\repository\com\fasterxml\jackson\datatype\jackson-datatype-jsr310\2.18.2\jackson-datatype-jsr310-2.18.2.jar;C:\Users\tradi\.m2\repository\com\fasterxml\jackson\module\jackson-module-parameter-names\2.18.2\jackson-module-parameter-names-2.18.2.jar;C:\Users\tradi\.m2\repository\org\springframework\boot\spring-boot-starter-tomcat\3.4.2\spring-boot-starter-tomcat-3.4.2.jar;C:\Users\tradi\.m2\repository\org\apache\tomcat\embed\tomcat-embed-core\10.1.34\tomcat-embed-core-10.1.34.jar;C:\Users\tradi\.m2\repository\org\apache\tomcat\embed\tomcat-embed-websocket\10.1.34\tomcat-embed-websocket-10.1.34.jar;C:\Users\tradi\.m2\repository\org\springframework\spring-web\6.2.2\spring-web-6.2.2.jar;C:\Users\tradi\.m2\repository\org\springframework\spring-beans\6.2.2\spring-beans-6.2.2.jar;C:\Users\tradi\.m2\repository\io\micrometer\micrometer-observation\1.14.3\micrometer-observation-1.14.3.jar;C:\Users\tradi\.m2\repository\io\micrometer\micrometer-commons\1.14.3\micrometer-commons-1.14.3.jar;C:\Users\tradi\.m2\repository\org\springframework\spring-webmvc\6.2.2\spring-webmvc-6.2.2.jar;C:\Users\tradi\.m2\repository\org\springframework\spring-context\6.2.2\spring-context-6.2.2.jar;C:\Users\tradi\.m2\repository\org\springframework\spring-expression\6.2.2\spring-expression-6.2.2.jar;C:\Users\tradi\.m2\repository\org\springframework\boot\spring-boot-starter-data-jpa\3.4.2\spring-boot-starter-data-jpa-3.4.2.jar;C:\Users\tradi\.m2\repository\org\springframework\boot\spring-boot-starter-jdbc\3.4.2\spring-boot-starter-jdbc-3.4.2.jar;C:\Users\tradi\.m2\repository\com\zaxxer\HikariCP\5.1.0\HikariCP-5.1.0.jar;C:\Users\tradi\.m2\repository\org\springframework\spring-jdbc\6.2.2\spring-jdbc-6.2.2.jar;C:\Users\tradi\.m2\repository\org\hibernate\orm\hibernate-core\6.6.5.Final\hibernate-core-6.6.5.Final.jar;C:\Users\tradi\.m2\repository\jakarta\persistence\jakarta.persistence-api\3.1.0\jakarta.persistence-api-3.1.0.jar;C:\Users\tradi\.m2\repository\jakarta\transaction\jakarta.transaction-api\2.0.1\jakarta.transaction-api-2.0.1.jar;C:\Users\tradi\.m2\repository\org\jboss\logging\jboss-logging\3.6.1.Final\jboss-logging-3.6.1.Final.jar;C:\Users\tradi\.m2\repository\org\hibernate\common\hibernate-commons-annotations\7.0.3.Final\hibernate-commons-annotations-7.0.3.Final.jar;C:\Users\tradi\.m2\repository\io\smallrye\jandex\3.2.0\jandex-3.2.0.jar;C:\Users\tradi\.m2\repository\com\fasterxml\classmate\1.7.0\classmate-1.7.0.jar;C:\Users\tradi\.m2\repository\net\bytebuddy\byte-buddy\1.15.11\byte-buddy-1.15.11.jar;C:\Users\tradi\.m2\repository\org\glassfish\jaxb\jaxb-runtime\4.0.5\jaxb-runtime-4.0.5.jar;C:\Users\tradi\.m2\repository\org\glassfish\jaxb\jaxb-core\4.0.5\jaxb-core-4.0.5.jar;C:\Users\tradi\.m2\repository\org\eclipse\angus\angus-activation\2.0.2\angus-activation-2.0.2.jar;C:\Users\tradi\.m2\repository\org\glassfish\jaxb\txw2\4.0.5\txw2-4.0.5.jar;C:\Users\tradi\.m2\repository\com\sun\istack\istack-commons-runtime\4.1.2\istack-commons-runtime-4.1.2.jar;C:\Users\tradi\.m2\repository\jakarta\inject\jakarta.inject-api\2.0.1\jakarta.inject-api-2.0.1.jar;C:\Users\tradi\.m2\repository\org\antlr\antlr4-runtime\4.13.0\antlr4-runtime-4.13.0.jar;C:\Users\tradi\.m2\repository\org\springframework\data\spring-data-jpa\3.4.2\spring-data-jpa-3.4.2.jar;C:\Users\tradi\.m2\repository\org\springframework\data\spring-data-commons\3.4.2\spring-data-commons-3.4.2.jar;C:\Users\tradi\.m2\repository\org\springframework\spring-orm\6.2.2\spring-orm-6.2.2.jar;C:\Users\tradi\.m2\repository\org\springframework\spring-tx\6.2.2\spring-tx-6.2.2.jar;C:\Users\tradi\.m2\repository\org\slf4j\slf4j-api\2.0.16\slf4j-api-2.0.16.jar;C:\Users\tradi\.m2\repository\org\springframework\spring-aspects\6.2.2\spring-aspects-6.2.2.jar;C:\Users\tradi\.m2\repository\org\aspectj\aspectjweaver\1.9.22.1\aspectjweaver-1.9.22.1.jar;C:\Users\tradi\.m2\repository\org\springframework\boot\spring-boot-starter-validation\3.4.2\spring-boot-starter-validation-3.4.2.jar;C:\Users\tradi\.m2\repository\org\apache\tomcat\embed\tomcat-embed-el\10.1.34\tomcat-embed-el-10.1.34.jar;C:\Users\tradi\.m2\repository\org\hibernate\validator\hibernate-validator\8.0.2.Final\hibernate-validator-8.0.2.Final.jar;C:\Users\tradi\.m2\repository\jakarta\validation\jakarta.validation-api\3.0.2\jakarta.validation-api-3.0.2.jar;C:\Users\tradi\.m2\repository\org\springframework\boot\spring-boot-starter-security\3.4.2\spring-boot-starter-security-3.4.2.jar;C:\Users\tradi\.m2\repository\org\springframework\spring-aop\6.2.2\spring-aop-6.2.2.jar;C:\Users\tradi\.m2\repository\org\springframework\security\spring-security-config\6.4.2\spring-security-config-6.4.2.jar;C:\Users\tradi\.m2\repository\org\springframework\security\spring-security-web\6.4.2\spring-security-web-6.4.2.jar;C:\Users\tradi\.m2\repository\org\liquibase\liquibase-core\4.20.0\liquibase-core-4.20.0.jar;C:\Users\tradi\.m2\repository\javax\xml\bind\jaxb-api\2.3.1\jaxb-api-2.3.1.jar;C:\Users\tradi\.m2\repository\javax\activation\javax.activation-api\1.2.0\javax.activation-api-1.2.0.jar;C:\Users\tradi\.m2\repository\org\yaml\snakeyaml\2.3\snakeyaml-2.3.jar;C:\Users\tradi\.m2\repository\com\mysql\mysql-connector-j\9.1.0\mysql-connector-j-9.1.0.jar;C:\Users\tradi\.m2\repository\com\opencsv\opencsv\5.7.1\opencsv-5.7.1.jar;C:\Users\tradi\.m2\repository\commons-beanutils\commons-beanutils\1.9.4\commons-beanutils-1.9.4.jar;C:\Users\tradi\.m2\repository\commons-logging\commons-logging\1.2\commons-logging-1.2.jar;C:\Users\tradi\.m2\repository\commons-collections\commons-collections\3.2.2\commons-collections-3.2.2.jar;C:\Users\tradi\.m2\repository\org\apache\commons\commons-lang3\3.17.0\commons-lang3-3.17.0.jar;C:\Users\tradi\.m2\repository\org\apache\commons\commons-text\1.10.0\commons-text-1.10.0.jar;C:\Users\tradi\.m2\repository\org\apache\commons\commons-collections4\4.4\commons-collections4-4.4.jar;C:\Users\tradi\.m2\repository\jakarta\xml\bind\jakarta.xml.bind-api\4.0.2\jakarta.xml.bind-api-4.0.2.jar;C:\Users\tradi\.m2\repository\jakarta\activation\jakarta.activation-api\2.1.3\jakarta.activation-api-2.1.3.jar;C:\Users\tradi\.m2\repository\org\springframework\spring-core\6.2.2\spring-core-6.2.2.jar;C:\Users\tradi\.m2\repository\org\springframework\spring-jcl\6.2.2\spring-jcl-6.2.2.jar;C:\Users\tradi\.m2\repository\org\springframework\security\spring-security-core\6.4.2\spring-security-core-6.4.2.jar;C:\Users\tradi\.m2\repository\org\springframework\security\spring-security-crypto\6.4.2\spring-security-crypto-6.4.2.jar
Launcher Type: SUN_STANDARD

[Global flags]
     intx CICompilerCount                          = 4                                         {product} {ergonomic}
     uint ConcGCThreads                            = 3                                         {product} {ergonomic}
     uint G1ConcRefinementThreads                  = 10                                        {product} {ergonomic}
   size_t G1HeapRegionSize                         = 2097152                                   {product} {ergonomic}
    uintx GCDrainStackTargetSize                   = 64                                        {product} {ergonomic}
   size_t InitialHeapSize                          = 264241152                                 {product} {ergonomic}
   size_t MarkStackSize                            = 4194304                                   {product} {ergonomic}
   size_t MaxHeapSize                              = 4223664128                                {product} {ergonomic}
   size_t MaxNewSize                               = 2533359616                                {product} {ergonomic}
   size_t MinHeapDeltaBytes                        = 2097152                                   {product} {ergonomic}
   size_t MinHeapSize                              = 8388608                                   {product} {ergonomic}
    uintx NonNMethodCodeHeapSize                   = 5839372                                {pd product} {ergonomic}
    uintx NonProfiledCodeHeapSize                  = 122909434                              {pd product} {ergonomic}
    uintx ProfiledCodeHeapSize                     = 122909434                              {pd product} {ergonomic}
    uintx ReservedCodeCacheSize                    = 251658240                              {pd product} {ergonomic}
     bool SegmentedCodeCache                       = true                                      {product} {ergonomic}
   size_t SoftMaxHeapSize                          = 4223664128                             {manageable} {ergonomic}
     bool UseCompressedOops                        = true                           {product lp64_product} {ergonomic}
     bool UseG1GC                                  = true                                      {product} {ergonomic}
     bool UseLargePagesIndividualAllocation        = false                                  {pd product} {ergonomic}

Logging:
Log output configuration:
 #0: stdout all=warning uptime,level,tags foldmultilines=false
 #1: stderr all=off uptime,level,tags foldmultilines=false

Environment Variables:
JAVA_HOME=C:\Program Files\Java\jdk-21
PATH=C:\Python312\Scripts\;C:\Python312\;C:\Program Files\Common Files\Oracle\Java\javapath;C:\Program Files (x86)\Common Files\Oracle\Java\javapath;C:\WINDOWS\system32;C:\WINDOWS;C:\WINDOWS\System32\Wbem;C:\WINDOWS\System32\WindowsPowerShell\v1.0\;C:\WINDOWS\System32\OpenSSH\;C:\Program Files\Microsoft SQL Server\150\Tools\Binn\;C:\Program Files\Microsoft SQL Server\Client SDK\ODBC\170\Tools\Binn\;C:\Program Files\dotnet\;C:\maven\apache-maven-3.9.6-bin\apache-maven-3.9.6\bin;C:\ProgramData\chocolatey\bin;C:\Program Files\MongoDB\mongosh-2.1.1-win32-x64\bin;C:\Program Files\Git\cmd;C:\Program Files\Docker\Docker\resources\bin;C:\Program Files\Java\jdk-21\bin;C:\Users\tradi\AppData\Roaming\nvm;C:\Program Files\nodejs;C:\Program Files\Amazon\AWSCLIV2\;C:\Users\tradi\AppData\Local\Microsoft\WindowsApps;C:\Program Files\JetBrains\IntelliJ IDEA Community Edition 2023.3.2\bin;;C:\Program Files\JetBrains\IntelliJ IDEA 2023.3\bin;;C:\Users\tradi\.dotnet\tools;C:\Users\tradi\AppData\Local\Programs\Microsoft VS Code\bin;C:\Users\tradi\AppData\Roaming\npm;C:\Users\tradi\Downloads\flutter\src\flutter\bin;C:\Users\tradi\AppData\Roaming\nvm;C:\Program Files\nodejs;C:\Program Files\heroku\bin;C:\flutter_windows_3.24.3-stable\flutter\bin;
USERNAME=tradi
OS=Windows_NT
PROCESSOR_IDENTIFIER=Intel64 Family 6 Model 186 Stepping 3, GenuineIntel
TMP=C:\Users\tradi\AppData\Local\Temp
TEMP=C:\Users\tradi\AppData\Local\Temp




Periodic native trim disabled

---------------  S Y S T E M  ---------------

OS:
 Windows 11 , 64 bit Build 26100 (10.0.26100.2454)
OS uptime: 0 days 0:52 hours
Hyper-V role detected

CPU: total 12 (initial active 12) (6 cores per cpu, 2 threads per core) family 6 model 186 stepping 3 microcode 0x4112, cx8, cmov, fxsr, ht, mmx, 3dnowpref, sse, sse2, sse3, ssse3, sse4.1, sse4.2, popcnt, lzcnt, tsc, tscinvbit, avx, avx2, aes, erms, clmul, bmi1, bmi2, adx, sha, fma, vzeroupper, clflush, clflushopt, clwb, hv, serialize, rdtscp, rdpid, fsrm, f16c, cet_ibt, cet_ss
Processor Information for processor 0
  Max Mhz: 1700, Current Mhz: 1700, Mhz Limit: 1700
Processor Information for processor 1
  Max Mhz: 1700, Current Mhz: 1700, Mhz Limit: 1700
Processor Information for processor 2
  Max Mhz: 1700, Current Mhz: 1700, Mhz Limit: 1700
Processor Information for processor 3
  Max Mhz: 1700, Current Mhz: 1457, Mhz Limit: 1700
Processor Information for processor 4
  Max Mhz: 1700, Current Mhz: 1200, Mhz Limit: 1190
Processor Information for processor 5
  Max Mhz: 1700, Current Mhz: 1200, Mhz Limit: 1190
Processor Information for processor 6
  Max Mhz: 1700, Current Mhz: 1200, Mhz Limit: 1190
Processor Information for processor 7
  Max Mhz: 1700, Current Mhz: 1200, Mhz Limit: 1190
Processor Information for processor 8
  Max Mhz: 1700, Current Mhz: 1200, Mhz Limit: 1190
Processor Information for processor 9
  Max Mhz: 1700, Current Mhz: 1200, Mhz Limit: 1190
Processor Information for processor 10
  Max Mhz: 1700, Current Mhz: 1200, Mhz Limit: 1190
Processor Information for processor 11
  Max Mhz: 1700, Current Mhz: 1200, Mhz Limit: 1190

Memory: 4k page, system-wide physical 16108M (1736M free)
TotalPageFile size 65260M (AvailPageFile size 0M)
current process WorkingSet (physical memory assigned to process): 72M, peak: 306M
current process commit charge ("private bytes"): 298M, peak: 403M

vm_info: OpenJDK 64-Bit Server VM (21.0.2+13-58) for windows-amd64 JRE (21.0.2+13-58), built on 2024-01-05T18:32:24Z by "mach5one" with MS VC++ 17.1 (VS2022)

END.
