#
# There is insufficient memory for the Java Runtime Environment to continue.
# Native memory allocation (malloc) failed to allocate 32744 bytes for Chunk::new
# Possible reasons:
#   The system is out of physical RAM or swap space
#   The process is running with CompressedOops enabled, and the Java Heap may be blocking the growth of the native heap
# Possible solutions:
#   Reduce memory load on the system
#   Increase physical memory or swap space
#   Check if swap backing store is full
#   Decrease Java heap size (-Xmx/-Xms)
#   Decrease number of Java threads
#   Decrease Java thread stack sizes (-Xss)
#   Set larger code cache with -XX:ReservedCodeCacheSize=
#   JVM is running with Zero Based Compressed Oops mode in which the Java heap is
#     placed in the first 32GB address space. The Java Heap base address is the
#     maximum limit for the native heap growth. Please use -XX:HeapBaseMinAddress
#     to set the Java Heap base and to place the Java Heap above 32GB virtual address.
# This output file may be truncated or incomplete.
#
#  Out of Memory Error (arena.cpp:168), pid=20412, tid=21476
#
# JRE version: OpenJDK Runtime Environment (21.0.2+13) (build 21.0.2+13-58)
# Java VM: OpenJDK 64-Bit Server VM (21.0.2+13-58, mixed mode, sharing, tiered, compressed oops, compressed class ptrs, g1 gc, windows-amd64)
# No core dump will be written. Minidumps are not enabled by default on client versions of Windows
#

---------------  S U M M A R Y ------------

Command Line: -javaagent:C:\Program Files\JetBrains\IntelliJ IDEA Community Edition 2023.3.2\lib\idea_rt.jar=49973:C:\Program Files\JetBrains\IntelliJ IDEA Community Edition 2023.3.2\bin -Dfile.encoding=UTF-8 -Dsun.stdout.encoding=UTF-8 -Dsun.stderr.encoding=UTF-8 com.nova.colis.ColisApplication

Host: 13th Gen Intel(R) Core(TM) i7-1355U, 12 cores, 15G,  Windows 11 , 64 bit Build 26100 (10.0.26100.2454)
Time: Wed Jan 29 01:12:37 2025 Eastern Standard Time elapsed time: 782.478511 seconds (0d 0h 13m 2s)

---------------  T H R E A D  ---------------

Current thread (0x000001c9ae97c640):  JavaThread "C2 CompilerThread0" daemon [_thread_in_native, id=21476, stack(0x0000001c83300000,0x0000001c83400000) (1024K)]


Current CompileTask:
C2: 782478 6508       4       sun.net.www.protocol.file.Handler::parseURL (18 bytes)

Stack: [0x0000001c83300000,0x0000001c83400000]
Native frames: (J=compiled Java code, j=interpreted, Vv=VM code, C=native code)
V  [jvm.dll+0x6cade9]
V  [jvm.dll+0x8569c1]
V  [jvm.dll+0x858d2e]
V  [jvm.dll+0x859413]
V  [jvm.dll+0x280e56]
V  [jvm.dll+0xc3f3d]
V  [jvm.dll+0xc4473]
V  [jvm.dll+0xc4065]
V  [jvm.dll+0x7200dc]
V  [jvm.dll+0x5ff7df]
V  [jvm.dll+0x5e4dfc]
V  [jvm.dll+0x5e7209]
V  [jvm.dll+0x5f1acd]
V  [jvm.dll+0x5ea5a8]
V  [jvm.dll+0x5eee1e]
V  [jvm.dll+0x5ee549]
V  [jvm.dll+0x5ee430]
V  [jvm.dll+0x5ee5ac]
V  [jvm.dll+0x5ee5ac]
V  [jvm.dll+0x5ee5ac]
V  [jvm.dll+0x5ee5ac]
V  [jvm.dll+0x5ee5ac]
V  [jvm.dll+0x5ee5ac]
V  [jvm.dll+0x5ee5ac]
V  [jvm.dll+0x5f5814]
V  [jvm.dll+0x252d7f]
V  [jvm.dll+0x25315f]
V  [jvm.dll+0x24b8e0]
V  [jvm.dll+0x2490a3]
V  [jvm.dll+0x1c9634]
V  [jvm.dll+0x258859]
V  [jvm.dll+0x256e3a]
V  [jvm.dll+0x3ef6c6]
V  [jvm.dll+0x7ff568]
V  [jvm.dll+0x6c953d]
C  [ucrtbase.dll+0x14ea0]
C  [KERNEL32.DLL+0x2e8d7]
C  [ntdll.dll+0xdfbcc]


---------------  P R O C E S S  ---------------

Threads class SMR info:
_java_thread_list=0x000001c9f8c136c0, length=29, elements={
0x000001c9ae971cc0, 0x000001c9ae972920, 0x000001c9ae976370, 0x000001c9ae976f00,
0x000001c9ae97af60, 0x000001c9ae97b5d0, 0x000001c9ae97c640, 0x000001c9ae984950,
0x000001c9ae93be60, 0x000001c9f419c810, 0x000001c9f4199350, 0x000001c9f4fa6c00,
0x000001c9f4fa5ee0, 0x000001c9f4fa4b30, 0x000001c9f4fa6570, 0x000001c9f4fa7290,
0x000001c9f4fa44a0, 0x000001c9f9dff940, 0x000001c9f9e00660, 0x000001c9f9dfe590,
0x000001c9f9dff2b0, 0x000001c9f9dfec20, 0x000001c9f9dfffd0, 0x000001c9f9dfd1e0,
0x000001c9f9e00cf0, 0x000001c9f9dfd870, 0x000001c9f9e01380, 0x000001c9f9dfdf00,
0x000001c9f9e02730
}

Java Threads: ( => current thread )
  0x000001c9ae971cc0 JavaThread "Reference Handler"          daemon [_thread_blocked, id=14224, stack(0x0000001c82d00000,0x0000001c82e00000) (1024K)]
  0x000001c9ae972920 JavaThread "Finalizer"                  daemon [_thread_blocked, id=18400, stack(0x0000001c82e00000,0x0000001c82f00000) (1024K)]
  0x000001c9ae976370 JavaThread "Signal Dispatcher"          daemon [_thread_blocked, id=15580, stack(0x0000001c82f00000,0x0000001c83000000) (1024K)]
  0x000001c9ae976f00 JavaThread "Attach Listener"            daemon [_thread_blocked, id=21468, stack(0x0000001c83000000,0x0000001c83100000) (1024K)]
  0x000001c9ae97af60 JavaThread "Service Thread"             daemon [_thread_blocked, id=21460, stack(0x0000001c83100000,0x0000001c83200000) (1024K)]
  0x000001c9ae97b5d0 JavaThread "Monitor Deflation Thread"   daemon [_thread_blocked, id=20496, stack(0x0000001c83200000,0x0000001c83300000) (1024K)]
=>0x000001c9ae97c640 JavaThread "C2 CompilerThread0"         daemon [_thread_in_native, id=21476, stack(0x0000001c83300000,0x0000001c83400000) (1024K)]
  0x000001c9ae984950 JavaThread "C1 CompilerThread0"         daemon [_thread_blocked, id=1896, stack(0x0000001c83400000,0x0000001c83500000) (1024K)]
  0x000001c9ae93be60 JavaThread "Common-Cleaner"             daemon [_thread_blocked, id=1904, stack(0x0000001c83500000,0x0000001c83600000) (1024K)]
  0x000001c9f419c810 JavaThread "Monitor Ctrl-Break"         daemon [_thread_in_native, id=14528, stack(0x0000001c83600000,0x0000001c83700000) (1024K)]
  0x000001c9f4199350 JavaThread "Notification Thread"        daemon [_thread_blocked, id=20164, stack(0x0000001c83700000,0x0000001c83800000) (1024K)]
  0x000001c9f4fa6c00 JavaThread "Catalina-utility-1"                [_thread_blocked, id=2804, stack(0x0000001c83f00000,0x0000001c84000000) (1024K)]
  0x000001c9f4fa5ee0 JavaThread "Catalina-utility-2"                [_thread_blocked, id=17592, stack(0x0000001c84600000,0x0000001c84700000) (1024K)]
  0x000001c9f4fa4b30 JavaThread "container-0"                       [_thread_blocked, id=10336, stack(0x0000001c84700000,0x0000001c84800000) (1024K)]
  0x000001c9f4fa6570 JavaThread "mysql-cj-abandoned-connection-cleanup" daemon [_thread_blocked, id=20124, stack(0x0000001c84800000,0x0000001c84900000) (1024K)]
  0x000001c9f4fa7290 JavaThread "HikariPool-1 housekeeper"   daemon [_thread_blocked, id=14044, stack(0x0000001c84a00000,0x0000001c84b00000) (1024K)]
  0x000001c9f4fa44a0 JavaThread "http-nio-8080-exec-1"       daemon [_thread_blocked, id=4172, stack(0x0000001c84c00000,0x0000001c84d00000) (1024K)]
  0x000001c9f9dff940 JavaThread "http-nio-8080-exec-2"       daemon [_thread_blocked, id=20616, stack(0x0000001c84d00000,0x0000001c84e00000) (1024K)]
  0x000001c9f9e00660 JavaThread "http-nio-8080-exec-3"       daemon [_thread_blocked, id=3568, stack(0x0000001c84e00000,0x0000001c84f00000) (1024K)]
  0x000001c9f9dfe590 JavaThread "http-nio-8080-exec-4"       daemon [_thread_blocked, id=21492, stack(0x0000001c84f00000,0x0000001c85000000) (1024K)]
  0x000001c9f9dff2b0 JavaThread "http-nio-8080-exec-5"       daemon [_thread_blocked, id=5024, stack(0x0000001c85000000,0x0000001c85100000) (1024K)]
  0x000001c9f9dfec20 JavaThread "http-nio-8080-exec-6"       daemon [_thread_blocked, id=4840, stack(0x0000001c85100000,0x0000001c85200000) (1024K)]
  0x000001c9f9dfffd0 JavaThread "http-nio-8080-exec-7"       daemon [_thread_blocked, id=17168, stack(0x0000001c85200000,0x0000001c85300000) (1024K)]
  0x000001c9f9dfd1e0 JavaThread "http-nio-8080-exec-8"       daemon [_thread_blocked, id=5924, stack(0x0000001c85300000,0x0000001c85400000) (1024K)]
  0x000001c9f9e00cf0 JavaThread "http-nio-8080-exec-9"       daemon [_thread_blocked, id=5916, stack(0x0000001c85400000,0x0000001c85500000) (1024K)]
  0x000001c9f9dfd870 JavaThread "http-nio-8080-exec-10"      daemon [_thread_blocked, id=1384, stack(0x0000001c85500000,0x0000001c85600000) (1024K)]
  0x000001c9f9e01380 JavaThread "http-nio-8080-Poller"       daemon [_thread_in_native, id=1644, stack(0x0000001c85600000,0x0000001c85700000) (1024K)]
  0x000001c9f9dfdf00 JavaThread "http-nio-8080-Acceptor"     daemon [_thread_in_native, id=1496, stack(0x0000001c85700000,0x0000001c85800000) (1024K)]
  0x000001c9f9e02730 JavaThread "DestroyJavaVM"                     [_thread_blocked, id=13984, stack(0x0000001c82500000,0x0000001c82600000) (1024K)]
Total: 29

Other Threads:
  0x000001c9ae951eb0 VMThread "VM Thread"                           [id=8516, stack(0x0000001c82c00000,0x0000001c82d00000) (1024K)]
  0x000001c9ae93b3e0 WatcherThread "VM Periodic Task Thread"        [id=14264, stack(0x0000001c82b00000,0x0000001c82c00000) (1024K)]
  0x000001c98ed2adb0 WorkerThread "GC Thread#0"                     [id=14660, stack(0x0000001c82600000,0x0000001c82700000) (1024K)]
  0x000001c9f49bd800 WorkerThread "GC Thread#1"                     [id=12008, stack(0x0000001c83900000,0x0000001c83a00000) (1024K)]
  0x000001c9f49bdba0 WorkerThread "GC Thread#2"                     [id=12912, stack(0x0000001c83a00000,0x0000001c83b00000) (1024K)]
  0x000001c9f49bedc0 WorkerThread "GC Thread#3"                     [id=15316, stack(0x0000001c83b00000,0x0000001c83c00000) (1024K)]
  0x000001c9f49bea20 WorkerThread "GC Thread#4"                     [id=15036, stack(0x0000001c83c00000,0x0000001c83d00000) (1024K)]
  0x000001c9f49bd460 WorkerThread "GC Thread#5"                     [id=5844, stack(0x0000001c83d00000,0x0000001c83e00000) (1024K)]
  0x000001c9f49bdf40 WorkerThread "GC Thread#6"                     [id=9828, stack(0x0000001c83e00000,0x0000001c83f00000) (1024K)]
  0x000001c9f4dd63f0 WorkerThread "GC Thread#7"                     [id=7712, stack(0x0000001c84000000,0x0000001c84100000) (1024K)]
  0x000001c9f4dd7610 WorkerThread "GC Thread#8"                     [id=2928, stack(0x0000001c84100000,0x0000001c84200000) (1024K)]
  0x000001c9f4dd46f0 WorkerThread "GC Thread#9"                     [id=14392, stack(0x0000001c84200000,0x0000001c84300000) (1024K)]
  0x000001c98ed3b950 ConcurrentGCThread "G1 Main Marker"            [id=7920, stack(0x0000001c82700000,0x0000001c82800000) (1024K)]
  0x000001c98ed3c450 WorkerThread "G1 Conc#0"                       [id=15352, stack(0x0000001c82800000,0x0000001c82900000) (1024K)]
  0x000001c9f4dd4e30 WorkerThread "G1 Conc#1"                       [id=7844, stack(0x0000001c84400000,0x0000001c84500000) (1024K)]
  0x000001c9f4dd6b30 WorkerThread "G1 Conc#2"                       [id=3628, stack(0x0000001c84500000,0x0000001c84600000) (1024K)]
  0x000001c9ae8001d0 ConcurrentGCThread "G1 Refine#0"               [id=19268, stack(0x0000001c82900000,0x0000001c82a00000) (1024K)]
  0x000001c9ae8009f0 ConcurrentGCThread "G1 Service"                [id=7568, stack(0x0000001c82a00000,0x0000001c82b00000) (1024K)]
Total: 18

Threads with active compile tasks:
C2 CompilerThread0   782517 6508       4       sun.net.www.protocol.file.Handler::parseURL (18 bytes)
Total: 1

VM state: not at safepoint (normal execution)

VM Mutex/Monitor currently owned by a thread: None

Heap address: 0x0000000704400000, size: 4028 MB, Compressed Oops mode: Zero based, Oop shift amount: 3

CDS archive(s) mapped at: [0x000001c9af000000-0x000001c9afc90000-0x000001c9afc90000), size 13172736, SharedBaseAddress: 0x000001c9af000000, ArchiveRelocationMode: 1.
Compressed class space mapped at: 0x000001c9b0000000-0x000001c9f0000000, reserved size: 1073741824
Narrow klass base: 0x000001c9af000000, Narrow klass shift: 0, Narrow klass range: 0x100000000

GC Precious Log:
 CardTable entry size: 512
 Card Set container configuration: InlinePtr #cards 4 size 8 Array Of Cards #cards 16 size 48 Howl #buckets 8 coarsen threshold 3686 Howl Bitmap #cards 512 size 80 coarsen threshold 460 Card regions per heap region 1 cards per card region 4096
 CPUs: 12 total, 12 available
 Memory: 16108M
 Large Page Support: Disabled
 NUMA Support: Disabled
 Compressed Oops: Enabled (Zero based)
 Heap Region Size: 2M
 Heap Min Capacity: 8M
 Heap Initial Capacity: 252M
 Heap Max Capacity: 4028M
 Pre-touch: Disabled
 Parallel Workers: 10
 Concurrent Workers: 3
 Concurrent Refinement Workers: 10
 Periodic GC: Disabled

Heap:
 garbage-first heap   total 71680K, used 33954K [0x0000000704400000, 0x0000000800000000)
  region size 2048K, 2 young (4096K), 1 survivors (2048K)
 Metaspace       used 78286K, committed 78976K, reserved 1179648K
  class space    used 10621K, committed 10944K, reserved 1048576K

Heap Regions: E=young(eden), S=young(survivor), O=old, HS=humongous(starts), HC=humongous(continues), CS=collection set, F=free, TAMS=top-at-mark-start, PB=parsable bottom
|   0|0x0000000704400000, 0x0000000704600000, 0x0000000704600000|100%| O|  |TAMS 0x0000000704400000| PB 0x0000000704400000| Untracked 
|   1|0x0000000704600000, 0x0000000704800000, 0x0000000704800000|100%| O|  |TAMS 0x0000000704600000| PB 0x0000000704600000| Untracked 
|   2|0x0000000704800000, 0x0000000704a00000, 0x0000000704a00000|100%| O|  |TAMS 0x0000000704800000| PB 0x0000000704800000| Untracked 
|   3|0x0000000704a00000, 0x0000000704c00000, 0x0000000704c00000|100%| O|  |TAMS 0x0000000704a00000| PB 0x0000000704a00000| Untracked 
|   4|0x0000000704c00000, 0x0000000704e00000, 0x0000000704e00000|100%| O|  |TAMS 0x0000000704c00000| PB 0x0000000704c00000| Untracked 
|   5|0x0000000704e00000, 0x0000000705000000, 0x0000000705000000|100%| O|  |TAMS 0x0000000704e00000| PB 0x0000000704e00000| Untracked 
|   6|0x0000000705000000, 0x0000000705200000, 0x0000000705200000|100%| O|  |TAMS 0x0000000705000000| PB 0x0000000705000000| Untracked 
|   7|0x0000000705200000, 0x0000000705400000, 0x0000000705400000|100%| O|  |TAMS 0x0000000705200000| PB 0x0000000705200000| Untracked 
|   8|0x0000000705400000, 0x0000000705600000, 0x0000000705600000|100%| O|  |TAMS 0x0000000705400000| PB 0x0000000705400000| Untracked 
|   9|0x0000000705600000, 0x0000000705800000, 0x0000000705800000|100%| O|  |TAMS 0x0000000705600000| PB 0x0000000705600000| Untracked 
|  10|0x0000000705800000, 0x0000000705a00000, 0x0000000705a00000|100%| O|  |TAMS 0x0000000705800000| PB 0x0000000705800000| Untracked 
|  11|0x0000000705a00000, 0x0000000705c00000, 0x0000000705c00000|100%| O|  |TAMS 0x0000000705a00000| PB 0x0000000705a00000| Untracked 
|  12|0x0000000705c00000, 0x0000000705e00000, 0x0000000705e00000|100%| O|  |TAMS 0x0000000705c00000| PB 0x0000000705c00000| Untracked 
|  13|0x0000000705e00000, 0x0000000706000000, 0x0000000706000000|100%| O|  |TAMS 0x0000000705e00000| PB 0x0000000705e00000| Untracked 
|  14|0x0000000706000000, 0x0000000706200000, 0x0000000706200000|100%| O|  |TAMS 0x0000000706000000| PB 0x0000000706000000| Untracked 
|  15|0x0000000706200000, 0x000000070636e340, 0x0000000706400000| 71%| O|  |TAMS 0x0000000706200000| PB 0x0000000706200000| Untracked 
|  16|0x0000000706400000, 0x0000000706400000, 0x0000000706600000|  0%| F|  |TAMS 0x0000000706400000| PB 0x0000000706400000| Untracked 
|  17|0x0000000706600000, 0x0000000706600000, 0x0000000706800000|  0%| F|  |TAMS 0x0000000706600000| PB 0x0000000706600000| Untracked 
|  18|0x0000000706800000, 0x0000000706800000, 0x0000000706a00000|  0%| F|  |TAMS 0x0000000706800000| PB 0x0000000706800000| Untracked 
|  19|0x0000000706a00000, 0x0000000706a00000, 0x0000000706c00000|  0%| F|  |TAMS 0x0000000706a00000| PB 0x0000000706a00000| Untracked 
|  20|0x0000000706c00000, 0x0000000706c00000, 0x0000000706e00000|  0%| F|  |TAMS 0x0000000706c00000| PB 0x0000000706c00000| Untracked 
|  21|0x0000000706e00000, 0x0000000706e00000, 0x0000000707000000|  0%| F|  |TAMS 0x0000000706e00000| PB 0x0000000706e00000| Untracked 
|  22|0x0000000707000000, 0x00000007071ba788, 0x0000000707200000| 86%| S|CS|TAMS 0x0000000707000000| PB 0x0000000707000000| Complete 
|  23|0x0000000707200000, 0x0000000707200000, 0x0000000707400000|  0%| F|  |TAMS 0x0000000707200000| PB 0x0000000707200000| Untracked 
|  24|0x0000000707400000, 0x0000000707400000, 0x0000000707600000|  0%| F|  |TAMS 0x0000000707400000| PB 0x0000000707400000| Untracked 
|  25|0x0000000707600000, 0x0000000707600000, 0x0000000707800000|  0%| F|  |TAMS 0x0000000707600000| PB 0x0000000707600000| Untracked 
|  26|0x0000000707800000, 0x0000000707800000, 0x0000000707a00000|  0%| F|  |TAMS 0x0000000707800000| PB 0x0000000707800000| Untracked 
|  27|0x0000000707a00000, 0x0000000707a00000, 0x0000000707c00000|  0%| F|  |TAMS 0x0000000707a00000| PB 0x0000000707a00000| Untracked 
|  28|0x0000000707c00000, 0x0000000707c00000, 0x0000000707e00000|  0%| F|  |TAMS 0x0000000707c00000| PB 0x0000000707c00000| Untracked 
|  29|0x0000000707e00000, 0x0000000707e00000, 0x0000000708000000|  0%| F|  |TAMS 0x0000000707e00000| PB 0x0000000707e00000| Untracked 
| 100|0x0000000710c00000, 0x0000000710c00000, 0x0000000710e00000|  0%| F|  |TAMS 0x0000000710c00000| PB 0x0000000710c00000| Untracked 
| 101|0x0000000710e00000, 0x0000000710e00000, 0x0000000711000000|  0%| F|  |TAMS 0x0000000710e00000| PB 0x0000000710e00000| Untracked 
| 102|0x0000000711000000, 0x0000000711000000, 0x0000000711200000|  0%| F|  |TAMS 0x0000000711000000| PB 0x0000000711000000| Untracked 
| 103|0x0000000711200000, 0x0000000711200000, 0x0000000711400000|  0%| F|  |TAMS 0x0000000711200000| PB 0x0000000711200000| Untracked 
| 125|0x0000000713e00000, 0x0000000713f1f8d0, 0x0000000714000000| 56%| E|  |TAMS 0x0000000713e00000| PB 0x0000000713e00000| Complete 

Card table byte_map: [0x000001c9a75a0000,0x000001c9a7d80000] _byte_map_base: 0x000001c9a3d7e000

Marking Bits: (CMBitMap*) 0x000001c98ed2b4b0
 Bits: [0x000001c9a7d80000, 0x000001c9abc70000)

Polling page: 0x000001c98d450000

Metaspace:

Usage:
  Non-class:     66.08 MB used.
      Class:     10.37 MB used.
       Both:     76.45 MB used.

Virtual space:
  Non-class space:      128.00 MB reserved,      66.44 MB ( 52%) committed,  2 nodes.
      Class space:        1.00 GB reserved,      10.69 MB (  1%) committed,  1 nodes.
             Both:        1.12 GB reserved,      77.12 MB (  7%) committed. 

Chunk freelists:
   Non-Class:  13.16 MB
       Class:  5.25 MB
        Both:  18.41 MB

MaxMetaspaceSize: unlimited
CompressedClassSpaceSize: 1.00 GB
Initial GC threshold: 21.00 MB
Current GC threshold: 98.44 MB
CDS: on
 - commit_granule_bytes: 65536.
 - commit_granule_words: 8192.
 - virtual_space_node_default_size: 8388608.
 - enlarge_chunks_in_place: 1.
 - use_allocation_guard: 0.


Internal statistics:

num_allocs_failed_limit: 9.
num_arena_births: 1000.
num_arena_deaths: 0.
num_vsnodes_births: 3.
num_vsnodes_deaths: 0.
num_space_committed: 1234.
num_space_uncommitted: 0.
num_chunks_returned_to_freelist: 9.
num_chunks_taken_from_freelist: 3825.
num_chunk_merges: 6.
num_chunk_splits: 2817.
num_chunks_enlarged: 2242.
num_inconsistent_stats: 0.

CodeHeap 'non-profiled nmethods': size=120000Kb used=4436Kb max_used=4436Kb free=115563Kb
 bounds [0x000001c99ec00000, 0x000001c99f060000, 0x000001c9a6130000]
CodeHeap 'profiled nmethods': size=120000Kb used=11652Kb max_used=11652Kb free=108347Kb
 bounds [0x000001c997130000, 0x000001c997ca0000, 0x000001c99e660000]
CodeHeap 'non-nmethods': size=5760Kb used=1702Kb max_used=1747Kb free=4057Kb
 bounds [0x000001c99e660000, 0x000001c99e8d0000, 0x000001c99ec00000]
 total_blobs=6526 nmethods=5790 adapters=638
 compilation: enabled
              stopped_count=0, restarted_count=0
 full_count=0

Compilation events (20 events):
Event: 746.012 Thread 0x000001c9ae984950 nmethod 6498 0x000001c997736510 code [0x000001c9977366a0, 0x000001c997736798]
Event: 746.012 Thread 0x000001c9ae97c640 6499       4       java.lang.reflect.Method::getGenericReturnType (20 bytes)
Event: 746.016 Thread 0x000001c9ae984950 6502   !   3       jdk.internal.loader.AbstractClassLoaderValue::computeIfAbsent (113 bytes)
Event: 746.017 Thread 0x000001c9ae97c640 nmethod 6499 0x000001c99f050e10 code [0x000001c99f050fe0, 0x000001c99f051598]
Event: 746.017 Thread 0x000001c9ae97c640 6503       4       jdk.internal.loader.AbstractClassLoaderValue::extractValue (17 bytes)
Event: 746.017 Thread 0x000001c9ae984950 nmethod 6502 0x000001c997c8d790 code [0x000001c997c8da60, 0x000001c997c8ea88]
Event: 746.017 Thread 0x000001c9ae97c640 nmethod 6503 0x000001c99f051810 code [0x000001c99f0519a0, 0x000001c99f051a50]
Event: 746.017 Thread 0x000001c9ae97c640 6500       4       sun.reflect.generics.tree.ClassTypeSignature::accept (8 bytes)
Event: 746.018 Thread 0x000001c9ae97c640 nmethod 6500 0x000001c99f051b10 code [0x000001c99f051ca0, 0x000001c99f051d98]
Event: 746.018 Thread 0x000001c9ae97c640 6501       4       sun.reflect.generics.visitor.Reifier::visitClassTypeSignature (381 bytes)
Event: 746.022 Thread 0x000001c9ae984950 6504       3       org.apache.tomcat.util.buf.MessageBytes::equalsIgnoreCase (78 bytes)
Event: 746.022 Thread 0x000001c9ae984950 nmethod 6504 0x000001c997c8f090 code [0x000001c997c8f280, 0x000001c997c8f620]
Event: 746.025 Thread 0x000001c9ae984950 6505       3       org.apache.tomcat.util.buf.AbstractChunk::getLength (10 bytes)
Event: 746.025 Thread 0x000001c9ae984950 nmethod 6505 0x000001c997c8f790 code [0x000001c997c8f920, 0x000001c997c8fa30]
Event: 746.039 Thread 0x000001c9ae97c640 nmethod 6501 0x000001c99f051e90 code [0x000001c99f0521a0, 0x000001c99f053a68]
Event: 746.039 Thread 0x000001c9ae97c640 6506       4       java.nio.HeapByteBuffer::ix (7 bytes)
Event: 746.039 Thread 0x000001c9ae97c640 nmethod 6506 0x000001c99f054d90 code [0x000001c99f054f20, 0x000001c99f054fb0]
Event: 750.380 Thread 0x000001c9ae984950 6507   !   3       jdk.internal.loader.BuiltinClassLoader::findResource (154 bytes)
Event: 750.383 Thread 0x000001c9ae984950 nmethod 6507 0x000001c997c8fb10 code [0x000001c997c8fea0, 0x000001c997c913a8]
Event: 780.449 Thread 0x000001c9ae97c640 6508       4       sun.net.www.protocol.file.Handler::parseURL (18 bytes)

GC Heap History (20 events):
Event: 7.028 GC heap before
{Heap before GC invocations=2 (full 0):
 garbage-first heap   total 258048K, used 48640K [0x0000000704400000, 0x0000000800000000)
  region size 2048K, 22 young (45056K), 1 survivors (2048K)
 Metaspace       used 21195K, committed 21504K, reserved 1114112K
  class space    used 2685K, committed 2816K, reserved 1048576K
}
Event: 7.034 GC heap after
{Heap after GC invocations=3 (full 0):
 garbage-first heap   total 258048K, used 13946K [0x0000000704400000, 0x0000000800000000)
  region size 2048K, 4 young (8192K), 4 survivors (8192K)
 Metaspace       used 21195K, committed 21504K, reserved 1114112K
  class space    used 2685K, committed 2816K, reserved 1048576K
}
Event: 8.074 GC heap before
{Heap before GC invocations=4 (full 0):
 garbage-first heap   total 61440K, used 59002K [0x0000000704400000, 0x0000000800000000)
  region size 2048K, 26 young (53248K), 4 survivors (8192K)
 Metaspace       used 28587K, committed 28992K, reserved 1114112K
  class space    used 3703K, committed 3904K, reserved 1048576K
}
Event: 8.084 GC heap after
{Heap after GC invocations=5 (full 0):
 garbage-first heap   total 71680K, used 17748K [0x0000000704400000, 0x0000000800000000)
  region size 2048K, 5 young (10240K), 5 survivors (10240K)
 Metaspace       used 28587K, committed 28992K, reserved 1114112K
  class space    used 3703K, committed 3904K, reserved 1048576K
}
Event: 8.860 GC heap before
{Heap before GC invocations=5 (full 0):
 garbage-first heap   total 71680K, used 50516K [0x0000000704400000, 0x0000000800000000)
  region size 2048K, 21 young (43008K), 5 survivors (10240K)
 Metaspace       used 35225K, committed 35776K, reserved 1114112K
  class space    used 4490K, committed 4736K, reserved 1048576K
}
Event: 8.868 GC heap after
{Heap after GC invocations=6 (full 0):
 garbage-first heap   total 71680K, used 20821K [0x0000000704400000, 0x0000000800000000)
  region size 2048K, 2 young (4096K), 2 survivors (4096K)
 Metaspace       used 35225K, committed 35776K, reserved 1114112K
  class space    used 4490K, committed 4736K, reserved 1048576K
}
Event: 8.888 GC heap before
{Heap before GC invocations=6 (full 0):
 garbage-first heap   total 71680K, used 20821K [0x0000000704400000, 0x0000000800000000)
  region size 2048K, 3 young (6144K), 2 survivors (4096K)
 Metaspace       used 35598K, committed 36160K, reserved 1114112K
  class space    used 4531K, committed 4800K, reserved 1048576K
}
Event: 8.891 GC heap after
{Heap after GC invocations=7 (full 0):
 garbage-first heap   total 71680K, used 20427K [0x0000000704400000, 0x0000000800000000)
  region size 2048K, 2 young (4096K), 2 survivors (4096K)
 Metaspace       used 35598K, committed 36160K, reserved 1114112K
  class space    used 4531K, committed 4800K, reserved 1048576K
}
Event: 9.716 GC heap before
{Heap before GC invocations=8 (full 0):
 garbage-first heap   total 71680K, used 57291K [0x0000000704400000, 0x0000000800000000)
  region size 2048K, 20 young (40960K), 2 survivors (4096K)
 Metaspace       used 41970K, committed 42496K, reserved 1114112K
  class space    used 5275K, committed 5504K, reserved 1048576K
}
Event: 9.721 GC heap after
{Heap after GC invocations=9 (full 0):
 garbage-first heap   total 71680K, used 23878K [0x0000000704400000, 0x0000000800000000)
  region size 2048K, 3 young (6144K), 3 survivors (6144K)
 Metaspace       used 41970K, committed 42496K, reserved 1114112K
  class space    used 5275K, committed 5504K, reserved 1048576K
}
Event: 10.825 GC heap before
{Heap before GC invocations=9 (full 0):
 garbage-first heap   total 71680K, used 56646K [0x0000000704400000, 0x0000000800000000)
  region size 2048K, 20 young (40960K), 3 survivors (6144K)
 Metaspace       used 50653K, committed 51200K, reserved 1114112K
  class space    used 6613K, committed 6848K, reserved 1048576K
}
Event: 10.831 GC heap after
{Heap after GC invocations=10 (full 0):
 garbage-first heap   total 71680K, used 26011K [0x0000000704400000, 0x0000000800000000)
  region size 2048K, 2 young (4096K), 2 survivors (4096K)
 Metaspace       used 50653K, committed 51200K, reserved 1114112K
  class space    used 6613K, committed 6848K, reserved 1048576K
}
Event: 11.429 GC heap before
{Heap before GC invocations=10 (full 0):
 garbage-first heap   total 71680K, used 54683K [0x0000000704400000, 0x0000000800000000)
  region size 2048K, 17 young (34816K), 2 survivors (4096K)
 Metaspace       used 59873K, committed 60416K, reserved 1114112K
  class space    used 7920K, committed 8192K, reserved 1048576K
}
Event: 11.435 GC heap after
{Heap after GC invocations=11 (full 0):
 garbage-first heap   total 71680K, used 27182K [0x0000000704400000, 0x0000000800000000)
  region size 2048K, 2 young (4096K), 2 survivors (4096K)
 Metaspace       used 59873K, committed 60416K, reserved 1114112K
  class space    used 7920K, committed 8192K, reserved 1048576K
}
Event: 12.181 GC heap before
{Heap before GC invocations=12 (full 0):
 garbage-first heap   total 71680K, used 57902K [0x0000000704400000, 0x0000000800000000)
  region size 2048K, 18 young (36864K), 2 survivors (4096K)
 Metaspace       used 67160K, committed 67840K, reserved 1114112K
  class space    used 9052K, committed 9344K, reserved 1048576K
}
Event: 12.186 GC heap after
{Heap after GC invocations=13 (full 0):
 garbage-first heap   total 71680K, used 29511K [0x0000000704400000, 0x0000000800000000)
  region size 2048K, 2 young (4096K), 2 survivors (4096K)
 Metaspace       used 67160K, committed 67840K, reserved 1114112K
  class space    used 9052K, committed 9344K, reserved 1048576K
}
Event: 12.908 GC heap before
{Heap before GC invocations=13 (full 0):
 garbage-first heap   total 71680K, used 60231K [0x0000000704400000, 0x0000000800000000)
  region size 2048K, 17 young (34816K), 2 survivors (4096K)
 Metaspace       used 71816K, committed 72512K, reserved 1114112K
  class space    used 9741K, committed 10048K, reserved 1048576K
}
Event: 12.915 GC heap after
{Heap after GC invocations=14 (full 0):
 garbage-first heap   total 71680K, used 32288K [0x0000000704400000, 0x0000000800000000)
  region size 2048K, 3 young (6144K), 3 survivors (6144K)
 Metaspace       used 71816K, committed 72512K, reserved 1114112K
  class space    used 9741K, committed 10048K, reserved 1048576K
}
Event: 745.941 GC heap before
{Heap before GC invocations=14 (full 0):
 garbage-first heap   total 71680K, used 54816K [0x0000000704400000, 0x0000000800000000)
  region size 2048K, 15 young (30720K), 3 survivors (6144K)
 Metaspace       used 78005K, committed 78784K, reserved 1179648K
  class space    used 10591K, committed 10944K, reserved 1048576K
}
Event: 745.976 GC heap after
{Heap after GC invocations=15 (full 0):
 garbage-first heap   total 71680K, used 33954K [0x0000000704400000, 0x0000000800000000)
  region size 2048K, 1 young (2048K), 1 survivors (2048K)
 Metaspace       used 78005K, committed 78784K, reserved 1179648K
  class space    used 10591K, committed 10944K, reserved 1048576K
}

Dll operation events (14 events):
Event: 0.022 Loaded shared library C:\Users\tradi\.jdks\openjdk-21.0.2\bin\java.dll
Event: 0.061 Loaded shared library C:\Users\tradi\.jdks\openjdk-21.0.2\bin\jsvml.dll
Event: 0.148 Loaded shared library C:\Users\tradi\.jdks\openjdk-21.0.2\bin\zip.dll
Event: 0.158 Loaded shared library C:\Users\tradi\.jdks\openjdk-21.0.2\bin\instrument.dll
Event: 0.171 Loaded shared library C:\Users\tradi\.jdks\openjdk-21.0.2\bin\net.dll
Event: 0.173 Loaded shared library C:\Users\tradi\.jdks\openjdk-21.0.2\bin\nio.dll
Event: 0.325 Loaded shared library C:\Users\tradi\.jdks\openjdk-21.0.2\bin\zip.dll
Event: 1.525 Loaded shared library C:\Users\tradi\.jdks\openjdk-21.0.2\bin\jimage.dll
Event: 5.572 Loaded shared library C:\Program Files\JetBrains\IntelliJ IDEA Community Edition 2023.3.2\bin\breakgen64.dll
Event: 5.580 Loaded shared library C:\Users\tradi\.jdks\openjdk-21.0.2\bin\extnet.dll
Event: 7.054 Loaded shared library C:\Users\tradi\.jdks\openjdk-21.0.2\bin\sunmscapi.dll
Event: 8.374 Loaded shared library C:\Users\tradi\.jdks\openjdk-21.0.2\bin\management.dll
Event: 8.375 Loaded shared library C:\Users\tradi\.jdks\openjdk-21.0.2\bin\management_ext.dll
Event: 10.543 Loaded shared library C:\Users\tradi\.jdks\openjdk-21.0.2\bin\verify.dll

Deoptimization events (20 events):
Event: 745.883 Thread 0x000001c9f4fa44a0 DEOPT PACKING pc=0x000001c997c854b8 sp=0x0000001c84cfb5b0
Event: 745.883 Thread 0x000001c9f4fa44a0 DEOPT UNPACKING pc=0x000001c99e6b4e42 sp=0x0000001c84cfaa90 mode 0
Event: 745.883 Thread 0x000001c9f4fa44a0 DEOPT PACKING pc=0x000001c997c854b8 sp=0x0000001c84cfb5b0
Event: 745.883 Thread 0x000001c9f4fa44a0 DEOPT UNPACKING pc=0x000001c99e6b4e42 sp=0x0000001c84cfaa90 mode 0
Event: 745.884 Thread 0x000001c9f4fa44a0 DEOPT PACKING pc=0x000001c997c854b8 sp=0x0000001c84cfb5b0
Event: 745.884 Thread 0x000001c9f4fa44a0 DEOPT UNPACKING pc=0x000001c99e6b4e42 sp=0x0000001c84cfaa90 mode 0
Event: 745.885 Thread 0x000001c9f4fa44a0 DEOPT PACKING pc=0x000001c997c854b8 sp=0x0000001c84cfb5b0
Event: 745.885 Thread 0x000001c9f4fa44a0 DEOPT UNPACKING pc=0x000001c99e6b4e42 sp=0x0000001c84cfaa90 mode 0
Event: 745.885 Thread 0x000001c9f4fa44a0 DEOPT PACKING pc=0x000001c997c854b8 sp=0x0000001c84cfb5b0
Event: 745.885 Thread 0x000001c9f4fa44a0 DEOPT UNPACKING pc=0x000001c99e6b4e42 sp=0x0000001c84cfaa90 mode 0
Event: 745.886 Thread 0x000001c9f4fa44a0 DEOPT PACKING pc=0x000001c997c854b8 sp=0x0000001c84cfb5b0
Event: 745.886 Thread 0x000001c9f4fa44a0 DEOPT UNPACKING pc=0x000001c99e6b4e42 sp=0x0000001c84cfaa90 mode 0
Event: 746.011 Thread 0x000001c9f4fa44a0 Uncommon trap: trap_request=0xffffff45 fr.pc=0x000001c99ed54e40 relative=0x00000000000003e0
Event: 746.011 Thread 0x000001c9f4fa44a0 Uncommon trap: reason=unstable_if action=reinterpret pc=0x000001c99ed54e40 method=java.util.HashMap.getNode(Ljava/lang/Object;)Ljava/util/HashMap$Node; @ 66 c2
Event: 746.011 Thread 0x000001c9f4fa44a0 DEOPT PACKING pc=0x000001c99ed54e40 sp=0x0000001c84cfaad0
Event: 746.011 Thread 0x000001c9f4fa44a0 DEOPT UNPACKING pc=0x000001c99e6b46a2 sp=0x0000001c84cfaa00 mode 2
Event: 746.039 Thread 0x000001c9f9e01380 Uncommon trap: trap_request=0xffffffde fr.pc=0x000001c99ee558e4 relative=0x0000000000000824
Event: 746.039 Thread 0x000001c9f9e01380 Uncommon trap: reason=class_check action=maybe_recompile pc=0x000001c99ee558e4 method=java.util.HashMap.putVal(ILjava/lang/Object;Ljava/lang/Object;ZZ)Ljava/lang/Object; @ 91 c2
Event: 746.039 Thread 0x000001c9f9e01380 DEOPT PACKING pc=0x000001c99ee558e4 sp=0x0000001c856fee50
Event: 746.039 Thread 0x000001c9f9e01380 DEOPT UNPACKING pc=0x000001c99e6b46a2 sp=0x0000001c856fede0 mode 2

Classes loaded (20 events):
Event: 744.013 Loading class sun/nio/cs/ThreadLocalCoders
Event: 744.014 Loading class sun/nio/cs/ThreadLocalCoders done
Event: 744.015 Loading class sun/nio/cs/ThreadLocalCoders$1
Event: 744.015 Loading class sun/nio/cs/ThreadLocalCoders$Cache
Event: 744.015 Loading class sun/nio/cs/ThreadLocalCoders$Cache done
Event: 744.015 Loading class sun/nio/cs/ThreadLocalCoders$1 done
Event: 744.015 Loading class sun/nio/cs/ThreadLocalCoders$2
Event: 744.015 Loading class sun/nio/cs/ThreadLocalCoders$2 done
Event: 744.435 Loading class java/time/format/DateTimeFormatterBuilder$ZoneTextPrinterParser
Event: 744.436 Loading class java/time/format/DateTimeFormatterBuilder$ZoneTextPrinterParser done
Event: 744.436 Loading class java/time/format/DateTimeFormatterBuilder$ReducedPrinterParser
Event: 744.436 Loading class java/time/format/DateTimeFormatterBuilder$ReducedPrinterParser done
Event: 744.465 Loading class org/w3c/dom/Node
Event: 744.466 Loading class org/w3c/dom/Node done
Event: 744.466 Loading class org/w3c/dom/Document
Event: 744.466 Loading class org/w3c/dom/Document done
Event: 745.998 Loading class java/util/stream/LongStream
Event: 745.999 Loading class java/util/stream/LongStream done
Event: 746.000 Loading class java/util/stream/DoubleStream
Event: 746.000 Loading class java/util/stream/DoubleStream done

Classes unloaded (0 events):
No events

Classes redefined (0 events):
No events

Internal exceptions (20 events):
Event: 11.701 Thread 0x000001c98d22f8d0 Exception <a 'java/lang/NoSuchMethodError'{0x0000000707dffb50}: 'void java.lang.invoke.DirectMethodHandle$Holder.invokeInterface(java.lang.Object, java.lang.Object)'> (0x0000000707dffb50) 
thrown [s\open\src\hotspot\share\interpreter\linkResolver.cpp, line 773]
Event: 11.757 Thread 0x000001c98d22f8d0 Exception <a 'java/lang/NoSuchMethodError'{0x00000007078f1008}: 'void java.lang.invoke.Invokers$Holder.invokeExact_MT(java.lang.Object, java.lang.Object, java.lang.Object, java.lang.Object)'> (0x00000007078f1008) 
thrown [s\open\src\hotspot\share\interpreter\linkResolver.cpp, line 773]
Event: 11.816 Thread 0x000001c98d22f8d0 Exception <a 'java/lang/IncompatibleClassChangeError'{0x0000000707552ff0}: Found class java.lang.Object, but interface was expected> (0x0000000707552ff0) 
thrown [s\open\src\hotspot\share\interpreter\linkResolver.cpp, line 840]
Event: 11.871 Thread 0x000001c98d22f8d0 Exception <a 'java/lang/IncompatibleClassChangeError'{0x00000007072ddf30}: Found class java.lang.Object, but interface was expected> (0x00000007072ddf30) 
thrown [s\open\src\hotspot\share\interpreter\linkResolver.cpp, line 840]
Event: 12.071 Thread 0x000001c98d22f8d0 Exception <a 'java/lang/IncompatibleClassChangeError'{0x0000000706cdfe70}: Found class java.lang.Object, but interface was expected> (0x0000000706cdfe70) 
thrown [s\open\src\hotspot\share\interpreter\linkResolver.cpp, line 840]
Event: 12.169 Thread 0x000001c98d22f8d0 Exception <a 'java/lang/IncompatibleClassChangeError'{0x000000070678cbb0}: Found class java.lang.Object, but interface was expected> (0x000000070678cbb0) 
thrown [s\open\src\hotspot\share\interpreter\linkResolver.cpp, line 840]
Event: 12.316 Thread 0x000001c98d22f8d0 Exception <a 'java/lang/NoSuchMethodError'{0x00000007110edb38}: 'java.lang.Object java.lang.invoke.DirectMethodHandle$Holder.newInvokeSpecial(java.lang.Object, java.lang.Object, java.lang.Object, java.lang.Object, java.lang.Object, java.lang.Object, java.lang.Object, java.lang.Object)'> (0x00000007110edb38) 
thrown [s\open\src\hotspot\share\interpreter\linkResolver.cpp, line 773]
Event: 12.656 Thread 0x000001c98d22f8d0 Exception <a 'java/lang/IncompatibleClassChangeError'{0x00000007076e20b0}: Found class java.lang.Object, but interface was expected> (0x00000007076e20b0) 
thrown [s\open\src\hotspot\share\interpreter\linkResolver.cpp, line 840]
Event: 12.771 Thread 0x000001c98d22f8d0 Exception <a 'java/lang/NoSuchMethodError'{0x00000007073c9998}: 'java.lang.Object java.lang.invoke.DirectMethodHandle$Holder.invokeInterface(java.lang.Object, java.lang.Object, java.lang.Object, java.lang.Object)'> (0x00000007073c9998) 
thrown [s\open\src\hotspot\share\interpreter\linkResolver.cpp, line 773]
Event: 12.820 Thread 0x000001c98d22f8d0 Exception <a 'java/lang/NoSuchMethodError'{0x00000007071b43b8}: 'void java.lang.invoke.DirectMethodHandle$Holder.invokeVirtual(java.lang.Object, java.lang.Object, long)'> (0x00000007071b43b8) 
thrown [s\open\src\hotspot\share\interpreter\linkResolver.cpp, line 773]
Event: 12.871 Thread 0x000001c98d22f8d0 Exception <a 'java/lang/NoSuchMethodError'{0x0000000706c11c68}: 'int java.lang.invoke.DirectMethodHandle$Holder.invokeStaticInit(java.lang.Object, java.lang.Object, java.lang.Object, java.lang.Object)'> (0x0000000706c11c68) 
thrown [s\open\src\hotspot\share\interpreter\linkResolver.cpp, line 773]
Event: 12.897 Thread 0x000001c98d22f8d0 Exception <a 'java/lang/NoSuchMethodError'{0x0000000706d55c38}: 'java.lang.Object java.lang.invoke.Invokers$Holder.invoke_MT(java.lang.Object, java.lang.Object, java.lang.Object, java.lang.Object, java.lang.Object, java.lang.Object, java.lang.Object, java.lang.Object, java.lang.Object)'> (0x0000000706d55c38) 
thrown [s\open\src\hotspot\share\interpreter\linkResolver.cpp, line 773]
Event: 12.919 Thread 0x000001c98d22f8d0 Exception <a 'java/lang/IncompatibleClassChangeError'{0x0000000713e44280}: Found class java.lang.Object, but interface was expected> (0x0000000713e44280) 
thrown [s\open\src\hotspot\share\interpreter\linkResolver.cpp, line 840]
Event: 12.926 Thread 0x000001c98d22f8d0 Implicit null exception at 0x000001c99ed63e08 to 0x000001c99ed64074
Event: 12.948 Thread 0x000001c98d22f8d0 Exception <a 'java/lang/NoSuchMethodError'{0x0000000713f9e690}: 'java.lang.Object java.lang.invoke.Invokers$Holder.invoke_MT(java.lang.Object, java.lang.Object, java.lang.Object, java.lang.Object, java.lang.Object, java.lang.Object, java.lang.Object, java.lang.Object, java.lang.Object, java.lang.Object, java.lang.Object)'> (0x0000000713f9e690) 
thrown [s\open\src\hotspot\share\interpreter\linkResolver.cpp, line 773]
Event: 13.003 Thread 0x000001c98d22f8d0 Exception <a 'java/lang/NoSuchMethodError'{0x0000000711043648}: 'java.lang.Object java.lang.invoke.DirectMethodHandle$Holder.newInvokeSpecial(java.lang.Object, java.lang.Object, int, java.lang.Object, java.lang.Object)'> (0x0000000711043648) 
thrown [s\open\src\hotspot\share\interpreter\linkResolver.cpp, line 773]
Event: 743.996 Thread 0x000001c9f4fa44a0 Exception <a 'java/lang/NoSuchMethodError'{0x0000000710cb04d8}: 'java.lang.Object java.lang.invoke.DirectMethodHandle$Holder.invokeSpecial(java.lang.Object, java.lang.Object, java.lang.Object, java.lang.Object, java.lang.Object, long)'> (0x0000000710cb04d8) 
thrown [s\open\src\hotspot\share\interpreter\linkResolver.cpp, line 773]
Event: 743.996 Thread 0x000001c9f4fa44a0 Exception <a 'java/lang/NoSuchMethodError'{0x0000000710cb3c50}: 'java.lang.Object java.lang.invoke.Invokers$Holder.linkToTargetMethod(java.lang.Object, java.lang.Object, java.lang.Object, long, java.lang.Object)'> (0x0000000710cb3c50) 
thrown [s\open\src\hotspot\share\interpreter\linkResolver.cpp, line 773]
Event: 745.312 Thread 0x000001c9f4fa44a0 Exception <a 'java/lang/NoSuchMethodError'{0x00000007074a5f88}: 'void java.lang.invoke.DirectMethodHandle$Holder.invokeSpecialIFC(java.lang.Object, java.lang.Object, int, java.lang.Object, java.lang.Object, java.lang.Object, java.lang.Object)'> (0x00000007074a5f88) 
thrown [s\open\src\hotspot\share\interpreter\linkResolver.cpp, line 773]
Event: 745.707 Thread 0x000001c9f4fa44a0 Implicit null exception at 0x000001c99f048441 to 0x000001c99f0485ac

ZGC Phase Switch (0 events):
No events

VM Operations (20 events):
Event: 744.077 Executing VM operation: HandshakeAllThreads (Deoptimize)
Event: 744.078 Executing VM operation: HandshakeAllThreads (Deoptimize) done
Event: 744.437 Executing VM operation: HandshakeAllThreads (Deoptimize)
Event: 744.437 Executing VM operation: HandshakeAllThreads (Deoptimize) done
Event: 744.501 Executing VM operation: HandshakeAllThreads (Deoptimize)
Event: 744.501 Executing VM operation: HandshakeAllThreads (Deoptimize) done
Event: 745.515 Executing VM operation: Cleanup
Event: 745.515 Executing VM operation: Cleanup done
Event: 745.904 Executing VM operation: HandshakeAllThreads (Deoptimize)
Event: 745.904 Executing VM operation: HandshakeAllThreads (Deoptimize) done
Event: 745.940 Executing VM operation: G1CollectForAllocation (G1 Evacuation Pause)
Event: 745.978 Executing VM operation: G1CollectForAllocation (G1 Evacuation Pause) done
Event: 746.983 Executing VM operation: Cleanup
Event: 746.983 Executing VM operation: Cleanup done
Event: 747.988 Executing VM operation: Cleanup
Event: 747.989 Executing VM operation: Cleanup done
Event: 777.242 Executing VM operation: Cleanup
Event: 777.242 Executing VM operation: Cleanup done
Event: 778.244 Executing VM operation: Cleanup
Event: 778.244 Executing VM operation: Cleanup done

Events (20 events):
Event: 11.804 Thread 0x000001c9f651cd40 Thread added: 0x000001c9f651cd40
Event: 13.011 Thread 0x000001c9f4fa44a0 Thread added: 0x000001c9f4fa44a0
Event: 13.011 Thread 0x000001c9f9dff940 Thread added: 0x000001c9f9dff940
Event: 13.011 Thread 0x000001c9f9e00660 Thread added: 0x000001c9f9e00660
Event: 13.012 Thread 0x000001c9f9dfe590 Thread added: 0x000001c9f9dfe590
Event: 13.012 Thread 0x000001c9f9dff2b0 Thread added: 0x000001c9f9dff2b0
Event: 13.012 Thread 0x000001c9f9dfec20 Thread added: 0x000001c9f9dfec20
Event: 13.012 Thread 0x000001c9f9dfffd0 Thread added: 0x000001c9f9dfffd0
Event: 13.012 Thread 0x000001c9f9dfd1e0 Thread added: 0x000001c9f9dfd1e0
Event: 13.012 Thread 0x000001c9f9e00cf0 Thread added: 0x000001c9f9e00cf0
Event: 13.012 Thread 0x000001c9f9dfd870 Thread added: 0x000001c9f9dfd870
Event: 13.024 Thread 0x000001c9f9e01380 Thread added: 0x000001c9f9e01380
Event: 13.026 Thread 0x000001c9f9dfdf00 Thread added: 0x000001c9f9dfdf00
Event: 13.044 Thread 0x000001c98d22f8d0 Thread exited: 0x000001c98d22f8d0
Event: 13.044 Thread 0x000001c9f9e02730 Thread added: 0x000001c9f9e02730
Event: 14.554 Thread 0x000001c9f4fa3e10 Thread exited: 0x000001c9f4fa3e10
Event: 18.175 Thread 0x000001c9f651cd40 Thread exited: 0x000001c9f651cd40
Event: 23.173 Thread 0x000001c9f45ab6a0 Thread exited: 0x000001c9f45ab6a0
Event: 744.400 Thread 0x000001c9fa4ee420 Thread added: 0x000001c9fa4ee420
Event: 744.976 Thread 0x000001c9fa4ee420 Thread exited: 0x000001c9fa4ee420


Dynamic libraries:
0x00007ff6f3110000 - 0x00007ff6f311e000 	C:\Users\tradi\.jdks\openjdk-21.0.2\bin\java.exe
0x00007ffa883c0000 - 0x00007ffa88623000 	C:\WINDOWS\SYSTEM32\ntdll.dll
0x00007ffa86920000 - 0x00007ffa869e8000 	C:\WINDOWS\System32\KERNEL32.DLL
0x00007ffa85790000 - 0x00007ffa85b42000 	C:\WINDOWS\System32\KERNELBASE.dll
0x00007ffa85be0000 - 0x00007ffa85d2b000 	C:\WINDOWS\System32\ucrtbase.dll
0x00007ffa277a0000 - 0x00007ffa277b8000 	C:\Users\tradi\.jdks\openjdk-21.0.2\bin\jli.dll
0x00007ffa27780000 - 0x00007ffa2779b000 	C:\Users\tradi\.jdks\openjdk-21.0.2\bin\VCRUNTIME140.dll
0x00007ffa86ce0000 - 0x00007ffa86ea8000 	C:\WINDOWS\System32\USER32.dll
0x00007ffa85ea0000 - 0x00007ffa85ec7000 	C:\WINDOWS\System32\win32u.dll
0x00007ffa703b0000 - 0x00007ffa70640000 	C:\WINDOWS\WinSxS\amd64_microsoft.windows.common-controls_6595b64144ccf1df_6.0.26100.2454_none_3e0b68a2e331ad60\COMCTL32.dll
0x00007ffa88270000 - 0x00007ffa8829a000 	C:\WINDOWS\System32\GDI32.dll
0x00007ffa86760000 - 0x00007ffa86809000 	C:\WINDOWS\System32\msvcrt.dll
0x00007ffa86050000 - 0x00007ffa8617b000 	C:\WINDOWS\System32\gdi32full.dll
0x00007ffa85d30000 - 0x00007ffa85dd3000 	C:\WINDOWS\System32\msvcp_win.dll
0x00007ffa86220000 - 0x00007ffa8624f000 	C:\WINDOWS\System32\IMM32.DLL
0x00007ffa27770000 - 0x00007ffa2777c000 	C:\Users\tradi\.jdks\openjdk-21.0.2\bin\vcruntime140_1.dll
0x00007ffa276e0000 - 0x00007ffa2776e000 	C:\Users\tradi\.jdks\openjdk-21.0.2\bin\msvcp140.dll
0x00007ffa269c0000 - 0x00007ffa276d7000 	C:\Users\tradi\.jdks\openjdk-21.0.2\bin\server\jvm.dll
0x00007ffa86c20000 - 0x00007ffa86cd4000 	C:\WINDOWS\System32\ADVAPI32.dll
0x00007ffa869f0000 - 0x00007ffa86a96000 	C:\WINDOWS\System32\sechost.dll
0x00007ffa86aa0000 - 0x00007ffa86bb6000 	C:\WINDOWS\System32\RPCRT4.dll
0x00007ffa862e0000 - 0x00007ffa86354000 	C:\WINDOWS\System32\WS2_32.dll
0x00007ffa85620000 - 0x00007ffa8566e000 	C:\WINDOWS\SYSTEM32\POWRPROF.dll
0x00007ffa7a890000 - 0x00007ffa7a8c6000 	C:\WINDOWS\SYSTEM32\WINMM.dll
0x00007ffa785e0000 - 0x00007ffa785eb000 	C:\WINDOWS\SYSTEM32\VERSION.dll
0x00007ffa85550000 - 0x00007ffa85564000 	C:\WINDOWS\SYSTEM32\UMPDC.dll
0x00007ffa844f0000 - 0x00007ffa8450a000 	C:\WINDOWS\SYSTEM32\kernel.appcore.dll
0x00007ffa269b0000 - 0x00007ffa269ba000 	C:\Users\tradi\.jdks\openjdk-21.0.2\bin\jimage.dll
0x00007ffa82aa0000 - 0x00007ffa82ce1000 	C:\WINDOWS\SYSTEM32\DBGHELP.DLL
0x00007ffa87350000 - 0x00007ffa876ce000 	C:\WINDOWS\System32\combase.dll
0x00007ffa882a0000 - 0x00007ffa88376000 	C:\WINDOWS\System32\OLEAUT32.dll
0x00007ffa63350000 - 0x00007ffa63389000 	C:\WINDOWS\SYSTEM32\dbgcore.DLL
0x00007ffa86180000 - 0x00007ffa86219000 	C:\WINDOWS\System32\bcryptPrimitives.dll
0x00007ffa55b80000 - 0x00007ffa55b8f000 	C:\Users\tradi\.jdks\openjdk-21.0.2\bin\instrument.dll
0x00007ffa26990000 - 0x00007ffa269af000 	C:\Users\tradi\.jdks\openjdk-21.0.2\bin\java.dll
0x00007ffa87b60000 - 0x00007ffa88261000 	C:\WINDOWS\System32\SHELL32.dll
0x00007ffa83460000 - 0x00007ffa83c91000 	C:\WINDOWS\SYSTEM32\windows.storage.dll
0x00007ffa86360000 - 0x00007ffa8643a000 	C:\WINDOWS\System32\SHCORE.dll
0x00007ffa86bc0000 - 0x00007ffa86c1d000 	C:\WINDOWS\System32\shlwapi.dll
0x00007ffa856a0000 - 0x00007ffa856ce000 	C:\WINDOWS\SYSTEM32\profapi.dll
0x00007ffa268b0000 - 0x00007ffa26987000 	C:\Users\tradi\.jdks\openjdk-21.0.2\bin\jsvml.dll
0x00007ffa26860000 - 0x00007ffa26878000 	C:\Users\tradi\.jdks\openjdk-21.0.2\bin\zip.dll
0x00007ffa268a0000 - 0x00007ffa268b0000 	C:\Users\tradi\.jdks\openjdk-21.0.2\bin\net.dll
0x00007ffa7d240000 - 0x00007ffa7d366000 	C:\WINDOWS\SYSTEM32\WINHTTP.dll
0x00007ffa84a80000 - 0x00007ffa84ae8000 	C:\WINDOWS\system32\mswsock.dll
0x00007ffa26880000 - 0x00007ffa26896000 	C:\Users\tradi\.jdks\openjdk-21.0.2\bin\nio.dll
0x00007ffa3aa90000 - 0x00007ffa3aaaa000 	C:\Program Files\JetBrains\IntelliJ IDEA Community Edition 2023.3.2\bin\breakgen64.dll
0x00007ffa5ac90000 - 0x00007ffa5ac99000 	C:\Users\tradi\.jdks\openjdk-21.0.2\bin\extnet.dll
0x00007ffa467e0000 - 0x00007ffa467ee000 	C:\Users\tradi\.jdks\openjdk-21.0.2\bin\sunmscapi.dll
0x00007ffa85ed0000 - 0x00007ffa86046000 	C:\WINDOWS\System32\CRYPT32.dll
0x00007ffa84f70000 - 0x00007ffa84fa0000 	C:\WINDOWS\SYSTEM32\ncrypt.dll
0x00007ffa84f20000 - 0x00007ffa84f5f000 	C:\WINDOWS\SYSTEM32\NTASN1.dll
0x00007ffa84d50000 - 0x00007ffa84d6c000 	C:\WINDOWS\SYSTEM32\CRYPTSP.dll
0x00007ffa84510000 - 0x00007ffa84548000 	C:\WINDOWS\system32\rsaenh.dll
0x00007ffa84b20000 - 0x00007ffa84b4b000 	C:\WINDOWS\SYSTEM32\USERENV.dll
0x00007ffa84fb0000 - 0x00007ffa84fd6000 	C:\WINDOWS\SYSTEM32\bcrypt.dll
0x00007ffa84cb0000 - 0x00007ffa84cbc000 	C:\WINDOWS\SYSTEM32\CRYPTBASE.dll
0x00007ffa84060000 - 0x00007ffa84092000 	C:\WINDOWS\SYSTEM32\IPHLPAPI.DLL
0x00007ffa86910000 - 0x00007ffa8691a000 	C:\WINDOWS\System32\NSI.dll
0x00007ffa55b70000 - 0x00007ffa55b7a000 	C:\Users\tradi\.jdks\openjdk-21.0.2\bin\management.dll
0x00007ffa467f0000 - 0x00007ffa467fb000 	C:\Users\tradi\.jdks\openjdk-21.0.2\bin\management_ext.dll
0x00007ffa864d0000 - 0x00007ffa864d8000 	C:\WINDOWS\System32\PSAPI.DLL
0x00007ffa840a0000 - 0x00007ffa841c5000 	C:\WINDOWS\SYSTEM32\DNSAPI.dll
0x00007ffa7cbe0000 - 0x00007ffa7cbeb000 	C:\Windows\System32\rasadhlp.dll
0x00007ffa7f3a0000 - 0x00007ffa7f425000 	C:\WINDOWS\System32\fwpuclnt.dll
0x00007ffa5ad10000 - 0x00007ffa5ad28000 	C:\WINDOWS\system32\napinsp.dll
0x00007ffa5f670000 - 0x00007ffa5f682000 	C:\WINDOWS\System32\winrnr.dll
0x00007ffa5f640000 - 0x00007ffa5f662000 	C:\WINDOWS\system32\nlansp_c.dll
0x00007ffa5f620000 - 0x00007ffa5f636000 	C:\WINDOWS\system32\wshbth.dll
0x00007ffa55b90000 - 0x00007ffa55ba0000 	C:\Users\tradi\.jdks\openjdk-21.0.2\bin\verify.dll
0x00007ffa35fd0000 - 0x00007ffa35fd8000 	C:\WINDOWS\system32\wshunix.dll

dbghelp: loaded successfully - version: 4.0.5 - missing functions: none
symbol engine: initialized successfully - sym options: 0x614 - pdb path: .;C:\Users\tradi\.jdks\openjdk-21.0.2\bin;C:\WINDOWS\SYSTEM32;C:\WINDOWS\WinSxS\amd64_microsoft.windows.common-controls_6595b64144ccf1df_6.0.26100.2454_none_3e0b68a2e331ad60;C:\Users\tradi\.jdks\openjdk-21.0.2\bin\server;C:\Program Files\JetBrains\IntelliJ IDEA Community Edition 2023.3.2\bin

VM Arguments:
jvm_args: -javaagent:C:\Program Files\JetBrains\IntelliJ IDEA Community Edition 2023.3.2\lib\idea_rt.jar=49973:C:\Program Files\JetBrains\IntelliJ IDEA Community Edition 2023.3.2\bin -Dfile.encoding=UTF-8 -Dsun.stdout.encoding=UTF-8 -Dsun.stderr.encoding=UTF-8 
java_command: com.nova.colis.ColisApplication
java_class_path (initial): C:\Users\tradi\Downloads\colis\colis\target\classes;C:\Users\tradi\.m2\repository\org\springframework\boot\spring-boot-starter-web\3.4.2\spring-boot-starter-web-3.4.2.jar;C:\Users\tradi\.m2\repository\org\springframework\boot\spring-boot-starter\3.4.2\spring-boot-starter-3.4.2.jar;C:\Users\tradi\.m2\repository\org\springframework\boot\spring-boot\3.4.2\spring-boot-3.4.2.jar;C:\Users\tradi\.m2\repository\org\springframework\boot\spring-boot-autoconfigure\3.4.2\spring-boot-autoconfigure-3.4.2.jar;C:\Users\tradi\.m2\repository\org\springframework\boot\spring-boot-starter-logging\3.4.2\spring-boot-starter-logging-3.4.2.jar;C:\Users\tradi\.m2\repository\ch\qos\logback\logback-classic\1.5.16\logback-classic-1.5.16.jar;C:\Users\tradi\.m2\repository\ch\qos\logback\logback-core\1.5.16\logback-core-1.5.16.jar;C:\Users\tradi\.m2\repository\org\apache\logging\log4j\log4j-to-slf4j\2.24.3\log4j-to-slf4j-2.24.3.jar;C:\Users\tradi\.m2\repository\org\apache\logging\log4j\log4j-api\2.24.3\log4j-api-2.24.3.jar;C:\Users\tradi\.m2\repository\org\slf4j\jul-to-slf4j\2.0.16\jul-to-slf4j-2.0.16.jar;C:\Users\tradi\.m2\repository\jakarta\annotation\jakarta.annotation-api\2.1.1\jakarta.annotation-api-2.1.1.jar;C:\Users\tradi\.m2\repository\org\springframework\boot\spring-boot-starter-json\3.4.2\spring-boot-starter-json-3.4.2.jar;C:\Users\tradi\.m2\repository\com\fasterxml\jackson\core\jackson-databind\2.18.2\jackson-databind-2.18.2.jar;C:\Users\tradi\.m2\repository\com\fasterxml\jackson\core\jackson-annotations\2.18.2\jackson-annotations-2.18.2.jar;C:\Users\tradi\.m2\repository\com\fasterxml\jackson\core\jackson-core\2.18.2\jackson-core-2.18.2.jar;C:\Users\tradi\.m2\repository\com\fasterxml\jackson\datatype\jackson-datatype-jdk8\2.18.2\jackson-datatype-jdk8-2.18.2.jar;C:\Users\tradi\.m2\repository\com\fasterxml\jackson\datatype\jackson-datatype-jsr310\2.18.2\jackson-datatype-jsr310-2.18.2.jar;C:\Users\tradi\.m2\repository\com\fasterxml\jackson\module\jackson-module-parameter-names\2.18.2\jackson-module-parameter-names-2.18.2.jar;C:\Users\tradi\.m2\repository\org\springframework\boot\spring-boot-starter-tomcat\3.4.2\spring-boot-starter-tomcat-3.4.2.jar;C:\Users\tradi\.m2\repository\org\apache\tomcat\embed\tomcat-embed-core\10.1.34\tomcat-embed-core-10.1.34.jar;C:\Users\tradi\.m2\repository\org\apache\tomcat\embed\tomcat-embed-websocket\10.1.34\tomcat-embed-websocket-10.1.34.jar;C:\Users\tradi\.m2\repository\org\springframework\spring-web\6.2.2\spring-web-6.2.2.jar;C:\Users\tradi\.m2\repository\org\springframework\spring-beans\6.2.2\spring-beans-6.2.2.jar;C:\Users\tradi\.m2\repository\io\micrometer\micrometer-observation\1.14.3\micrometer-observation-1.14.3.jar;C:\Users\tradi\.m2\repository\io\micrometer\micrometer-commons\1.14.3\micrometer-commons-1.14.3.jar;C:\Users\tradi\.m2\repository\org\springframework\spring-webmvc\6.2.2\spring-webmvc-6.2.2.jar;C:\Users\tradi\.m2\repository\org\springframework\spring-context\6.2.2\spring-context-6.2.2.jar;C:\Users\tradi\.m2\repository\org\springframework\spring-expression\6.2.2\spring-expression-6.2.2.jar;C:\Users\tradi\.m2\repository\org\springframework\boot\spring-boot-starter-data-jpa\3.4.2\spring-boot-starter-data-jpa-3.4.2.jar;C:\Users\tradi\.m2\repository\org\springframework\boot\spring-boot-starter-jdbc\3.4.2\spring-boot-starter-jdbc-3.4.2.jar;C:\Users\tradi\.m2\repository\com\zaxxer\HikariCP\5.1.0\HikariCP-5.1.0.jar;C:\Users\tradi\.m2\repository\org\springframework\spring-jdbc\6.2.2\spring-jdbc-6.2.2.jar;C:\Users\tradi\.m2\repository\org\hibernate\orm\hibernate-core\6.6.5.Final\hibernate-core-6.6.5.Final.jar;C:\Users\tradi\.m2\repository\jakarta\persistence\jakarta.persistence-api\3.1.0\jakarta.persistence-api-3.1.0.jar;C:\Users\tradi\.m2\repository\jakarta\transaction\jakarta.transaction-api\2.0.1\jakarta.transaction-api-2.0.1.jar;C:\Users\tradi\.m2\repository\org\jboss\logging\jboss-logging\3.6.1.Final\jboss-logging-3.6.1.Final.jar;C:\Users\tradi\.m2\repository\org\hibernate\common\hibernate-commons-annotations\7.0.3.Final\hibernate-commons-annotations-7.0.3.Final.jar;C:\Users\tradi\.m2\repository\io\smallrye\jandex\3.2.0\jandex-3.2.0.jar;C:\Users\tradi\.m2\repository\com\fasterxml\classmate\1.7.0\classmate-1.7.0.jar;C:\Users\tradi\.m2\repository\net\bytebuddy\byte-buddy\1.15.11\byte-buddy-1.15.11.jar;C:\Users\tradi\.m2\repository\org\glassfish\jaxb\jaxb-runtime\4.0.5\jaxb-runtime-4.0.5.jar;C:\Users\tradi\.m2\repository\org\glassfish\jaxb\jaxb-core\4.0.5\jaxb-core-4.0.5.jar;C:\Users\tradi\.m2\repository\org\eclipse\angus\angus-activation\2.0.2\angus-activation-2.0.2.jar;C:\Users\tradi\.m2\repository\org\glassfish\jaxb\txw2\4.0.5\txw2-4.0.5.jar;C:\Users\tradi\.m2\repository\com\sun\istack\istack-commons-runtime\4.1.2\istack-commons-runtime-4.1.2.jar;C:\Users\tradi\.m2\repository\jakarta\inject\jakarta.inject-api\2.0.1\jakarta.inject-api-2.0.1.jar;C:\Users\tradi\.m2\repository\org\antlr\antlr4-runtime\4.13.0\antlr4-runtime-4.13.0.jar;C:\Users\tradi\.m2\repository\org\springframework\data\spring-data-jpa\3.4.2\spring-data-jpa-3.4.2.jar;C:\Users\tradi\.m2\repository\org\springframework\data\spring-data-commons\3.4.2\spring-data-commons-3.4.2.jar;C:\Users\tradi\.m2\repository\org\springframework\spring-orm\6.2.2\spring-orm-6.2.2.jar;C:\Users\tradi\.m2\repository\org\springframework\spring-tx\6.2.2\spring-tx-6.2.2.jar;C:\Users\tradi\.m2\repository\org\slf4j\slf4j-api\2.0.16\slf4j-api-2.0.16.jar;C:\Users\tradi\.m2\repository\org\springframework\spring-aspects\6.2.2\spring-aspects-6.2.2.jar;C:\Users\tradi\.m2\repository\org\aspectj\aspectjweaver\1.9.22.1\aspectjweaver-1.9.22.1.jar;C:\Users\tradi\.m2\repository\org\springframework\boot\spring-boot-starter-validation\3.4.2\spring-boot-starter-validation-3.4.2.jar;C:\Users\tradi\.m2\repository\org\apache\tomcat\embed\tomcat-embed-el\10.1.34\tomcat-embed-el-10.1.34.jar;C:\Users\tradi\.m2\repository\org\hibernate\validator\hibernate-validator\8.0.2.Final\hibernate-validator-8.0.2.Final.jar;C:\Users\tradi\.m2\repository\jakarta\validation\jakarta.validation-api\3.0.2\jakarta.validation-api-3.0.2.jar;C:\Users\tradi\.m2\repository\org\springframework\boot\spring-boot-starter-security\3.4.2\spring-boot-starter-security-3.4.2.jar;C:\Users\tradi\.m2\repository\org\springframework\spring-aop\6.2.2\spring-aop-6.2.2.jar;C:\Users\tradi\.m2\repository\org\springframework\security\spring-security-config\6.4.2\spring-security-config-6.4.2.jar;C:\Users\tradi\.m2\repository\org\springframework\security\spring-security-web\6.4.2\spring-security-web-6.4.2.jar;C:\Users\tradi\.m2\repository\org\liquibase\liquibase-core\4.29.2\liquibase-core-4.29.2.jar;C:\Users\tradi\.m2\repository\com\opencsv\opencsv\5.9\opencsv-5.9.jar;C:\Users\tradi\.m2\repository\org\yaml\snakeyaml\2.3\snakeyaml-2.3.jar;C:\Users\tradi\.m2\repository\javax\xml\bind\jaxb-api\2.3.1\jaxb-api-2.3.1.jar;C:\Users\tradi\.m2\repository\commons-io\commons-io\2.16.1\commons-io-2.16.1.jar;C:\Users\tradi\.m2\repository\org\apache\commons\commons-collections4\4.4\commons-collections4-4.4.jar;C:\Users\tradi\.m2\repository\org\apache\commons\commons-text\1.12.0\commons-text-1.12.0.jar;C:\Users\tradi\.m2\repository\org\apache\commons\commons-lang3\3.17.0\commons-lang3-3.17.0.jar;C:\Users\tradi\.m2\repository\com\mysql\mysql-connector-j\9.1.0\mysql-connector-j-9.1.0.jar;C:\Users\tradi\.m2\repository\jakarta\xml\bind\jakarta.xml.bind-api\4.0.2\jakarta.xml.bind-api-4.0.2.jar;C:\Users\tradi\.m2\repository\jakarta\activation\jakarta.activation-api\2.1.3\jakarta.activation-api-2.1.3.jar;C:\Users\tradi\.m2\repository\org\springframework\spring-core\6.2.2\spring-core-6.2.2.jar;C:\Users\tradi\.m2\repository\org\springframework\spring-jcl\6.2.2\spring-jcl-6.2.2.jar;C:\Users\tradi\.m2\repository\org\springframework\security\spring-security-core\6.4.2\spring-security-core-6.4.2.jar;C:\Users\tradi\.m2\repository\org\springframework\security\spring-security-crypto\6.4.2\spring-security-crypto-6.4.2.jar
Launcher Type: SUN_STANDARD

[Global flags]
     intx CICompilerCount                          = 4                                         {product} {ergonomic}
     uint ConcGCThreads                            = 3                                         {product} {ergonomic}
     uint G1ConcRefinementThreads                  = 10                                        {product} {ergonomic}
   size_t G1HeapRegionSize                         = 2097152                                   {product} {ergonomic}
    uintx GCDrainStackTargetSize                   = 64                                        {product} {ergonomic}
   size_t InitialHeapSize                          = 264241152                                 {product} {ergonomic}
   size_t MarkStackSize                            = 4194304                                   {product} {ergonomic}
   size_t MaxHeapSize                              = 4223664128                                {product} {ergonomic}
   size_t MaxNewSize                               = 2533359616                                {product} {ergonomic}
   size_t MinHeapDeltaBytes                        = 2097152                                   {product} {ergonomic}
   size_t MinHeapSize                              = 8388608                                   {product} {ergonomic}
    uintx NonNMethodCodeHeapSize                   = 5839372                                {pd product} {ergonomic}
    uintx NonProfiledCodeHeapSize                  = 122909434                              {pd product} {ergonomic}
    uintx ProfiledCodeHeapSize                     = 122909434                              {pd product} {ergonomic}
    uintx ReservedCodeCacheSize                    = 251658240                              {pd product} {ergonomic}
     bool SegmentedCodeCache                       = true                                      {product} {ergonomic}
   size_t SoftMaxHeapSize                          = 4223664128                             {manageable} {ergonomic}
     bool UseCompressedOops                        = true                           {product lp64_product} {ergonomic}
     bool UseG1GC                                  = true                                      {product} {ergonomic}
     bool UseLargePagesIndividualAllocation        = false                                  {pd product} {ergonomic}

Logging:
Log output configuration:
 #0: stdout all=warning uptime,level,tags foldmultilines=false
 #1: stderr all=off uptime,level,tags foldmultilines=false

Environment Variables:
JAVA_HOME=C:\Program Files\Java\jdk-21
PATH=C:\Python312\Scripts\;C:\Python312\;C:\Program Files\Common Files\Oracle\Java\javapath;C:\Program Files (x86)\Common Files\Oracle\Java\javapath;C:\WINDOWS\system32;C:\WINDOWS;C:\WINDOWS\System32\Wbem;C:\WINDOWS\System32\WindowsPowerShell\v1.0\;C:\WINDOWS\System32\OpenSSH\;C:\Program Files\Microsoft SQL Server\150\Tools\Binn\;C:\Program Files\Microsoft SQL Server\Client SDK\ODBC\170\Tools\Binn\;C:\Program Files\dotnet\;C:\maven\apache-maven-3.9.6-bin\apache-maven-3.9.6\bin;C:\ProgramData\chocolatey\bin;C:\Program Files\MongoDB\mongosh-2.1.1-win32-x64\bin;C:\Program Files\Git\cmd;C:\Program Files\Docker\Docker\resources\bin;C:\Program Files\Java\jdk-21\bin;C:\Users\tradi\AppData\Roaming\nvm;C:\Program Files\nodejs;C:\Program Files\Amazon\AWSCLIV2\;C:\Users\tradi\AppData\Local\Microsoft\WindowsApps;C:\Program Files\JetBrains\IntelliJ IDEA Community Edition 2023.3.2\bin;;C:\Program Files\JetBrains\IntelliJ IDEA 2023.3\bin;;C:\Users\tradi\.dotnet\tools;C:\Users\tradi\AppData\Local\Programs\Microsoft VS Code\bin;C:\Users\tradi\AppData\Roaming\npm;C:\Users\tradi\Downloads\flutter\src\flutter\bin;C:\Users\tradi\AppData\Roaming\nvm;C:\Program Files\nodejs;C:\Program Files\heroku\bin;C:\flutter_windows_3.24.3-stable\flutter\bin;
USERNAME=tradi
OS=Windows_NT
PROCESSOR_IDENTIFIER=Intel64 Family 6 Model 186 Stepping 3, GenuineIntel
TMP=C:\Users\tradi\AppData\Local\Temp
TEMP=C:\Users\tradi\AppData\Local\Temp




Periodic native trim disabled

---------------  S Y S T E M  ---------------

OS:
 Windows 11 , 64 bit Build 26100 (10.0.26100.2454)
OS uptime: 0 days 0:15 hours
Hyper-V role detected

CPU: total 12 (initial active 12) (6 cores per cpu, 2 threads per core) family 6 model 186 stepping 3 microcode 0x4112, cx8, cmov, fxsr, ht, mmx, 3dnowpref, sse, sse2, sse3, ssse3, sse4.1, sse4.2, popcnt, lzcnt, tsc, tscinvbit, avx, avx2, aes, erms, clmul, bmi1, bmi2, adx, sha, fma, vzeroupper, clflush, clflushopt, clwb, hv, serialize, rdtscp, rdpid, fsrm, f16c, cet_ibt, cet_ss
Processor Information for processor 0
  Max Mhz: 1700, Current Mhz: 1700, Mhz Limit: 1700
Processor Information for processor 1
  Max Mhz: 1700, Current Mhz: 1700, Mhz Limit: 1700
Processor Information for processor 2
  Max Mhz: 1700, Current Mhz: 1700, Mhz Limit: 1700
Processor Information for processor 3
  Max Mhz: 1700, Current Mhz: 1700, Mhz Limit: 1700
Processor Information for processor 4
  Max Mhz: 1700, Current Mhz: 1200, Mhz Limit: 1190
Processor Information for processor 5
  Max Mhz: 1700, Current Mhz: 1200, Mhz Limit: 1190
Processor Information for processor 6
  Max Mhz: 1700, Current Mhz: 1200, Mhz Limit: 1190
Processor Information for processor 7
  Max Mhz: 1700, Current Mhz: 1200, Mhz Limit: 1190
Processor Information for processor 8
  Max Mhz: 1700, Current Mhz: 1200, Mhz Limit: 1190
Processor Information for processor 9
  Max Mhz: 1700, Current Mhz: 1200, Mhz Limit: 1190
Processor Information for processor 10
  Max Mhz: 1700, Current Mhz: 1200, Mhz Limit: 1190
Processor Information for processor 11
  Max Mhz: 1700, Current Mhz: 1200, Mhz Limit: 1190

Memory: 4k page, system-wide physical 16108M (564M free)
TotalPageFile size 65260M (AvailPageFile size 1M)
current process WorkingSet (physical memory assigned to process): 166M, peak: 302M
current process commit charge ("private bytes"): 300M, peak: 399M

vm_info: OpenJDK 64-Bit Server VM (21.0.2+13-58) for windows-amd64 JRE (21.0.2+13-58), built on 2024-01-05T18:32:24Z by "mach5one" with MS VC++ 17.1 (VS2022)

END.
