#
# There is insufficient memory for the Java Runtime Environment to continue.
# Native memory allocation (malloc) failed to allocate 297376 bytes for Chunk::new
# Possible reasons:
#   The system is out of physical RAM or swap space
#   The process is running with CompressedOops enabled, and the Java Heap may be blocking the growth of the native heap
# Possible solutions:
#   Reduce memory load on the system
#   Increase physical memory or swap space
#   Check if swap backing store is full
#   Decrease Java heap size (-Xmx/-Xms)
#   Decrease number of Java threads
#   Decrease Java thread stack sizes (-Xss)
#   Set larger code cache with -XX:ReservedCodeCacheSize=
#   JVM is running with Zero Based Compressed Oops mode in which the Java heap is
#     placed in the first 32GB address space. The Java Heap base address is the
#     maximum limit for the native heap growth. Please use -XX:HeapBaseMinAddress
#     to set the Java Heap base and to place the Java Heap above 32GB virtual address.
# This output file may be truncated or incomplete.
#
#  Out of Memory Error (arena.cpp:168), pid=22696, tid=28340
#
# JRE version: OpenJDK Runtime Environment (21.0.2+13) (build 21.0.2+13-58)
# Java VM: OpenJDK 64-Bit Server VM (21.0.2+13-58, mixed mode, sharing, tiered, compressed oops, compressed class ptrs, g1 gc, windows-amd64)
# No core dump will be written. Minidumps are not enabled by default on client versions of Windows
#

---------------  S U M M A R Y ------------

Command Line: -javaagent:C:\Program Files\JetBrains\IntelliJ IDEA Community Edition 2023.3.2\lib\idea_rt.jar=61745:C:\Program Files\JetBrains\IntelliJ IDEA Community Edition 2023.3.2\bin -Dfile.encoding=UTF-8 -Dsun.stdout.encoding=UTF-8 -Dsun.stderr.encoding=UTF-8 com.nova.colis.ColisApplication

Host: 13th Gen Intel(R) Core(TM) i7-1355U, 12 cores, 15G,  Windows 11 , 64 bit Build 26100 (10.0.26100.3037)
Time: Thu Feb  6 00:25:40 2025 Eastern Standard Time elapsed time: 75.963400 seconds (0d 0h 1m 15s)

---------------  T H R E A D  ---------------

Current thread (0x000002646ca0bf80):  JavaThread "C2 CompilerThread0" daemon [_thread_in_native, id=28340, stack(0x000000f41f100000,0x000000f41f200000) (1024K)]


Current CompileTask:
C2:  75963 8045       4       java.lang.invoke.InvokerBytecodeGenerator::emitImplicitConversion (161 bytes)

Stack: [0x000000f41f100000,0x000000f41f200000]
Native frames: (J=compiled Java code, j=interpreted, Vv=VM code, C=native code)
V  [jvm.dll+0x6cade9]
V  [jvm.dll+0x8569c1]
V  [jvm.dll+0x858d2e]
V  [jvm.dll+0x859413]
V  [jvm.dll+0x280e56]
V  [jvm.dll+0xc3f3d]
V  [jvm.dll+0xc4473]
V  [jvm.dll+0x2f437f]
V  [jvm.dll+0x5f5056]
V  [jvm.dll+0x252d7f]
V  [jvm.dll+0x25315f]
V  [jvm.dll+0x24b8e0]
V  [jvm.dll+0x2490a3]
V  [jvm.dll+0x1c9634]
V  [jvm.dll+0x258859]
V  [jvm.dll+0x256e3a]
V  [jvm.dll+0x3ef6c6]
V  [jvm.dll+0x7ff568]
V  [jvm.dll+0x6c953d]
C  [ucrtbase.dll+0x37b0]
C  [KERNEL32.DLL+0x2e8d7]
C  [ntdll.dll+0xbbf2c]


---------------  P R O C E S S  ---------------

Threads class SMR info:
_java_thread_list=0x000002647386d1a0, length=31, elements={
0x000002646c9f4470, 0x000002646c9f6ee0, 0x000002646c9f9bb0, 0x000002646c9faad0,
0x000002646c9fccf0, 0x000002646c9ff760, 0x000002646ca0bf80, 0x000002646ca0ea30,
0x000002646cc29b80, 0x0000026471293650, 0x000002646cd7ffb0, 0x0000026471654cb0,
0x0000026472f243c0, 0x0000026471f2da70, 0x0000026471f2e790, 0x0000026471f2b310,
0x0000026471f2c030, 0x0000026473bd9580, 0x0000026473bd81d0, 0x0000026473bd74b0,
0x0000026473bd8860, 0x0000026473bd6e20, 0x0000026473bd8ef0, 0x0000026473bd9c10,
0x0000026473bd6790, 0x0000026473bda2a0, 0x0000026473bda930, 0x0000026473bdafc0,
0x0000026473bd7b40, 0x0000026473bdb650, 0x0000026473bdca00
}

Java Threads: ( => current thread )
  0x000002646c9f4470 JavaThread "Reference Handler"          daemon [_thread_blocked, id=32032, stack(0x000000f41eb00000,0x000000f41ec00000) (1024K)]
  0x000002646c9f6ee0 JavaThread "Finalizer"                  daemon [_thread_blocked, id=33152, stack(0x000000f41ec00000,0x000000f41ed00000) (1024K)]
  0x000002646c9f9bb0 JavaThread "Signal Dispatcher"          daemon [_thread_blocked, id=24296, stack(0x000000f41ed00000,0x000000f41ee00000) (1024K)]
  0x000002646c9faad0 JavaThread "Attach Listener"            daemon [_thread_blocked, id=31492, stack(0x000000f41ee00000,0x000000f41ef00000) (1024K)]
  0x000002646c9fccf0 JavaThread "Service Thread"             daemon [_thread_blocked, id=21088, stack(0x000000f41ef00000,0x000000f41f000000) (1024K)]
  0x000002646c9ff760 JavaThread "Monitor Deflation Thread"   daemon [_thread_blocked, id=30292, stack(0x000000f41f000000,0x000000f41f100000) (1024K)]
=>0x000002646ca0bf80 JavaThread "C2 CompilerThread0"         daemon [_thread_in_native, id=28340, stack(0x000000f41f100000,0x000000f41f200000) (1024K)]
  0x000002646ca0ea30 JavaThread "C1 CompilerThread0"         daemon [_thread_blocked, id=32232, stack(0x000000f41f200000,0x000000f41f300000) (1024K)]
  0x000002646cc29b80 JavaThread "Common-Cleaner"             daemon [_thread_blocked, id=26064, stack(0x000000f41f300000,0x000000f41f400000) (1024K)]
  0x0000026471293650 JavaThread "Monitor Ctrl-Break"         daemon [_thread_in_native, id=10040, stack(0x000000f41f500000,0x000000f41f600000) (1024K)]
  0x000002646cd7ffb0 JavaThread "Notification Thread"        daemon [_thread_blocked, id=26412, stack(0x000000f41f600000,0x000000f41f700000) (1024K)]
  0x0000026471654cb0 JavaThread "Catalina-utility-1"                [_thread_blocked, id=30948, stack(0x000000f41fc00000,0x000000f41fd00000) (1024K)]
  0x0000026472f243c0 JavaThread "Catalina-utility-2"                [_thread_blocked, id=34388, stack(0x000000f420400000,0x000000f420500000) (1024K)]
  0x0000026471f2da70 JavaThread "container-0"                       [_thread_blocked, id=31824, stack(0x000000f420500000,0x000000f420600000) (1024K)]
  0x0000026471f2e790 JavaThread "mysql-cj-abandoned-connection-cleanup" daemon [_thread_blocked, id=29148, stack(0x000000f420600000,0x000000f420700000) (1024K)]
  0x0000026471f2b310 JavaThread "HikariPool-1 housekeeper"   daemon [_thread_blocked, id=22108, stack(0x000000f420800000,0x000000f420900000) (1024K)]
  0x0000026471f2c030 JavaThread "MessageBroker-1"                   [_thread_blocked, id=27756, stack(0x000000f420900000,0x000000f420a00000) (1024K)]
  0x0000026473bd9580 JavaThread "http-nio-8080-exec-1"       daemon [_thread_blocked, id=32024, stack(0x000000f420a00000,0x000000f420b00000) (1024K)]
  0x0000026473bd81d0 JavaThread "http-nio-8080-exec-2"       daemon [_thread_blocked, id=22164, stack(0x000000f420b00000,0x000000f420c00000) (1024K)]
  0x0000026473bd74b0 JavaThread "http-nio-8080-exec-3"       daemon [_thread_blocked, id=23328, stack(0x000000f420c00000,0x000000f420d00000) (1024K)]
  0x0000026473bd8860 JavaThread "http-nio-8080-exec-4"       daemon [_thread_blocked, id=15112, stack(0x000000f420d00000,0x000000f420e00000) (1024K)]
  0x0000026473bd6e20 JavaThread "http-nio-8080-exec-5"       daemon [_thread_blocked, id=24180, stack(0x000000f420e00000,0x000000f420f00000) (1024K)]
  0x0000026473bd8ef0 JavaThread "http-nio-8080-exec-6"       daemon [_thread_blocked, id=34692, stack(0x000000f420f00000,0x000000f421000000) (1024K)]
  0x0000026473bd9c10 JavaThread "http-nio-8080-exec-7"       daemon [_thread_blocked, id=22752, stack(0x000000f421000000,0x000000f421100000) (1024K)]
  0x0000026473bd6790 JavaThread "http-nio-8080-exec-8"       daemon [_thread_blocked, id=19856, stack(0x000000f421100000,0x000000f421200000) (1024K)]
  0x0000026473bda2a0 JavaThread "http-nio-8080-exec-9"       daemon [_thread_blocked, id=23920, stack(0x000000f421200000,0x000000f421300000) (1024K)]
  0x0000026473bda930 JavaThread "http-nio-8080-exec-10"      daemon [_thread_blocked, id=33220, stack(0x000000f421300000,0x000000f421400000) (1024K)]
  0x0000026473bdafc0 JavaThread "http-nio-8080-Poller"       daemon [_thread_in_native, id=15032, stack(0x000000f421400000,0x000000f421500000) (1024K)]
  0x0000026473bd7b40 JavaThread "http-nio-8080-Acceptor"     daemon [_thread_in_native, id=17852, stack(0x000000f421500000,0x000000f421600000) (1024K)]
  0x0000026473bdb650 JavaThread "DestroyJavaVM"                     [_thread_blocked, id=2200, stack(0x000000f41e300000,0x000000f41e400000) (1024K)]
  0x0000026473bdca00 JavaThread "MessageBroker-2"                   [_thread_blocked, id=23340, stack(0x000000f41e000000,0x000000f41e100000) (1024K)]
Total: 31

Other Threads:
  0x000002646c9d7320 VMThread "VM Thread"                           [id=6332, stack(0x000000f41ea00000,0x000000f41eb00000) (1024K)]
  0x000002646c9bfcd0 WatcherThread "VM Periodic Task Thread"        [id=15124, stack(0x000000f41e900000,0x000000f41ea00000) (1024K)]
  0x000002644d59d510 WorkerThread "GC Thread#0"                     [id=28300, stack(0x000000f41e400000,0x000000f41e500000) (1024K)]
  0x0000026471a4af20 WorkerThread "GC Thread#1"                     [id=25628, stack(0x000000f41f700000,0x000000f41f800000) (1024K)]
  0x0000026471a36f30 WorkerThread "GC Thread#2"                     [id=22688, stack(0x000000f41f800000,0x000000f41f900000) (1024K)]
  0x0000026471a372d0 WorkerThread "GC Thread#3"                     [id=22916, stack(0x000000f41f900000,0x000000f41fa00000) (1024K)]
  0x0000026471a3f960 WorkerThread "GC Thread#4"                     [id=30080, stack(0x000000f41fa00000,0x000000f41fb00000) (1024K)]
  0x0000026471a3fd00 WorkerThread "GC Thread#5"                     [id=32120, stack(0x000000f41fb00000,0x000000f41fc00000) (1024K)]
  0x0000026471a82010 WorkerThread "GC Thread#6"                     [id=29152, stack(0x000000f41fd00000,0x000000f41fe00000) (1024K)]
  0x0000026471a83230 WorkerThread "GC Thread#7"                     [id=31000, stack(0x000000f41fe00000,0x000000f41ff00000) (1024K)]
  0x0000026471a818d0 WorkerThread "GC Thread#8"                     [id=26188, stack(0x000000f41ff00000,0x000000f420000000) (1024K)]
  0x0000026471a81c70 WorkerThread "GC Thread#9"                     [id=31468, stack(0x000000f420000000,0x000000f420100000) (1024K)]
  0x000002644d5ae0b0 ConcurrentGCThread "G1 Main Marker"            [id=25792, stack(0x000000f41e500000,0x000000f41e600000) (1024K)]
  0x000002644d5afa30 WorkerThread "G1 Conc#0"                       [id=25604, stack(0x000000f41e600000,0x000000f41e700000) (1024K)]
  0x0000026472293f20 WorkerThread "G1 Conc#1"                       [id=30316, stack(0x000000f420200000,0x000000f420300000) (1024K)]
  0x0000026472294da0 WorkerThread "G1 Conc#2"                       [id=26840, stack(0x000000f420300000,0x000000f420400000) (1024K)]
  0x000002646c886130 ConcurrentGCThread "G1 Refine#0"               [id=34480, stack(0x000000f41e700000,0x000000f41e800000) (1024K)]
  0x000002646c886950 ConcurrentGCThread "G1 Service"                [id=33832, stack(0x000000f41e800000,0x000000f41e900000) (1024K)]
Total: 18

Threads with active compile tasks:
C2 CompilerThread0    75987 8045       4       java.lang.invoke.InvokerBytecodeGenerator::emitImplicitConversion (161 bytes)
Total: 1

VM state: not at safepoint (normal execution)

VM Mutex/Monitor currently owned by a thread: None

Heap address: 0x0000000704400000, size: 4028 MB, Compressed Oops mode: Zero based, Oop shift amount: 3

CDS archive(s) mapped at: [0x0000026400000000-0x0000026400c90000-0x0000026400c90000), size 13172736, SharedBaseAddress: 0x0000026400000000, ArchiveRelocationMode: 1.
Compressed class space mapped at: 0x0000026401000000-0x0000026441000000, reserved size: 1073741824
Narrow klass base: 0x0000026400000000, Narrow klass shift: 0, Narrow klass range: 0x100000000

GC Precious Log:
 CardTable entry size: 512
 Card Set container configuration: InlinePtr #cards 4 size 8 Array Of Cards #cards 16 size 48 Howl #buckets 8 coarsen threshold 3686 Howl Bitmap #cards 512 size 80 coarsen threshold 460 Card regions per heap region 1 cards per card region 4096
 CPUs: 12 total, 12 available
 Memory: 16108M
 Large Page Support: Disabled
 NUMA Support: Disabled
 Compressed Oops: Enabled (Zero based)
 Heap Region Size: 2M
 Heap Min Capacity: 8M
 Heap Initial Capacity: 252M
 Heap Max Capacity: 4028M
 Pre-touch: Disabled
 Parallel Workers: 10
 Concurrent Workers: 3
 Concurrent Refinement Workers: 10
 Periodic GC: Disabled

Heap:
 garbage-first heap   total 81920K, used 55034K [0x0000000704400000, 0x0000000800000000)
  region size 2048K, 13 young (26624K), 3 survivors (6144K)
 Metaspace       used 84346K, committed 85120K, reserved 1179648K
  class space    used 11640K, committed 11968K, reserved 1048576K

Heap Regions: E=young(eden), S=young(survivor), O=old, HS=humongous(starts), HC=humongous(continues), CS=collection set, F=free, TAMS=top-at-mark-start, PB=parsable bottom
|   0|0x0000000704400000, 0x0000000704600000, 0x0000000704600000|100%| O|  |TAMS 0x0000000704400000| PB 0x0000000704400000| Untracked 
|   1|0x0000000704600000, 0x0000000704800000, 0x0000000704800000|100%| O|  |TAMS 0x0000000704600000| PB 0x0000000704600000| Untracked 
|   2|0x0000000704800000, 0x0000000704a00000, 0x0000000704a00000|100%| O|  |TAMS 0x0000000704800000| PB 0x0000000704800000| Untracked 
|   3|0x0000000704a00000, 0x0000000704c00000, 0x0000000704c00000|100%| O|  |TAMS 0x0000000704a00000| PB 0x0000000704a00000| Untracked 
|   4|0x0000000704c00000, 0x0000000704e00000, 0x0000000704e00000|100%| O|  |TAMS 0x0000000704c00000| PB 0x0000000704c00000| Untracked 
|   5|0x0000000704e00000, 0x0000000705000000, 0x0000000705000000|100%| O|  |TAMS 0x0000000704e00000| PB 0x0000000704e00000| Untracked 
|   6|0x0000000705000000, 0x0000000705200000, 0x0000000705200000|100%| O|  |TAMS 0x0000000705000000| PB 0x0000000705000000| Untracked 
|   7|0x0000000705200000, 0x0000000705400000, 0x0000000705400000|100%| O|Cm|TAMS 0x0000000705200000| PB 0x0000000705200000| Complete 
|   8|0x0000000705400000, 0x0000000705600000, 0x0000000705600000|100%| O|  |TAMS 0x0000000705400000| PB 0x0000000705400000| Untracked 
|   9|0x0000000705600000, 0x0000000705800000, 0x0000000705800000|100%| O|  |TAMS 0x0000000705600000| PB 0x0000000705600000| Untracked 
|  10|0x0000000705800000, 0x0000000705a00000, 0x0000000705a00000|100%| O|  |TAMS 0x0000000705800000| PB 0x0000000705800000| Untracked 
|  11|0x0000000705a00000, 0x0000000705c00000, 0x0000000705c00000|100%| O|  |TAMS 0x0000000705a00000| PB 0x0000000705a00000| Untracked 
|  12|0x0000000705c00000, 0x0000000705e00000, 0x0000000705e00000|100%| O|  |TAMS 0x0000000705c00000| PB 0x0000000705c00000| Untracked 
|  13|0x0000000705e00000, 0x0000000706000000, 0x0000000706000000|100%| O|  |TAMS 0x0000000705e00000| PB 0x0000000705e00000| Untracked 
|  14|0x0000000706000000, 0x0000000706200000, 0x0000000706200000|100%| O|  |TAMS 0x0000000706000000| PB 0x0000000706000000| Untracked 
|  15|0x0000000706200000, 0x0000000706400000, 0x0000000706400000|100%| O|  |TAMS 0x0000000706200000| PB 0x0000000706200000| Untracked 
|  16|0x0000000706400000, 0x0000000706400000, 0x0000000706600000|  0%| F|  |TAMS 0x0000000706400000| PB 0x0000000706400000| Untracked 
|  17|0x0000000706600000, 0x0000000706600000, 0x0000000706800000|  0%| F|  |TAMS 0x0000000706600000| PB 0x0000000706600000| Untracked 
|  18|0x0000000706800000, 0x000000070680daa8, 0x0000000706a00000|  2%| O|  |TAMS 0x0000000706800000| PB 0x0000000706800000| Untracked 
|  19|0x0000000706a00000, 0x0000000706bb0f80, 0x0000000706c00000| 84%| S|CS|TAMS 0x0000000706a00000| PB 0x0000000706a00000| Complete 
|  20|0x0000000706c00000, 0x0000000706e00000, 0x0000000706e00000|100%| S|CS|TAMS 0x0000000706c00000| PB 0x0000000706c00000| Complete 
|  21|0x0000000706e00000, 0x0000000706e00000, 0x0000000707000000|  0%| F|  |TAMS 0x0000000706e00000| PB 0x0000000706e00000| Untracked 
|  22|0x0000000707000000, 0x0000000707200000, 0x0000000707200000|100%| S|CS|TAMS 0x0000000707000000| PB 0x0000000707000000| Complete 
|  23|0x0000000707200000, 0x0000000707200000, 0x0000000707400000|  0%| F|  |TAMS 0x0000000707200000| PB 0x0000000707200000| Untracked 
|  24|0x0000000707400000, 0x0000000707400000, 0x0000000707600000|  0%| F|  |TAMS 0x0000000707400000| PB 0x0000000707400000| Untracked 
|  25|0x0000000707600000, 0x0000000707600000, 0x0000000707800000|  0%| F|  |TAMS 0x0000000707600000| PB 0x0000000707600000| Untracked 
|  26|0x0000000707800000, 0x0000000707800000, 0x0000000707a00000|  0%| F|  |TAMS 0x0000000707800000| PB 0x0000000707800000| Untracked 
|  27|0x0000000707a00000, 0x0000000707a00000, 0x0000000707c00000|  0%| F|  |TAMS 0x0000000707a00000| PB 0x0000000707a00000| Untracked 
|  28|0x0000000707c00000, 0x0000000707c00000, 0x0000000707e00000|  0%| F|  |TAMS 0x0000000707c00000| PB 0x0000000707c00000| Untracked 
|  29|0x0000000707e00000, 0x0000000707e00000, 0x0000000708000000|  0%| F|  |TAMS 0x0000000707e00000| PB 0x0000000707e00000| Untracked 
|  30|0x0000000708000000, 0x000000070819cd78, 0x0000000708200000| 80%| E|  |TAMS 0x0000000708000000| PB 0x0000000708000000| Complete 
|  31|0x0000000708200000, 0x0000000708400000, 0x0000000708400000|100%| E|  |TAMS 0x0000000708200000| PB 0x0000000708200000| Complete 
|  32|0x0000000708400000, 0x0000000708600000, 0x0000000708600000|100%| E|CS|TAMS 0x0000000708400000| PB 0x0000000708400000| Complete 
|  33|0x0000000708600000, 0x0000000708800000, 0x0000000708800000|100%| E|CS|TAMS 0x0000000708600000| PB 0x0000000708600000| Complete 
|  34|0x0000000708800000, 0x0000000708a00000, 0x0000000708a00000|100%| E|CS|TAMS 0x0000000708800000| PB 0x0000000708800000| Complete 
|  99|0x0000000710a00000, 0x0000000710c00000, 0x0000000710c00000|100%| E|CS|TAMS 0x0000000710a00000| PB 0x0000000710a00000| Complete 
| 100|0x0000000710c00000, 0x0000000710e00000, 0x0000000710e00000|100%| E|CS|TAMS 0x0000000710c00000| PB 0x0000000710c00000| Complete 
| 101|0x0000000710e00000, 0x0000000711000000, 0x0000000711000000|100%| E|CS|TAMS 0x0000000710e00000| PB 0x0000000710e00000| Complete 
| 102|0x0000000711000000, 0x0000000711200000, 0x0000000711200000|100%| E|CS|TAMS 0x0000000711000000| PB 0x0000000711000000| Complete 
| 125|0x0000000713e00000, 0x0000000714000000, 0x0000000714000000|100%| E|CS|TAMS 0x0000000713e00000| PB 0x0000000713e00000| Complete 

Card table byte_map: [0x00000264656b0000,0x0000026465e90000] _byte_map_base: 0x0000026461e8e000

Marking Bits: (CMBitMap*) 0x000002644d59dc10
 Bits: [0x0000026465e90000, 0x0000026469d80000)

Polling page: 0x000002644b450000

Metaspace:

Usage:
  Non-class:     71.00 MB used.
      Class:     11.37 MB used.
       Both:     82.37 MB used.

Virtual space:
  Non-class space:      128.00 MB reserved,      71.44 MB ( 56%) committed,  2 nodes.
      Class space:        1.00 GB reserved,      11.69 MB (  1%) committed,  1 nodes.
             Both:        1.12 GB reserved,      83.12 MB (  7%) committed. 

Chunk freelists:
   Non-Class:  8.19 MB
       Class:  4.31 MB
        Both:  12.50 MB

MaxMetaspaceSize: unlimited
CompressedClassSpaceSize: 1.00 GB
Initial GC threshold: 21.00 MB
Current GC threshold: 130.31 MB
CDS: on
 - commit_granule_bytes: 65536.
 - commit_granule_words: 8192.
 - virtual_space_node_default_size: 8388608.
 - enlarge_chunks_in_place: 1.
 - use_allocation_guard: 0.


Internal statistics:

num_allocs_failed_limit: 12.
num_arena_births: 1166.
num_arena_deaths: 0.
num_vsnodes_births: 3.
num_vsnodes_deaths: 0.
num_space_committed: 1330.
num_space_uncommitted: 0.
num_chunks_returned_to_freelist: 12.
num_chunks_taken_from_freelist: 4216.
num_chunk_merges: 9.
num_chunk_splits: 3107.
num_chunks_enlarged: 2436.
num_inconsistent_stats: 0.

CodeHeap 'non-profiled nmethods': size=120000Kb used=5118Kb max_used=5177Kb free=114881Kb
 bounds [0x000002645d450000, 0x000002645d960000, 0x0000026464980000]
CodeHeap 'profiled nmethods': size=120000Kb used=13678Kb max_used=13678Kb free=106321Kb
 bounds [0x0000026455980000, 0x00000264566e0000, 0x000002645ceb0000]
CodeHeap 'non-nmethods': size=5760Kb used=1711Kb max_used=1754Kb free=4049Kb
 bounds [0x000002645ceb0000, 0x000002645d120000, 0x000002645d450000]
 total_blobs=7770 nmethods=7029 adapters=643
 compilation: enabled
              stopped_count=0, restarted_count=0
 full_count=0

Compilation events (20 events):
Event: 69.984 Thread 0x000002646ca0bf80 nmethod 8038 0x000002645d6dad90 code [0x000002645d6daf20, 0x000002645d6dafb8]
Event: 70.983 Thread 0x000002646ca0ea30 8039       3       java.util.concurrent.ScheduledThreadPoolExecutor$ScheduledFutureTask::getDelay (16 bytes)
Event: 70.984 Thread 0x000002646ca0ea30 nmethod 8039 0x00000264566da610 code [0x00000264566da7c0, 0x00000264566da958]
Event: 72.991 Thread 0x000002646ca0ea30 8040       3       java.util.concurrent.locks.AbstractQueuedSynchronizer$Node::<init> (5 bytes)
Event: 72.991 Thread 0x000002646ca0ea30 nmethod 8040 0x00000264566daa10 code [0x00000264566dabc0, 0x00000264566dad28]
Event: 73.928 Thread 0x000002646ca0ea30 8041       3       java.util.concurrent.ScheduledThreadPoolExecutor::canRunInCurrentRunState (61 bytes)
Event: 73.928 Thread 0x000002646ca0ea30 nmethod 8041 0x00000264566dae10 code [0x00000264566db020, 0x00000264566db810]
Event: 73.930 Thread 0x000002646ca0ea30 8044       3       java.lang.invoke.LambdaForm::create (12 bytes)
Event: 73.930 Thread 0x000002646ca0ea30 nmethod 8044 0x00000264566dba90 code [0x00000264566dbc40, 0x00000264566dbd68]
Event: 73.930 Thread 0x000002646ca0bf80 8045       4       java.lang.invoke.InvokerBytecodeGenerator::emitImplicitConversion (161 bytes)
Event: 73.932 Thread 0x000002646ca0ea30 8051       3       java.lang.invoke.LambdaForm$Name::<init> (99 bytes)
Event: 73.933 Thread 0x000002646ca0ea30 nmethod 8051 0x00000264566dbe10 code [0x00000264566dbfc0, 0x00000264566dc300]
Event: 73.936 Thread 0x000002646ca0ea30 8056       3       java.lang.invoke.StringConcatFactory::prepender (67 bytes)
Event: 73.936 Thread 0x000002646ca0ea30 nmethod 8056 0x00000264566dc410 code [0x00000264566dc640, 0x00000264566dcf00]
Event: 73.938 Thread 0x000002646ca0ea30 8064       3       java.lang.invoke.LambdaForm$Name::<init> (14 bytes)
Event: 73.938 Thread 0x000002646ca0ea30 nmethod 8064 0x00000264566dd110 code [0x00000264566dd2e0, 0x00000264566dd600]
Event: 73.939 Thread 0x000002646ca0ea30 8065       3       ch.qos.logback.classic.Logger::appendLoopOnAppenders (18 bytes)
Event: 73.939 Thread 0x000002646ca0ea30 nmethod 8065 0x00000264566dd790 code [0x00000264566dd940, 0x00000264566ddb00]
Event: 73.939 Thread 0x000002646ca0ea30 8066       3       jdk.internal.misc.Unsafe::weakCompareAndSetLong (11 bytes)
Event: 73.939 Thread 0x000002646ca0ea30 nmethod 8066 0x00000264566ddc10 code [0x00000264566ddda0, 0x00000264566ddec8]

GC Heap History (20 events):
Event: 5.619 GC heap before
{Heap before GC invocations=4 (full 0):
 garbage-first heap   total 69632K, used 65872K [0x0000000704400000, 0x0000000800000000)
  region size 2048K, 29 young (59392K), 4 survivors (8192K)
 Metaspace       used 29228K, committed 29696K, reserved 1114112K
  class space    used 3752K, committed 3968K, reserved 1048576K
}
Event: 5.631 GC heap after
{Heap after GC invocations=5 (full 0):
 garbage-first heap   total 81920K, used 19479K [0x0000000704400000, 0x0000000800000000)
  region size 2048K, 6 young (12288K), 6 survivors (12288K)
 Metaspace       used 29228K, committed 29696K, reserved 1114112K
  class space    used 3752K, committed 3968K, reserved 1048576K
}
Event: 6.676 GC heap before
{Heap before GC invocations=5 (full 0):
 garbage-first heap   total 81920K, used 48151K [0x0000000704400000, 0x0000000800000000)
  region size 2048K, 21 young (43008K), 6 survivors (12288K)
 Metaspace       used 35537K, committed 36096K, reserved 1114112K
  class space    used 4518K, committed 4800K, reserved 1048576K
}
Event: 6.685 GC heap after
{Heap after GC invocations=6 (full 0):
 garbage-first heap   total 81920K, used 22137K [0x0000000704400000, 0x0000000800000000)
  region size 2048K, 2 young (4096K), 2 survivors (4096K)
 Metaspace       used 35537K, committed 36096K, reserved 1114112K
  class space    used 4518K, committed 4800K, reserved 1048576K
}
Event: 6.721 GC heap before
{Heap before GC invocations=6 (full 0):
 garbage-first heap   total 81920K, used 22137K [0x0000000704400000, 0x0000000800000000)
  region size 2048K, 3 young (6144K), 2 survivors (4096K)
 Metaspace       used 35882K, committed 36416K, reserved 1114112K
  class space    used 4557K, committed 4800K, reserved 1048576K
}
Event: 6.724 GC heap after
{Heap after GC invocations=7 (full 0):
 garbage-first heap   total 81920K, used 21863K [0x0000000704400000, 0x0000000800000000)
  region size 2048K, 2 young (4096K), 2 survivors (4096K)
 Metaspace       used 35882K, committed 36416K, reserved 1114112K
  class space    used 4557K, committed 4800K, reserved 1048576K
}
Event: 8.428 GC heap before
{Heap before GC invocations=8 (full 0):
 garbage-first heap   total 81920K, used 64871K [0x0000000704400000, 0x0000000800000000)
  region size 2048K, 23 young (47104K), 2 survivors (4096K)
 Metaspace       used 44782K, committed 45376K, reserved 1114112K
  class space    used 5663K, committed 5952K, reserved 1048576K
}
Event: 8.434 GC heap after
{Heap after GC invocations=9 (full 0):
 garbage-first heap   total 81920K, used 26146K [0x0000000704400000, 0x0000000800000000)
  region size 2048K, 3 young (6144K), 3 survivors (6144K)
 Metaspace       used 44782K, committed 45376K, reserved 1114112K
  class space    used 5663K, committed 5952K, reserved 1048576K
}
Event: 9.637 GC heap before
{Heap before GC invocations=9 (full 0):
 garbage-first heap   total 81920K, used 67106K [0x0000000704400000, 0x0000000800000000)
  region size 2048K, 23 young (47104K), 3 survivors (6144K)
 Metaspace       used 55110K, committed 55680K, reserved 1114112K
  class space    used 7175K, committed 7424K, reserved 1048576K
}
Event: 9.644 GC heap after
{Heap after GC invocations=10 (full 0):
 garbage-first heap   total 81920K, used 28482K [0x0000000704400000, 0x0000000800000000)
  region size 2048K, 2 young (4096K), 2 survivors (4096K)
 Metaspace       used 55110K, committed 55680K, reserved 1114112K
  class space    used 7175K, committed 7424K, reserved 1048576K
}
Event: 10.055 GC heap before
{Heap before GC invocations=10 (full 0):
 garbage-first heap   total 81920K, used 42818K [0x0000000704400000, 0x0000000800000000)
  region size 2048K, 10 young (20480K), 2 survivors (4096K)
 Metaspace       used 60232K, committed 60800K, reserved 1114112K
  class space    used 8031K, committed 8256K, reserved 1048576K
}
Event: 10.059 GC heap after
{Heap after GC invocations=11 (full 0):
 garbage-first heap   total 81920K, used 28916K [0x0000000704400000, 0x0000000800000000)
  region size 2048K, 2 young (4096K), 2 survivors (4096K)
 Metaspace       used 60232K, committed 60800K, reserved 1114112K
  class space    used 8031K, committed 8256K, reserved 1048576K
}
Event: 11.321 GC heap before
{Heap before GC invocations=12 (full 0):
 garbage-first heap   total 81920K, used 69876K [0x0000000704400000, 0x0000000800000000)
  region size 2048K, 22 young (45056K), 2 survivors (4096K)
 Metaspace       used 68027K, committed 68672K, reserved 1114112K
  class space    used 9293K, committed 9600K, reserved 1048576K
}
Event: 11.326 GC heap after
{Heap after GC invocations=13 (full 0):
 garbage-first heap   total 81920K, used 31183K [0x0000000704400000, 0x0000000800000000)
  region size 2048K, 3 young (6144K), 3 survivors (6144K)
 Metaspace       used 68027K, committed 68672K, reserved 1114112K
  class space    used 9293K, committed 9600K, reserved 1048576K
}
Event: 11.950 GC heap before
{Heap before GC invocations=13 (full 0):
 garbage-first heap   total 81920K, used 68047K [0x0000000704400000, 0x0000000800000000)
  region size 2048K, 22 young (45056K), 3 survivors (6144K)
 Metaspace       used 70524K, committed 71168K, reserved 1114112K
  class space    used 9758K, committed 10048K, reserved 1048576K
}
Event: 11.957 GC heap after
{Heap after GC invocations=14 (full 0):
 garbage-first heap   total 81920K, used 32611K [0x0000000704400000, 0x0000000800000000)
  region size 2048K, 3 young (6144K), 3 survivors (6144K)
 Metaspace       used 70524K, committed 71168K, reserved 1114112K
  class space    used 9758K, committed 10048K, reserved 1048576K
}
Event: 12.715 GC heap before
{Heap before GC invocations=14 (full 0):
 garbage-first heap   total 81920K, used 69475K [0x0000000704400000, 0x0000000800000000)
  region size 2048K, 21 young (43008K), 3 survivors (6144K)
 Metaspace       used 74294K, committed 74944K, reserved 1114112K
  class space    used 10247K, committed 10560K, reserved 1048576K
}
Event: 12.721 GC heap after
{Heap after GC invocations=15 (full 0):
 garbage-first heap   total 81920K, used 35030K [0x0000000704400000, 0x0000000800000000)
  region size 2048K, 3 young (6144K), 3 survivors (6144K)
 Metaspace       used 74294K, committed 74944K, reserved 1114112K
  class space    used 10247K, committed 10560K, reserved 1048576K
}
Event: 38.174 GC heap before
{Heap before GC invocations=15 (full 0):
 garbage-first heap   total 81920K, used 69846K [0x0000000704400000, 0x0000000800000000)
  region size 2048K, 20 young (40960K), 3 survivors (6144K)
 Metaspace       used 79338K, committed 80064K, reserved 1179648K
  class space    used 10963K, committed 11264K, reserved 1048576K
}
Event: 38.207 GC heap after
{Heap after GC invocations=16 (full 0):
 garbage-first heap   total 81920K, used 38650K [0x0000000704400000, 0x0000000800000000)
  region size 2048K, 3 young (6144K), 3 survivors (6144K)
 Metaspace       used 79338K, committed 80064K, reserved 1179648K
  class space    used 10963K, committed 11264K, reserved 1048576K
}

Dll operation events (14 events):
Event: 0.024 Loaded shared library C:\Users\tradi\.jdks\openjdk-21.0.2\bin\java.dll
Event: 0.071 Loaded shared library C:\Users\tradi\.jdks\openjdk-21.0.2\bin\jsvml.dll
Event: 0.188 Loaded shared library C:\Users\tradi\.jdks\openjdk-21.0.2\bin\zip.dll
Event: 0.196 Loaded shared library C:\Users\tradi\.jdks\openjdk-21.0.2\bin\instrument.dll
Event: 0.204 Loaded shared library C:\Users\tradi\.jdks\openjdk-21.0.2\bin\net.dll
Event: 0.207 Loaded shared library C:\Users\tradi\.jdks\openjdk-21.0.2\bin\nio.dll
Event: 0.211 Loaded shared library C:\Users\tradi\.jdks\openjdk-21.0.2\bin\zip.dll
Event: 0.368 Loaded shared library C:\Program Files\JetBrains\IntelliJ IDEA Community Edition 2023.3.2\bin\breakgen64.dll
Event: 0.387 Loaded shared library C:\Users\tradi\.jdks\openjdk-21.0.2\bin\extnet.dll
Event: 0.422 Loaded shared library C:\Users\tradi\.jdks\openjdk-21.0.2\bin\verify.dll
Event: 0.435 Loaded shared library C:\Users\tradi\.jdks\openjdk-21.0.2\bin\jimage.dll
Event: 3.221 Loaded shared library C:\Users\tradi\.jdks\openjdk-21.0.2\bin\sunmscapi.dll
Event: 6.028 Loaded shared library C:\Users\tradi\.jdks\openjdk-21.0.2\bin\management.dll
Event: 6.031 Loaded shared library C:\Users\tradi\.jdks\openjdk-21.0.2\bin\management_ext.dll

Deoptimization events (20 events):
Event: 41.631 Thread 0x0000026473bd81d0 Uncommon trap: trap_request=0xffffff45 fr.pc=0x000002645d7d074c relative=0x000000000000060c
Event: 41.632 Thread 0x0000026473bd81d0 Uncommon trap: reason=unstable_if action=reinterpret pc=0x000002645d7d074c method=java.util.ArrayList.toArray([Ljava/lang/Object;)[Ljava/lang/Object; @ 45 c2
Event: 41.632 Thread 0x0000026473bd81d0 DEOPT PACKING pc=0x000002645d7d074c sp=0x000000f420bfbb80
Event: 41.632 Thread 0x0000026473bd81d0 DEOPT UNPACKING pc=0x000002645cf046a2 sp=0x000000f420bfbb88 mode 2
Event: 41.698 Thread 0x0000026473bd81d0 Uncommon trap: trap_request=0xffffff45 fr.pc=0x000002645d576adc relative=0x000000000000057c
Event: 41.698 Thread 0x0000026473bd81d0 Uncommon trap: reason=unstable_if action=reinterpret pc=0x000002645d576adc method=java.lang.CharacterDataLatin1.toLowerCase(I)I @ 23 c2
Event: 41.698 Thread 0x0000026473bd81d0 DEOPT PACKING pc=0x000002645d576adc sp=0x000000f420bfbbc0
Event: 41.698 Thread 0x0000026473bd81d0 DEOPT UNPACKING pc=0x000002645cf046a2 sp=0x000000f420bfbaf0 mode 2
Event: 41.698 Thread 0x0000026473bd81d0 Uncommon trap: trap_request=0xffffff45 fr.pc=0x000002645d4686a0 relative=0x0000000000000080
Event: 41.698 Thread 0x0000026473bd81d0 Uncommon trap: reason=unstable_if action=reinterpret pc=0x000002645d4686a0 method=java.lang.CharacterDataLatin1.toLowerCase(I)I @ 23 c2
Event: 41.698 Thread 0x0000026473bd81d0 DEOPT PACKING pc=0x000002645d4686a0 sp=0x000000f420bfbb60
Event: 41.698 Thread 0x0000026473bd81d0 DEOPT UNPACKING pc=0x000002645cf046a2 sp=0x000000f420bfbaf0 mode 2
Event: 41.707 Thread 0x0000026473bd74b0 Uncommon trap: trap_request=0xffffffde fr.pc=0x000002645d6386cc relative=0x000000000000048c
Event: 41.707 Thread 0x0000026473bd74b0 Uncommon trap: reason=class_check action=maybe_recompile pc=0x000002645d6386cc method=java.util.concurrent.ConcurrentMap.computeIfAbsent(Ljava/lang/Object;Ljava/util/function/Function;)Ljava/lang/Object; @ 7 c2
Event: 41.707 Thread 0x0000026473bd74b0 DEOPT PACKING pc=0x000002645d6386cc sp=0x000000f420cfb470
Event: 41.707 Thread 0x0000026473bd74b0 DEOPT UNPACKING pc=0x000002645cf046a2 sp=0x000000f420cfb458 mode 2
Event: 41.707 Thread 0x0000026473bd74b0 Uncommon trap: trap_request=0xffffffde fr.pc=0x000002645d6386cc relative=0x000000000000048c
Event: 41.707 Thread 0x0000026473bd74b0 Uncommon trap: reason=class_check action=maybe_recompile pc=0x000002645d6386cc method=java.util.concurrent.ConcurrentMap.computeIfAbsent(Ljava/lang/Object;Ljava/util/function/Function;)Ljava/lang/Object; @ 7 c2
Event: 41.707 Thread 0x0000026473bd74b0 DEOPT PACKING pc=0x000002645d6386cc sp=0x000000f420cfb470
Event: 41.707 Thread 0x0000026473bd74b0 DEOPT UNPACKING pc=0x000002645cf046a2 sp=0x000000f420cfb458 mode 2

Classes loaded (20 events):
Event: 38.446 Loading class sun/nio/cs/ThreadLocalCoders$Cache done
Event: 38.446 Loading class sun/nio/cs/ThreadLocalCoders$1 done
Event: 38.446 Loading class sun/nio/cs/ThreadLocalCoders$2
Event: 38.446 Loading class sun/nio/cs/ThreadLocalCoders$2 done
Event: 39.233 Loading class jdk/internal/math/FDBigInteger
Event: 39.235 Loading class jdk/internal/math/FDBigInteger done
Event: 39.264 Loading class java/time/format/DateTimeFormatterBuilder$ZoneTextPrinterParser
Event: 39.265 Loading class java/time/format/DateTimeFormatterBuilder$ZoneTextPrinterParser done
Event: 39.266 Loading class java/time/format/DateTimeFormatterBuilder$ReducedPrinterParser
Event: 39.266 Loading class java/time/format/DateTimeFormatterBuilder$ReducedPrinterParser done
Event: 39.369 Loading class java/util/stream/LongStream
Event: 39.371 Loading class java/util/stream/LongStream done
Event: 39.371 Loading class java/util/stream/DoubleStream
Event: 39.372 Loading class java/util/stream/DoubleStream done
Event: 39.419 Loading class org/w3c/dom/Node
Event: 39.420 Loading class org/w3c/dom/Node done
Event: 39.420 Loading class org/w3c/dom/Document
Event: 39.421 Loading class org/w3c/dom/Document done
Event: 41.572 Loading class java/util/ArrayList$SubList$1
Event: 41.573 Loading class java/util/ArrayList$SubList$1 done

Classes unloaded (0 events):
No events

Classes redefined (0 events):
No events

Internal exceptions (20 events):
Event: 10.627 Thread 0x000002644b1712c0 Implicit null exception at 0x000002645d6aa0d2 to 0x000002645d6aa5f8
Event: 10.627 Thread 0x000002644b1712c0 Implicit null exception at 0x000002645d5ec93a to 0x000002645d5ec974
Event: 10.686 Thread 0x000002644b1712c0 Exception <a 'java/lang/IncompatibleClassChangeError'{0x00000007076cecf8}: Found class java.lang.Object, but interface was expected> (0x00000007076cecf8) 
thrown [s\open\src\hotspot\share\interpreter\linkResolver.cpp, line 840]
Event: 10.757 Thread 0x000002644b1712c0 Exception <a 'java/lang/IncompatibleClassChangeError'{0x000000070745c140}: Found class java.lang.Object, but interface was expected> (0x000000070745c140) 
thrown [s\open\src\hotspot\share\interpreter\linkResolver.cpp, line 840]
Event: 11.019 Thread 0x000002644b1712c0 Exception <a 'java/lang/IncompatibleClassChangeError'{0x0000000706e58ad0}: Found class java.lang.Object, but interface was expected> (0x0000000706e58ad0) 
thrown [s\open\src\hotspot\share\interpreter\linkResolver.cpp, line 840]
Event: 12.233 Thread 0x000002644b1712c0 Exception <a 'java/lang/IncompatibleClassChangeError'{0x0000000707f556d0}: Found class java.lang.Object, but interface was expected> (0x0000000707f556d0) 
thrown [s\open\src\hotspot\share\interpreter\linkResolver.cpp, line 840]
Event: 12.423 Thread 0x000002644b1712c0 Exception <a 'java/lang/NoSuchMethodError'{0x00000007079a8b50}: 'int java.lang.invoke.DirectMethodHandle$Holder.invokeStaticInit(java.lang.Object, int, java.lang.Object, java.lang.Object, java.lang.Object, java.lang.Object)'> (0x00000007079a8b50) 
thrown [s\open\src\hotspot\share\interpreter\linkResolver.cpp, line 773]
Event: 12.643 Thread 0x000002644b1712c0 Exception <a 'java/lang/NoSuchMethodError'{0x000000070701c378}: 'java.lang.Object java.lang.invoke.DirectMethodHandle$Holder.newInvokeSpecial(java.lang.Object, java.lang.Object, java.lang.Object, java.lang.Object, java.lang.Object, java.lang.Object, java.lang.Object, java.lang.Object)'> (0x000000070701c378) 
thrown [s\open\src\hotspot\share\interpreter\linkResolver.cpp, line 773]
Event: 13.206 Thread 0x000002644b1712c0 Exception <a 'java/lang/IncompatibleClassChangeError'{0x000000070864bf70}: Found class java.lang.Object, but interface was expected> (0x000000070864bf70) 
thrown [s\open\src\hotspot\share\interpreter\linkResolver.cpp, line 840]
Event: 13.439 Thread 0x000002644b1712c0 Exception <a 'java/lang/NoSuchMethodError'{0x0000000708369d38}: 'java.lang.Object java.lang.invoke.DirectMethodHandle$Holder.invokeVirtual(java.lang.Object, java.lang.Object, java.lang.Object, java.lang.Object, java.lang.Object, java.lang.Object, java.lang.Object, java.lang.Object)'> (0x0000000708369d38) 
thrown [s\open\src\hotspot\share\interpreter\linkResolver.cpp, line 773]
Event: 13.474 Thread 0x000002644b1712c0 Exception <a 'java/lang/NoSuchMethodError'{0x000000070804d018}: 'java.lang.Object java.lang.invoke.DirectMethodHandle$Holder.invokeInterface(java.lang.Object, java.lang.Object, java.lang.Object, java.lang.Object)'> (0x000000070804d018) 
thrown [s\open\src\hotspot\share\interpreter\linkResolver.cpp, line 773]
Event: 13.697 Thread 0x000002644b1712c0 Exception <a 'java/lang/NoSuchMethodError'{0x0000000707dd4a40}: 'int java.lang.invoke.DirectMethodHandle$Holder.invokeStaticInit(java.lang.Object, java.lang.Object, java.lang.Object, java.lang.Object)'> (0x0000000707dd4a40) 
thrown [s\open\src\hotspot\share\interpreter\linkResolver.cpp, line 773]
Event: 13.743 Thread 0x000002644b1712c0 Exception <a 'java/lang/NoSuchMethodError'{0x0000000707b13190}: 'java.lang.Object java.lang.invoke.Invokers$Holder.invoke_MT(java.lang.Object, java.lang.Object, java.lang.Object, java.lang.Object, java.lang.Object, java.lang.Object, java.lang.Object, java.lang.Object, java.lang.Object)'> (0x0000000707b13190) 
thrown [s\open\src\hotspot\share\interpreter\linkResolver.cpp, line 773]
Event: 13.770 Thread 0x000002644b1712c0 Exception <a 'java/lang/IncompatibleClassChangeError'{0x0000000707bcc2d8}: Found class java.lang.Object, but interface was expected> (0x0000000707bcc2d8) 
thrown [s\open\src\hotspot\share\interpreter\linkResolver.cpp, line 840]
Event: 13.823 Thread 0x000002644b1712c0 Exception <a 'java/lang/NoSuchMethodError'{0x00000007079225f0}: 'java.lang.Object java.lang.invoke.Invokers$Holder.invoke_MT(java.lang.Object, java.lang.Object, java.lang.Object, java.lang.Object, java.lang.Object, java.lang.Object, java.lang.Object, java.lang.Object, java.lang.Object, java.lang.Object, java.lang.Object)'> (0x00000007079225f0) 
thrown [s\open\src\hotspot\share\interpreter\linkResolver.cpp, line 773]
Event: 13.927 Thread 0x000002644b1712c0 Exception <a 'java/lang/NoSuchMethodError'{0x00000007077de3d0}: 'java.lang.Object java.lang.invoke.DirectMethodHandle$Holder.newInvokeSpecial(java.lang.Object, java.lang.Object, int, java.lang.Object, java.lang.Object)'> (0x00000007077de3d0) 
thrown [s\open\src\hotspot\share\interpreter\linkResolver.cpp, line 773]
Event: 38.438 Thread 0x0000026473bd9580 Exception <a 'java/lang/NoSuchMethodError'{0x0000000713f07ff0}: 'java.lang.Object java.lang.invoke.DirectMethodHandle$Holder.invokeSpecial(java.lang.Object, java.lang.Object, java.lang.Object, java.lang.Object, java.lang.Object, long)'> (0x0000000713f07ff0) 
thrown [s\open\src\hotspot\share\interpreter\linkResolver.cpp, line 773]
Event: 38.438 Thread 0x0000026473bd9580 Exception <a 'java/lang/NoSuchMethodError'{0x0000000713f0b9a8}: 'java.lang.Object java.lang.invoke.Invokers$Holder.linkToTargetMethod(java.lang.Object, java.lang.Object, java.lang.Object, long, java.lang.Object)'> (0x0000000713f0b9a8) 
thrown [s\open\src\hotspot\share\interpreter\linkResolver.cpp, line 773]
Event: 38.975 Thread 0x0000026473bd9580 Exception <a 'java/lang/IncompatibleClassChangeError'{0x0000000710fccf10}: Found class java.lang.Object, but interface was expected> (0x0000000710fccf10) 
thrown [s\open\src\hotspot\share\interpreter\linkResolver.cpp, line 840]
Event: 39.240 Thread 0x0000026473bd9580 Exception <a 'java/lang/IncompatibleClassChangeError'{0x0000000710bb3730}: Found class java.lang.Object, but interface was expected> (0x0000000710bb3730) 
thrown [s\open\src\hotspot\share\interpreter\linkResolver.cpp, line 840]

ZGC Phase Switch (0 events):
No events

VM Operations (20 events):
Event: 39.383 Executing VM operation: Cleanup
Event: 39.383 Executing VM operation: Cleanup done
Event: 39.489 Executing VM operation: HandshakeAllThreads (Deoptimize)
Event: 39.489 Executing VM operation: HandshakeAllThreads (Deoptimize) done
Event: 40.495 Executing VM operation: Cleanup
Event: 40.495 Executing VM operation: Cleanup done
Event: 40.864 Executing VM operation: HandshakeAllThreads (Deoptimize)
Event: 40.865 Executing VM operation: HandshakeAllThreads (Deoptimize) done
Event: 41.330 Executing VM operation: HandshakeAllThreads (Deoptimize)
Event: 41.330 Executing VM operation: HandshakeAllThreads (Deoptimize) done
Event: 42.343 Executing VM operation: Cleanup
Event: 42.344 Executing VM operation: Cleanup done
Event: 49.367 Executing VM operation: Cleanup
Event: 49.368 Executing VM operation: Cleanup done
Event: 60.049 Executing VM operation: HandshakeAllThreads (HandshakeForDeflation)
Event: 60.049 Executing VM operation: HandshakeAllThreads (HandshakeForDeflation) done
Event: 60.049 Executing VM operation: RendezvousGCThreads
Event: 60.049 Executing VM operation: RendezvousGCThreads done
Event: 67.121 Executing VM operation: Cleanup
Event: 67.121 Executing VM operation: Cleanup done

Events (20 events):
Event: 38.309 Thread 0x000002646c9d7320 flushing nmethod 0x000002645d4ece10
Event: 38.309 Thread 0x000002646c9d7320 flushing nmethod 0x000002645d4f7d90
Event: 38.309 Thread 0x000002646c9d7320 flushing nmethod 0x000002645d494f90
Event: 38.309 Thread 0x000002646c9d7320 flushing nmethod 0x000002645d4c9c90
Event: 38.309 Thread 0x000002646c9d7320 flushing nmethod 0x000002645d4bb590
Event: 38.309 Thread 0x000002646c9d7320 flushing nmethod 0x000002645d4b9090
Event: 38.309 Thread 0x000002646c9d7320 flushing nmethod 0x000002645d4b3f90
Event: 38.309 Thread 0x000002646c9d7320 flushing nmethod 0x000002645d490290
Event: 38.309 Thread 0x000002646c9d7320 flushing nmethod 0x000002645d487e10
Event: 38.309 Thread 0x000002646c9d7320 flushing nmethod 0x000002645d47ec90
Event: 38.309 Thread 0x000002646c9d7320 flushing nmethod 0x000002645d480490
Event: 38.309 Thread 0x000002646c9d7320 flushing nmethod 0x000002645d479490
Event: 38.309 Thread 0x000002646c9d7320 flushing nmethod 0x000002645d472090
Event: 38.309 Thread 0x000002646c9d7320 flushing nmethod 0x000002645d46b690
Event: 38.309 Thread 0x000002646c9d7320 flushing nmethod 0x000002645d45f610
Event: 38.309 Thread 0x000002646c9d7320 flushing nmethod 0x000002645d462410
Event: 38.309 Thread 0x000002646c9d7320 flushing nmethod 0x000002645d450a10
Event: 38.898 Thread 0x0000026474d2e010 Thread added: 0x0000026474d2e010
Event: 39.053 Thread 0x0000026474d2e010 Thread exited: 0x0000026474d2e010
Event: 73.939 Thread 0x0000026473bdca00 Thread added: 0x0000026473bdca00


Dynamic libraries:
0x00007ff7749a0000 - 0x00007ff7749ae000 	C:\Users\tradi\.jdks\openjdk-21.0.2\bin\java.exe
0x00007ffa8fa20000 - 0x00007ffa8fc83000 	C:\WINDOWS\SYSTEM32\ntdll.dll
0x00007ffa8e560000 - 0x00007ffa8e627000 	C:\WINDOWS\System32\KERNEL32.DLL
0x00007ffa8cdc0000 - 0x00007ffa8d187000 	C:\WINDOWS\System32\KERNELBASE.dll
0x00007ffa8d3f0000 - 0x00007ffa8d53c000 	C:\WINDOWS\System32\ucrtbase.dll
0x00007ffa4d150000 - 0x00007ffa4d168000 	C:\Users\tradi\.jdks\openjdk-21.0.2\bin\jli.dll
0x00007ffa4fd40000 - 0x00007ffa4fd5b000 	C:\Users\tradi\.jdks\openjdk-21.0.2\bin\VCRUNTIME140.dll
0x00007ffa8f650000 - 0x00007ffa8f819000 	C:\WINDOWS\System32\USER32.dll
0x00007ffa78060000 - 0x00007ffa782f0000 	C:\WINDOWS\WinSxS\amd64_microsoft.windows.common-controls_6595b64144ccf1df_6.0.26100.3037_none_3e09262ce333c378\COMCTL32.dll
0x00007ffa8d540000 - 0x00007ffa8d567000 	C:\WINDOWS\System32\win32u.dll
0x00007ffa8f5a0000 - 0x00007ffa8f649000 	C:\WINDOWS\System32\msvcrt.dll
0x00007ffa8e990000 - 0x00007ffa8e9ba000 	C:\WINDOWS\System32\GDI32.dll
0x00007ffa8d230000 - 0x00007ffa8d35b000 	C:\WINDOWS\System32\gdi32full.dll
0x00007ffa8d7b0000 - 0x00007ffa8d853000 	C:\WINDOWS\System32\msvcp_win.dll
0x00007ffa8dde0000 - 0x00007ffa8de0f000 	C:\WINDOWS\System32\IMM32.DLL
0x00007ffa5cea0000 - 0x00007ffa5ceac000 	C:\Users\tradi\.jdks\openjdk-21.0.2\bin\vcruntime140_1.dll
0x00007ffa2d780000 - 0x00007ffa2d80e000 	C:\Users\tradi\.jdks\openjdk-21.0.2\bin\msvcp140.dll
0x00007ff9f4d30000 - 0x00007ff9f5a47000 	C:\Users\tradi\.jdks\openjdk-21.0.2\bin\server\jvm.dll
0x00007ffa8f320000 - 0x00007ffa8f3d4000 	C:\WINDOWS\System32\ADVAPI32.dll
0x00007ffa8e9c0000 - 0x00007ffa8ea66000 	C:\WINDOWS\System32\sechost.dll
0x00007ffa8e780000 - 0x00007ffa8e896000 	C:\WINDOWS\System32\RPCRT4.dll
0x00007ffa8e140000 - 0x00007ffa8e1b4000 	C:\WINDOWS\System32\WS2_32.dll
0x00007ffa8cc50000 - 0x00007ffa8cc9e000 	C:\WINDOWS\SYSTEM32\POWRPROF.dll
0x00007ffa77e60000 - 0x00007ffa77e6b000 	C:\WINDOWS\SYSTEM32\VERSION.dll
0x00007ffa81a10000 - 0x00007ffa81a46000 	C:\WINDOWS\SYSTEM32\WINMM.dll
0x00007ffa8cc30000 - 0x00007ffa8cc44000 	C:\WINDOWS\SYSTEM32\UMPDC.dll
0x00007ffa8bb20000 - 0x00007ffa8bb3a000 	C:\WINDOWS\SYSTEM32\kernel.appcore.dll
0x00007ffa4fd30000 - 0x00007ffa4fd3a000 	C:\Users\tradi\.jdks\openjdk-21.0.2\bin\jimage.dll
0x00007ffa8a110000 - 0x00007ffa8a351000 	C:\WINDOWS\SYSTEM32\DBGHELP.DLL
0x00007ffa8e1c0000 - 0x00007ffa8e53e000 	C:\WINDOWS\System32\combase.dll
0x00007ffa8de20000 - 0x00007ffa8def6000 	C:\WINDOWS\System32\OLEAUT32.dll
0x00007ffa6c0f0000 - 0x00007ffa6c129000 	C:\WINDOWS\SYSTEM32\dbgcore.DLL
0x00007ffa8d190000 - 0x00007ffa8d229000 	C:\WINDOWS\System32\bcryptPrimitives.dll
0x00007ffa851b0000 - 0x00007ffa851bf000 	C:\Users\tradi\.jdks\openjdk-21.0.2\bin\instrument.dll
0x00007ffa4c090000 - 0x00007ffa4c0af000 	C:\Users\tradi\.jdks\openjdk-21.0.2\bin\java.dll
0x00007ffa8ea70000 - 0x00007ffa8f174000 	C:\WINDOWS\System32\SHELL32.dll
0x00007ffa8aa80000 - 0x00007ffa8b2b7000 	C:\WINDOWS\SYSTEM32\windows.storage.dll
0x00007ffa8e8a0000 - 0x00007ffa8e989000 	C:\WINDOWS\System32\SHCORE.dll
0x00007ffa8e0d0000 - 0x00007ffa8e12d000 	C:\WINDOWS\System32\shlwapi.dll
0x00007ffa8ccd0000 - 0x00007ffa8ccfe000 	C:\WINDOWS\SYSTEM32\profapi.dll
0x00007ffa2d0e0000 - 0x00007ffa2d1b7000 	C:\Users\tradi\.jdks\openjdk-21.0.2\bin\jsvml.dll
0x00007ffa4c050000 - 0x00007ffa4c068000 	C:\Users\tradi\.jdks\openjdk-21.0.2\bin\zip.dll
0x00007ffa4f600000 - 0x00007ffa4f610000 	C:\Users\tradi\.jdks\openjdk-21.0.2\bin\net.dll
0x00007ffa83be0000 - 0x00007ffa83cfe000 	C:\WINDOWS\SYSTEM32\WINHTTP.dll
0x00007ffa8c0b0000 - 0x00007ffa8c118000 	C:\WINDOWS\system32\mswsock.dll
0x00007ffa4c070000 - 0x00007ffa4c086000 	C:\Users\tradi\.jdks\openjdk-21.0.2\bin\nio.dll
0x00007ffa85170000 - 0x00007ffa8518a000 	C:\Program Files\JetBrains\IntelliJ IDEA Community Edition 2023.3.2\bin\breakgen64.dll
0x00007ffa4d140000 - 0x00007ffa4d149000 	C:\Users\tradi\.jdks\openjdk-21.0.2\bin\extnet.dll
0x00007ffa47f20000 - 0x00007ffa47f30000 	C:\Users\tradi\.jdks\openjdk-21.0.2\bin\verify.dll
0x00007ffa85190000 - 0x00007ffa8519e000 	C:\Users\tradi\.jdks\openjdk-21.0.2\bin\sunmscapi.dll
0x00007ffa8d570000 - 0x00007ffa8d6e6000 	C:\WINDOWS\System32\CRYPT32.dll
0x00007ffa8c5a0000 - 0x00007ffa8c5d0000 	C:\WINDOWS\SYSTEM32\ncrypt.dll
0x00007ffa8c550000 - 0x00007ffa8c58f000 	C:\WINDOWS\SYSTEM32\NTASN1.dll
0x00007ffa8c320000 - 0x00007ffa8c33c000 	C:\WINDOWS\SYSTEM32\CRYPTSP.dll
0x00007ffa8bb40000 - 0x00007ffa8bb78000 	C:\WINDOWS\system32\rsaenh.dll
0x00007ffa8c150000 - 0x00007ffa8c17b000 	C:\WINDOWS\SYSTEM32\USERENV.dll
0x00007ffa8c5e0000 - 0x00007ffa8c606000 	C:\WINDOWS\SYSTEM32\bcrypt.dll
0x00007ffa8c310000 - 0x00007ffa8c31c000 	C:\WINDOWS\SYSTEM32\CRYPTBASE.dll
0x00007ffa8b680000 - 0x00007ffa8b6b2000 	C:\WINDOWS\SYSTEM32\IPHLPAPI.DLL
0x00007ffa8d940000 - 0x00007ffa8d94a000 	C:\WINDOWS\System32\NSI.dll
0x00007ffa851a0000 - 0x00007ffa851aa000 	C:\Users\tradi\.jdks\openjdk-21.0.2\bin\management.dll
0x00007ffa85160000 - 0x00007ffa8516b000 	C:\Users\tradi\.jdks\openjdk-21.0.2\bin\management_ext.dll
0x00007ffa8f820000 - 0x00007ffa8f828000 	C:\WINDOWS\System32\PSAPI.DLL
0x00007ffa8b750000 - 0x00007ffa8b875000 	C:\WINDOWS\SYSTEM32\DNSAPI.dll
0x00007ffa83160000 - 0x00007ffa8316b000 	C:\Windows\System32\rasadhlp.dll
0x00007ffa848c0000 - 0x00007ffa84945000 	C:\WINDOWS\System32\fwpuclnt.dll
0x00007ffa637f0000 - 0x00007ffa63808000 	C:\WINDOWS\system32\napinsp.dll
0x00007ffa636d0000 - 0x00007ffa636e2000 	C:\WINDOWS\System32\winrnr.dll
0x00007ffa636a0000 - 0x00007ffa636c2000 	C:\WINDOWS\system32\nlansp_c.dll
0x00007ffa635a0000 - 0x00007ffa635b6000 	C:\WINDOWS\system32\wshbth.dll
0x00007ffa498e0000 - 0x00007ffa498e8000 	C:\WINDOWS\system32\wshunix.dll

dbghelp: loaded successfully - version: 4.0.5 - missing functions: none
symbol engine: initialized successfully - sym options: 0x614 - pdb path: .;C:\Users\tradi\.jdks\openjdk-21.0.2\bin;C:\WINDOWS\SYSTEM32;C:\WINDOWS\WinSxS\amd64_microsoft.windows.common-controls_6595b64144ccf1df_6.0.26100.3037_none_3e09262ce333c378;C:\Users\tradi\.jdks\openjdk-21.0.2\bin\server;C:\Program Files\JetBrains\IntelliJ IDEA Community Edition 2023.3.2\bin

VM Arguments:
jvm_args: -javaagent:C:\Program Files\JetBrains\IntelliJ IDEA Community Edition 2023.3.2\lib\idea_rt.jar=61745:C:\Program Files\JetBrains\IntelliJ IDEA Community Edition 2023.3.2\bin -Dfile.encoding=UTF-8 -Dsun.stdout.encoding=UTF-8 -Dsun.stderr.encoding=UTF-8 
java_command: com.nova.colis.ColisApplication
java_class_path (initial): C:\Users\tradi\Downloads\colis\colis\target\classes;C:\Users\tradi\.m2\repository\org\springframework\boot\spring-boot-starter-web\3.4.2\spring-boot-starter-web-3.4.2.jar;C:\Users\tradi\.m2\repository\org\springframework\boot\spring-boot-starter\3.4.2\spring-boot-starter-3.4.2.jar;C:\Users\tradi\.m2\repository\org\springframework\boot\spring-boot\3.4.2\spring-boot-3.4.2.jar;C:\Users\tradi\.m2\repository\org\springframework\boot\spring-boot-autoconfigure\3.4.2\spring-boot-autoconfigure-3.4.2.jar;C:\Users\tradi\.m2\repository\org\springframework\boot\spring-boot-starter-logging\3.4.2\spring-boot-starter-logging-3.4.2.jar;C:\Users\tradi\.m2\repository\ch\qos\logback\logback-classic\1.5.16\logback-classic-1.5.16.jar;C:\Users\tradi\.m2\repository\ch\qos\logback\logback-core\1.5.16\logback-core-1.5.16.jar;C:\Users\tradi\.m2\repository\org\apache\logging\log4j\log4j-to-slf4j\2.24.3\log4j-to-slf4j-2.24.3.jar;C:\Users\tradi\.m2\repository\org\apache\logging\log4j\log4j-api\2.24.3\log4j-api-2.24.3.jar;C:\Users\tradi\.m2\repository\org\slf4j\jul-to-slf4j\2.0.16\jul-to-slf4j-2.0.16.jar;C:\Users\tradi\.m2\repository\jakarta\annotation\jakarta.annotation-api\2.1.1\jakarta.annotation-api-2.1.1.jar;C:\Users\tradi\.m2\repository\org\springframework\boot\spring-boot-starter-json\3.4.2\spring-boot-starter-json-3.4.2.jar;C:\Users\tradi\.m2\repository\com\fasterxml\jackson\core\jackson-databind\2.18.2\jackson-databind-2.18.2.jar;C:\Users\tradi\.m2\repository\com\fasterxml\jackson\core\jackson-annotations\2.18.2\jackson-annotations-2.18.2.jar;C:\Users\tradi\.m2\repository\com\fasterxml\jackson\core\jackson-core\2.18.2\jackson-core-2.18.2.jar;C:\Users\tradi\.m2\repository\com\fasterxml\jackson\datatype\jackson-datatype-jdk8\2.18.2\jackson-datatype-jdk8-2.18.2.jar;C:\Users\tradi\.m2\repository\com\fasterxml\jackson\datatype\jackson-datatype-jsr310\2.18.2\jackson-datatype-jsr310-2.18.2.jar;C:\Users\tradi\.m2\repository\com\fasterxml\jackson\module\jackson-module-parameter-names\2.18.2\jackson-module-parameter-names-2.18.2.jar;C:\Users\tradi\.m2\repository\org\springframework\boot\spring-boot-starter-tomcat\3.4.2\spring-boot-starter-tomcat-3.4.2.jar;C:\Users\tradi\.m2\repository\org\apache\tomcat\embed\tomcat-embed-core\10.1.34\tomcat-embed-core-10.1.34.jar;C:\Users\tradi\.m2\repository\org\apache\tomcat\embed\tomcat-embed-websocket\10.1.34\tomcat-embed-websocket-10.1.34.jar;C:\Users\tradi\.m2\repository\org\springframework\spring-web\6.2.2\spring-web-6.2.2.jar;C:\Users\tradi\.m2\repository\org\springframework\spring-beans\6.2.2\spring-beans-6.2.2.jar;C:\Users\tradi\.m2\repository\io\micrometer\micrometer-observation\1.14.3\micrometer-observation-1.14.3.jar;C:\Users\tradi\.m2\repository\io\micrometer\micrometer-commons\1.14.3\micrometer-commons-1.14.3.jar;C:\Users\tradi\.m2\repository\org\springframework\spring-webmvc\6.2.2\spring-webmvc-6.2.2.jar;C:\Users\tradi\.m2\repository\org\springframework\spring-context\6.2.2\spring-context-6.2.2.jar;C:\Users\tradi\.m2\repository\org\springframework\spring-expression\6.2.2\spring-expression-6.2.2.jar;C:\Users\tradi\.m2\repository\org\springframework\boot\spring-boot-starter-data-jpa\3.4.2\spring-boot-starter-data-jpa-3.4.2.jar;C:\Users\tradi\.m2\repository\org\springframework\boot\spring-boot-starter-jdbc\3.4.2\spring-boot-starter-jdbc-3.4.2.jar;C:\Users\tradi\.m2\repository\com\zaxxer\HikariCP\5.1.0\HikariCP-5.1.0.jar;C:\Users\tradi\.m2\repository\org\springframework\spring-jdbc\6.2.2\spring-jdbc-6.2.2.jar;C:\Users\tradi\.m2\repository\org\hibernate\orm\hibernate-core\6.6.5.Final\hibernate-core-6.6.5.Final.jar;C:\Users\tradi\.m2\repository\jakarta\persistence\jakarta.persistence-api\3.1.0\jakarta.persistence-api-3.1.0.jar;C:\Users\tradi\.m2\repository\jakarta\transaction\jakarta.transaction-api\2.0.1\jakarta.transaction-api-2.0.1.jar;C:\Users\tradi\.m2\repository\org\jboss\logging\jboss-logging\3.6.1.Final\jboss-logging-3.6.1.Final.jar;C:\Users\tradi\.m2\repository\org\hibernate\common\hibernate-commons-annotations\7.0.3.Final\hibernate-commons-annotations-7.0.3.Final.jar;C:\Users\tradi\.m2\repository\io\smallrye\jandex\3.2.0\jandex-3.2.0.jar;C:\Users\tradi\.m2\repository\com\fasterxml\classmate\1.7.0\classmate-1.7.0.jar;C:\Users\tradi\.m2\repository\net\bytebuddy\byte-buddy\1.15.11\byte-buddy-1.15.11.jar;C:\Users\tradi\.m2\repository\org\glassfish\jaxb\jaxb-runtime\4.0.5\jaxb-runtime-4.0.5.jar;C:\Users\tradi\.m2\repository\org\glassfish\jaxb\jaxb-core\4.0.5\jaxb-core-4.0.5.jar;C:\Users\tradi\.m2\repository\org\eclipse\angus\angus-activation\2.0.2\angus-activation-2.0.2.jar;C:\Users\tradi\.m2\repository\org\glassfish\jaxb\txw2\4.0.5\txw2-4.0.5.jar;C:\Users\tradi\.m2\repository\com\sun\istack\istack-commons-runtime\4.1.2\istack-commons-runtime-4.1.2.jar;C:\Users\tradi\.m2\repository\jakarta\inject\jakarta.inject-api\2.0.1\jakarta.inject-api-2.0.1.jar;C:\Users\tradi\.m2\repository\org\antlr\antlr4-runtime\4.13.0\antlr4-runtime-4.13.0.jar;C:\Users\tradi\.m2\repository\org\springframework\data\spring-data-jpa\3.4.2\spring-data-jpa-3.4.2.jar;C:\Users\tradi\.m2\repository\org\springframework\data\spring-data-commons\3.4.2\spring-data-commons-3.4.2.jar;C:\Users\tradi\.m2\repository\org\springframework\spring-orm\6.2.2\spring-orm-6.2.2.jar;C:\Users\tradi\.m2\repository\org\springframework\spring-tx\6.2.2\spring-tx-6.2.2.jar;C:\Users\tradi\.m2\repository\org\slf4j\slf4j-api\2.0.16\slf4j-api-2.0.16.jar;C:\Users\tradi\.m2\repository\org\springframework\spring-aspects\6.2.2\spring-aspects-6.2.2.jar;C:\Users\tradi\.m2\repository\org\aspectj\aspectjweaver\1.9.22.1\aspectjweaver-1.9.22.1.jar;C:\Users\tradi\.m2\repository\org\springframework\boot\spring-boot-starter-validation\3.4.2\spring-boot-starter-validation-3.4.2.jar;C:\Users\tradi\.m2\repository\org\apache\tomcat\embed\tomcat-embed-el\10.1.34\tomcat-embed-el-10.1.34.jar;C:\Users\tradi\.m2\repository\org\hibernate\validator\hibernate-validator\8.0.2.Final\hibernate-validator-8.0.2.Final.jar;C:\Users\tradi\.m2\repository\jakarta\validation\jakarta.validation-api\3.0.2\jakarta.validation-api-3.0.2.jar;C:\Users\tradi\.m2\repository\org\springframework\boot\spring-boot-starter-security\3.4.2\spring-boot-starter-security-3.4.2.jar;C:\Users\tradi\.m2\repository\org\springframework\spring-aop\6.2.2\spring-aop-6.2.2.jar;C:\Users\tradi\.m2\repository\org\springframework\security\spring-security-config\6.4.2\spring-security-config-6.4.2.jar;C:\Users\tradi\.m2\repository\org\springframework\security\spring-security-web\6.4.2\spring-security-web-6.4.2.jar;C:\Users\tradi\.m2\repository\org\liquibase\liquibase-core\4.20.0\liquibase-core-4.20.0.jar;C:\Users\tradi\.m2\repository\javax\xml\bind\jaxb-api\2.3.1\jaxb-api-2.3.1.jar;C:\Users\tradi\.m2\repository\javax\activation\javax.activation-api\1.2.0\javax.activation-api-1.2.0.jar;C:\Users\tradi\.m2\repository\org\yaml\snakeyaml\2.3\snakeyaml-2.3.jar;C:\Users\tradi\.m2\repository\com\mysql\mysql-connector-j\9.1.0\mysql-connector-j-9.1.0.jar;C:\Users\tradi\.m2\repository\com\opencsv\opencsv\5.7.1\opencsv-5.7.1.jar;C:\Users\tradi\.m2\repository\commons-beanutils\commons-beanutils\1.9.4\commons-beanutils-1.9.4.jar;C:\Users\tradi\.m2\repository\commons-logging\commons-logging\1.2\commons-logging-1.2.jar;C:\Users\tradi\.m2\repository\commons-collections\commons-collections\3.2.2\commons-collections-3.2.2.jar;C:\Users\tradi\.m2\repository\org\apache\commons\commons-lang3\3.17.0\commons-lang3-3.17.0.jar;C:\Users\tradi\.m2\repository\org\apache\commons\commons-text\1.10.0\commons-text-1.10.0.jar;C:\Users\tradi\.m2\repository\org\apache\commons\commons-collections4\4.4\commons-collections4-4.4.jar;C:\Users\tradi\.m2\repository\jakarta\xml\bind\jakarta.xml.bind-api\4.0.2\jakarta.xml.bind-api-4.0.2.jar;C:\Users\tradi\.m2\repository\jakarta\activation\jakarta.activation-api\2.1.3\jakarta.activation-api-2.1.3.jar;C:\Users\tradi\.m2\repository\org\springframework\spring-core\6.2.2\spring-core-6.2.2.jar;C:\Users\tradi\.m2\repository\org\springframework\spring-jcl\6.2.2\spring-jcl-6.2.2.jar;C:\Users\tradi\.m2\repository\org\springframework\boot\spring-boot-starter-websocket\3.4.2\spring-boot-starter-websocket-3.4.2.jar;C:\Users\tradi\.m2\repository\org\springframework\spring-messaging\6.2.2\spring-messaging-6.2.2.jar;C:\Users\tradi\.m2\repository\org\springframework\spring-websocket\6.2.2\spring-websocket-6.2.2.jar;C:\Users\tradi\.m2\repository\org\springframework\security\spring-security-core\6.4.2\spring-security-core-6.4.2.jar;C:\Users\tradi\.m2\repository\org\springframework\security\spring-security-crypto\6.4.2\spring-security-crypto-6.4.2.jar
Launcher Type: SUN_STANDARD

[Global flags]
     intx CICompilerCount                          = 4                                         {product} {ergonomic}
     uint ConcGCThreads                            = 3                                         {product} {ergonomic}
     uint G1ConcRefinementThreads                  = 10                                        {product} {ergonomic}
   size_t G1HeapRegionSize                         = 2097152                                   {product} {ergonomic}
    uintx GCDrainStackTargetSize                   = 64                                        {product} {ergonomic}
   size_t InitialHeapSize                          = 264241152                                 {product} {ergonomic}
   size_t MarkStackSize                            = 4194304                                   {product} {ergonomic}
   size_t MaxHeapSize                              = 4223664128                                {product} {ergonomic}
   size_t MaxNewSize                               = 2533359616                                {product} {ergonomic}
   size_t MinHeapDeltaBytes                        = 2097152                                   {product} {ergonomic}
   size_t MinHeapSize                              = 8388608                                   {product} {ergonomic}
    uintx NonNMethodCodeHeapSize                   = 5839372                                {pd product} {ergonomic}
    uintx NonProfiledCodeHeapSize                  = 122909434                              {pd product} {ergonomic}
    uintx ProfiledCodeHeapSize                     = 122909434                              {pd product} {ergonomic}
    uintx ReservedCodeCacheSize                    = 251658240                              {pd product} {ergonomic}
     bool SegmentedCodeCache                       = true                                      {product} {ergonomic}
   size_t SoftMaxHeapSize                          = 4223664128                             {manageable} {ergonomic}
     bool UseCompressedOops                        = true                           {product lp64_product} {ergonomic}
     bool UseG1GC                                  = true                                      {product} {ergonomic}
     bool UseLargePagesIndividualAllocation        = false                                  {pd product} {ergonomic}

Logging:
Log output configuration:
 #0: stdout all=warning uptime,level,tags foldmultilines=false
 #1: stderr all=off uptime,level,tags foldmultilines=false

Environment Variables:
JAVA_HOME=C:\Program Files\Java\jdk-21
PATH=C:\Python312\Scripts\;C:\Python312\;C:\Program Files\Common Files\Oracle\Java\javapath;C:\Program Files (x86)\Common Files\Oracle\Java\javapath;C:\WINDOWS\system32;C:\WINDOWS;C:\WINDOWS\System32\Wbem;C:\WINDOWS\System32\WindowsPowerShell\v1.0\;C:\WINDOWS\System32\OpenSSH\;C:\Program Files\Microsoft SQL Server\150\Tools\Binn\;C:\Program Files\Microsoft SQL Server\Client SDK\ODBC\170\Tools\Binn\;C:\Program Files\dotnet\;C:\maven\apache-maven-3.9.6-bin\apache-maven-3.9.6\bin;C:\ProgramData\chocolatey\bin;C:\Program Files\MongoDB\mongosh-2.1.1-win32-x64\bin;C:\Program Files\Git\cmd;C:\Program Files\Docker\Docker\resources\bin;C:\Program Files\Java\jdk-21\bin;C:\Users\tradi\AppData\Roaming\nvm;C:\Program Files\nodejs;C:\Program Files\Amazon\AWSCLIV2\;C:\Users\tradi\AppData\Local\Microsoft\WindowsApps;C:\Program Files\JetBrains\IntelliJ IDEA Community Edition 2023.3.2\bin;;C:\Program Files\JetBrains\IntelliJ IDEA 2023.3\bin;;C:\Users\tradi\.dotnet\tools;C:\Users\tradi\AppData\Local\Programs\Microsoft VS Code\bin;C:\Users\tradi\AppData\Roaming\npm;C:\Users\tradi\Downloads\flutter\src\flutter\bin;C:\Users\tradi\AppData\Roaming\nvm;C:\Program Files\nodejs;C:\Program Files\heroku\bin;C:\flutter_windows_3.24.3-stable\flutter\bin;
USERNAME=tradi
OS=Windows_NT
PROCESSOR_IDENTIFIER=Intel64 Family 6 Model 186 Stepping 3, GenuineIntel
TMP=C:\Users\tradi\AppData\Local\Temp
TEMP=C:\Users\tradi\AppData\Local\Temp




Periodic native trim disabled

---------------  S Y S T E M  ---------------

OS:
 Windows 11 , 64 bit Build 26100 (10.0.26100.3037)
OS uptime: 0 days 4:17 hours
Hyper-V role detected

CPU: total 12 (initial active 12) (6 cores per cpu, 2 threads per core) family 6 model 186 stepping 3 microcode 0x4112, cx8, cmov, fxsr, ht, mmx, 3dnowpref, sse, sse2, sse3, ssse3, sse4.1, sse4.2, popcnt, lzcnt, tsc, tscinvbit, avx, avx2, aes, erms, clmul, bmi1, bmi2, adx, sha, fma, vzeroupper, clflush, clflushopt, clwb, hv, serialize, rdtscp, rdpid, fsrm, f16c, cet_ibt, cet_ss
Processor Information for processor 0
  Max Mhz: 1700, Current Mhz: 1700, Mhz Limit: 1700
Processor Information for processor 1
  Max Mhz: 1700, Current Mhz: 1700, Mhz Limit: 1700
Processor Information for processor 2
  Max Mhz: 1700, Current Mhz: 1457, Mhz Limit: 1700
Processor Information for processor 3
  Max Mhz: 1700, Current Mhz: 1700, Mhz Limit: 1700
Processor Information for processor 4
  Max Mhz: 1700, Current Mhz: 1200, Mhz Limit: 1190
Processor Information for processor 5
  Max Mhz: 1700, Current Mhz: 1200, Mhz Limit: 1190
Processor Information for processor 6
  Max Mhz: 1700, Current Mhz: 1200, Mhz Limit: 1190
Processor Information for processor 7
  Max Mhz: 1700, Current Mhz: 1200, Mhz Limit: 1190
Processor Information for processor 8
  Max Mhz: 1700, Current Mhz: 1200, Mhz Limit: 1190
Processor Information for processor 9
  Max Mhz: 1700, Current Mhz: 1200, Mhz Limit: 1190
Processor Information for processor 10
  Max Mhz: 1700, Current Mhz: 1200, Mhz Limit: 1190
Processor Information for processor 11
  Max Mhz: 1700, Current Mhz: 1200, Mhz Limit: 1190

Memory: 4k page, system-wide physical 16108M (576M free)
TotalPageFile size 65260M (AvailPageFile size 0M)
current process WorkingSet (physical memory assigned to process): 283M, peak: 331M
current process commit charge ("private bytes"): 321M, peak: 396M

vm_info: OpenJDK 64-Bit Server VM (21.0.2+13-58) for windows-amd64 JRE (21.0.2+13-58), built on 2024-01-05T18:32:24Z by "mach5one" with MS VC++ 17.1 (VS2022)

END.
