#
# There is insufficient memory for the Java Runtime Environment to continue.
# Native memory allocation (malloc) failed to allocate 1560976 bytes for Chunk::new
# Possible reasons:
#   The system is out of physical RAM or swap space
#   The process is running with CompressedOops enabled, and the Java Heap may be blocking the growth of the native heap
# Possible solutions:
#   Reduce memory load on the system
#   Increase physical memory or swap space
#   Check if swap backing store is full
#   Decrease Java heap size (-Xmx/-Xms)
#   Decrease number of Java threads
#   Decrease Java thread stack sizes (-Xss)
#   Set larger code cache with -XX:ReservedCodeCacheSize=
#   JVM is running with Zero Based Compressed Oops mode in which the Java heap is
#     placed in the first 32GB address space. The Java Heap base address is the
#     maximum limit for the native heap growth. Please use -XX:HeapBaseMinAddress
#     to set the Java Heap base and to place the Java Heap above 32GB virtual address.
# This output file may be truncated or incomplete.
#
#  Out of Memory Error (arena.cpp:168), pid=24144, tid=22448
#
# JRE version: OpenJDK Runtime Environment (21.0.2+13) (build 21.0.2+13-58)
# Java VM: OpenJDK 64-Bit Server VM (21.0.2+13-58, mixed mode, sharing, tiered, compressed oops, compressed class ptrs, g1 gc, windows-amd64)
# No core dump will be written. Minidumps are not enabled by default on client versions of Windows
#

---------------  S U M M A R Y ------------

Command Line: -javaagent:C:\Program Files\JetBrains\IntelliJ IDEA Community Edition 2023.3.2\lib\idea_rt.jar=50814:C:\Program Files\JetBrains\IntelliJ IDEA Community Edition 2023.3.2\bin -Dfile.encoding=UTF-8 -Dsun.stdout.encoding=UTF-8 -Dsun.stderr.encoding=UTF-8 com.nova.colis.ColisApplication

Host: 13th Gen Intel(R) Core(TM) i7-1355U, 12 cores, 15G,  Windows 11 , 64 bit Build 26100 (10.0.26100.2454)
Time: Wed Jan 29 19:42:44 2025 Eastern Standard Time elapsed time: 6.401068 seconds (0d 0h 0m 6s)

---------------  T H R E A D  ---------------

Current thread (0x000002569e2ca060):  JavaThread "C2 CompilerThread1" daemon [_thread_in_native, id=22448, stack(0x000000981d900000,0x000000981da00000) (1024K)]


Current CompileTask:
C2:   6401 2375   !   4       jdk.internal.loader.BuiltinClassLoader::loadClassOrNull (143 bytes)

Stack: [0x000000981d900000,0x000000981da00000]
Native frames: (J=compiled Java code, j=interpreted, Vv=VM code, C=native code)
V  [jvm.dll+0x6cade9]
V  [jvm.dll+0x8569c1]
V  [jvm.dll+0x858d2e]
V  [jvm.dll+0x859413]
V  [jvm.dll+0x280e56]
V  [jvm.dll+0xc3f3d]
V  [jvm.dll+0xc4473]
V  [jvm.dll+0x3b5bf2]
V  [jvm.dll+0x382855]
V  [jvm.dll+0x381cca]
V  [jvm.dll+0x249bd0]
V  [jvm.dll+0x2491b1]
V  [jvm.dll+0x1c9634]
V  [jvm.dll+0x258859]
V  [jvm.dll+0x256e3a]
V  [jvm.dll+0x3ef6c6]
V  [jvm.dll+0x7ff568]
V  [jvm.dll+0x6c953d]
C  [ucrtbase.dll+0x14ea0]
C  [KERNEL32.DLL+0x2e8d7]
C  [ntdll.dll+0xdfbcc]


---------------  P R O C E S S  ---------------

Threads class SMR info:
_java_thread_list=0x000002569fdecae0, length=15, elements={
0x0000025636e2fd90, 0x0000025657e1dbe0, 0x0000025657e1e450, 0x0000025658592490,
0x0000025658593110, 0x0000025658597ad0, 0x000002565859a6c0, 0x000002565859b190,
0x000002565859dab0, 0x00000256586d0a80, 0x000002569e01e0d0, 0x000002565898dc70,
0x000002569eab6b30, 0x000002569e2ca060, 0x000002569efb3430
}

Java Threads: ( => current thread )
  0x0000025636e2fd90 JavaThread "main"                              [_thread_blocked, id=16540, stack(0x000000981c600000,0x000000981c700000) (1024K)]
  0x0000025657e1dbe0 JavaThread "Reference Handler"          daemon [_thread_blocked, id=14036, stack(0x000000981ce00000,0x000000981cf00000) (1024K)]
  0x0000025657e1e450 JavaThread "Finalizer"                  daemon [_thread_blocked, id=17388, stack(0x000000981cf00000,0x000000981d000000) (1024K)]
  0x0000025658592490 JavaThread "Signal Dispatcher"          daemon [_thread_blocked, id=21140, stack(0x000000981d000000,0x000000981d100000) (1024K)]
  0x0000025658593110 JavaThread "Attach Listener"            daemon [_thread_blocked, id=9064, stack(0x000000981d100000,0x000000981d200000) (1024K)]
  0x0000025658597ad0 JavaThread "Service Thread"             daemon [_thread_blocked, id=8844, stack(0x000000981d200000,0x000000981d300000) (1024K)]
  0x000002565859a6c0 JavaThread "Monitor Deflation Thread"   daemon [_thread_blocked, id=10224, stack(0x000000981d300000,0x000000981d400000) (1024K)]
  0x000002565859b190 JavaThread "C2 CompilerThread0"         daemon [_thread_in_native, id=11668, stack(0x000000981d400000,0x000000981d500000) (1024K)]
  0x000002565859dab0 JavaThread "C1 CompilerThread0"         daemon [_thread_blocked, id=20100, stack(0x000000981d500000,0x000000981d600000) (1024K)]
  0x00000256586d0a80 JavaThread "Common-Cleaner"             daemon [_thread_blocked, id=21328, stack(0x000000981d600000,0x000000981d700000) (1024K)]
  0x000002569e01e0d0 JavaThread "Monitor Ctrl-Break"         daemon [_thread_in_native, id=21228, stack(0x000000981d700000,0x000000981d800000) (1024K)]
  0x000002565898dc70 JavaThread "Notification Thread"        daemon [_thread_blocked, id=5952, stack(0x000000981d800000,0x000000981d900000) (1024K)]
  0x000002569eab6b30 JavaThread "background-preinit"                [_thread_in_native, id=5008, stack(0x000000981e000000,0x000000981e100000) (1024K)]
=>0x000002569e2ca060 JavaThread "C2 CompilerThread1"         daemon [_thread_in_native, id=22448, stack(0x000000981d900000,0x000000981da00000) (1024K)]
  0x000002569efb3430 JavaThread "C2 CompilerThread2"         daemon [_thread_in_native, id=17620, stack(0x000000981e400000,0x000000981e500000) (1024K)]
Total: 15

Other Threads:
  0x0000025657dfa4d0 VMThread "VM Thread"                           [id=10920, stack(0x000000981cd00000,0x000000981ce00000) (1024K)]
  0x0000025657de2280 WatcherThread "VM Periodic Task Thread"        [id=17592, stack(0x000000981cc00000,0x000000981cd00000) (1024K)]
  0x0000025638fdb690 WorkerThread "GC Thread#0"                     [id=4708, stack(0x000000981c700000,0x000000981c800000) (1024K)]
  0x000002569e84e330 WorkerThread "GC Thread#1"                     [id=18032, stack(0x000000981da00000,0x000000981db00000) (1024K)]
  0x000002569e84e6d0 WorkerThread "GC Thread#2"                     [id=15588, stack(0x000000981db00000,0x000000981dc00000) (1024K)]
  0x000002569e85eda0 WorkerThread "GC Thread#3"                     [id=18380, stack(0x000000981dc00000,0x000000981dd00000) (1024K)]
  0x000002569e85f140 WorkerThread "GC Thread#4"                     [id=12792, stack(0x000000981dd00000,0x000000981de00000) (1024K)]
  0x000002569e85f4e0 WorkerThread "GC Thread#5"                     [id=7192, stack(0x000000981de00000,0x000000981df00000) (1024K)]
  0x000002569e8b5070 WorkerThread "GC Thread#6"                     [id=10164, stack(0x000000981df00000,0x000000981e000000) (1024K)]
  0x000002569ecbcf20 WorkerThread "GC Thread#7"                     [id=13676, stack(0x000000981e100000,0x000000981e200000) (1024K)]
  0x000002569eeb3ae0 WorkerThread "GC Thread#8"                     [id=12176, stack(0x000000981e200000,0x000000981e300000) (1024K)]
  0x000002569eeb3e80 WorkerThread "GC Thread#9"                     [id=11372, stack(0x000000981e300000,0x000000981e400000) (1024K)]
  0x0000025638fed3a0 ConcurrentGCThread "G1 Main Marker"            [id=2724, stack(0x000000981c800000,0x000000981c900000) (1024K)]
  0x0000025638fefe70 WorkerThread "G1 Conc#0"                       [id=20988, stack(0x000000981c900000,0x000000981ca00000) (1024K)]
  0x000002563902e660 ConcurrentGCThread "G1 Refine#0"               [id=18556, stack(0x000000981ca00000,0x000000981cb00000) (1024K)]
  0x0000025657ca9030 ConcurrentGCThread "G1 Service"                [id=5388, stack(0x000000981cb00000,0x000000981cc00000) (1024K)]
Total: 16

Threads with active compile tasks:
C2 CompilerThread0     6425 2480       4       sun.net.util.IPAddressUtil::checkHostString (64 bytes)
C2 CompilerThread1     6425 2375   !   4       jdk.internal.loader.BuiltinClassLoader::loadClassOrNull (143 bytes)
C2 CompilerThread2     6425 2470   !   4       java.util.zip.InflaterInputStream::read (129 bytes)
Total: 3

VM state: not at safepoint (normal execution)

VM Mutex/Monitor currently owned by a thread: None

Heap address: 0x0000000704400000, size: 4028 MB, Compressed Oops mode: Zero based, Oop shift amount: 3

CDS archive(s) mapped at: [0x0000025659000000-0x0000025659c90000-0x0000025659c90000), size 13172736, SharedBaseAddress: 0x0000025659000000, ArchiveRelocationMode: 1.
Compressed class space mapped at: 0x000002565a000000-0x000002569a000000, reserved size: 1073741824
Narrow klass base: 0x0000025659000000, Narrow klass shift: 0, Narrow klass range: 0x100000000

GC Precious Log:
 CardTable entry size: 512
 Card Set container configuration: InlinePtr #cards 4 size 8 Array Of Cards #cards 16 size 48 Howl #buckets 8 coarsen threshold 3686 Howl Bitmap #cards 512 size 80 coarsen threshold 460 Card regions per heap region 1 cards per card region 4096
 CPUs: 12 total, 12 available
 Memory: 16108M
 Large Page Support: Disabled
 NUMA Support: Disabled
 Compressed Oops: Enabled (Zero based)
 Heap Region Size: 2M
 Heap Min Capacity: 8M
 Heap Initial Capacity: 252M
 Heap Max Capacity: 4028M
 Pre-touch: Disabled
 Parallel Workers: 10
 Concurrent Workers: 3
 Concurrent Refinement Workers: 10
 Periodic GC: Disabled

Heap:
 garbage-first heap   total 258048K, used 44789K [0x0000000704400000, 0x0000000800000000)
  region size 2048K, 21 young (43008K), 2 survivors (4096K)
 Metaspace       used 20169K, committed 20480K, reserved 1114112K
  class space    used 2549K, committed 2688K, reserved 1048576K

Heap Regions: E=young(eden), S=young(survivor), O=old, HS=humongous(starts), HC=humongous(continues), CS=collection set, F=free, TAMS=top-at-mark-start, PB=parsable bottom
|   0|0x0000000704400000, 0x0000000704600000, 0x0000000704600000|100%| O|  |TAMS 0x0000000704400000| PB 0x0000000704400000| Untracked 
|   1|0x0000000704600000, 0x0000000704800000, 0x0000000704800000|100%| O|  |TAMS 0x0000000704600000| PB 0x0000000704600000| Untracked 
|   2|0x0000000704800000, 0x0000000704a00000, 0x0000000704a00000|100%| O|  |TAMS 0x0000000704800000| PB 0x0000000704800000| Untracked 
|   3|0x0000000704a00000, 0x0000000704b9b7b0, 0x0000000704c00000| 80%| O|  |TAMS 0x0000000704a00000| PB 0x0000000704a00000| Untracked 
|   4|0x0000000704c00000, 0x0000000704c00000, 0x0000000704e00000|  0%| F|  |TAMS 0x0000000704c00000| PB 0x0000000704c00000| Untracked 
|   5|0x0000000704e00000, 0x0000000704e00000, 0x0000000705000000|  0%| F|  |TAMS 0x0000000704e00000| PB 0x0000000704e00000| Untracked 
|   6|0x0000000705000000, 0x0000000705000000, 0x0000000705200000|  0%| F|  |TAMS 0x0000000705000000| PB 0x0000000705000000| Untracked 
|   7|0x0000000705200000, 0x0000000705200000, 0x0000000705400000|  0%| F|  |TAMS 0x0000000705200000| PB 0x0000000705200000| Untracked 
|   8|0x0000000705400000, 0x0000000705400000, 0x0000000705600000|  0%| F|  |TAMS 0x0000000705400000| PB 0x0000000705400000| Untracked 
|   9|0x0000000705600000, 0x0000000705600000, 0x0000000705800000|  0%| F|  |TAMS 0x0000000705600000| PB 0x0000000705600000| Untracked 
|  10|0x0000000705800000, 0x0000000705800000, 0x0000000705a00000|  0%| F|  |TAMS 0x0000000705800000| PB 0x0000000705800000| Untracked 
|  11|0x0000000705a00000, 0x0000000705a00000, 0x0000000705c00000|  0%| F|  |TAMS 0x0000000705a00000| PB 0x0000000705a00000| Untracked 
|  12|0x0000000705c00000, 0x0000000705c00000, 0x0000000705e00000|  0%| F|  |TAMS 0x0000000705c00000| PB 0x0000000705c00000| Untracked 
|  13|0x0000000705e00000, 0x0000000705e00000, 0x0000000706000000|  0%| F|  |TAMS 0x0000000705e00000| PB 0x0000000705e00000| Untracked 
|  14|0x0000000706000000, 0x0000000706000000, 0x0000000706200000|  0%| F|  |TAMS 0x0000000706000000| PB 0x0000000706000000| Untracked 
|  15|0x0000000706200000, 0x0000000706200000, 0x0000000706400000|  0%| F|  |TAMS 0x0000000706200000| PB 0x0000000706200000| Untracked 
|  16|0x0000000706400000, 0x0000000706400000, 0x0000000706600000|  0%| F|  |TAMS 0x0000000706400000| PB 0x0000000706400000| Untracked 
|  17|0x0000000706600000, 0x0000000706600000, 0x0000000706800000|  0%| F|  |TAMS 0x0000000706600000| PB 0x0000000706600000| Untracked 
|  18|0x0000000706800000, 0x0000000706800000, 0x0000000706a00000|  0%| F|  |TAMS 0x0000000706800000| PB 0x0000000706800000| Untracked 
|  19|0x0000000706a00000, 0x0000000706a00000, 0x0000000706c00000|  0%| F|  |TAMS 0x0000000706a00000| PB 0x0000000706a00000| Untracked 
|  20|0x0000000706c00000, 0x0000000706c00000, 0x0000000706e00000|  0%| F|  |TAMS 0x0000000706c00000| PB 0x0000000706c00000| Untracked 
|  21|0x0000000706e00000, 0x0000000706e00000, 0x0000000707000000|  0%| F|  |TAMS 0x0000000706e00000| PB 0x0000000706e00000| Untracked 
|  22|0x0000000707000000, 0x0000000707000000, 0x0000000707200000|  0%| F|  |TAMS 0x0000000707000000| PB 0x0000000707000000| Untracked 
|  23|0x0000000707200000, 0x0000000707200000, 0x0000000707400000|  0%| F|  |TAMS 0x0000000707200000| PB 0x0000000707200000| Untracked 
|  24|0x0000000707400000, 0x0000000707400000, 0x0000000707600000|  0%| F|  |TAMS 0x0000000707400000| PB 0x0000000707400000| Untracked 
|  25|0x0000000707600000, 0x0000000707600000, 0x0000000707800000|  0%| F|  |TAMS 0x0000000707600000| PB 0x0000000707600000| Untracked 
|  26|0x0000000707800000, 0x0000000707800000, 0x0000000707a00000|  0%| F|  |TAMS 0x0000000707800000| PB 0x0000000707800000| Untracked 
|  27|0x0000000707a00000, 0x0000000707a00000, 0x0000000707c00000|  0%| F|  |TAMS 0x0000000707a00000| PB 0x0000000707a00000| Untracked 
|  28|0x0000000707c00000, 0x0000000707c00000, 0x0000000707e00000|  0%| F|  |TAMS 0x0000000707c00000| PB 0x0000000707c00000| Untracked 
|  29|0x0000000707e00000, 0x0000000707e00000, 0x0000000708000000|  0%| F|  |TAMS 0x0000000707e00000| PB 0x0000000707e00000| Untracked 
|  30|0x0000000708000000, 0x0000000708000000, 0x0000000708200000|  0%| F|  |TAMS 0x0000000708000000| PB 0x0000000708000000| Untracked 
|  31|0x0000000708200000, 0x0000000708200000, 0x0000000708400000|  0%| F|  |TAMS 0x0000000708200000| PB 0x0000000708200000| Untracked 
|  32|0x0000000708400000, 0x0000000708400000, 0x0000000708600000|  0%| F|  |TAMS 0x0000000708400000| PB 0x0000000708400000| Untracked 
|  33|0x0000000708600000, 0x0000000708600000, 0x0000000708800000|  0%| F|  |TAMS 0x0000000708600000| PB 0x0000000708600000| Untracked 
|  34|0x0000000708800000, 0x0000000708800000, 0x0000000708a00000|  0%| F|  |TAMS 0x0000000708800000| PB 0x0000000708800000| Untracked 
|  35|0x0000000708a00000, 0x0000000708a00000, 0x0000000708c00000|  0%| F|  |TAMS 0x0000000708a00000| PB 0x0000000708a00000| Untracked 
|  36|0x0000000708c00000, 0x0000000708c00000, 0x0000000708e00000|  0%| F|  |TAMS 0x0000000708c00000| PB 0x0000000708c00000| Untracked 
|  37|0x0000000708e00000, 0x0000000708e00000, 0x0000000709000000|  0%| F|  |TAMS 0x0000000708e00000| PB 0x0000000708e00000| Untracked 
|  38|0x0000000709000000, 0x0000000709000000, 0x0000000709200000|  0%| F|  |TAMS 0x0000000709000000| PB 0x0000000709000000| Untracked 
|  39|0x0000000709200000, 0x0000000709200000, 0x0000000709400000|  0%| F|  |TAMS 0x0000000709200000| PB 0x0000000709200000| Untracked 
|  40|0x0000000709400000, 0x0000000709400000, 0x0000000709600000|  0%| F|  |TAMS 0x0000000709400000| PB 0x0000000709400000| Untracked 
|  41|0x0000000709600000, 0x0000000709600000, 0x0000000709800000|  0%| F|  |TAMS 0x0000000709600000| PB 0x0000000709600000| Untracked 
|  42|0x0000000709800000, 0x0000000709800000, 0x0000000709a00000|  0%| F|  |TAMS 0x0000000709800000| PB 0x0000000709800000| Untracked 
|  43|0x0000000709a00000, 0x0000000709a00000, 0x0000000709c00000|  0%| F|  |TAMS 0x0000000709a00000| PB 0x0000000709a00000| Untracked 
|  44|0x0000000709c00000, 0x0000000709c00000, 0x0000000709e00000|  0%| F|  |TAMS 0x0000000709c00000| PB 0x0000000709c00000| Untracked 
|  45|0x0000000709e00000, 0x0000000709e00000, 0x000000070a000000|  0%| F|  |TAMS 0x0000000709e00000| PB 0x0000000709e00000| Untracked 
|  46|0x000000070a000000, 0x000000070a000000, 0x000000070a200000|  0%| F|  |TAMS 0x000000070a000000| PB 0x000000070a000000| Untracked 
|  47|0x000000070a200000, 0x000000070a200000, 0x000000070a400000|  0%| F|  |TAMS 0x000000070a200000| PB 0x000000070a200000| Untracked 
|  48|0x000000070a400000, 0x000000070a400000, 0x000000070a600000|  0%| F|  |TAMS 0x000000070a400000| PB 0x000000070a400000| Untracked 
|  49|0x000000070a600000, 0x000000070a600000, 0x000000070a800000|  0%| F|  |TAMS 0x000000070a600000| PB 0x000000070a600000| Untracked 
|  50|0x000000070a800000, 0x000000070a800000, 0x000000070aa00000|  0%| F|  |TAMS 0x000000070a800000| PB 0x000000070a800000| Untracked 
|  51|0x000000070aa00000, 0x000000070aa00000, 0x000000070ac00000|  0%| F|  |TAMS 0x000000070aa00000| PB 0x000000070aa00000| Untracked 
|  52|0x000000070ac00000, 0x000000070ac00000, 0x000000070ae00000|  0%| F|  |TAMS 0x000000070ac00000| PB 0x000000070ac00000| Untracked 
|  53|0x000000070ae00000, 0x000000070ae00000, 0x000000070b000000|  0%| F|  |TAMS 0x000000070ae00000| PB 0x000000070ae00000| Untracked 
|  54|0x000000070b000000, 0x000000070b000000, 0x000000070b200000|  0%| F|  |TAMS 0x000000070b000000| PB 0x000000070b000000| Untracked 
|  55|0x000000070b200000, 0x000000070b200000, 0x000000070b400000|  0%| F|  |TAMS 0x000000070b200000| PB 0x000000070b200000| Untracked 
|  56|0x000000070b400000, 0x000000070b400000, 0x000000070b600000|  0%| F|  |TAMS 0x000000070b400000| PB 0x000000070b400000| Untracked 
|  57|0x000000070b600000, 0x000000070b600000, 0x000000070b800000|  0%| F|  |TAMS 0x000000070b600000| PB 0x000000070b600000| Untracked 
|  58|0x000000070b800000, 0x000000070b800000, 0x000000070ba00000|  0%| F|  |TAMS 0x000000070b800000| PB 0x000000070b800000| Untracked 
|  59|0x000000070ba00000, 0x000000070ba00000, 0x000000070bc00000|  0%| F|  |TAMS 0x000000070ba00000| PB 0x000000070ba00000| Untracked 
|  60|0x000000070bc00000, 0x000000070bc00000, 0x000000070be00000|  0%| F|  |TAMS 0x000000070bc00000| PB 0x000000070bc00000| Untracked 
|  61|0x000000070be00000, 0x000000070be00000, 0x000000070c000000|  0%| F|  |TAMS 0x000000070be00000| PB 0x000000070be00000| Untracked 
|  62|0x000000070c000000, 0x000000070c000000, 0x000000070c200000|  0%| F|  |TAMS 0x000000070c000000| PB 0x000000070c000000| Untracked 
|  63|0x000000070c200000, 0x000000070c200000, 0x000000070c400000|  0%| F|  |TAMS 0x000000070c200000| PB 0x000000070c200000| Untracked 
|  64|0x000000070c400000, 0x000000070c400000, 0x000000070c600000|  0%| F|  |TAMS 0x000000070c400000| PB 0x000000070c400000| Untracked 
|  65|0x000000070c600000, 0x000000070c600000, 0x000000070c800000|  0%| F|  |TAMS 0x000000070c600000| PB 0x000000070c600000| Untracked 
|  66|0x000000070c800000, 0x000000070c800000, 0x000000070ca00000|  0%| F|  |TAMS 0x000000070c800000| PB 0x000000070c800000| Untracked 
|  67|0x000000070ca00000, 0x000000070ca00000, 0x000000070cc00000|  0%| F|  |TAMS 0x000000070ca00000| PB 0x000000070ca00000| Untracked 
|  68|0x000000070cc00000, 0x000000070cc00000, 0x000000070ce00000|  0%| F|  |TAMS 0x000000070cc00000| PB 0x000000070cc00000| Untracked 
|  69|0x000000070ce00000, 0x000000070ce00000, 0x000000070d000000|  0%| F|  |TAMS 0x000000070ce00000| PB 0x000000070ce00000| Untracked 
|  70|0x000000070d000000, 0x000000070d000000, 0x000000070d200000|  0%| F|  |TAMS 0x000000070d000000| PB 0x000000070d000000| Untracked 
|  71|0x000000070d200000, 0x000000070d200000, 0x000000070d400000|  0%| F|  |TAMS 0x000000070d200000| PB 0x000000070d200000| Untracked 
|  72|0x000000070d400000, 0x000000070d400000, 0x000000070d600000|  0%| F|  |TAMS 0x000000070d400000| PB 0x000000070d400000| Untracked 
|  73|0x000000070d600000, 0x000000070d600000, 0x000000070d800000|  0%| F|  |TAMS 0x000000070d600000| PB 0x000000070d600000| Untracked 
|  74|0x000000070d800000, 0x000000070d800000, 0x000000070da00000|  0%| F|  |TAMS 0x000000070d800000| PB 0x000000070d800000| Untracked 
|  75|0x000000070da00000, 0x000000070da00000, 0x000000070dc00000|  0%| F|  |TAMS 0x000000070da00000| PB 0x000000070da00000| Untracked 
|  76|0x000000070dc00000, 0x000000070dc00000, 0x000000070de00000|  0%| F|  |TAMS 0x000000070dc00000| PB 0x000000070dc00000| Untracked 
|  77|0x000000070de00000, 0x000000070de00000, 0x000000070e000000|  0%| F|  |TAMS 0x000000070de00000| PB 0x000000070de00000| Untracked 
|  78|0x000000070e000000, 0x000000070e000000, 0x000000070e200000|  0%| F|  |TAMS 0x000000070e000000| PB 0x000000070e000000| Untracked 
|  79|0x000000070e200000, 0x000000070e200000, 0x000000070e400000|  0%| F|  |TAMS 0x000000070e200000| PB 0x000000070e200000| Untracked 
|  80|0x000000070e400000, 0x000000070e400000, 0x000000070e600000|  0%| F|  |TAMS 0x000000070e400000| PB 0x000000070e400000| Untracked 
|  81|0x000000070e600000, 0x000000070e600000, 0x000000070e800000|  0%| F|  |TAMS 0x000000070e600000| PB 0x000000070e600000| Untracked 
|  82|0x000000070e800000, 0x000000070e800000, 0x000000070ea00000|  0%| F|  |TAMS 0x000000070e800000| PB 0x000000070e800000| Untracked 
|  83|0x000000070ea00000, 0x000000070ea00000, 0x000000070ec00000|  0%| F|  |TAMS 0x000000070ea00000| PB 0x000000070ea00000| Untracked 
|  84|0x000000070ec00000, 0x000000070ec00000, 0x000000070ee00000|  0%| F|  |TAMS 0x000000070ec00000| PB 0x000000070ec00000| Untracked 
|  85|0x000000070ee00000, 0x000000070ee00000, 0x000000070f000000|  0%| F|  |TAMS 0x000000070ee00000| PB 0x000000070ee00000| Untracked 
|  86|0x000000070f000000, 0x000000070f000000, 0x000000070f200000|  0%| F|  |TAMS 0x000000070f000000| PB 0x000000070f000000| Untracked 
|  87|0x000000070f200000, 0x000000070f200000, 0x000000070f400000|  0%| F|  |TAMS 0x000000070f200000| PB 0x000000070f200000| Untracked 
|  88|0x000000070f400000, 0x000000070f400000, 0x000000070f600000|  0%| F|  |TAMS 0x000000070f400000| PB 0x000000070f400000| Untracked 
|  89|0x000000070f600000, 0x000000070f600000, 0x000000070f800000|  0%| F|  |TAMS 0x000000070f600000| PB 0x000000070f600000| Untracked 
|  90|0x000000070f800000, 0x000000070f800000, 0x000000070fa00000|  0%| F|  |TAMS 0x000000070f800000| PB 0x000000070f800000| Untracked 
|  91|0x000000070fa00000, 0x000000070fa00000, 0x000000070fc00000|  0%| F|  |TAMS 0x000000070fa00000| PB 0x000000070fa00000| Untracked 
|  92|0x000000070fc00000, 0x000000070fc00000, 0x000000070fe00000|  0%| F|  |TAMS 0x000000070fc00000| PB 0x000000070fc00000| Untracked 
|  93|0x000000070fe00000, 0x000000070fe00000, 0x0000000710000000|  0%| F|  |TAMS 0x000000070fe00000| PB 0x000000070fe00000| Untracked 
|  94|0x0000000710000000, 0x0000000710000000, 0x0000000710200000|  0%| F|  |TAMS 0x0000000710000000| PB 0x0000000710000000| Untracked 
|  95|0x0000000710200000, 0x0000000710200000, 0x0000000710400000|  0%| F|  |TAMS 0x0000000710200000| PB 0x0000000710200000| Untracked 
|  96|0x0000000710400000, 0x0000000710400000, 0x0000000710600000|  0%| F|  |TAMS 0x0000000710400000| PB 0x0000000710400000| Untracked 
|  97|0x0000000710600000, 0x0000000710600000, 0x0000000710800000|  0%| F|  |TAMS 0x0000000710600000| PB 0x0000000710600000| Untracked 
|  98|0x0000000710800000, 0x0000000710800000, 0x0000000710a00000|  0%| F|  |TAMS 0x0000000710800000| PB 0x0000000710800000| Untracked 
|  99|0x0000000710a00000, 0x0000000710a00000, 0x0000000710c00000|  0%| F|  |TAMS 0x0000000710a00000| PB 0x0000000710a00000| Untracked 
| 100|0x0000000710c00000, 0x0000000710c00000, 0x0000000710e00000|  0%| F|  |TAMS 0x0000000710c00000| PB 0x0000000710c00000| Untracked 
| 101|0x0000000710e00000, 0x0000000710e00000, 0x0000000711000000|  0%| F|  |TAMS 0x0000000710e00000| PB 0x0000000710e00000| Untracked 
| 102|0x0000000711000000, 0x0000000711000000, 0x0000000711200000|  0%| F|  |TAMS 0x0000000711000000| PB 0x0000000711000000| Untracked 
| 103|0x0000000711200000, 0x0000000711200000, 0x0000000711400000|  0%| F|  |TAMS 0x0000000711200000| PB 0x0000000711200000| Untracked 
| 104|0x0000000711400000, 0x0000000711400000, 0x0000000711600000|  0%| F|  |TAMS 0x0000000711400000| PB 0x0000000711400000| Untracked 
| 105|0x0000000711600000, 0x0000000711793f68, 0x0000000711800000| 78%| E|  |TAMS 0x0000000711600000| PB 0x0000000711600000| Complete 
| 106|0x0000000711800000, 0x0000000711a00000, 0x0000000711a00000|100%| E|CS|TAMS 0x0000000711800000| PB 0x0000000711800000| Complete 
| 107|0x0000000711a00000, 0x0000000711c00000, 0x0000000711c00000|100%| E|CS|TAMS 0x0000000711a00000| PB 0x0000000711a00000| Complete 
| 108|0x0000000711c00000, 0x0000000711e00000, 0x0000000711e00000|100%| E|  |TAMS 0x0000000711c00000| PB 0x0000000711c00000| Complete 
| 109|0x0000000711e00000, 0x0000000712000000, 0x0000000712000000|100%| E|CS|TAMS 0x0000000711e00000| PB 0x0000000711e00000| Complete 
| 110|0x0000000712000000, 0x0000000712021f60, 0x0000000712200000|  6%| S|CS|TAMS 0x0000000712000000| PB 0x0000000712000000| Complete 
| 111|0x0000000712200000, 0x0000000712400000, 0x0000000712400000|100%| S|CS|TAMS 0x0000000712200000| PB 0x0000000712200000| Complete 
| 112|0x0000000712400000, 0x0000000712600000, 0x0000000712600000|100%| E|CS|TAMS 0x0000000712400000| PB 0x0000000712400000| Complete 
| 113|0x0000000712600000, 0x0000000712800000, 0x0000000712800000|100%| E|CS|TAMS 0x0000000712600000| PB 0x0000000712600000| Complete 
| 114|0x0000000712800000, 0x0000000712a00000, 0x0000000712a00000|100%| E|CS|TAMS 0x0000000712800000| PB 0x0000000712800000| Complete 
| 115|0x0000000712a00000, 0x0000000712c00000, 0x0000000712c00000|100%| E|CS|TAMS 0x0000000712a00000| PB 0x0000000712a00000| Complete 
| 116|0x0000000712c00000, 0x0000000712e00000, 0x0000000712e00000|100%| E|CS|TAMS 0x0000000712c00000| PB 0x0000000712c00000| Complete 
| 117|0x0000000712e00000, 0x0000000713000000, 0x0000000713000000|100%| E|CS|TAMS 0x0000000712e00000| PB 0x0000000712e00000| Complete 
| 118|0x0000000713000000, 0x0000000713200000, 0x0000000713200000|100%| E|CS|TAMS 0x0000000713000000| PB 0x0000000713000000| Complete 
| 119|0x0000000713200000, 0x0000000713400000, 0x0000000713400000|100%| E|CS|TAMS 0x0000000713200000| PB 0x0000000713200000| Complete 
| 120|0x0000000713400000, 0x0000000713600000, 0x0000000713600000|100%| E|CS|TAMS 0x0000000713400000| PB 0x0000000713400000| Complete 
| 121|0x0000000713600000, 0x0000000713800000, 0x0000000713800000|100%| E|CS|TAMS 0x0000000713600000| PB 0x0000000713600000| Complete 
| 122|0x0000000713800000, 0x0000000713a00000, 0x0000000713a00000|100%| E|CS|TAMS 0x0000000713800000| PB 0x0000000713800000| Complete 
| 123|0x0000000713a00000, 0x0000000713c00000, 0x0000000713c00000|100%| E|CS|TAMS 0x0000000713a00000| PB 0x0000000713a00000| Complete 
| 124|0x0000000713c00000, 0x0000000713e00000, 0x0000000713e00000|100%| E|CS|TAMS 0x0000000713c00000| PB 0x0000000713c00000| Complete 
| 125|0x0000000713e00000, 0x0000000714000000, 0x0000000714000000|100%| E|CS|TAMS 0x0000000713e00000| PB 0x0000000713e00000| Complete 

Card table byte_map: [0x0000025651100000,0x00000256518e0000] _byte_map_base: 0x000002564d8de000

Marking Bits: (CMBitMap*) 0x0000025638fdbd90
 Bits: [0x00000256518e0000, 0x00000256557d0000)

Polling page: 0x0000025638730000

Metaspace:

Usage:
  Non-class:     17.22 MB used.
      Class:      2.49 MB used.
       Both:     19.71 MB used.

Virtual space:
  Non-class space:       64.00 MB reserved,      17.38 MB ( 27%) committed,  1 nodes.
      Class space:        1.00 GB reserved,       2.62 MB ( <1%) committed,  1 nodes.
             Both:        1.06 GB reserved,      20.00 MB (  2%) committed. 

Chunk freelists:
   Non-Class:  14.44 MB
       Class:  13.39 MB
        Both:  27.83 MB

MaxMetaspaceSize: unlimited
CompressedClassSpaceSize: 1.00 GB
Initial GC threshold: 21.00 MB
Current GC threshold: 21.00 MB
CDS: on
 - commit_granule_bytes: 65536.
 - commit_granule_words: 8192.
 - virtual_space_node_default_size: 8388608.
 - enlarge_chunks_in_place: 1.
 - use_allocation_guard: 0.


Internal statistics:

num_allocs_failed_limit: 0.
num_arena_births: 334.
num_arena_deaths: 0.
num_vsnodes_births: 2.
num_vsnodes_deaths: 0.
num_space_committed: 320.
num_space_uncommitted: 0.
num_chunks_returned_to_freelist: 0.
num_chunks_taken_from_freelist: 1040.
num_chunk_merges: 0.
num_chunk_splits: 693.
num_chunks_enlarged: 490.
num_inconsistent_stats: 0.

CodeHeap 'non-profiled nmethods': size=120000Kb used=1034Kb max_used=1034Kb free=118965Kb
 bounds [0x0000025648e90000, 0x0000025649100000, 0x00000256503c0000]
CodeHeap 'profiled nmethods': size=120000Kb used=4739Kb max_used=4739Kb free=115260Kb
 bounds [0x00000256413c0000, 0x0000025641870000, 0x00000256488f0000]
CodeHeap 'non-nmethods': size=5760Kb used=1445Kb max_used=1480Kb free=4314Kb
 bounds [0x00000256488f0000, 0x0000025648b60000, 0x0000025648e90000]
 total_blobs=3012 nmethods=2483 adapters=433
 compilation: enabled
              stopped_count=0, restarted_count=0
 full_count=0

Compilation events (20 events):
Event: 5.384 Thread 0x000002565859dab0 nmethod 2450 0x0000025648f8c490 code [0x0000025648f8c620, 0x0000025648f8c6f0]
Event: 5.384 Thread 0x000002565859dab0 2454       1       org.springframework.context.annotation.ConfigurationClass::getMetadata (5 bytes)
Event: 5.384 Thread 0x000002565859dab0 nmethod 2454 0x0000025648f8c790 code [0x0000025648f8c920, 0x0000025648f8c9f0]
Event: 5.384 Thread 0x000002565859b190 nmethod 2420 0x0000025648f8ca90 code [0x0000025648f8cc20, 0x0000025648f8cd40]
Event: 5.384 Thread 0x000002565859b190 2411       4       java.util.HashMap::containsKey (14 bytes)
Event: 5.385 Thread 0x000002569efb3430 nmethod 2455 0x0000025648f8ce90 code [0x0000025648f8d020, 0x0000025648f8d188]
Event: 5.385 Thread 0x000002569efb3430 2416       4       java.util.HashSet::contains (9 bytes)
Event: 5.385 Thread 0x000002565859dab0 2456       1       java.util.stream.ReduceOps$Box::get (5 bytes)
Event: 5.385 Thread 0x000002565859dab0 nmethod 2456 0x0000025648f8d310 code [0x0000025648f8d4a0, 0x0000025648f8d570]
Event: 5.385 Thread 0x000002565859dab0 2457       3       org.slf4j.LoggerFactory::getLogger (12 bytes)
Event: 5.385 Thread 0x000002565859dab0 nmethod 2457 0x0000025641850310 code [0x00000256418504e0, 0x00000256418507f0]
Event: 5.385 Thread 0x000002565859dab0 2458       3       ch.qos.logback.classic.LoggerContext::getLogger (6 bytes)
Event: 5.386 Thread 0x000002565859dab0 nmethod 2458 0x0000025641850910 code [0x0000025641850ac0, 0x0000025641850c18]
Event: 5.387 Thread 0x000002565859b190 nmethod 2411 0x0000025648f8d610 code [0x0000025648f8d7e0, 0x0000025648f8db90]
Event: 5.388 Thread 0x000002565859b190 2395       4       java.lang.String::<init> (14 bytes)
Event: 5.388 Thread 0x000002565859dab0 2459       3       org.springframework.core.annotation.AbstractMergedAnnotation::isDirectlyPresent (20 bytes)
Event: 5.388 Thread 0x000002565859dab0 nmethod 2459 0x0000025641850d10 code [0x0000025641850ee0, 0x0000025641851208]
Event: 5.388 Thread 0x000002565859dab0 2460       3       org.springframework.asm.Type::getType (10 bytes)
Event: 5.388 Thread 0x000002565859dab0 nmethod 2460 0x0000025641851310 code [0x00000256418514e0, 0x0000025641851718]
Event: 5.389 Thread 0x000002565859dab0 2463       3       org.springframework.asm.ClassReader::readElementValue (1237 bytes)

GC Heap History (4 events):
Event: 1.575 GC heap before
{Heap before GC invocations=0 (full 0):
 garbage-first heap   total 258048K, used 22528K [0x0000000704400000, 0x0000000800000000)
  region size 2048K, 11 young (22528K), 0 survivors (0K)
 Metaspace       used 5572K, committed 5888K, reserved 1114112K
  class space    used 619K, committed 768K, reserved 1048576K
}
Event: 1.578 GC heap after
{Heap after GC invocations=1 (full 0):
 garbage-first heap   total 258048K, used 8053K [0x0000000704400000, 0x0000000800000000)
  region size 2048K, 2 young (4096K), 2 survivors (4096K)
 Metaspace       used 5572K, committed 5888K, reserved 1114112K
  class space    used 619K, committed 768K, reserved 1048576K
}
Event: 4.014 GC heap before
{Heap before GC invocations=1 (full 0):
 garbage-first heap   total 258048K, used 32629K [0x0000000704400000, 0x0000000800000000)
  region size 2048K, 14 young (28672K), 2 survivors (4096K)
 Metaspace       used 12014K, committed 12352K, reserved 1114112K
  class space    used 1531K, committed 1728K, reserved 1048576K
}
Event: 4.017 GC heap after
{Heap after GC invocations=2 (full 0):
 garbage-first heap   total 258048K, used 9973K [0x0000000704400000, 0x0000000800000000)
  region size 2048K, 2 young (4096K), 2 survivors (4096K)
 Metaspace       used 12014K, committed 12352K, reserved 1114112K
  class space    used 1531K, committed 1728K, reserved 1048576K
}

Dll operation events (10 events):
Event: 0.012 Loaded shared library C:\Users\tradi\.jdks\openjdk-21.0.2\bin\java.dll
Event: 0.036 Loaded shared library C:\Users\tradi\.jdks\openjdk-21.0.2\bin\jsvml.dll
Event: 0.090 Loaded shared library C:\Users\tradi\.jdks\openjdk-21.0.2\bin\zip.dll
Event: 0.095 Loaded shared library C:\Users\tradi\.jdks\openjdk-21.0.2\bin\instrument.dll
Event: 0.100 Loaded shared library C:\Users\tradi\.jdks\openjdk-21.0.2\bin\net.dll
Event: 0.101 Loaded shared library C:\Users\tradi\.jdks\openjdk-21.0.2\bin\nio.dll
Event: 0.104 Loaded shared library C:\Users\tradi\.jdks\openjdk-21.0.2\bin\zip.dll
Event: 0.232 Loaded shared library C:\Program Files\JetBrains\IntelliJ IDEA Community Edition 2023.3.2\bin\breakgen64.dll
Event: 0.237 Loaded shared library C:\Users\tradi\.jdks\openjdk-21.0.2\bin\extnet.dll
Event: 0.270 Loaded shared library C:\Users\tradi\.jdks\openjdk-21.0.2\bin\jimage.dll

Deoptimization events (20 events):
Event: 5.349 Thread 0x0000025636e2fd90 DEOPT PACKING pc=0x00000256414f82f6 sp=0x000000981c6fe770
Event: 5.349 Thread 0x0000025636e2fd90 DEOPT UNPACKING pc=0x0000025648944e42 sp=0x000000981c6fdc58 mode 0
Event: 5.349 Thread 0x0000025636e2fd90 DEOPT PACKING pc=0x0000025641501fbd sp=0x000000981c6fe760
Event: 5.349 Thread 0x0000025636e2fd90 DEOPT UNPACKING pc=0x0000025648944e42 sp=0x000000981c6fdc50 mode 0
Event: 5.349 Thread 0x0000025636e2fd90 DEOPT PACKING pc=0x00000256414f82f6 sp=0x000000981c6fe770
Event: 5.349 Thread 0x0000025636e2fd90 DEOPT UNPACKING pc=0x0000025648944e42 sp=0x000000981c6fdc58 mode 0
Event: 5.349 Thread 0x0000025636e2fd90 DEOPT PACKING pc=0x0000025641501fbd sp=0x000000981c6fe760
Event: 5.349 Thread 0x0000025636e2fd90 DEOPT UNPACKING pc=0x0000025648944e42 sp=0x000000981c6fdc50 mode 0
Event: 5.350 Thread 0x0000025636e2fd90 DEOPT PACKING pc=0x00000256414f82f6 sp=0x000000981c6fe770
Event: 5.350 Thread 0x0000025636e2fd90 DEOPT UNPACKING pc=0x0000025648944e42 sp=0x000000981c6fdc58 mode 0
Event: 5.350 Thread 0x0000025636e2fd90 DEOPT PACKING pc=0x0000025641501fbd sp=0x000000981c6fe760
Event: 5.350 Thread 0x0000025636e2fd90 DEOPT UNPACKING pc=0x0000025648944e42 sp=0x000000981c6fdc50 mode 0
Event: 5.350 Thread 0x0000025636e2fd90 DEOPT PACKING pc=0x00000256414f82f6 sp=0x000000981c6fe770
Event: 5.350 Thread 0x0000025636e2fd90 DEOPT UNPACKING pc=0x0000025648944e42 sp=0x000000981c6fdc58 mode 0
Event: 5.350 Thread 0x0000025636e2fd90 DEOPT PACKING pc=0x0000025641501fbd sp=0x000000981c6fe760
Event: 5.350 Thread 0x0000025636e2fd90 DEOPT UNPACKING pc=0x0000025648944e42 sp=0x000000981c6fdc50 mode 0
Event: 5.387 Thread 0x000002569eab6b30 Uncommon trap: trap_request=0xffffff6e fr.pc=0x0000025648f76718 relative=0x0000000000000a18
Event: 5.387 Thread 0x000002569eab6b30 Uncommon trap: reason=loop_limit_check action=maybe_recompile pc=0x0000025648f76718 method=java.util.regex.Pattern$Start.match(Ljava/util/regex/Matcher;ILjava/lang/CharSequence;)Z @ 34 c2
Event: 5.387 Thread 0x000002569eab6b30 DEOPT PACKING pc=0x0000025648f76718 sp=0x000000981e0fde50
Event: 5.387 Thread 0x000002569eab6b30 DEOPT UNPACKING pc=0x00000256489446a2 sp=0x000000981e0fddd0 mode 2

Classes loaded (20 events):
Event: 5.238 Loading class java/util/concurrent/atomic/AtomicLongArray
Event: 5.238 Loading class java/util/concurrent/atomic/AtomicLongArray done
Event: 5.238 Loading class java/lang/invoke/VarHandleLongs$Array
Event: 5.238 Loading class java/lang/invoke/VarHandleLongs$Array done
Event: 5.239 Loading class java/util/concurrent/atomic/AtomicReferenceArray
Event: 5.239 Loading class java/util/concurrent/atomic/AtomicReferenceArray done
Event: 5.239 Loading class java/lang/invoke/VarHandleReferences$Array
Event: 5.239 Loading class java/lang/invoke/VarHandleReferences$Array done
Event: 5.258 Loading class sun/text/resources/cldr/FormatData_en
Event: 5.258 Loading class sun/text/resources/cldr/FormatData_en done
Event: 5.258 Loading class sun/text/resources/cldr/FormatData_en_US
Event: 5.258 Loading class sun/text/resources/cldr/FormatData_en_US done
Event: 5.269 Loading class java/io/CharArrayReader
Event: 5.270 Loading class java/io/CharArrayReader done
Event: 5.277 Loading class java/lang/Thread$ThreadNumbering
Event: 5.277 Loading class java/lang/Thread$ThreadNumbering done
Event: 5.297 Loading class javax/naming/ldap/LdapContext
Event: 5.297 Loading class javax/naming/directory/DirContext
Event: 5.297 Loading class javax/naming/directory/DirContext done
Event: 5.297 Loading class javax/naming/ldap/LdapContext done

Classes unloaded (0 events):
No events

Classes redefined (0 events):
No events

Internal exceptions (20 events):
Event: 1.724 Thread 0x0000025636e2fd90 Exception <a 'java/lang/NoSuchMethodError'{0x000000071399fbc0}: 'java.lang.Object java.lang.invoke.DirectMethodHandle$Holder.newInvokeSpecial(java.lang.Object, int, java.lang.Object)'> (0x000000071399fbc0) 
thrown [s\open\src\hotspot\share\interpreter\linkResolver.cpp, line 773]
Event: 1.724 Thread 0x0000025636e2fd90 Exception <a 'java/lang/NoSuchMethodError'{0x00000007139a4570}: 'int java.lang.invoke.DirectMethodHandle$Holder.invokeSpecialIFC(java.lang.Object, java.lang.Object, java.lang.Object, java.lang.Object)'> (0x00000007139a4570) 
thrown [s\open\src\hotspot\share\interpreter\linkResolver.cpp, line 773]
Event: 1.741 Thread 0x0000025636e2fd90 Exception <a 'java/lang/NoSuchMethodError'{0x00000007136824a8}: 'void java.lang.invoke.DirectMethodHandle$Holder.invokeInterface(java.lang.Object, java.lang.Object, java.lang.Object)'> (0x00000007136824a8) 
thrown [s\open\src\hotspot\share\interpreter\linkResolver.cpp, line 773]
Event: 1.755 Thread 0x0000025636e2fd90 Exception <a 'java/lang/NoSuchMethodError'{0x00000007136fcff8}: 'void java.lang.invoke.DirectMethodHandle$Holder.invokeStaticInit(java.lang.Object, java.lang.Object, java.lang.Object)'> (0x00000007136fcff8) 
thrown [s\open\src\hotspot\share\interpreter\linkResolver.cpp, line 773]
Event: 1.774 Thread 0x0000025636e2fd90 Exception <a 'java/lang/NoSuchMethodError'{0x0000000713790a18}: 'void java.lang.invoke.DirectMethodHandle$Holder.invokeVirtual(java.lang.Object, java.lang.Object, java.lang.Object, java.lang.Object)'> (0x0000000713790a18) 
thrown [s\open\src\hotspot\share\interpreter\linkResolver.cpp, line 773]
Event: 1.825 Thread 0x0000025636e2fd90 Exception <a 'java/lang/NoSuchMethodError'{0x0000000713598320}: 'void java.lang.invoke.DirectMethodHandle$Holder.invokeSpecial(java.lang.Object, java.lang.Object, java.lang.Object)'> (0x0000000713598320) 
thrown [s\open\src\hotspot\share\interpreter\linkResolver.cpp, line 773]
Event: 1.839 Thread 0x0000025636e2fd90 Exception <a 'java/lang/NoSuchMethodError'{0x0000000713251740}: 'java.lang.Object java.lang.invoke.DirectMethodHandle$Holder.invokeVirtual(java.lang.Object, java.lang.Object, java.lang.Object)'> (0x0000000713251740) 
thrown [s\open\src\hotspot\share\interpreter\linkResolver.cpp, line 773]
Event: 1.852 Thread 0x0000025636e2fd90 Exception <a 'java/lang/NoSuchMethodError'{0x00000007132e38b0}: 'java.lang.reflect.Field[] java.lang.Class.getDeclaredFields(java.lang.Class)'> (0x00000007132e38b0) 
thrown [s\open\src\hotspot\share\interpreter\linkResolver.cpp, line 773]
Event: 1.852 Thread 0x0000025636e2fd90 Exception <a 'java/lang/NoSuchMethodError'{0x00000007132e81b0}: 'java.lang.Object java.lang.invoke.DirectMethodHandle$Holder.invokeStatic(java.lang.Object, java.lang.Object, int)'> (0x00000007132e81b0) 
thrown [s\open\src\hotspot\share\interpreter\linkResolver.cpp, line 773]
Event: 1.854 Thread 0x0000025636e2fd90 Exception <a 'java/lang/NoSuchMethodError'{0x00000007132f3080}: 'void java.lang.invoke.DelegatingMethodHandle$Holder.delegate(java.lang.Object, java.lang.Object, int, java.lang.Object)'> (0x00000007132f3080) 
thrown [s\open\src\hotspot\share\interpreter\linkResolver.cpp, line 773]
Event: 1.863 Thread 0x0000025636e2fd90 Exception <a 'java/lang/IncompatibleClassChangeError'{0x000000071306cc68}: Found class java.lang.Object, but interface was expected> (0x000000071306cc68) 
thrown [s\open\src\hotspot\share\interpreter\linkResolver.cpp, line 840]
Event: 1.869 Thread 0x0000025636e2fd90 Exception <a 'java/lang/NoSuchMethodError'{0x0000000713081cf0}: 'java.lang.Object java.lang.invoke.DirectMethodHandle$Holder.invokeStaticInit(java.lang.Object, int)'> (0x0000000713081cf0) 
thrown [s\open\src\hotspot\share\interpreter\linkResolver.cpp, line 773]
Event: 1.871 Thread 0x0000025636e2fd90 Exception <a 'java/lang/NoSuchMethodError'{0x000000071308bd70}: 'java.lang.Object java.lang.invoke.DirectMethodHandle$Holder.invokeStatic(java.lang.Object, int, java.lang.Object)'> (0x000000071308bd70) 
thrown [s\open\src\hotspot\share\interpreter\linkResolver.cpp, line 773]
Event: 1.871 Thread 0x0000025636e2fd90 Exception <a 'java/lang/NoSuchMethodError'{0x000000071308f3c0}: 'java.lang.Object java.lang.invoke.DirectMethodHandle$Holder.invokeStaticInit(java.lang.Object, int, java.lang.Object)'> (0x000000071308f3c0) 
thrown [s\open\src\hotspot\share\interpreter\linkResolver.cpp, line 773]
Event: 1.890 Thread 0x000002569eab6b30 Exception <a 'java/lang/NoSuchMethodError'{0x00000007131ef810}: 'int java.lang.invoke.DirectMethodHandle$Holder.invokeSpecial(java.lang.Object, java.lang.Object, java.lang.Object, int)'> (0x00000007131ef810) 
thrown [s\open\src\hotspot\share\interpreter\linkResolver.cpp, line 773]
Event: 1.891 Thread 0x000002569eab6b30 Exception <a 'java/lang/NoSuchMethodError'{0x0000000712e64b68}: 'java.lang.Object java.lang.invoke.DirectMethodHandle$Holder.invokeStatic(java.lang.Object, java.lang.Object, java.lang.Object, java.lang.Object, int)'> (0x0000000712e64b68) 
thrown [s\open\src\hotspot\share\interpreter\linkResolver.cpp, line 773]
Event: 1.892 Thread 0x000002569eab6b30 Exception <a 'java/lang/NoSuchMethodError'{0x0000000712e70218}: 'void java.lang.invoke.DelegatingMethodHandle$Holder.reinvoke_L(java.lang.Object, java.lang.Object, java.lang.Object, java.lang.Object, int, java.lang.Object, java.lang.Object, java.lang.Object)'> (0x0000000712e70218) 
thrown [s\open\src\hotspot\share\interpreter\linkResolver.cpp, line 773]
Event: 4.108 Thread 0x0000025636e2fd90 Exception <a 'java/lang/NoSuchMethodError'{0x0000000713770338}: 'int java.lang.invoke.DirectMethodHandle$Holder.invokeSpecial(java.lang.Object, java.lang.Object, java.lang.Object, java.lang.Object, java.lang.Object)'> (0x0000000713770338) 
thrown [s\open\src\hotspot\share\interpreter\linkResolver.cpp, line 773]
Event: 4.110 Thread 0x0000025636e2fd90 Exception <a 'java/lang/NoSuchMethodError'{0x0000000713778578}: 'void java.lang.invoke.DirectMethodHandle$Holder.invokeVirtual(java.lang.Object, java.lang.Object)'> (0x0000000713778578) 
thrown [s\open\src\hotspot\share\interpreter\linkResolver.cpp, line 773]
Event: 5.344 Thread 0x0000025636e2fd90 Exception <a 'java/lang/IncompatibleClassChangeError'{0x0000000711d2fd98}: Found class java.lang.Object, but interface was expected> (0x0000000711d2fd98) 
thrown [s\open\src\hotspot\share\interpreter\linkResolver.cpp, line 840]

ZGC Phase Switch (0 events):
No events

VM Operations (20 events):
Event: 1.823 Executing VM operation: HandshakeAllThreads (Deoptimize) done
Event: 1.834 Executing VM operation: ICBufferFull
Event: 1.834 Executing VM operation: ICBufferFull done
Event: 1.852 Executing VM operation: HandshakeAllThreads (Deoptimize)
Event: 1.852 Executing VM operation: HandshakeAllThreads (Deoptimize) done
Event: 2.861 Executing VM operation: Cleanup
Event: 2.955 Executing VM operation: Cleanup done
Event: 4.014 Executing VM operation: G1CollectForAllocation (G1 Evacuation Pause)
Event: 4.017 Executing VM operation: G1CollectForAllocation (G1 Evacuation Pause) done
Event: 4.059 Executing VM operation: HandshakeAllThreads (Deoptimize)
Event: 4.059 Executing VM operation: HandshakeAllThreads (Deoptimize) done
Event: 4.090 Executing VM operation: HandshakeAllThreads (Deoptimize)
Event: 4.090 Executing VM operation: HandshakeAllThreads (Deoptimize) done
Event: 5.095 Executing VM operation: Cleanup
Event: 5.095 Executing VM operation: Cleanup done
Event: 5.262 Executing VM operation: HandshakeAllThreads (Deoptimize)
Event: 5.262 Executing VM operation: HandshakeAllThreads (Deoptimize) done
Event: 5.352 Executing VM operation: HandshakeAllThreads (Deoptimize)
Event: 5.352 Executing VM operation: HandshakeAllThreads (Deoptimize) done
Event: 6.363 Executing VM operation: Cleanup

Events (19 events):
Event: 0.023 Thread 0x0000025636e2fd90 Thread added: 0x0000025636e2fd90
Event: 0.034 Thread 0x0000025657e1dbe0 Thread added: 0x0000025657e1dbe0
Event: 0.034 Thread 0x0000025657e1e450 Thread added: 0x0000025657e1e450
Event: 0.034 Thread 0x0000025658592490 Thread added: 0x0000025658592490
Event: 0.034 Thread 0x0000025658593110 Thread added: 0x0000025658593110
Event: 0.034 Thread 0x0000025658597ad0 Thread added: 0x0000025658597ad0
Event: 0.034 Thread 0x000002565859a6c0 Thread added: 0x000002565859a6c0
Event: 0.035 Thread 0x000002565859b190 Thread added: 0x000002565859b190
Event: 0.035 Thread 0x000002565859dab0 Thread added: 0x000002565859dab0
Event: 0.075 Thread 0x00000256586d0a80 Thread added: 0x00000256586d0a80
Event: 0.232 Thread 0x000002569e01e0d0 Thread added: 0x000002569e01e0d0
Event: 0.232 Thread 0x000002565898dc70 Thread added: 0x000002565898dc70
Event: 0.295 Thread 0x000002569e2ca060 Thread added: 0x000002569e2ca060
Event: 1.847 Thread 0x000002569eab6b30 Thread added: 0x000002569eab6b30
Event: 5.136 Thread 0x000002569e2ca060 Thread exited: 0x000002569e2ca060
Event: 5.164 Thread 0x000002569e2ca060 Thread added: 0x000002569e2ca060
Event: 5.257 Thread 0x000002569efb3430 Thread added: 0x000002569efb3430
Event: 5.277 Thread 0x000002569ec2b420 Thread added: 0x000002569ec2b420
Event: 5.313 Thread 0x000002569ec2b420 Thread exited: 0x000002569ec2b420


Dynamic libraries:
0x00007ff7fe6e0000 - 0x00007ff7fe6ee000 	C:\Users\tradi\.jdks\openjdk-21.0.2\bin\java.exe
0x00007fff25720000 - 0x00007fff25983000 	C:\WINDOWS\SYSTEM32\ntdll.dll
0x00007fff24ca0000 - 0x00007fff24d68000 	C:\WINDOWS\System32\KERNEL32.DLL
0x00007fff22fb0000 - 0x00007fff23362000 	C:\WINDOWS\System32\KERNELBASE.dll
0x00007fff23370000 - 0x00007fff234bb000 	C:\WINDOWS\System32\ucrtbase.dll
0x00007ffef35b0000 - 0x00007ffef35cb000 	C:\Users\tradi\.jdks\openjdk-21.0.2\bin\VCRUNTIME140.dll
0x00007fff0bba0000 - 0x00007fff0bbb8000 	C:\Users\tradi\.jdks\openjdk-21.0.2\bin\jli.dll
0x00007fff252c0000 - 0x00007fff25488000 	C:\WINDOWS\System32\USER32.dll
0x00007fff22f80000 - 0x00007fff22fa7000 	C:\WINDOWS\System32\win32u.dll
0x00007fff24e30000 - 0x00007fff24e5a000 	C:\WINDOWS\System32\GDI32.dll
0x00007fff0cf80000 - 0x00007fff0d210000 	C:\WINDOWS\WinSxS\amd64_microsoft.windows.common-controls_6595b64144ccf1df_6.0.26100.2454_none_3e0b68a2e331ad60\COMCTL32.dll
0x00007fff22af0000 - 0x00007fff22c1b000 	C:\WINDOWS\System32\gdi32full.dll
0x00007fff22d50000 - 0x00007fff22df3000 	C:\WINDOWS\System32\msvcp_win.dll
0x00007fff25510000 - 0x00007fff255b9000 	C:\WINDOWS\System32\msvcrt.dll
0x00007fff23580000 - 0x00007fff235af000 	C:\WINDOWS\System32\IMM32.DLL
0x00007fff0b770000 - 0x00007fff0b77c000 	C:\Users\tradi\.jdks\openjdk-21.0.2\bin\vcruntime140_1.dll
0x00007ffee0400000 - 0x00007ffee048e000 	C:\Users\tradi\.jdks\openjdk-21.0.2\bin\msvcp140.dll
0x00007ffe8a680000 - 0x00007ffe8b397000 	C:\Users\tradi\.jdks\openjdk-21.0.2\bin\server\jvm.dll
0x00007fff24d70000 - 0x00007fff24e24000 	C:\WINDOWS\System32\ADVAPI32.dll
0x00007fff24e70000 - 0x00007fff24f16000 	C:\WINDOWS\System32\sechost.dll
0x00007fff249f0000 - 0x00007fff24b06000 	C:\WINDOWS\System32\RPCRT4.dll
0x00007fff255e0000 - 0x00007fff25654000 	C:\WINDOWS\System32\WS2_32.dll
0x00007fff22980000 - 0x00007fff229ce000 	C:\WINDOWS\SYSTEM32\POWRPROF.dll
0x00007fff0b960000 - 0x00007fff0b96b000 	C:\WINDOWS\SYSTEM32\VERSION.dll
0x00007fff18870000 - 0x00007fff188a6000 	C:\WINDOWS\SYSTEM32\WINMM.dll
0x00007fff22960000 - 0x00007fff22974000 	C:\WINDOWS\SYSTEM32\UMPDC.dll
0x00007fff21900000 - 0x00007fff2191a000 	C:\WINDOWS\SYSTEM32\kernel.appcore.dll
0x00007ffeffa10000 - 0x00007ffeffa1a000 	C:\Users\tradi\.jdks\openjdk-21.0.2\bin\jimage.dll
0x00007fff202e0000 - 0x00007fff20521000 	C:\WINDOWS\SYSTEM32\DBGHELP.DLL
0x00007fff24f20000 - 0x00007fff2529e000 	C:\WINDOWS\System32\combase.dll
0x00007fff24b10000 - 0x00007fff24be6000 	C:\WINDOWS\System32\OLEAUT32.dll
0x00007fff00590000 - 0x00007fff005c9000 	C:\WINDOWS\SYSTEM32\dbgcore.DLL
0x00007fff22c20000 - 0x00007fff22cb9000 	C:\WINDOWS\System32\bcryptPrimitives.dll
0x00007ffef4bb0000 - 0x00007ffef4bbf000 	C:\Users\tradi\.jdks\openjdk-21.0.2\bin\instrument.dll
0x00007ffef2f50000 - 0x00007ffef2f6f000 	C:\Users\tradi\.jdks\openjdk-21.0.2\bin\java.dll
0x00007fff23e00000 - 0x00007fff24501000 	C:\WINDOWS\System32\SHELL32.dll
0x00007fff207c0000 - 0x00007fff20ff1000 	C:\WINDOWS\SYSTEM32\windows.storage.dll
0x00007fff24910000 - 0x00007fff249ea000 	C:\WINDOWS\System32\SHCORE.dll
0x00007fff23d90000 - 0x00007fff23ded000 	C:\WINDOWS\System32\shlwapi.dll
0x00007fff22a00000 - 0x00007fff22a2e000 	C:\WINDOWS\SYSTEM32\profapi.dll
0x00007ffedffb0000 - 0x00007ffee0087000 	C:\Users\tradi\.jdks\openjdk-21.0.2\bin\jsvml.dll
0x00007ffef28f0000 - 0x00007ffef2908000 	C:\Users\tradi\.jdks\openjdk-21.0.2\bin\zip.dll
0x00007ffefdb80000 - 0x00007ffefdb90000 	C:\Users\tradi\.jdks\openjdk-21.0.2\bin\net.dll
0x00007fff1c320000 - 0x00007fff1c446000 	C:\WINDOWS\SYSTEM32\WINHTTP.dll
0x00007fff21de0000 - 0x00007fff21e48000 	C:\WINDOWS\system32\mswsock.dll
0x00007ffef2cd0000 - 0x00007ffef2ce6000 	C:\Users\tradi\.jdks\openjdk-21.0.2\bin\nio.dll
0x00007ffef0d80000 - 0x00007ffef0d9a000 	C:\Program Files\JetBrains\IntelliJ IDEA Community Edition 2023.3.2\bin\breakgen64.dll
0x00007ffef2480000 - 0x00007ffef2489000 	C:\Users\tradi\.jdks\openjdk-21.0.2\bin\extnet.dll

dbghelp: loaded successfully - version: 4.0.5 - missing functions: none
symbol engine: initialized successfully - sym options: 0x614 - pdb path: .;C:\Users\tradi\.jdks\openjdk-21.0.2\bin;C:\WINDOWS\SYSTEM32;C:\WINDOWS\WinSxS\amd64_microsoft.windows.common-controls_6595b64144ccf1df_6.0.26100.2454_none_3e0b68a2e331ad60;C:\Users\tradi\.jdks\openjdk-21.0.2\bin\server;C:\Program Files\JetBrains\IntelliJ IDEA Community Edition 2023.3.2\bin

VM Arguments:
jvm_args: -javaagent:C:\Program Files\JetBrains\IntelliJ IDEA Community Edition 2023.3.2\lib\idea_rt.jar=50814:C:\Program Files\JetBrains\IntelliJ IDEA Community Edition 2023.3.2\bin -Dfile.encoding=UTF-8 -Dsun.stdout.encoding=UTF-8 -Dsun.stderr.encoding=UTF-8 
java_command: com.nova.colis.ColisApplication
java_class_path (initial): C:\Users\tradi\Downloads\colis\colis\target\classes;C:\Users\tradi\.m2\repository\org\springframework\boot\spring-boot-starter-web\3.4.2\spring-boot-starter-web-3.4.2.jar;C:\Users\tradi\.m2\repository\org\springframework\boot\spring-boot-starter\3.4.2\spring-boot-starter-3.4.2.jar;C:\Users\tradi\.m2\repository\org\springframework\boot\spring-boot\3.4.2\spring-boot-3.4.2.jar;C:\Users\tradi\.m2\repository\org\springframework\boot\spring-boot-autoconfigure\3.4.2\spring-boot-autoconfigure-3.4.2.jar;C:\Users\tradi\.m2\repository\org\springframework\boot\spring-boot-starter-logging\3.4.2\spring-boot-starter-logging-3.4.2.jar;C:\Users\tradi\.m2\repository\ch\qos\logback\logback-classic\1.5.16\logback-classic-1.5.16.jar;C:\Users\tradi\.m2\repository\ch\qos\logback\logback-core\1.5.16\logback-core-1.5.16.jar;C:\Users\tradi\.m2\repository\org\apache\logging\log4j\log4j-to-slf4j\2.24.3\log4j-to-slf4j-2.24.3.jar;C:\Users\tradi\.m2\repository\org\apache\logging\log4j\log4j-api\2.24.3\log4j-api-2.24.3.jar;C:\Users\tradi\.m2\repository\org\slf4j\jul-to-slf4j\2.0.16\jul-to-slf4j-2.0.16.jar;C:\Users\tradi\.m2\repository\jakarta\annotation\jakarta.annotation-api\2.1.1\jakarta.annotation-api-2.1.1.jar;C:\Users\tradi\.m2\repository\org\springframework\boot\spring-boot-starter-json\3.4.2\spring-boot-starter-json-3.4.2.jar;C:\Users\tradi\.m2\repository\com\fasterxml\jackson\core\jackson-databind\2.18.2\jackson-databind-2.18.2.jar;C:\Users\tradi\.m2\repository\com\fasterxml\jackson\core\jackson-annotations\2.18.2\jackson-annotations-2.18.2.jar;C:\Users\tradi\.m2\repository\com\fasterxml\jackson\core\jackson-core\2.18.2\jackson-core-2.18.2.jar;C:\Users\tradi\.m2\repository\com\fasterxml\jackson\datatype\jackson-datatype-jdk8\2.18.2\jackson-datatype-jdk8-2.18.2.jar;C:\Users\tradi\.m2\repository\com\fasterxml\jackson\datatype\jackson-datatype-jsr310\2.18.2\jackson-datatype-jsr310-2.18.2.jar;C:\Users\tradi\.m2\repository\com\fasterxml\jackson\module\jackson-module-parameter-names\2.18.2\jackson-module-parameter-names-2.18.2.jar;C:\Users\tradi\.m2\repository\org\springframework\boot\spring-boot-starter-tomcat\3.4.2\spring-boot-starter-tomcat-3.4.2.jar;C:\Users\tradi\.m2\repository\org\apache\tomcat\embed\tomcat-embed-core\10.1.34\tomcat-embed-core-10.1.34.jar;C:\Users\tradi\.m2\repository\org\apache\tomcat\embed\tomcat-embed-websocket\10.1.34\tomcat-embed-websocket-10.1.34.jar;C:\Users\tradi\.m2\repository\org\springframework\spring-web\6.2.2\spring-web-6.2.2.jar;C:\Users\tradi\.m2\repository\org\springframework\spring-beans\6.2.2\spring-beans-6.2.2.jar;C:\Users\tradi\.m2\repository\io\micrometer\micrometer-observation\1.14.3\micrometer-observation-1.14.3.jar;C:\Users\tradi\.m2\repository\io\micrometer\micrometer-commons\1.14.3\micrometer-commons-1.14.3.jar;C:\Users\tradi\.m2\repository\org\springframework\spring-webmvc\6.2.2\spring-webmvc-6.2.2.jar;C:\Users\tradi\.m2\repository\org\springframework\spring-context\6.2.2\spring-context-6.2.2.jar;C:\Users\tradi\.m2\repository\org\springframework\spring-expression\6.2.2\spring-expression-6.2.2.jar;C:\Users\tradi\.m2\repository\org\springframework\boot\spring-boot-starter-data-jpa\3.4.2\spring-boot-starter-data-jpa-3.4.2.jar;C:\Users\tradi\.m2\repository\org\springframework\boot\spring-boot-starter-jdbc\3.4.2\spring-boot-starter-jdbc-3.4.2.jar;C:\Users\tradi\.m2\repository\com\zaxxer\HikariCP\5.1.0\HikariCP-5.1.0.jar;C:\Users\tradi\.m2\repository\org\springframework\spring-jdbc\6.2.2\spring-jdbc-6.2.2.jar;C:\Users\tradi\.m2\repository\org\hibernate\orm\hibernate-core\6.6.5.Final\hibernate-core-6.6.5.Final.jar;C:\Users\tradi\.m2\repository\jakarta\persistence\jakarta.persistence-api\3.1.0\jakarta.persistence-api-3.1.0.jar;C:\Users\tradi\.m2\repository\jakarta\transaction\jakarta.transaction-api\2.0.1\jakarta.transaction-api-2.0.1.jar;C:\Users\tradi\.m2\repository\org\jboss\logging\jboss-logging\3.6.1.Final\jboss-logging-3.6.1.Final.jar;C:\Users\tradi\.m2\repository\org\hibernate\common\hibernate-commons-annotations\7.0.3.Final\hibernate-commons-annotations-7.0.3.Final.jar;C:\Users\tradi\.m2\repository\io\smallrye\jandex\3.2.0\jandex-3.2.0.jar;C:\Users\tradi\.m2\repository\com\fasterxml\classmate\1.7.0\classmate-1.7.0.jar;C:\Users\tradi\.m2\repository\net\bytebuddy\byte-buddy\1.15.11\byte-buddy-1.15.11.jar;C:\Users\tradi\.m2\repository\org\glassfish\jaxb\jaxb-runtime\4.0.5\jaxb-runtime-4.0.5.jar;C:\Users\tradi\.m2\repository\org\glassfish\jaxb\jaxb-core\4.0.5\jaxb-core-4.0.5.jar;C:\Users\tradi\.m2\repository\org\eclipse\angus\angus-activation\2.0.2\angus-activation-2.0.2.jar;C:\Users\tradi\.m2\repository\org\glassfish\jaxb\txw2\4.0.5\txw2-4.0.5.jar;C:\Users\tradi\.m2\repository\com\sun\istack\istack-commons-runtime\4.1.2\istack-commons-runtime-4.1.2.jar;C:\Users\tradi\.m2\repository\jakarta\inject\jakarta.inject-api\2.0.1\jakarta.inject-api-2.0.1.jar;C:\Users\tradi\.m2\repository\org\antlr\antlr4-runtime\4.13.0\antlr4-runtime-4.13.0.jar;C:\Users\tradi\.m2\repository\org\springframework\data\spring-data-jpa\3.4.2\spring-data-jpa-3.4.2.jar;C:\Users\tradi\.m2\repository\org\springframework\data\spring-data-commons\3.4.2\spring-data-commons-3.4.2.jar;C:\Users\tradi\.m2\repository\org\springframework\spring-orm\6.2.2\spring-orm-6.2.2.jar;C:\Users\tradi\.m2\repository\org\springframework\spring-tx\6.2.2\spring-tx-6.2.2.jar;C:\Users\tradi\.m2\repository\org\slf4j\slf4j-api\2.0.16\slf4j-api-2.0.16.jar;C:\Users\tradi\.m2\repository\org\springframework\spring-aspects\6.2.2\spring-aspects-6.2.2.jar;C:\Users\tradi\.m2\repository\org\aspectj\aspectjweaver\1.9.22.1\aspectjweaver-1.9.22.1.jar;C:\Users\tradi\.m2\repository\org\springframework\boot\spring-boot-starter-validation\3.4.2\spring-boot-starter-validation-3.4.2.jar;C:\Users\tradi\.m2\repository\org\apache\tomcat\embed\tomcat-embed-el\10.1.34\tomcat-embed-el-10.1.34.jar;C:\Users\tradi\.m2\repository\org\hibernate\validator\hibernate-validator\8.0.2.Final\hibernate-validator-8.0.2.Final.jar;C:\Users\tradi\.m2\repository\jakarta\validation\jakarta.validation-api\3.0.2\jakarta.validation-api-3.0.2.jar;C:\Users\tradi\.m2\repository\org\springframework\boot\spring-boot-starter-security\3.4.2\spring-boot-starter-security-3.4.2.jar;C:\Users\tradi\.m2\repository\org\springframework\spring-aop\6.2.2\spring-aop-6.2.2.jar;C:\Users\tradi\.m2\repository\org\springframework\security\spring-security-config\6.4.2\spring-security-config-6.4.2.jar;C:\Users\tradi\.m2\repository\org\springframework\security\spring-security-web\6.4.2\spring-security-web-6.4.2.jar;C:\Users\tradi\.m2\repository\org\liquibase\liquibase-core\4.29.2\liquibase-core-4.29.2.jar;C:\Users\tradi\.m2\repository\com\opencsv\opencsv\5.9\opencsv-5.9.jar;C:\Users\tradi\.m2\repository\org\yaml\snakeyaml\2.3\snakeyaml-2.3.jar;C:\Users\tradi\.m2\repository\javax\xml\bind\jaxb-api\2.3.1\jaxb-api-2.3.1.jar;C:\Users\tradi\.m2\repository\commons-io\commons-io\2.16.1\commons-io-2.16.1.jar;C:\Users\tradi\.m2\repository\org\apache\commons\commons-collections4\4.4\commons-collections4-4.4.jar;C:\Users\tradi\.m2\repository\org\apache\commons\commons-text\1.12.0\commons-text-1.12.0.jar;C:\Users\tradi\.m2\repository\org\apache\commons\commons-lang3\3.17.0\commons-lang3-3.17.0.jar;C:\Users\tradi\.m2\repository\com\mysql\mysql-connector-j\9.1.0\mysql-connector-j-9.1.0.jar;C:\Users\tradi\.m2\repository\jakarta\xml\bind\jakarta.xml.bind-api\4.0.2\jakarta.xml.bind-api-4.0.2.jar;C:\Users\tradi\.m2\repository\jakarta\activation\jakarta.activation-api\2.1.3\jakarta.activation-api-2.1.3.jar;C:\Users\tradi\.m2\repository\org\springframework\spring-core\6.2.2\spring-core-6.2.2.jar;C:\Users\tradi\.m2\repository\org\springframework\spring-jcl\6.2.2\spring-jcl-6.2.2.jar;C:\Users\tradi\.m2\repository\org\springframework\security\spring-security-core\6.4.2\spring-security-core-6.4.2.jar;C:\Users\tradi\.m2\repository\org\springframework\security\spring-security-crypto\6.4.2\spring-security-crypto-6.4.2.jar
Launcher Type: SUN_STANDARD

[Global flags]
     intx CICompilerCount                          = 4                                         {product} {ergonomic}
     uint ConcGCThreads                            = 3                                         {product} {ergonomic}
     uint G1ConcRefinementThreads                  = 10                                        {product} {ergonomic}
   size_t G1HeapRegionSize                         = 2097152                                   {product} {ergonomic}
    uintx GCDrainStackTargetSize                   = 64                                        {product} {ergonomic}
   size_t InitialHeapSize                          = 264241152                                 {product} {ergonomic}
   size_t MarkStackSize                            = 4194304                                   {product} {ergonomic}
   size_t MaxHeapSize                              = 4223664128                                {product} {ergonomic}
   size_t MaxNewSize                               = 2533359616                                {product} {ergonomic}
   size_t MinHeapDeltaBytes                        = 2097152                                   {product} {ergonomic}
   size_t MinHeapSize                              = 8388608                                   {product} {ergonomic}
    uintx NonNMethodCodeHeapSize                   = 5839372                                {pd product} {ergonomic}
    uintx NonProfiledCodeHeapSize                  = 122909434                              {pd product} {ergonomic}
    uintx ProfiledCodeHeapSize                     = 122909434                              {pd product} {ergonomic}
    uintx ReservedCodeCacheSize                    = 251658240                              {pd product} {ergonomic}
     bool SegmentedCodeCache                       = true                                      {product} {ergonomic}
   size_t SoftMaxHeapSize                          = 4223664128                             {manageable} {ergonomic}
     bool UseCompressedOops                        = true                           {product lp64_product} {ergonomic}
     bool UseG1GC                                  = true                                      {product} {ergonomic}
     bool UseLargePagesIndividualAllocation        = false                                  {pd product} {ergonomic}

Logging:
Log output configuration:
 #0: stdout all=warning uptime,level,tags foldmultilines=false
 #1: stderr all=off uptime,level,tags foldmultilines=false

Environment Variables:
JAVA_HOME=C:\Program Files\Java\jdk-21
PATH=C:\Python312\Scripts\;C:\Python312\;C:\Program Files\Common Files\Oracle\Java\javapath;C:\Program Files (x86)\Common Files\Oracle\Java\javapath;C:\WINDOWS\system32;C:\WINDOWS;C:\WINDOWS\System32\Wbem;C:\WINDOWS\System32\WindowsPowerShell\v1.0\;C:\WINDOWS\System32\OpenSSH\;C:\Program Files\Microsoft SQL Server\150\Tools\Binn\;C:\Program Files\Microsoft SQL Server\Client SDK\ODBC\170\Tools\Binn\;C:\Program Files\dotnet\;C:\maven\apache-maven-3.9.6-bin\apache-maven-3.9.6\bin;C:\ProgramData\chocolatey\bin;C:\Program Files\MongoDB\mongosh-2.1.1-win32-x64\bin;C:\Program Files\Git\cmd;C:\Program Files\Docker\Docker\resources\bin;C:\Program Files\Java\jdk-21\bin;C:\Users\tradi\AppData\Roaming\nvm;C:\Program Files\nodejs;C:\Program Files\Amazon\AWSCLIV2\;C:\Users\tradi\AppData\Local\Microsoft\WindowsApps;C:\Program Files\JetBrains\IntelliJ IDEA Community Edition 2023.3.2\bin;;C:\Program Files\JetBrains\IntelliJ IDEA 2023.3\bin;;C:\Users\tradi\.dotnet\tools;C:\Users\tradi\AppData\Local\Programs\Microsoft VS Code\bin;C:\Users\tradi\AppData\Roaming\npm;C:\Users\tradi\Downloads\flutter\src\flutter\bin;C:\Users\tradi\AppData\Roaming\nvm;C:\Program Files\nodejs;C:\Program Files\heroku\bin;C:\flutter_windows_3.24.3-stable\flutter\bin;
USERNAME=tradi
OS=Windows_NT
PROCESSOR_IDENTIFIER=Intel64 Family 6 Model 186 Stepping 3, GenuineIntel
TMP=C:\Users\tradi\AppData\Local\Temp
TEMP=C:\Users\tradi\AppData\Local\Temp




Periodic native trim disabled

---------------  S Y S T E M  ---------------

OS:
 Windows 11 , 64 bit Build 26100 (10.0.26100.2454)
OS uptime: 0 days 7:05 hours
Hyper-V role detected

CPU: total 12 (initial active 12) (6 cores per cpu, 2 threads per core) family 6 model 186 stepping 3 microcode 0x4112, cx8, cmov, fxsr, ht, mmx, 3dnowpref, sse, sse2, sse3, ssse3, sse4.1, sse4.2, popcnt, lzcnt, tsc, tscinvbit, avx, avx2, aes, erms, clmul, bmi1, bmi2, adx, sha, fma, vzeroupper, clflush, clflushopt, clwb, hv, serialize, rdtscp, rdpid, fsrm, f16c, cet_ibt, cet_ss
Processor Information for processor 0
  Max Mhz: 1700, Current Mhz: 1700, Mhz Limit: 1700
Processor Information for processor 1
  Max Mhz: 1700, Current Mhz: 1700, Mhz Limit: 1700
Processor Information for processor 2
  Max Mhz: 1700, Current Mhz: 1700, Mhz Limit: 1700
Processor Information for processor 3
  Max Mhz: 1700, Current Mhz: 1700, Mhz Limit: 1700
Processor Information for processor 4
  Max Mhz: 1700, Current Mhz: 1200, Mhz Limit: 1190
Processor Information for processor 5
  Max Mhz: 1700, Current Mhz: 1200, Mhz Limit: 1190
Processor Information for processor 6
  Max Mhz: 1700, Current Mhz: 1200, Mhz Limit: 1190
Processor Information for processor 7
  Max Mhz: 1700, Current Mhz: 1200, Mhz Limit: 1190
Processor Information for processor 8
  Max Mhz: 1700, Current Mhz: 1200, Mhz Limit: 1190
Processor Information for processor 9
  Max Mhz: 1700, Current Mhz: 1200, Mhz Limit: 1190
Processor Information for processor 10
  Max Mhz: 1700, Current Mhz: 1200, Mhz Limit: 1190
Processor Information for processor 11
  Max Mhz: 1700, Current Mhz: 1200, Mhz Limit: 1190

Memory: 4k page, system-wide physical 16108M (5743M free)
TotalPageFile size 65260M (AvailPageFile size 5M)
current process WorkingSet (physical memory assigned to process): 145M, peak: 145M
current process commit charge ("private bytes"): 397M, peak: 397M

vm_info: OpenJDK 64-Bit Server VM (21.0.2+13-58) for windows-amd64 JRE (21.0.2+13-58), built on 2024-01-05T18:32:24Z by "mach5one" with MS VC++ 17.1 (VS2022)

END.
