#
# There is insufficient memory for the Java Runtime Environment to continue.
# Native memory allocation (mmap) failed to map 264241152 bytes for G1 virtual space
# Possible reasons:
#   The system is out of physical RAM or swap space
#   The process is running with CompressedOops enabled, and the Java Heap may be blocking the growth of the native heap
# Possible solutions:
#   Reduce memory load on the system
#   Increase physical memory or swap space
#   Check if swap backing store is full
#   Decrease Java heap size (-Xmx/-Xms)
#   Decrease number of Java threads
#   Decrease Java thread stack sizes (-Xss)
#   Set larger code cache with -XX:ReservedCodeCacheSize=
#   JVM is running with Zero Based Compressed Oops mode in which the Java heap is
#     placed in the first 32GB address space. The Java Heap base address is the
#     maximum limit for the native heap growth. Please use -XX:HeapBaseMinAddress
#     to set the Java Heap base and to place the Java Heap above 32GB virtual address.
# This output file may be truncated or incomplete.
#
#  Out of Memory Error (os_windows.cpp:3600), pid=17352, tid=15440
#
# JRE version:  (21.0.4+8) (build )
# Java VM: Java HotSpot(TM) 64-Bit Server VM (21.0.4+8-LTS-274, mixed mode, sharing, tiered, compressed oops, compressed class ptrs, g1 gc, windows-amd64)
# No core dump will be written. Minidumps are not enabled by default on client versions of Windows
#

---------------  S U M M A R Y ------------

Command Line: -Dclassworlds.conf=C:/maven/apache-maven-3.9.6-bin/apache-maven-3.9.6/bin/m2.conf -Dmaven.home=C:/maven/apache-maven-3.9.6-bin/apache-maven-3.9.6 -Dlibrary.jansi.path=C:/maven/apache-maven-3.9.6-bin/apache-maven-3.9.6/lib/jansi-native -Dmaven.multiModuleProjectDirectory=C:/Users/tradi/Downloads/colis/colis org.codehaus.plexus.classworlds.launcher.Launcher liquibase:update

Host: 13th Gen Intel(R) Core(TM) i7-1355U, 12 cores, 15G,  Windows 11 , 64 bit Build 26100 (10.0.26100.2454)
Time: Wed Jan 29 22:15:09 2025 Eastern Standard Time elapsed time: 1.050204 seconds (0d 0h 0m 1s)

---------------  T H R E A D  ---------------

Current thread (0x000001ab04fcf870):  JavaThread "Unknown thread" [_thread_in_vm, id=15440, stack(0x0000005616100000,0x0000005616200000) (1024K)]

Stack: [0x0000005616100000,0x0000005616200000]
Native frames: (J=compiled Java code, j=interpreted, Vv=VM code, C=native code)
V  [jvm.dll+0x6c8e59]
V  [jvm.dll+0x853181]
V  [jvm.dll+0x8556ae]
V  [jvm.dll+0x855d83]
V  [jvm.dll+0x27d526]
V  [jvm.dll+0x6c55f5]
V  [jvm.dll+0x6ba17a]
V  [jvm.dll+0x352a8a]
V  [jvm.dll+0x35a6e6]
V  [jvm.dll+0x3acdae]
V  [jvm.dll+0x3ad058]
V  [jvm.dll+0x326dec]
V  [jvm.dll+0x32794b]
V  [jvm.dll+0x81c569]
V  [jvm.dll+0x3b9a11]
V  [jvm.dll+0x805948]
V  [jvm.dll+0x44ec5e]
V  [jvm.dll+0x450851]
C  [jli.dll+0x52a3]
C  [ucrtbase.dll+0x14ea0]
C  [KERNEL32.DLL+0x2e8d7]
C  [ntdll.dll+0xdfbcc]


---------------  P R O C E S S  ---------------

Threads class SMR info:
_java_thread_list=0x00007ffe83de6c08, length=0, elements={
}

Java Threads: ( => current thread )
Total: 0

Other Threads:
  0x000001ab0502de30 WorkerThread "GC Thread#0"                     [id=23156, stack(0x0000005616200000,0x0000005616300000) (1024K)]
  0x000001ab050405f0 ConcurrentGCThread "G1 Main Marker"            [id=23536, stack(0x0000005616300000,0x0000005616400000) (1024K)]
  0x000001ab05041f70 WorkerThread "G1 Conc#0"                       [id=23672, stack(0x0000005616400000,0x0000005616500000) (1024K)]

[error occurred during error reporting (printing all threads), id 0xc0000005, EXCEPTION_ACCESS_VIOLATION (0xc0000005) at pc=0x00007ffe83559577]
VM state: not at safepoint (not fully initialized)

VM Mutex/Monitor currently owned by a thread:  ([mutex/lock_event])
[0x00007ffe83e57f98] Heap_lock - owner thread: 0x000001ab04fcf870

Heap address: 0x0000000704400000, size: 4028 MB, Compressed Oops mode: Zero based, Oop shift amount: 3

CDS archive(s) mapped at: [0x0000000000000000-0x0000000000000000-0x0000000000000000), size 0, SharedBaseAddress: 0x0000000800000000, ArchiveRelocationMode: 1.
Narrow klass base: 0x0000000000000000, Narrow klass shift: 0, Narrow klass range: 0x0

GC Precious Log:
 CardTable entry size: 512
 Card Set container configuration: InlinePtr #cards 4 size 8 Array Of Cards #cards 16 size 48 Howl #buckets 8 coarsen threshold 3686 Howl Bitmap #cards 512 size 80 coarsen threshold 460 Card regions per heap region 1 cards per card region 4096

Heap:
 garbage-first heap   total 0K, used 0K [0x0000000704400000, 0x0000000800000000)
  region size 2048K, 0 young (0K), 0 survivors (0K)

[error occurred during error reporting (printing heap information), id 0xc0000005, EXCEPTION_ACCESS_VIOLATION (0xc0000005) at pc=0x00007ffe83941df9]
GC Heap History (0 events):
No events

Dll operation events (1 events):
Event: 0.006 Loaded shared library C:\Program Files\Java\jdk-21\bin\java.dll

Deoptimization events (0 events):
No events

Classes loaded (0 events):
No events

Classes unloaded (0 events):
No events

Classes redefined (0 events):
No events

Internal exceptions (0 events):
No events

ZGC Phase Switch (0 events):
No events

VM Operations (0 events):
No events

Events (0 events):
No events


Dynamic libraries:
0x00007ff618130000 - 0x00007ff618140000 	C:\Program Files\Java\jdk-21\bin\java.exe
0x00007fff25720000 - 0x00007fff25983000 	C:\WINDOWS\SYSTEM32\ntdll.dll
0x00007fff24ca0000 - 0x00007fff24d68000 	C:\WINDOWS\System32\KERNEL32.DLL
0x00007fff22fb0000 - 0x00007fff23362000 	C:\WINDOWS\System32\KERNELBASE.dll
0x00007fff23370000 - 0x00007fff234bb000 	C:\WINDOWS\System32\ucrtbase.dll
0x00007ffef1ec0000 - 0x00007ffef1ed9000 	C:\Program Files\Java\jdk-21\bin\jli.dll
0x00007ffef1ea0000 - 0x00007ffef1ebb000 	C:\Program Files\Java\jdk-21\bin\VCRUNTIME140.dll
0x00007fff24d70000 - 0x00007fff24e24000 	C:\WINDOWS\System32\ADVAPI32.dll
0x00007fff25510000 - 0x00007fff255b9000 	C:\WINDOWS\System32\msvcrt.dll
0x00007fff24e70000 - 0x00007fff24f16000 	C:\WINDOWS\System32\sechost.dll
0x00007fff249f0000 - 0x00007fff24b06000 	C:\WINDOWS\System32\RPCRT4.dll
0x00007fff252c0000 - 0x00007fff25488000 	C:\WINDOWS\System32\USER32.dll
0x00007fff22f80000 - 0x00007fff22fa7000 	C:\WINDOWS\System32\win32u.dll
0x00007fff0cf80000 - 0x00007fff0d210000 	C:\WINDOWS\WinSxS\amd64_microsoft.windows.common-controls_6595b64144ccf1df_6.0.26100.2454_none_3e0b68a2e331ad60\COMCTL32.dll
0x00007fff24e30000 - 0x00007fff24e5a000 	C:\WINDOWS\System32\GDI32.dll
0x00007fff22af0000 - 0x00007fff22c1b000 	C:\WINDOWS\System32\gdi32full.dll
0x00007fff22d50000 - 0x00007fff22df3000 	C:\WINDOWS\System32\msvcp_win.dll
0x00007fff0b960000 - 0x00007fff0b96b000 	C:\WINDOWS\SYSTEM32\VERSION.dll
0x00007fff23580000 - 0x00007fff235af000 	C:\WINDOWS\System32\IMM32.DLL
0x00007fff18ec0000 - 0x00007fff18ecc000 	C:\Program Files\Java\jdk-21\bin\vcruntime140_1.dll
0x00007ffecd4b0000 - 0x00007ffecd53e000 	C:\Program Files\Java\jdk-21\bin\msvcp140.dll
0x00007ffe83220000 - 0x00007ffe83f33000 	C:\Program Files\Java\jdk-21\bin\server\jvm.dll
0x00007fff255e0000 - 0x00007fff25654000 	C:\WINDOWS\System32\WS2_32.dll
0x00007fff22980000 - 0x00007fff229ce000 	C:\WINDOWS\SYSTEM32\POWRPROF.dll
0x00007fff18870000 - 0x00007fff188a6000 	C:\WINDOWS\SYSTEM32\WINMM.dll
0x00007fff22960000 - 0x00007fff22974000 	C:\WINDOWS\SYSTEM32\UMPDC.dll
0x00007fff21900000 - 0x00007fff2191a000 	C:\WINDOWS\SYSTEM32\kernel.appcore.dll
0x00007fff18eb0000 - 0x00007fff18eba000 	C:\Program Files\Java\jdk-21\bin\jimage.dll
0x00007fff202e0000 - 0x00007fff20521000 	C:\WINDOWS\SYSTEM32\DBGHELP.DLL
0x00007fff24f20000 - 0x00007fff2529e000 	C:\WINDOWS\System32\combase.dll
0x00007fff24b10000 - 0x00007fff24be6000 	C:\WINDOWS\System32\OLEAUT32.dll
0x00007fff00590000 - 0x00007fff005c9000 	C:\WINDOWS\SYSTEM32\dbgcore.DLL
0x00007fff22c20000 - 0x00007fff22cb9000 	C:\WINDOWS\System32\bcryptPrimitives.dll
0x00007ffef2290000 - 0x00007ffef22af000 	C:\Program Files\Java\jdk-21\bin\java.dll

dbghelp: loaded successfully - version: 4.0.5 - missing functions: none
symbol engine: initialized successfully - sym options: 0x614 - pdb path: .;C:\Program Files\Java\jdk-21\bin;C:\WINDOWS\SYSTEM32;C:\WINDOWS\WinSxS\amd64_microsoft.windows.common-controls_6595b64144ccf1df_6.0.26100.2454_none_3e0b68a2e331ad60;C:\Program Files\Java\jdk-21\bin\server

VM Arguments:
jvm_args: -Dclassworlds.conf=C:/maven/apache-maven-3.9.6-bin/apache-maven-3.9.6/bin/m2.conf -Dmaven.home=C:/maven/apache-maven-3.9.6-bin/apache-maven-3.9.6 -Dlibrary.jansi.path=C:/maven/apache-maven-3.9.6-bin/apache-maven-3.9.6/lib/jansi-native -Dmaven.multiModuleProjectDirectory=C:/Users/tradi/Downloads/colis/colis 
java_command: org.codehaus.plexus.classworlds.launcher.Launcher liquibase:update
java_class_path (initial): C:/maven/apache-maven-3.9.6-bin/apache-maven-3.9.6/boot/plexus-classworlds-2.7.0.jar
Launcher Type: SUN_STANDARD

[Global flags]
     intx CICompilerCount                          = 4                                         {product} {ergonomic}
     uint ConcGCThreads                            = 3                                         {product} {ergonomic}
     uint G1ConcRefinementThreads                  = 10                                        {product} {ergonomic}
   size_t G1HeapRegionSize                         = 2097152                                   {product} {ergonomic}
    uintx GCDrainStackTargetSize                   = 64                                        {product} {ergonomic}
   size_t InitialHeapSize                          = 264241152                                 {product} {ergonomic}
   size_t MarkStackSize                            = 4194304                                   {product} {ergonomic}
   size_t MaxHeapSize                              = 4223664128                                {product} {ergonomic}
   size_t MinHeapDeltaBytes                        = 2097152                                   {product} {ergonomic}
   size_t MinHeapSize                              = 8388608                                   {product} {ergonomic}
    uintx NonNMethodCodeHeapSize                   = 5839372                                {pd product} {ergonomic}
    uintx NonProfiledCodeHeapSize                  = 122909434                              {pd product} {ergonomic}
    uintx ProfiledCodeHeapSize                     = 122909434                              {pd product} {ergonomic}
    uintx ReservedCodeCacheSize                    = 251658240                              {pd product} {ergonomic}
     bool SegmentedCodeCache                       = true                                      {product} {ergonomic}
   size_t SoftMaxHeapSize                          = 4223664128                             {manageable} {ergonomic}
     bool UseCompressedOops                        = true                           {product lp64_product} {ergonomic}
     bool UseG1GC                                  = true                                      {product} {ergonomic}
     bool UseLargePagesIndividualAllocation        = false                                  {pd product} {ergonomic}

Logging:
Log output configuration:
 #0: stdout all=warning uptime,level,tags foldmultilines=false
 #1: stderr all=off uptime,level,tags foldmultilines=false

Environment Variables:
JAVA_HOME=C:/Program Files/Java/jdk-21
PATH=C:\Program Files\Git\mingw64\bin;C:\Program Files\Git\usr\bin;C:\Users\tradi\bin;C:\Python312\Scripts;C:\Python312;C:\Program Files\Common Files\Oracle\Java\javapath;C:\Program Files (x86)\Common Files\Oracle\Java\javapath;C:\WINDOWS\system32;C:\WINDOWS;C:\WINDOWS\System32\Wbem;C:\WINDOWS\System32\WindowsPowerShell\v1.0;C:\WINDOWS\System32\OpenSSH;C:\Program Files\Microsoft SQL Server\150\Tools\Binn;C:\Program Files\Microsoft SQL Server\Client SDK\ODBC\170\Tools\Binn;C:\Program Files\dotnet;C:\maven\apache-maven-3.9.6-bin\apache-maven-3.9.6\bin;C:\ProgramData\chocolatey\bin;C:\Program Files\MongoDB\mongosh-2.1.1-win32-x64\bin;C:\Program Files\Git\cmd;C:\Program Files\Docker\Docker\resources\bin;C:\Program Files\Java\jdk-21\bin;C:\Users\tradi\AppData\Roaming\nvm;C:\Program Files\nodejs;C:\Program Files\Amazon\AWSCLIV2;C:\Users\tradi\AppData\Local\Microsoft\WindowsApps;C:\Program Files\JetBrains\IntelliJ IDEA Community Edition 2023.3.2\bin;C:\Program Files\JetBrains\IntelliJ IDEA 2023.3\bin;C:\Users\tradi\.dotnet\tools;C:\Users\tradi\AppData\Local\Programs\Microsoft VS Code\bin;C:\Users\tradi\AppData\Roaming\npm;C:\Users\tradi\Downloads\flutter\src\flutter\bin;C:\Users\tradi\AppData\Roaming\nvm;C:\Program Files\nodejs;C:\Program Files\heroku\bin;C:\flutter_windows_3.24.3-stable\flutter\bin
USERNAME=tradi
TERM=xterm-256color
OS=Windows_NT
PROCESSOR_IDENTIFIER=Intel64 Family 6 Model 186 Stepping 3, GenuineIntel
TMP=C:\Users\tradi\AppData\Local\Temp
TEMP=C:\Users\tradi\AppData\Local\Temp




Periodic native trim disabled

---------------  S Y S T E M  ---------------

OS:
 Windows 11 , 64 bit Build 26100 (10.0.26100.2454)
OS uptime: 0 days 9:37 hours
Hyper-V role detected

CPU: total 12 (initial active 12) (6 cores per cpu, 2 threads per core) family 6 model 186 stepping 3 microcode 0x4112, cx8, cmov, fxsr, ht, mmx, 3dnowpref, sse, sse2, sse3, ssse3, sse4.1, sse4.2, popcnt, lzcnt, tsc, tscinvbit, avx, avx2, aes, erms, clmul, bmi1, bmi2, adx, sha, fma, vzeroupper, clflush, clflushopt, clwb, hv, serialize, rdtscp, rdpid, fsrm, f16c, cet_ibt, cet_ss
Processor Information for processor 0
  Max Mhz: 1700, Current Mhz: 1700, Mhz Limit: 1700
Processor Information for processor 1
  Max Mhz: 1700, Current Mhz: 1700, Mhz Limit: 1700
Processor Information for processor 2
  Max Mhz: 1700, Current Mhz: 1700, Mhz Limit: 1700
Processor Information for processor 3
  Max Mhz: 1700, Current Mhz: 1700, Mhz Limit: 1700
Processor Information for processor 4
  Max Mhz: 1700, Current Mhz: 1200, Mhz Limit: 1190
Processor Information for processor 5
  Max Mhz: 1700, Current Mhz: 1200, Mhz Limit: 1190
Processor Information for processor 6
  Max Mhz: 1700, Current Mhz: 1200, Mhz Limit: 1190
Processor Information for processor 7
  Max Mhz: 1700, Current Mhz: 1200, Mhz Limit: 1190
Processor Information for processor 8
  Max Mhz: 1700, Current Mhz: 1200, Mhz Limit: 1190
Processor Information for processor 9
  Max Mhz: 1700, Current Mhz: 1200, Mhz Limit: 1190
Processor Information for processor 10
  Max Mhz: 1700, Current Mhz: 1200, Mhz Limit: 1190
Processor Information for processor 11
  Max Mhz: 1700, Current Mhz: 1200, Mhz Limit: 1190

Memory: 4k page, system-wide physical 16108M (5217M free)
TotalPageFile size 65260M (AvailPageFile size 191M)
current process WorkingSet (physical memory assigned to process): 12M, peak: 12M
current process commit charge ("private bytes"): 64M, peak: 316M

vm_info: Java HotSpot(TM) 64-Bit Server VM (21.0.4+8-LTS-274) for windows-amd64 JRE (21.0.4+8-LTS-274), built on 2024-06-05T05:23:33Z by "mach5one" with MS VC++ 17.6 (VS2022)

END.
